ARM GAS  /tmp/ccIXPISK.s 			page 1


   1              		.syntax unified
   2              		.cpu cortex-m4
   3              		.fpu softvfp
   4              		.eabi_attribute 20, 1
   5              		.eabi_attribute 21, 1
   6              		.eabi_attribute 23, 3
   7              		.eabi_attribute 24, 1
   8              		.eabi_attribute 25, 1
   9              		.eabi_attribute 26, 1
  10              		.eabi_attribute 30, 2
  11              		.eabi_attribute 34, 1
  12              		.eabi_attribute 18, 4
  13              		.thumb
  14              		.file	"chcore_v7m.c"
  15              		.text
  16              	.Ltext0:
  17              		.cfi_sections	.debug_frame
  18              		.section	.text._port_switch_from_isr,"ax",%progbits
  19              		.align	2
  20              		.p2align 4,,15
  21              		.global	_port_switch_from_isr
  22              		.thumb
  23              		.thumb_func
  24              		.type	_port_switch_from_isr, %function
  25              	_port_switch_from_isr:
  26              	.LFB11:
  27              		.file 1 "/home/gokul/ChibiOS_2.5.0/os/ports/GCC/ARMCMx/chcore_v7m.c"
  28              		.loc 1 200 0
  29              		.cfi_startproc
  30              		@ Naked Function: prologue and epilogue provided by programmer.
  31              		@ args = 0, pretend = 0, frame = 0
  32              		@ frame_needed = 0, uses_anonymous_args = 0
  33              		.loc 1 202 0
  34 0000 FFF7FEFF 		bl	dbg_check_lock
  35              	.LVL0:
  36              		.loc 1 203 0
  37 0004 FFF7FEFF 		bl	chSchDoReschedule
  38              	.LVL1:
  39              		.loc 1 204 0
  40 0008 FFF7FEFF 		bl	dbg_check_unlock
  41              	.LVL2:
  42              		.loc 1 205 0
  43              	@ 205 "/home/gokul/ChibiOS_2.5.0/os/ports/GCC/ARMCMx/chcore_v7m.c" 1
  44              		_port_exit_from_isr:
  45              	@ 0 "" 2
  46              		.loc 1 207 0
  47              	@ 207 "/home/gokul/ChibiOS_2.5.0/os/ports/GCC/ARMCMx/chcore_v7m.c" 1
  48 000c 00DF     		svc     #0
  49              	@ 0 "" 2
  50              		.loc 1 214 0
  51              		.thumb
  52              		.cfi_endproc
  53              	.LFE11:
  54              		.size	_port_switch_from_isr, .-_port_switch_from_isr
  55 000e 00BF     		.section	.text.SVCallVector,"ax",%progbits
  56              		.align	2
  57              		.p2align 4,,15
ARM GAS  /tmp/ccIXPISK.s 			page 2


  58              		.global	SVCallVector
  59              		.thumb
  60              		.thumb_func
  61              		.type	SVCallVector, %function
  62              	SVCallVector:
  63              	.LFB8:
  64              		.loc 1 58 0
  65              		.cfi_startproc
  66              		@ args = 0, pretend = 0, frame = 0
  67              		@ frame_needed = 0, uses_anonymous_args = 0
  68              		@ link register save eliminated.
  69              		.loc 1 62 0
  70              	@ 62 "/home/gokul/ChibiOS_2.5.0/os/ports/GCC/ARMCMx/chcore_v7m.c" 1
  71 0000 EFF30983 		mrs     r3, PSP
  72              	@ 0 "" 2
  73              	.LVL3:
  74              		.loc 1 66 0
  75              		.thumb
  76 0004 2033     		adds	r3, r3, #32
  77              	.LVL4:
  78              		.loc 1 73 0
  79              	@ 73 "/home/gokul/ChibiOS_2.5.0/os/ports/GCC/ARMCMx/chcore_v7m.c" 1
  80 0006 83F30988 		msr     PSP, r3
  81              	@ 0 "" 2
  82              		.thumb
  83              	.LBB2:
  84              		.loc 1 74 0
  85 000a 0023     		movs	r3, #0
  86              	.LVL5:
  87              	@ 74 "/home/gokul/ChibiOS_2.5.0/os/ports/GCC/ARMCMx/chcore_v7m.c" 1
  88 000c 83F31188 		msr     BASEPRI, r3
  89              	@ 0 "" 2
  90              	.LVL6:
  91              		.thumb
  92 0010 7047     		bx	lr
  93              	.LBE2:
  94              		.cfi_endproc
  95              	.LFE8:
  96              		.size	SVCallVector, .-SVCallVector
  97 0012 00BFAFF3 		.section	.text._port_init,"ax",%progbits
  97      0080AFF3 
  97      0080AFF3 
  97      0080
  98              		.align	2
  99              		.p2align 4,,15
 100              		.global	_port_init
 101              		.thumb
 102              		.thumb_func
 103              		.type	_port_init, %function
 104              	_port_init:
 105              	.LFB9:
 106              		.loc 1 111 0
 107              		.cfi_startproc
 108              		@ args = 0, pretend = 0, frame = 0
 109              		@ frame_needed = 0, uses_anonymous_args = 0
 110 0000 08B5     		push	{r3, lr}
 111              	.LCFI0:
ARM GAS  /tmp/ccIXPISK.s 			page 3


 112              		.cfi_def_cfa_offset 8
 113              		.cfi_offset 3, -8
 114              		.cfi_offset 14, -4
 115              		.loc 1 114 0
 116 0002 4FF46D43 		mov	r3, #60672
 117 0006 CEF20003 		movt	r3, 57344
 118              		.loc 1 115 0
 119 000a 4FF44072 		mov	r2, #768
 120 000e C0F2FA52 		movt	r2, 1530
 121              		.loc 1 114 0
 122 0012 0021     		movs	r1, #0
 123 0014 9960     		str	r1, [r3, #8]
 124              		.loc 1 118 0
 125 0016 0720     		movs	r0, #7
 126 0018 1021     		movs	r1, #16
 127              		.loc 1 115 0
 128 001a DA60     		str	r2, [r3, #12]
 129              		.loc 1 118 0
 130 001c FFF7FEFF 		bl	nvicSetSystemHandlerPriority
 131              	.LVL7:
 132              		.loc 1 120 0
 133 0020 0A20     		movs	r0, #10
 134 0022 4FF40071 		mov	r1, #512
 135 0026 FFF7FEFF 		bl	nvicSetSystemHandlerPriority
 136              	.LVL8:
 137              		.loc 1 122 0
 138 002a 0B20     		movs	r0, #11
 139 002c 8021     		movs	r1, #128
 140              		.loc 1 124 0
 141 002e BDE80840 		pop	{r3, lr}
 142              		.loc 1 122 0
 143 0032 FFF7FEBF 		b	nvicSetSystemHandlerPriority
 144              	.LVL9:
 145              		.cfi_endproc
 146              	.LFE9:
 147              		.size	_port_init, .-_port_init
 148 0036 00BFAFF3 		.section	.text._port_irq_epilogue,"ax",%progbits
 148      0080AFF3 
 148      0080
 149              		.align	2
 150              		.p2align 4,,15
 151              		.global	_port_irq_epilogue
 152              		.thumb
 153              		.thumb_func
 154              		.type	_port_irq_epilogue, %function
 155              	_port_irq_epilogue:
 156              	.LFB10:
 157              		.loc 1 141 0
 158              		.cfi_startproc
 159              		@ args = 0, pretend = 0, frame = 0
 160              		@ frame_needed = 0, uses_anonymous_args = 0
 161              		@ link register save eliminated.
 162              	.LBB3:
 163              		.loc 1 143 0
 164 0000 2023     		movs	r3, #32
 165              	.LVL10:
 166              	@ 143 "/home/gokul/ChibiOS_2.5.0/os/ports/GCC/ARMCMx/chcore_v7m.c" 1
ARM GAS  /tmp/ccIXPISK.s 			page 4


 167 0002 83F31188 		msr     BASEPRI, r3
 168              	@ 0 "" 2
 169              	.LVL11:
 170              		.thumb
 171              	.LBE3:
 172              		.loc 1 144 0
 173 0006 4FF46D43 		mov	r3, #60672
 174              	.LVL12:
 175 000a CEF20003 		movt	r3, 57344
 176 000e 5868     		ldr	r0, [r3, #4]
 177 0010 10F40063 		ands	r3, r0, #2048
 178 0014 1AD0     		beq	.L5
 179              	.LBB4:
 180              		.loc 1 148 0
 181              	@ 148 "/home/gokul/ChibiOS_2.5.0/os/ports/GCC/ARMCMx/chcore_v7m.c" 1
 182 0016 EFF30983 		mrs     r3, PSP
 183              	@ 0 "" 2
 184              	.LVL13:
 185              		.loc 1 152 0
 186              		.thumb
 187 001a A3F12002 		sub	r2, r3, #32
 188              	.LVL14:
 189              		.loc 1 153 0
 190              	@ 153 "/home/gokul/ChibiOS_2.5.0/os/ports/GCC/ARMCMx/chcore_v7m.c" 1
 191 001e 82F30988 		msr     PSP, r2
 192              	@ 0 "" 2
 193              		.loc 1 158 0
 194              		.thumb
 195 0022 1149     		ldr	r1, .L12
 196              		.loc 1 154 0
 197 0024 4FF08070 		mov	r0, #16777216
 198              		.loc 1 158 0
 199 0028 8A69     		ldr	r2, [r1, #24]
 200              	.LVL15:
 201              		.loc 1 154 0
 202 002a 43F8040C 		str	r0, [r3, #-4]
 203              		.loc 1 158 0
 204 002e 92F82300 		ldrb	r0, [r2, #35]	@ zero_extendqisi2
 205 0032 0968     		ldr	r1, [r1, #0]
 206 0034 9268     		ldr	r2, [r2, #8]
 207 0036 8968     		ldr	r1, [r1, #8]
 208 0038 58B1     		cbz	r0, .L6
 209              		.loc 1 158 0 is_stmt 0 discriminator 1
 210 003a 9142     		cmp	r1, r2
 211 003c 94BF     		ite	ls
 212 003e 0022     		movls	r2, #0
 213 0040 0122     		movhi	r2, #1
 214 0042 62B1     		cbz	r2, .L8
 215              	.L11:
 216              		.loc 1 160 0 is_stmt 1
 217 0044 094A     		ldr	r2, .L12+4
 218 0046 43F8082C 		str	r2, [r3, #-8]
 219 004a 7047     		bx	lr
 220              	.LVL16:
 221              	.L5:
 222              	.LBE4:
 223              	.LBB5:
ARM GAS  /tmp/ccIXPISK.s 			page 5


 224              		.loc 1 190 0
 225              	@ 190 "/home/gokul/ChibiOS_2.5.0/os/ports/GCC/ARMCMx/chcore_v7m.c" 1
 226 004c 83F31188 		msr     BASEPRI, r3
 227              	@ 0 "" 2
 228              	.LVL17:
 229              		.thumb
 230 0050 7047     		bx	lr
 231              	.LVL18:
 232              	.L6:
 233              	.LBE5:
 234              	.LBB6:
 235              		.loc 1 158 0 discriminator 2
 236 0052 9142     		cmp	r1, r2
 237 0054 34BF     		ite	cc
 238 0056 0022     		movcc	r2, #0
 239 0058 0122     		movcs	r2, #1
 240 005a 002A     		cmp	r2, #0
 241 005c F2D1     		bne	.L11
 242              	.L8:
 243              		.loc 1 169 0
 244 005e 0448     		ldr	r0, .L12+8
 245 0060 43F8080C 		str	r0, [r3, #-8]
 246 0064 7047     		bx	lr
 247              	.L13:
 248 0066 00BF     		.align	2
 249              	.L12:
 250 0068 00000000 		.word	rlist
 251 006c 00000000 		.word	_port_switch_from_isr
 252 0070 0C000000 		.word	_port_exit_from_isr
 253              	.LBE6:
 254              		.cfi_endproc
 255              	.LFE10:
 256              		.size	_port_irq_epilogue, .-_port_irq_epilogue
 257 0074 AFF30080 		.section	.text.SysTickVector,"ax",%progbits
 257      AFF30080 
 257      AFF30080 
 258              		.align	2
 259              		.p2align 4,,15
 260              		.global	SysTickVector
 261              		.thumb
 262              		.thumb_func
 263              		.type	SysTickVector, %function
 264              	SysTickVector:
 265              	.LFB7:
 266              		.loc 1 40 0
 267              		.cfi_startproc
 268              		@ args = 0, pretend = 0, frame = 0
 269              		@ frame_needed = 0, uses_anonymous_args = 0
 270 0000 08B5     		push	{r3, lr}
 271              	.LCFI1:
 272              		.cfi_def_cfa_offset 8
 273              		.cfi_offset 3, -8
 274              		.cfi_offset 14, -4
 275              		.loc 1 42 0
 276 0002 FFF7FEFF 		bl	dbg_check_enter_isr
 277              	.LVL19:
 278              	.LBB7:
ARM GAS  /tmp/ccIXPISK.s 			page 6


 279              		.loc 1 44 0
 280 0006 2023     		movs	r3, #32
 281              	.LVL20:
 282              	@ 44 "/home/gokul/ChibiOS_2.5.0/os/ports/GCC/ARMCMx/chcore_v7m.c" 1
 283 0008 83F31188 		msr     BASEPRI, r3
 284              	@ 0 "" 2
 285              	.LVL21:
 286              		.thumb
 287              	.LBE7:
 288 000c FFF7FEFF 		bl	dbg_check_lock_from_isr
 289              	.LVL22:
 290              		.loc 1 45 0
 291 0010 FFF7FEFF 		bl	chSysTimerHandlerI
 292              	.LVL23:
 293              		.loc 1 46 0
 294 0014 FFF7FEFF 		bl	dbg_check_unlock_from_isr
 295              	.LVL24:
 296              	.LBB8:
 297 0018 0023     		movs	r3, #0
 298              	.LVL25:
 299              	@ 46 "/home/gokul/ChibiOS_2.5.0/os/ports/GCC/ARMCMx/chcore_v7m.c" 1
 300 001a 83F31188 		msr     BASEPRI, r3
 301              	@ 0 "" 2
 302              	.LVL26:
 303              		.thumb
 304              	.LBE8:
 305              		.loc 1 48 0
 306 001e FFF7FEFF 		bl	dbg_check_leave_isr
 307              	.LVL27:
 308              		.loc 1 49 0
 309 0022 BDE80840 		pop	{r3, lr}
 310              		.loc 1 48 0
 311 0026 FFF7FEBF 		b	_port_irq_epilogue
 312              	.LVL28:
 313              		.cfi_endproc
 314              	.LFE7:
 315              		.size	SysTickVector, .-SysTickVector
 316 002a 00BFAFF3 		.section	.text._port_switch,"ax",%progbits
 316      0080
 317              		.align	2
 318              		.p2align 4,,15
 319              		.global	_port_switch
 320              		.thumb
 321              		.thumb_func
 322              		.type	_port_switch, %function
 323              	_port_switch:
 324              	.LFB12:
 325              		.loc 1 229 0
 326              		.cfi_startproc
 327              		@ Naked Function: prologue and epilogue provided by programmer.
 328              		@ args = 0, pretend = 0, frame = 0
 329              		@ frame_needed = 0, uses_anonymous_args = 0
 330              	.LVL29:
 331              		.loc 1 231 0
 332              	@ 231 "/home/gokul/ChibiOS_2.5.0/os/ports/GCC/ARMCMx/chcore_v7m.c" 1
 333 0000 2DE9F04F 		push    {r4, r5, r6, r7, r8, r9, r10, r11, lr}
 334              	@ 0 "" 2
ARM GAS  /tmp/ccIXPISK.s 			page 7


 335              		.loc 1 237 0
 336              	@ 237 "/home/gokul/ChibiOS_2.5.0/os/ports/GCC/ARMCMx/chcore_v7m.c" 1
 337 0004 C1F80CD0 		str     sp, [r1, #12]                          
 338 0008 D0F80CD0 		ldr     sp, [r0, #12]
 339              	@ 0 "" 2
 340              		.loc 1 243 0
 341              	@ 243 "/home/gokul/ChibiOS_2.5.0/os/ports/GCC/ARMCMx/chcore_v7m.c" 1
 342 000c BDE8F08F 		pop     {r4, r5, r6, r7, r8, r9, r10, r11, pc}
 343              	@ 0 "" 2
 344              		.loc 1 245 0
 345              		.thumb
 346              		.cfi_endproc
 347              	.LFE12:
 348              		.size	_port_switch, .-_port_switch
 349              		.section	.text._port_thread_start,"ax",%progbits
 350              		.align	2
 351              		.p2align 4,,15
 352              		.global	_port_thread_start
 353              		.thumb
 354              		.thumb_func
 355              		.type	_port_thread_start, %function
 356              	_port_thread_start:
 357              	.LFB13:
 358              		.loc 1 252 0
 359              		.cfi_startproc
 360              		@ args = 0, pretend = 0, frame = 0
 361              		@ frame_needed = 0, uses_anonymous_args = 0
 362 0000 08B5     		push	{r3, lr}
 363              	.LCFI2:
 364              		.cfi_def_cfa_offset 8
 365              		.cfi_offset 3, -8
 366              		.cfi_offset 14, -4
 367              		.loc 1 254 0
 368 0002 FFF7FEFF 		bl	dbg_check_unlock
 369              	.LVL30:
 370              	.LBB9:
 371 0006 0023     		movs	r3, #0
 372              	.LVL31:
 373              	@ 254 "/home/gokul/ChibiOS_2.5.0/os/ports/GCC/ARMCMx/chcore_v7m.c" 1
 374 0008 83F31188 		msr     BASEPRI, r3
 375              	@ 0 "" 2
 376              	.LVL32:
 377              		.thumb
 378              	.LBE9:
 379              		.loc 1 255 0
 380              	@ 255 "/home/gokul/ChibiOS_2.5.0/os/ports/GCC/ARMCMx/chcore_v7m.c" 1
 381 000c 2846     		mov     r0, r5                                 
 382 000e A047     		blx     r4                                     
 383 0010 FFF7FEFF 		bl      chThdExit
 384              	@ 0 "" 2
 385              		.thumb
 386 0014 08BD     		pop	{r3, pc}
 387              		.cfi_endproc
 388              	.LFE13:
 389              		.size	_port_thread_start, .-_port_thread_start
 390 0016 00BFAFF3 		.text
 390      0080AFF3 
ARM GAS  /tmp/ccIXPISK.s 			page 8


 390      0080
 391              	.Letext0:
 392              		.file 2 "/opt/gcc-arm-none-eabi-4_7-2013q1/bin/../lib/gcc/arm-none-eabi/4.7.3/../../../../arm-none
 393              		.file 3 "/home/gokul/ChibiOS_2.5.0/os/ports/GCC/ARMCMx/chtypes.h"
 394              		.file 4 "/home/gokul/ChibiOS_2.5.0/os/kernel/include/chlists.h"
 395              		.file 5 "/home/gokul/ChibiOS_2.5.0/os/kernel/include/chthreads.h"
 396              		.file 6 "/home/gokul/ChibiOS_2.5.0/os/ports/GCC/ARMCMx/chcore_v7m.h"
 397              		.file 7 "/home/gokul/ChibiOS_2.5.0/os/ports/common/ARMCMx/nvic.h"
 398              		.file 8 "/home/gokul/ChibiOS_2.5.0/os/kernel/include/chschd.h"
 399              		.file 9 "/home/gokul/ChibiOS_2.5.0/os/kernel/include/chmtx.h"
 400              		.file 10 "/home/gokul/ChibiOS_2.5.0/os/kernel/include/chdebug.h"
 401              		.file 11 "/home/gokul/ChibiOS_2.5.0/os/kernel/include/chsys.h"
 402              		.section	.debug_info,"",%progbits
 403              	.Ldebug_info0:
 404 0000 37090000 		.4byte	0x937
 405 0004 0200     		.2byte	0x2
 406 0006 00000000 		.4byte	.Ldebug_abbrev0
 407 000a 04       		.byte	0x4
 408 000b 01       		.uleb128 0x1
 409 000c CD020000 		.4byte	.LASF101
 410 0010 01       		.byte	0x1
 411 0011 46020000 		.4byte	.LASF102
 412 0015 18000000 		.4byte	.Ldebug_ranges0+0x18
 413 0019 00000000 		.4byte	0
 414 001d 00000000 		.4byte	0
 415 0021 00000000 		.4byte	.Ldebug_line0
 416 0025 02       		.uleb128 0x2
 417 0026 04       		.byte	0x4
 418 0027 05       		.byte	0x5
 419 0028 696E7400 		.ascii	"int\000"
 420 002c 03       		.uleb128 0x3
 421 002d 04       		.byte	0x4
 422 002e 07       		.byte	0x7
 423 002f 4B010000 		.4byte	.LASF0
 424 0033 03       		.uleb128 0x3
 425 0034 01       		.byte	0x1
 426 0035 06       		.byte	0x6
 427 0036 7A000000 		.4byte	.LASF1
 428 003a 04       		.uleb128 0x4
 429 003b 2E040000 		.4byte	.LASF5
 430 003f 02       		.byte	0x2
 431 0040 2A       		.byte	0x2a
 432 0041 45000000 		.4byte	0x45
 433 0045 03       		.uleb128 0x3
 434 0046 01       		.byte	0x1
 435 0047 08       		.byte	0x8
 436 0048 1E030000 		.4byte	.LASF2
 437 004c 03       		.uleb128 0x3
 438 004d 02       		.byte	0x2
 439 004e 05       		.byte	0x5
 440 004f 3C030000 		.4byte	.LASF3
 441 0053 03       		.uleb128 0x3
 442 0054 02       		.byte	0x2
 443 0055 07       		.byte	0x7
 444 0056 A8010000 		.4byte	.LASF4
 445 005a 04       		.uleb128 0x4
 446 005b 16030000 		.4byte	.LASF6
ARM GAS  /tmp/ccIXPISK.s 			page 9


 447 005f 02       		.byte	0x2
 448 0060 4F       		.byte	0x4f
 449 0061 65000000 		.4byte	0x65
 450 0065 03       		.uleb128 0x3
 451 0066 04       		.byte	0x4
 452 0067 05       		.byte	0x5
 453 0068 BA000000 		.4byte	.LASF7
 454 006c 04       		.uleb128 0x4
 455 006d 8C030000 		.4byte	.LASF8
 456 0071 02       		.byte	0x2
 457 0072 50       		.byte	0x50
 458 0073 77000000 		.4byte	0x77
 459 0077 03       		.uleb128 0x3
 460 0078 04       		.byte	0x4
 461 0079 07       		.byte	0x7
 462 007a 73010000 		.4byte	.LASF9
 463 007e 03       		.uleb128 0x3
 464 007f 08       		.byte	0x8
 465 0080 05       		.byte	0x5
 466 0081 6C000000 		.4byte	.LASF10
 467 0085 04       		.uleb128 0x4
 468 0086 0D000000 		.4byte	.LASF11
 469 008a 02       		.byte	0x2
 470 008b 78       		.byte	0x78
 471 008c 90000000 		.4byte	0x90
 472 0090 03       		.uleb128 0x3
 473 0091 08       		.byte	0x8
 474 0092 07       		.byte	0x7
 475 0093 3F000000 		.4byte	.LASF12
 476 0097 04       		.uleb128 0x4
 477 0098 EA010000 		.4byte	.LASF13
 478 009c 03       		.byte	0x3
 479 009d 28       		.byte	0x28
 480 009e 3A000000 		.4byte	0x3a
 481 00a2 04       		.uleb128 0x4
 482 00a3 C3000000 		.4byte	.LASF14
 483 00a7 03       		.byte	0x3
 484 00a8 29       		.byte	0x29
 485 00a9 3A000000 		.4byte	0x3a
 486 00ad 04       		.uleb128 0x4
 487 00ae B1020000 		.4byte	.LASF15
 488 00b2 03       		.byte	0x3
 489 00b3 2A       		.byte	0x2a
 490 00b4 3A000000 		.4byte	0x3a
 491 00b8 04       		.uleb128 0x4
 492 00b9 B0000000 		.4byte	.LASF16
 493 00bd 03       		.byte	0x3
 494 00be 2B       		.byte	0x2b
 495 00bf 3A000000 		.4byte	0x3a
 496 00c3 04       		.uleb128 0x4
 497 00c4 C5020000 		.4byte	.LASF17
 498 00c8 03       		.byte	0x3
 499 00c9 2C       		.byte	0x2c
 500 00ca 6C000000 		.4byte	0x6c
 501 00ce 04       		.uleb128 0x4
 502 00cf C0010000 		.4byte	.LASF18
 503 00d3 03       		.byte	0x3
ARM GAS  /tmp/ccIXPISK.s 			page 10


 504 00d4 2D       		.byte	0x2d
 505 00d5 5A000000 		.4byte	0x5a
 506 00d9 04       		.uleb128 0x4
 507 00da FE010000 		.4byte	.LASF19
 508 00de 03       		.byte	0x3
 509 00df 2F       		.byte	0x2f
 510 00e0 6C000000 		.4byte	0x6c
 511 00e4 04       		.uleb128 0x4
 512 00e5 BE030000 		.4byte	.LASF20
 513 00e9 03       		.byte	0x3
 514 00ea 30       		.byte	0x30
 515 00eb 6C000000 		.4byte	0x6c
 516 00ef 04       		.uleb128 0x4
 517 00f0 7A030000 		.4byte	.LASF21
 518 00f4 04       		.byte	0x4
 519 00f5 23       		.byte	0x23
 520 00f6 FA000000 		.4byte	0xfa
 521 00fa 05       		.uleb128 0x5
 522 00fb 7A030000 		.4byte	.LASF21
 523 00ff 4C       		.byte	0x4c
 524 0100 05       		.byte	0x5
 525 0101 57       		.byte	0x57
 526 0102 2D020000 		.4byte	0x22d
 527 0106 06       		.uleb128 0x6
 528 0107 6B030000 		.4byte	.LASF22
 529 010b 05       		.byte	0x5
 530 010c 58       		.byte	0x58
 531 010d 52020000 		.4byte	0x252
 532 0111 02       		.byte	0x2
 533 0112 23       		.byte	0x23
 534 0113 00       		.uleb128 0
 535 0114 06       		.uleb128 0x6
 536 0115 BE020000 		.4byte	.LASF23
 537 0119 05       		.byte	0x5
 538 011a 5A       		.byte	0x5a
 539 011b 52020000 		.4byte	0x252
 540 011f 02       		.byte	0x2
 541 0120 23       		.byte	0x23
 542 0121 04       		.uleb128 0x4
 543 0122 06       		.uleb128 0x6
 544 0123 65000000 		.4byte	.LASF24
 545 0127 05       		.byte	0x5
 546 0128 5C       		.byte	0x5c
 547 0129 C3000000 		.4byte	0xc3
 548 012d 02       		.byte	0x2
 549 012e 23       		.byte	0x23
 550 012f 08       		.uleb128 0x8
 551 0130 06       		.uleb128 0x6
 552 0131 7A040000 		.4byte	.LASF25
 553 0135 05       		.byte	0x5
 554 0136 5D       		.byte	0x5d
 555 0137 A3030000 		.4byte	0x3a3
 556 013b 02       		.byte	0x2
 557 013c 23       		.byte	0x23
 558 013d 0C       		.uleb128 0xc
 559 013e 06       		.uleb128 0x6
 560 013f DF000000 		.4byte	.LASF26
ARM GAS  /tmp/ccIXPISK.s 			page 11


 561 0143 05       		.byte	0x5
 562 0144 5F       		.byte	0x5f
 563 0145 52020000 		.4byte	0x252
 564 0149 02       		.byte	0x2
 565 014a 23       		.byte	0x23
 566 014b 10       		.uleb128 0x10
 567 014c 06       		.uleb128 0x6
 568 014d 38020000 		.4byte	.LASF27
 569 0151 05       		.byte	0x5
 570 0152 60       		.byte	0x60
 571 0153 52020000 		.4byte	0x252
 572 0157 02       		.byte	0x2
 573 0158 23       		.byte	0x23
 574 0159 14       		.uleb128 0x14
 575 015a 06       		.uleb128 0x6
 576 015b 60040000 		.4byte	.LASF28
 577 015f 05       		.byte	0x5
 578 0160 67       		.byte	0x67
 579 0161 5B060000 		.4byte	0x65b
 580 0165 02       		.byte	0x2
 581 0166 23       		.byte	0x23
 582 0167 18       		.uleb128 0x18
 583 0168 06       		.uleb128 0x6
 584 0169 40010000 		.4byte	.LASF29
 585 016d 05       		.byte	0x5
 586 016e 6D       		.byte	0x6d
 587 016f 6D060000 		.4byte	0x66d
 588 0173 02       		.byte	0x2
 589 0174 23       		.byte	0x23
 590 0175 1C       		.uleb128 0x1c
 591 0176 06       		.uleb128 0x6
 592 0177 46030000 		.4byte	.LASF30
 593 017b 05       		.byte	0x5
 594 017c 72       		.byte	0x72
 595 017d A2000000 		.4byte	0xa2
 596 0181 02       		.byte	0x2
 597 0182 23       		.byte	0x23
 598 0183 20       		.uleb128 0x20
 599 0184 06       		.uleb128 0x6
 600 0185 72030000 		.4byte	.LASF31
 601 0189 05       		.byte	0x5
 602 018a 76       		.byte	0x76
 603 018b 97000000 		.4byte	0x97
 604 018f 02       		.byte	0x2
 605 0190 23       		.byte	0x23
 606 0191 21       		.uleb128 0x21
 607 0192 06       		.uleb128 0x6
 608 0193 12040000 		.4byte	.LASF32
 609 0197 05       		.byte	0x5
 610 0198 7B       		.byte	0x7b
 611 0199 AD000000 		.4byte	0xad
 612 019d 02       		.byte	0x2
 613 019e 23       		.byte	0x23
 614 019f 22       		.uleb128 0x22
 615 01a0 06       		.uleb128 0x6
 616 01a1 4E030000 		.4byte	.LASF33
 617 01a5 05       		.byte	0x5
ARM GAS  /tmp/ccIXPISK.s 			page 12


 618 01a6 81       		.byte	0x81
 619 01a7 B8000000 		.4byte	0xb8
 620 01ab 02       		.byte	0x2
 621 01ac 23       		.byte	0x23
 622 01ad 23       		.uleb128 0x23
 623 01ae 06       		.uleb128 0x6
 624 01af E0030000 		.4byte	.LASF34
 625 01b3 05       		.byte	0x5
 626 01b4 88       		.byte	0x88
 627 01b5 71050000 		.4byte	0x571
 628 01b9 02       		.byte	0x2
 629 01ba 23       		.byte	0x23
 630 01bb 24       		.uleb128 0x24
 631 01bc 07       		.uleb128 0x7
 632 01bd 705F7500 		.ascii	"p_u\000"
 633 01c1 05       		.byte	0x5
 634 01c2 AD       		.byte	0xad
 635 01c3 26060000 		.4byte	0x626
 636 01c7 02       		.byte	0x2
 637 01c8 23       		.byte	0x23
 638 01c9 28       		.uleb128 0x28
 639 01ca 06       		.uleb128 0x6
 640 01cb 80040000 		.4byte	.LASF35
 641 01cf 05       		.byte	0x5
 642 01d0 B2       		.byte	0xb2
 643 01d1 7A020000 		.4byte	0x27a
 644 01d5 02       		.byte	0x2
 645 01d6 23       		.byte	0x23
 646 01d7 2C       		.uleb128 0x2c
 647 01d8 06       		.uleb128 0x6
 648 01d9 07040000 		.4byte	.LASF36
 649 01dd 05       		.byte	0x5
 650 01de B8       		.byte	0xb8
 651 01df 58020000 		.4byte	0x258
 652 01e3 02       		.byte	0x2
 653 01e4 23       		.byte	0x23
 654 01e5 30       		.uleb128 0x30
 655 01e6 06       		.uleb128 0x6
 656 01e7 00000000 		.4byte	.LASF37
 657 01eb 05       		.byte	0x5
 658 01ec BC       		.byte	0xbc
 659 01ed CE000000 		.4byte	0xce
 660 01f1 02       		.byte	0x2
 661 01f2 23       		.byte	0x23
 662 01f3 38       		.uleb128 0x38
 663 01f4 06       		.uleb128 0x6
 664 01f5 81030000 		.4byte	.LASF38
 665 01f9 05       		.byte	0x5
 666 01fa C2       		.byte	0xc2
 667 01fb D9000000 		.4byte	0xd9
 668 01ff 02       		.byte	0x2
 669 0200 23       		.byte	0x23
 670 0201 3C       		.uleb128 0x3c
 671 0202 06       		.uleb128 0x6
 672 0203 32030000 		.4byte	.LASF39
 673 0207 05       		.byte	0x5
 674 0208 C9       		.byte	0xc9
ARM GAS  /tmp/ccIXPISK.s 			page 13


 675 0209 73060000 		.4byte	0x673
 676 020d 02       		.byte	0x2
 677 020e 23       		.byte	0x23
 678 020f 40       		.uleb128 0x40
 679 0210 06       		.uleb128 0x6
 680 0211 C8030000 		.4byte	.LASF40
 681 0215 05       		.byte	0x5
 682 0216 CD       		.byte	0xcd
 683 0217 C3000000 		.4byte	0xc3
 684 021b 02       		.byte	0x2
 685 021c 23       		.byte	0x23
 686 021d 44       		.uleb128 0x44
 687 021e 06       		.uleb128 0x6
 688 021f A0000000 		.4byte	.LASF41
 689 0223 05       		.byte	0x5
 690 0224 D3       		.byte	0xd3
 691 0225 90020000 		.4byte	0x290
 692 0229 02       		.byte	0x2
 693 022a 23       		.byte	0x23
 694 022b 48       		.uleb128 0x48
 695 022c 00       		.byte	0
 696 022d 08       		.uleb128 0x8
 697 022e 08       		.byte	0x8
 698 022f 04       		.byte	0x4
 699 0230 5A       		.byte	0x5a
 700 0231 52020000 		.4byte	0x252
 701 0235 06       		.uleb128 0x6
 702 0236 6B030000 		.4byte	.LASF22
 703 023a 04       		.byte	0x4
 704 023b 5B       		.byte	0x5b
 705 023c 52020000 		.4byte	0x252
 706 0240 02       		.byte	0x2
 707 0241 23       		.byte	0x23
 708 0242 00       		.uleb128 0
 709 0243 06       		.uleb128 0x6
 710 0244 BE020000 		.4byte	.LASF23
 711 0248 04       		.byte	0x4
 712 0249 5D       		.byte	0x5d
 713 024a 52020000 		.4byte	0x252
 714 024e 02       		.byte	0x2
 715 024f 23       		.byte	0x23
 716 0250 04       		.uleb128 0x4
 717 0251 00       		.byte	0
 718 0252 09       		.uleb128 0x9
 719 0253 04       		.byte	0x4
 720 0254 EF000000 		.4byte	0xef
 721 0258 04       		.uleb128 0x4
 722 0259 81020000 		.4byte	.LASF42
 723 025d 04       		.byte	0x4
 724 025e 5F       		.byte	0x5f
 725 025f 2D020000 		.4byte	0x22d
 726 0263 08       		.uleb128 0x8
 727 0264 04       		.byte	0x4
 728 0265 04       		.byte	0x4
 729 0266 64       		.byte	0x64
 730 0267 7A020000 		.4byte	0x27a
 731 026b 06       		.uleb128 0x6
ARM GAS  /tmp/ccIXPISK.s 			page 14


 732 026c 6B030000 		.4byte	.LASF22
 733 0270 04       		.byte	0x4
 734 0271 66       		.byte	0x66
 735 0272 52020000 		.4byte	0x252
 736 0276 02       		.byte	0x2
 737 0277 23       		.byte	0x23
 738 0278 00       		.uleb128 0
 739 0279 00       		.byte	0
 740 027a 04       		.uleb128 0x4
 741 027b F2010000 		.4byte	.LASF43
 742 027f 04       		.byte	0x4
 743 0280 69       		.byte	0x69
 744 0281 63020000 		.4byte	0x263
 745 0285 04       		.uleb128 0x4
 746 0286 11010000 		.4byte	.LASF44
 747 028a 06       		.byte	0x6
 748 028b DE       		.byte	0xde
 749 028c 90020000 		.4byte	0x290
 750 0290 0A       		.uleb128 0xa
 751 0291 04       		.byte	0x4
 752 0292 04       		.uleb128 0x4
 753 0293 10020000 		.4byte	.LASF45
 754 0297 06       		.byte	0x6
 755 0298 E4       		.byte	0xe4
 756 0299 85000000 		.4byte	0x85
 757 029d 05       		.uleb128 0x5
 758 029e 5F010000 		.4byte	.LASF46
 759 02a2 20       		.byte	0x20
 760 02a3 06       		.byte	0x6
 761 02a4 E6       		.byte	0xe6
 762 02a5 15030000 		.4byte	0x315
 763 02a9 07       		.uleb128 0x7
 764 02aa 723000   		.ascii	"r0\000"
 765 02ad 06       		.byte	0x6
 766 02ae E7       		.byte	0xe7
 767 02af 85020000 		.4byte	0x285
 768 02b3 02       		.byte	0x2
 769 02b4 23       		.byte	0x23
 770 02b5 00       		.uleb128 0
 771 02b6 07       		.uleb128 0x7
 772 02b7 723100   		.ascii	"r1\000"
 773 02ba 06       		.byte	0x6
 774 02bb E8       		.byte	0xe8
 775 02bc 85020000 		.4byte	0x285
 776 02c0 02       		.byte	0x2
 777 02c1 23       		.byte	0x23
 778 02c2 04       		.uleb128 0x4
 779 02c3 07       		.uleb128 0x7
 780 02c4 723200   		.ascii	"r2\000"
 781 02c7 06       		.byte	0x6
 782 02c8 E9       		.byte	0xe9
 783 02c9 85020000 		.4byte	0x285
 784 02cd 02       		.byte	0x2
 785 02ce 23       		.byte	0x23
 786 02cf 08       		.uleb128 0x8
 787 02d0 07       		.uleb128 0x7
 788 02d1 723300   		.ascii	"r3\000"
ARM GAS  /tmp/ccIXPISK.s 			page 15


 789 02d4 06       		.byte	0x6
 790 02d5 EA       		.byte	0xea
 791 02d6 85020000 		.4byte	0x285
 792 02da 02       		.byte	0x2
 793 02db 23       		.byte	0x23
 794 02dc 0C       		.uleb128 0xc
 795 02dd 07       		.uleb128 0x7
 796 02de 72313200 		.ascii	"r12\000"
 797 02e2 06       		.byte	0x6
 798 02e3 EB       		.byte	0xeb
 799 02e4 85020000 		.4byte	0x285
 800 02e8 02       		.byte	0x2
 801 02e9 23       		.byte	0x23
 802 02ea 10       		.uleb128 0x10
 803 02eb 06       		.uleb128 0x6
 804 02ec 58010000 		.4byte	.LASF47
 805 02f0 06       		.byte	0x6
 806 02f1 EC       		.byte	0xec
 807 02f2 85020000 		.4byte	0x285
 808 02f6 02       		.byte	0x2
 809 02f7 23       		.byte	0x23
 810 02f8 14       		.uleb128 0x14
 811 02f9 07       		.uleb128 0x7
 812 02fa 706300   		.ascii	"pc\000"
 813 02fd 06       		.byte	0x6
 814 02fe ED       		.byte	0xed
 815 02ff 85020000 		.4byte	0x285
 816 0303 02       		.byte	0x2
 817 0304 23       		.byte	0x23
 818 0305 18       		.uleb128 0x18
 819 0306 06       		.uleb128 0x6
 820 0307 58030000 		.4byte	.LASF48
 821 030b 06       		.byte	0x6
 822 030c EE       		.byte	0xee
 823 030d 85020000 		.4byte	0x285
 824 0311 02       		.byte	0x2
 825 0312 23       		.byte	0x23
 826 0313 1C       		.uleb128 0x1c
 827 0314 00       		.byte	0
 828 0315 0B       		.uleb128 0xb
 829 0316 00040000 		.4byte	.LASF49
 830 031a 24       		.byte	0x24
 831 031b 06       		.byte	0x6
 832 031c 0501     		.2byte	0x105
 833 031e A3030000 		.4byte	0x3a3
 834 0322 0C       		.uleb128 0xc
 835 0323 723400   		.ascii	"r4\000"
 836 0326 06       		.byte	0x6
 837 0327 1801     		.2byte	0x118
 838 0329 85020000 		.4byte	0x285
 839 032d 02       		.byte	0x2
 840 032e 23       		.byte	0x23
 841 032f 00       		.uleb128 0
 842 0330 0C       		.uleb128 0xc
 843 0331 723500   		.ascii	"r5\000"
 844 0334 06       		.byte	0x6
 845 0335 1901     		.2byte	0x119
ARM GAS  /tmp/ccIXPISK.s 			page 16


 846 0337 85020000 		.4byte	0x285
 847 033b 02       		.byte	0x2
 848 033c 23       		.byte	0x23
 849 033d 04       		.uleb128 0x4
 850 033e 0C       		.uleb128 0xc
 851 033f 723600   		.ascii	"r6\000"
 852 0342 06       		.byte	0x6
 853 0343 1A01     		.2byte	0x11a
 854 0345 85020000 		.4byte	0x285
 855 0349 02       		.byte	0x2
 856 034a 23       		.byte	0x23
 857 034b 08       		.uleb128 0x8
 858 034c 0C       		.uleb128 0xc
 859 034d 723700   		.ascii	"r7\000"
 860 0350 06       		.byte	0x6
 861 0351 1B01     		.2byte	0x11b
 862 0353 85020000 		.4byte	0x285
 863 0357 02       		.byte	0x2
 864 0358 23       		.byte	0x23
 865 0359 0C       		.uleb128 0xc
 866 035a 0C       		.uleb128 0xc
 867 035b 723800   		.ascii	"r8\000"
 868 035e 06       		.byte	0x6
 869 035f 1C01     		.2byte	0x11c
 870 0361 85020000 		.4byte	0x285
 871 0365 02       		.byte	0x2
 872 0366 23       		.byte	0x23
 873 0367 10       		.uleb128 0x10
 874 0368 0C       		.uleb128 0xc
 875 0369 723900   		.ascii	"r9\000"
 876 036c 06       		.byte	0x6
 877 036d 1D01     		.2byte	0x11d
 878 036f 85020000 		.4byte	0x285
 879 0373 02       		.byte	0x2
 880 0374 23       		.byte	0x23
 881 0375 14       		.uleb128 0x14
 882 0376 0C       		.uleb128 0xc
 883 0377 72313000 		.ascii	"r10\000"
 884 037b 06       		.byte	0x6
 885 037c 1E01     		.2byte	0x11e
 886 037e 85020000 		.4byte	0x285
 887 0382 02       		.byte	0x2
 888 0383 23       		.byte	0x23
 889 0384 18       		.uleb128 0x18
 890 0385 0C       		.uleb128 0xc
 891 0386 72313100 		.ascii	"r11\000"
 892 038a 06       		.byte	0x6
 893 038b 1F01     		.2byte	0x11f
 894 038d 85020000 		.4byte	0x285
 895 0391 02       		.byte	0x2
 896 0392 23       		.byte	0x23
 897 0393 1C       		.uleb128 0x1c
 898 0394 0C       		.uleb128 0xc
 899 0395 6C7200   		.ascii	"lr\000"
 900 0398 06       		.byte	0x6
 901 0399 2001     		.2byte	0x120
 902 039b 85020000 		.4byte	0x285
ARM GAS  /tmp/ccIXPISK.s 			page 17


 903 039f 02       		.byte	0x2
 904 03a0 23       		.byte	0x23
 905 03a1 20       		.uleb128 0x20
 906 03a2 00       		.byte	0
 907 03a3 0B       		.uleb128 0xb
 908 03a4 A0010000 		.4byte	.LASF50
 909 03a8 04       		.byte	0x4
 910 03a9 06       		.byte	0x6
 911 03aa 2A01     		.2byte	0x12a
 912 03ac C0030000 		.4byte	0x3c0
 913 03b0 0C       		.uleb128 0xc
 914 03b1 72313300 		.ascii	"r13\000"
 915 03b5 06       		.byte	0x6
 916 03b6 2B01     		.2byte	0x12b
 917 03b8 C0030000 		.4byte	0x3c0
 918 03bc 02       		.byte	0x2
 919 03bd 23       		.byte	0x23
 920 03be 00       		.uleb128 0
 921 03bf 00       		.byte	0
 922 03c0 09       		.uleb128 0x9
 923 03c1 04       		.byte	0x4
 924 03c2 15030000 		.4byte	0x315
 925 03c6 04       		.uleb128 0x4
 926 03c7 AF030000 		.4byte	.LASF51
 927 03cb 07       		.byte	0x7
 928 03cc 33       		.byte	0x33
 929 03cd D1030000 		.4byte	0x3d1
 930 03d1 0D       		.uleb128 0xd
 931 03d2 6C000000 		.4byte	0x6c
 932 03d6 03       		.uleb128 0x3
 933 03d7 04       		.byte	0x4
 934 03d8 07       		.byte	0x7
 935 03d9 1B020000 		.4byte	.LASF52
 936 03dd 08       		.uleb128 0x8
 937 03de 8C       		.byte	0x8c
 938 03df 07       		.byte	0x7
 939 03e0 82       		.byte	0x82
 940 03e1 0D050000 		.4byte	0x50d
 941 03e5 06       		.uleb128 0x6
 942 03e6 5F000000 		.4byte	.LASF53
 943 03ea 07       		.byte	0x7
 944 03eb 83       		.byte	0x83
 945 03ec C6030000 		.4byte	0x3c6
 946 03f0 02       		.byte	0x2
 947 03f1 23       		.byte	0x23
 948 03f2 00       		.uleb128 0
 949 03f3 06       		.uleb128 0x6
 950 03f4 BB010000 		.4byte	.LASF54
 951 03f8 07       		.byte	0x7
 952 03f9 84       		.byte	0x84
 953 03fa C6030000 		.4byte	0x3c6
 954 03fe 02       		.byte	0x2
 955 03ff 23       		.byte	0x23
 956 0400 04       		.uleb128 0x4
 957 0401 06       		.uleb128 0x6
 958 0402 85010000 		.4byte	.LASF55
 959 0406 07       		.byte	0x7
ARM GAS  /tmp/ccIXPISK.s 			page 18


 960 0407 85       		.byte	0x85
 961 0408 C6030000 		.4byte	0x3c6
 962 040c 02       		.byte	0x2
 963 040d 23       		.byte	0x23
 964 040e 08       		.uleb128 0x8
 965 040f 06       		.uleb128 0x6
 966 0410 C6010000 		.4byte	.LASF56
 967 0414 07       		.byte	0x7
 968 0415 86       		.byte	0x86
 969 0416 C6030000 		.4byte	0x3c6
 970 041a 02       		.byte	0x2
 971 041b 23       		.byte	0x23
 972 041c 0C       		.uleb128 0xc
 973 041d 07       		.uleb128 0x7
 974 041e 53435200 		.ascii	"SCR\000"
 975 0422 07       		.byte	0x7
 976 0423 87       		.byte	0x87
 977 0424 C6030000 		.4byte	0x3c6
 978 0428 02       		.byte	0x2
 979 0429 23       		.byte	0x23
 980 042a 10       		.uleb128 0x10
 981 042b 07       		.uleb128 0x7
 982 042c 43435200 		.ascii	"CCR\000"
 983 0430 07       		.byte	0x7
 984 0431 88       		.byte	0x88
 985 0432 C6030000 		.4byte	0x3c6
 986 0436 02       		.byte	0x2
 987 0437 23       		.byte	0x23
 988 0438 14       		.uleb128 0x14
 989 0439 06       		.uleb128 0x6
 990 043a E7030000 		.4byte	.LASF57
 991 043e 07       		.byte	0x7
 992 043f 89       		.byte	0x89
 993 0440 1D050000 		.4byte	0x51d
 994 0444 02       		.byte	0x2
 995 0445 23       		.byte	0x23
 996 0446 18       		.uleb128 0x18
 997 0447 06       		.uleb128 0x6
 998 0448 2C030000 		.4byte	.LASF58
 999 044c 07       		.byte	0x7
 1000 044d 8A       		.byte	0x8a
 1001 044e C6030000 		.4byte	0x3c6
 1002 0452 02       		.byte	0x2
 1003 0453 23       		.byte	0x23
 1004 0454 24       		.uleb128 0x24
 1005 0455 06       		.uleb128 0x6
 1006 0456 33020000 		.4byte	.LASF59
 1007 045a 07       		.byte	0x7
 1008 045b 8B       		.byte	0x8b
 1009 045c C6030000 		.4byte	0x3c6
 1010 0460 02       		.byte	0x2
 1011 0461 23       		.byte	0x23
 1012 0462 28       		.uleb128 0x28
 1013 0463 06       		.uleb128 0x6
 1014 0464 6D040000 		.4byte	.LASF60
 1015 0468 07       		.byte	0x7
 1016 0469 8C       		.byte	0x8c
ARM GAS  /tmp/ccIXPISK.s 			page 19


 1017 046a C6030000 		.4byte	0x3c6
 1018 046e 02       		.byte	0x2
 1019 046f 23       		.byte	0x23
 1020 0470 2C       		.uleb128 0x2c
 1021 0471 06       		.uleb128 0x6
 1022 0472 CC010000 		.4byte	.LASF61
 1023 0476 07       		.byte	0x7
 1024 0477 8D       		.byte	0x8d
 1025 0478 C6030000 		.4byte	0x3c6
 1026 047c 02       		.byte	0x2
 1027 047d 23       		.byte	0x23
 1028 047e 30       		.uleb128 0x30
 1029 047f 06       		.uleb128 0x6
 1030 0480 D1010000 		.4byte	.LASF62
 1031 0484 07       		.byte	0x7
 1032 0485 8E       		.byte	0x8e
 1033 0486 C6030000 		.4byte	0x3c6
 1034 048a 02       		.byte	0x2
 1035 048b 23       		.byte	0x23
 1036 048c 34       		.uleb128 0x34
 1037 048d 06       		.uleb128 0x6
 1038 048e E7000000 		.4byte	.LASF63
 1039 0492 07       		.byte	0x7
 1040 0493 8F       		.byte	0x8f
 1041 0494 C6030000 		.4byte	0x3c6
 1042 0498 02       		.byte	0x2
 1043 0499 23       		.byte	0x23
 1044 049a 38       		.uleb128 0x38
 1045 049b 06       		.uleb128 0x6
 1046 049c 9D030000 		.4byte	.LASF64
 1047 04a0 07       		.byte	0x7
 1048 04a1 90       		.byte	0x90
 1049 04a2 C6030000 		.4byte	0x3c6
 1050 04a6 02       		.byte	0x2
 1051 04a7 23       		.byte	0x23
 1052 04a8 3C       		.uleb128 0x3c
 1053 04a9 07       		.uleb128 0x7
 1054 04aa 50465200 		.ascii	"PFR\000"
 1055 04ae 07       		.byte	0x7
 1056 04af 91       		.byte	0x91
 1057 04b0 32050000 		.4byte	0x532
 1058 04b4 02       		.byte	0x2
 1059 04b5 23       		.byte	0x23
 1060 04b6 40       		.uleb128 0x40
 1061 04b7 07       		.uleb128 0x7
 1062 04b8 44465200 		.ascii	"DFR\000"
 1063 04bc 07       		.byte	0x7
 1064 04bd 92       		.byte	0x92
 1065 04be C6030000 		.4byte	0x3c6
 1066 04c2 02       		.byte	0x2
 1067 04c3 23       		.byte	0x23
 1068 04c4 48       		.uleb128 0x48
 1069 04c5 07       		.uleb128 0x7
 1070 04c6 41445200 		.ascii	"ADR\000"
 1071 04ca 07       		.byte	0x7
 1072 04cb 93       		.byte	0x93
 1073 04cc C6030000 		.4byte	0x3c6
ARM GAS  /tmp/ccIXPISK.s 			page 20


 1074 04d0 02       		.byte	0x2
 1075 04d1 23       		.byte	0x23
 1076 04d2 4C       		.uleb128 0x4c
 1077 04d3 06       		.uleb128 0x6
 1078 04d4 23040000 		.4byte	.LASF65
 1079 04d8 07       		.byte	0x7
 1080 04d9 94       		.byte	0x94
 1081 04da 47050000 		.4byte	0x547
 1082 04de 02       		.byte	0x2
 1083 04df 23       		.byte	0x23
 1084 04e0 50       		.uleb128 0x50
 1085 04e1 07       		.uleb128 0x7
 1086 04e2 53415200 		.ascii	"SAR\000"
 1087 04e6 07       		.byte	0x7
 1088 04e7 95       		.byte	0x95
 1089 04e8 5C050000 		.4byte	0x55c
 1090 04ec 02       		.byte	0x2
 1091 04ed 23       		.byte	0x23
 1092 04ee 60       		.uleb128 0x60
 1093 04ef 06       		.uleb128 0x6
 1094 04f0 A2030000 		.4byte	.LASF66
 1095 04f4 07       		.byte	0x7
 1096 04f5 96       		.byte	0x96
 1097 04f6 61050000 		.4byte	0x561
 1098 04fa 02       		.byte	0x2
 1099 04fb 23       		.byte	0x23
 1100 04fc 74       		.uleb128 0x74
 1101 04fd 06       		.uleb128 0x6
 1102 04fe 67040000 		.4byte	.LASF67
 1103 0502 07       		.byte	0x7
 1104 0503 97       		.byte	0x97
 1105 0504 C6030000 		.4byte	0x3c6
 1106 0508 03       		.byte	0x3
 1107 0509 23       		.byte	0x23
 1108 050a 8801     		.uleb128 0x88
 1109 050c 00       		.byte	0
 1110 050d 0E       		.uleb128 0xe
 1111 050e C6030000 		.4byte	0x3c6
 1112 0512 1D050000 		.4byte	0x51d
 1113 0516 0F       		.uleb128 0xf
 1114 0517 D6030000 		.4byte	0x3d6
 1115 051b 02       		.byte	0x2
 1116 051c 00       		.byte	0
 1117 051d 0D       		.uleb128 0xd
 1118 051e 0D050000 		.4byte	0x50d
 1119 0522 0E       		.uleb128 0xe
 1120 0523 C6030000 		.4byte	0x3c6
 1121 0527 32050000 		.4byte	0x532
 1122 052b 0F       		.uleb128 0xf
 1123 052c D6030000 		.4byte	0x3d6
 1124 0530 01       		.byte	0x1
 1125 0531 00       		.byte	0
 1126 0532 0D       		.uleb128 0xd
 1127 0533 22050000 		.4byte	0x522
 1128 0537 0E       		.uleb128 0xe
 1129 0538 C6030000 		.4byte	0x3c6
 1130 053c 47050000 		.4byte	0x547
ARM GAS  /tmp/ccIXPISK.s 			page 21


 1131 0540 0F       		.uleb128 0xf
 1132 0541 D6030000 		.4byte	0x3d6
 1133 0545 03       		.byte	0x3
 1134 0546 00       		.byte	0
 1135 0547 0D       		.uleb128 0xd
 1136 0548 37050000 		.4byte	0x537
 1137 054c 0E       		.uleb128 0xe
 1138 054d C6030000 		.4byte	0x3c6
 1139 0551 5C050000 		.4byte	0x55c
 1140 0555 0F       		.uleb128 0xf
 1141 0556 D6030000 		.4byte	0x3d6
 1142 055a 04       		.byte	0x4
 1143 055b 00       		.byte	0
 1144 055c 0D       		.uleb128 0xd
 1145 055d 4C050000 		.4byte	0x54c
 1146 0561 0D       		.uleb128 0xd
 1147 0562 4C050000 		.4byte	0x54c
 1148 0566 04       		.uleb128 0x4
 1149 0567 16000000 		.4byte	.LASF68
 1150 056b 07       		.byte	0x7
 1151 056c 98       		.byte	0x98
 1152 056d DD030000 		.4byte	0x3dd
 1153 0571 0D       		.uleb128 0xd
 1154 0572 E4000000 		.4byte	0xe4
 1155 0576 08       		.uleb128 0x8
 1156 0577 1C       		.byte	0x1c
 1157 0578 08       		.byte	0x8
 1158 0579 57       		.byte	0x57
 1159 057a D3050000 		.4byte	0x5d3
 1160 057e 06       		.uleb128 0x6
 1161 057f 95030000 		.4byte	.LASF69
 1162 0583 08       		.byte	0x8
 1163 0584 58       		.byte	0x58
 1164 0585 58020000 		.4byte	0x258
 1165 0589 02       		.byte	0x2
 1166 058a 23       		.byte	0x23
 1167 058b 00       		.uleb128 0
 1168 058c 06       		.uleb128 0x6
 1169 058d 5D030000 		.4byte	.LASF70
 1170 0591 08       		.byte	0x8
 1171 0592 59       		.byte	0x59
 1172 0593 C3000000 		.4byte	0xc3
 1173 0597 02       		.byte	0x2
 1174 0598 23       		.byte	0x23
 1175 0599 08       		.uleb128 0x8
 1176 059a 06       		.uleb128 0x6
 1177 059b 40020000 		.4byte	.LASF71
 1178 059f 08       		.byte	0x8
 1179 05a0 5B       		.byte	0x5b
 1180 05a1 A3030000 		.4byte	0x3a3
 1181 05a5 02       		.byte	0x2
 1182 05a6 23       		.byte	0x23
 1183 05a7 0C       		.uleb128 0xc
 1184 05a8 06       		.uleb128 0x6
 1185 05a9 EC000000 		.4byte	.LASF72
 1186 05ad 08       		.byte	0x8
 1187 05ae 5E       		.byte	0x5e
ARM GAS  /tmp/ccIXPISK.s 			page 22


 1188 05af 52020000 		.4byte	0x252
 1189 05b3 02       		.byte	0x2
 1190 05b4 23       		.byte	0x23
 1191 05b5 10       		.uleb128 0x10
 1192 05b6 06       		.uleb128 0x6
 1193 05b7 98020000 		.4byte	.LASF73
 1194 05bb 08       		.byte	0x8
 1195 05bc 5F       		.byte	0x5f
 1196 05bd 52020000 		.4byte	0x252
 1197 05c1 02       		.byte	0x2
 1198 05c2 23       		.byte	0x23
 1199 05c3 14       		.uleb128 0x14
 1200 05c4 06       		.uleb128 0x6
 1201 05c5 8E020000 		.4byte	.LASF74
 1202 05c9 08       		.byte	0x8
 1203 05ca 62       		.byte	0x62
 1204 05cb 52020000 		.4byte	0x252
 1205 05cf 02       		.byte	0x2
 1206 05d0 23       		.byte	0x23
 1207 05d1 18       		.uleb128 0x18
 1208 05d2 00       		.byte	0
 1209 05d3 04       		.uleb128 0x4
 1210 05d4 19040000 		.4byte	.LASF75
 1211 05d8 08       		.byte	0x8
 1212 05d9 64       		.byte	0x64
 1213 05da 76050000 		.4byte	0x576
 1214 05de 05       		.uleb128 0x5
 1215 05df 0A020000 		.4byte	.LASF76
 1216 05e3 10       		.byte	0x10
 1217 05e4 09       		.byte	0x9
 1218 05e5 25       		.byte	0x25
 1219 05e6 15060000 		.4byte	0x615
 1220 05ea 06       		.uleb128 0x6
 1221 05eb A8000000 		.4byte	.LASF77
 1222 05ef 09       		.byte	0x9
 1223 05f0 26       		.byte	0x26
 1224 05f1 58020000 		.4byte	0x258
 1225 05f5 02       		.byte	0x2
 1226 05f6 23       		.byte	0x23
 1227 05f7 00       		.uleb128 0
 1228 05f8 06       		.uleb128 0x6
 1229 05f9 72040000 		.4byte	.LASF78
 1230 05fd 09       		.byte	0x9
 1231 05fe 28       		.byte	0x28
 1232 05ff 52020000 		.4byte	0x252
 1233 0603 02       		.byte	0x2
 1234 0604 23       		.byte	0x23
 1235 0605 08       		.uleb128 0x8
 1236 0606 06       		.uleb128 0x6
 1237 0607 B7030000 		.4byte	.LASF79
 1238 060b 09       		.byte	0x9
 1239 060c 2A       		.byte	0x2a
 1240 060d 15060000 		.4byte	0x615
 1241 0611 02       		.byte	0x2
 1242 0612 23       		.byte	0x23
 1243 0613 0C       		.uleb128 0xc
 1244 0614 00       		.byte	0
ARM GAS  /tmp/ccIXPISK.s 			page 23


 1245 0615 09       		.uleb128 0x9
 1246 0616 04       		.byte	0x4
 1247 0617 DE050000 		.4byte	0x5de
 1248 061b 04       		.uleb128 0x4
 1249 061c 0A020000 		.4byte	.LASF76
 1250 0620 09       		.byte	0x9
 1251 0621 2C       		.byte	0x2c
 1252 0622 DE050000 		.4byte	0x5de
 1253 0626 10       		.uleb128 0x10
 1254 0627 04       		.byte	0x4
 1255 0628 05       		.byte	0x5
 1256 0629 8F       		.byte	0x8f
 1257 062a 5B060000 		.4byte	0x65b
 1258 062e 11       		.uleb128 0x11
 1259 062f 06000000 		.4byte	.LASF80
 1260 0633 05       		.byte	0x5
 1261 0634 96       		.byte	0x96
 1262 0635 CE000000 		.4byte	0xce
 1263 0639 11       		.uleb128 0x11
 1264 063a 56000000 		.4byte	.LASF81
 1265 063e 05       		.byte	0x5
 1266 063f 9D       		.byte	0x9d
 1267 0640 CE000000 		.4byte	0xce
 1268 0644 11       		.uleb128 0x11
 1269 0645 59040000 		.4byte	.LASF82
 1270 0649 05       		.byte	0x5
 1271 064a A4       		.byte	0xa4
 1272 064b 90020000 		.4byte	0x290
 1273 064f 11       		.uleb128 0x11
 1274 0650 64030000 		.4byte	.LASF83
 1275 0654 05       		.byte	0x5
 1276 0655 AB       		.byte	0xab
 1277 0656 D9000000 		.4byte	0xd9
 1278 065a 00       		.byte	0
 1279 065b 09       		.uleb128 0x9
 1280 065c 04       		.byte	0x4
 1281 065d 61060000 		.4byte	0x661
 1282 0661 12       		.uleb128 0x12
 1283 0662 66060000 		.4byte	0x666
 1284 0666 03       		.uleb128 0x3
 1285 0667 01       		.byte	0x1
 1286 0668 08       		.byte	0x8
 1287 0669 AA030000 		.4byte	.LASF84
 1288 066d 09       		.uleb128 0x9
 1289 066e 04       		.byte	0x4
 1290 066f 92020000 		.4byte	0x292
 1291 0673 09       		.uleb128 0x9
 1292 0674 04       		.byte	0x4
 1293 0675 1B060000 		.4byte	0x61b
 1294 0679 13       		.uleb128 0x13
 1295 067a 01       		.byte	0x1
 1296 067b 8A010000 		.4byte	.LASF85
 1297 067f 01       		.byte	0x1
 1298 0680 C8       		.byte	0xc8
 1299 0681 01       		.byte	0x1
 1300 0682 00000000 		.4byte	.LFB11
 1301 0686 0E000000 		.4byte	.LFE11
ARM GAS  /tmp/ccIXPISK.s 			page 24


 1302 068a 02       		.byte	0x2
 1303 068b 7D       		.byte	0x7d
 1304 068c 00       		.sleb128 0
 1305 068d 01       		.byte	0x1
 1306 068e AE060000 		.4byte	0x6ae
 1307 0692 14       		.uleb128 0x14
 1308 0693 04000000 		.4byte	.LVL0
 1309 0697 D0080000 		.4byte	0x8d0
 1310 069b 14       		.uleb128 0x14
 1311 069c 08000000 		.4byte	.LVL1
 1312 06a0 DA080000 		.4byte	0x8da
 1313 06a4 14       		.uleb128 0x14
 1314 06a5 0C000000 		.4byte	.LVL2
 1315 06a9 E4080000 		.4byte	0x8e4
 1316 06ad 00       		.byte	0
 1317 06ae 13       		.uleb128 0x13
 1318 06af 01       		.byte	0x1
 1319 06b0 D3030000 		.4byte	.LASF86
 1320 06b4 01       		.byte	0x1
 1321 06b5 3A       		.byte	0x3a
 1322 06b6 01       		.byte	0x1
 1323 06b7 00000000 		.4byte	.LFB8
 1324 06bb 12000000 		.4byte	.LFE8
 1325 06bf 02       		.byte	0x2
 1326 06c0 7D       		.byte	0x7d
 1327 06c1 00       		.sleb128 0
 1328 06c2 01       		.byte	0x1
 1329 06c3 F0060000 		.4byte	0x6f0
 1330 06c7 15       		.uleb128 0x15
 1331 06c8 B9020000 		.4byte	.LASF87
 1332 06cc 01       		.byte	0x1
 1333 06cd 3B       		.byte	0x3b
 1334 06ce F0060000 		.4byte	0x6f0
 1335 06d2 00000000 		.4byte	.LLST0
 1336 06d6 16       		.uleb128 0x16
 1337 06d7 0A000000 		.4byte	.LBB2
 1338 06db 12000000 		.4byte	.LBE2
 1339 06df 17       		.uleb128 0x17
 1340 06e0 746D7000 		.ascii	"tmp\000"
 1341 06e4 01       		.byte	0x1
 1342 06e5 4A       		.byte	0x4a
 1343 06e6 6C000000 		.4byte	0x6c
 1344 06ea 20000000 		.4byte	.LLST1
 1345 06ee 00       		.byte	0
 1346 06ef 00       		.byte	0
 1347 06f0 09       		.uleb128 0x9
 1348 06f1 04       		.byte	0x4
 1349 06f2 9D020000 		.4byte	0x29d
 1350 06f6 18       		.uleb128 0x18
 1351 06f7 01       		.byte	0x1
 1352 06f8 36040000 		.4byte	.LASF88
 1353 06fc 01       		.byte	0x1
 1354 06fd 6F       		.byte	0x6f
 1355 06fe 01       		.byte	0x1
 1356 06ff 00000000 		.4byte	.LFB9
 1357 0703 36000000 		.4byte	.LFE9
 1358 0707 33000000 		.4byte	.LLST2
ARM GAS  /tmp/ccIXPISK.s 			page 25


 1359 070b 01       		.byte	0x1
 1360 070c 59070000 		.4byte	0x759
 1361 0710 19       		.uleb128 0x19
 1362 0711 20000000 		.4byte	.LVL7
 1363 0715 EE080000 		.4byte	0x8ee
 1364 0719 28070000 		.4byte	0x728
 1365 071d 1A       		.uleb128 0x1a
 1366 071e 01       		.byte	0x1
 1367 071f 51       		.byte	0x51
 1368 0720 01       		.byte	0x1
 1369 0721 40       		.byte	0x40
 1370 0722 1A       		.uleb128 0x1a
 1371 0723 01       		.byte	0x1
 1372 0724 50       		.byte	0x50
 1373 0725 01       		.byte	0x1
 1374 0726 37       		.byte	0x37
 1375 0727 00       		.byte	0
 1376 0728 19       		.uleb128 0x19
 1377 0729 2A000000 		.4byte	.LVL8
 1378 072d EE080000 		.4byte	0x8ee
 1379 0731 42070000 		.4byte	0x742
 1380 0735 1A       		.uleb128 0x1a
 1381 0736 01       		.byte	0x1
 1382 0737 51       		.byte	0x51
 1383 0738 03       		.byte	0x3
 1384 0739 0A       		.byte	0xa
 1385 073a 0002     		.2byte	0x200
 1386 073c 1A       		.uleb128 0x1a
 1387 073d 01       		.byte	0x1
 1388 073e 50       		.byte	0x50
 1389 073f 01       		.byte	0x1
 1390 0740 3A       		.byte	0x3a
 1391 0741 00       		.byte	0
 1392 0742 1B       		.uleb128 0x1b
 1393 0743 36000000 		.4byte	.LVL9
 1394 0747 01       		.byte	0x1
 1395 0748 EE080000 		.4byte	0x8ee
 1396 074c 1A       		.uleb128 0x1a
 1397 074d 01       		.byte	0x1
 1398 074e 51       		.byte	0x51
 1399 074f 02       		.byte	0x2
 1400 0750 08       		.byte	0x8
 1401 0751 80       		.byte	0x80
 1402 0752 1A       		.uleb128 0x1a
 1403 0753 01       		.byte	0x1
 1404 0754 50       		.byte	0x50
 1405 0755 01       		.byte	0x1
 1406 0756 3B       		.byte	0x3b
 1407 0757 00       		.byte	0
 1408 0758 00       		.byte	0
 1409 0759 13       		.uleb128 0x13
 1410 075a 01       		.byte	0x1
 1411 075b D7010000 		.4byte	.LASF89
 1412 075f 01       		.byte	0x1
 1413 0760 8D       		.byte	0x8d
 1414 0761 01       		.byte	0x1
 1415 0762 00000000 		.4byte	.LFB10
ARM GAS  /tmp/ccIXPISK.s 			page 26


 1416 0766 74000000 		.4byte	.LFE10
 1417 076a 02       		.byte	0x2
 1418 076b 7D       		.byte	0x7d
 1419 076c 00       		.sleb128 0
 1420 076d 01       		.byte	0x1
 1421 076e C2070000 		.4byte	0x7c2
 1422 0772 1C       		.uleb128 0x1c
 1423 0773 00000000 		.4byte	.LBB3
 1424 0777 06000000 		.4byte	.LBE3
 1425 077b 8F070000 		.4byte	0x78f
 1426 077f 17       		.uleb128 0x17
 1427 0780 746D7000 		.ascii	"tmp\000"
 1428 0784 01       		.byte	0x1
 1429 0785 8F       		.byte	0x8f
 1430 0786 6C000000 		.4byte	0x6c
 1431 078a 53000000 		.4byte	.LLST3
 1432 078e 00       		.byte	0
 1433 078f 1D       		.uleb128 0x1d
 1434 0790 00000000 		.4byte	.Ldebug_ranges0+0
 1435 0794 A8070000 		.4byte	0x7a8
 1436 0798 15       		.uleb128 0x15
 1437 0799 B9020000 		.4byte	.LASF87
 1438 079d 01       		.byte	0x1
 1439 079e 91       		.byte	0x91
 1440 079f F0060000 		.4byte	0x6f0
 1441 07a3 66000000 		.4byte	.LLST4
 1442 07a7 00       		.byte	0
 1443 07a8 16       		.uleb128 0x16
 1444 07a9 4C000000 		.4byte	.LBB5
 1445 07ad 52000000 		.4byte	.LBE5
 1446 07b1 17       		.uleb128 0x17
 1447 07b2 746D7000 		.ascii	"tmp\000"
 1448 07b6 01       		.byte	0x1
 1449 07b7 BE       		.byte	0xbe
 1450 07b8 6C000000 		.4byte	0x6c
 1451 07bc A0000000 		.4byte	.LLST5
 1452 07c0 00       		.byte	0
 1453 07c1 00       		.byte	0
 1454 07c2 18       		.uleb128 0x18
 1455 07c3 01       		.byte	0x1
 1456 07c4 31000000 		.4byte	.LASF90
 1457 07c8 01       		.byte	0x1
 1458 07c9 28       		.byte	0x28
 1459 07ca 01       		.byte	0x1
 1460 07cb 00000000 		.4byte	.LFB7
 1461 07cf 2A000000 		.4byte	.LFE7
 1462 07d3 B3000000 		.4byte	.LLST6
 1463 07d7 01       		.byte	0x1
 1464 07d8 4E080000 		.4byte	0x84e
 1465 07dc 1C       		.uleb128 0x1c
 1466 07dd 06000000 		.4byte	.LBB7
 1467 07e1 0C000000 		.4byte	.LBE7
 1468 07e5 F9070000 		.4byte	0x7f9
 1469 07e9 17       		.uleb128 0x17
 1470 07ea 746D7000 		.ascii	"tmp\000"
 1471 07ee 01       		.byte	0x1
 1472 07ef 2C       		.byte	0x2c
ARM GAS  /tmp/ccIXPISK.s 			page 27


 1473 07f0 6C000000 		.4byte	0x6c
 1474 07f4 D3000000 		.4byte	.LLST7
 1475 07f8 00       		.byte	0
 1476 07f9 1C       		.uleb128 0x1c
 1477 07fa 18000000 		.4byte	.LBB8
 1478 07fe 1E000000 		.4byte	.LBE8
 1479 0802 16080000 		.4byte	0x816
 1480 0806 17       		.uleb128 0x17
 1481 0807 746D7000 		.ascii	"tmp\000"
 1482 080b 01       		.byte	0x1
 1483 080c 2E       		.byte	0x2e
 1484 080d 6C000000 		.4byte	0x6c
 1485 0811 E6000000 		.4byte	.LLST8
 1486 0815 00       		.byte	0
 1487 0816 14       		.uleb128 0x14
 1488 0817 06000000 		.4byte	.LVL19
 1489 081b 08090000 		.4byte	0x908
 1490 081f 14       		.uleb128 0x14
 1491 0820 10000000 		.4byte	.LVL22
 1492 0824 12090000 		.4byte	0x912
 1493 0828 14       		.uleb128 0x14
 1494 0829 14000000 		.4byte	.LVL23
 1495 082d 1C090000 		.4byte	0x91c
 1496 0831 14       		.uleb128 0x14
 1497 0832 18000000 		.4byte	.LVL24
 1498 0836 26090000 		.4byte	0x926
 1499 083a 14       		.uleb128 0x14
 1500 083b 22000000 		.4byte	.LVL27
 1501 083f 30090000 		.4byte	0x930
 1502 0843 1E       		.uleb128 0x1e
 1503 0844 2A000000 		.4byte	.LVL28
 1504 0848 01       		.byte	0x1
 1505 0849 59070000 		.4byte	0x759
 1506 084d 00       		.byte	0
 1507 084e 13       		.uleb128 0x13
 1508 084f 01       		.byte	0x1
 1509 0850 66010000 		.4byte	.LASF91
 1510 0854 01       		.byte	0x1
 1511 0855 E5       		.byte	0xe5
 1512 0856 01       		.byte	0x1
 1513 0857 00000000 		.4byte	.LFB12
 1514 085b 10000000 		.4byte	.LFE12
 1515 085f 02       		.byte	0x2
 1516 0860 7D       		.byte	0x7d
 1517 0861 00       		.sleb128 0
 1518 0862 01       		.byte	0x1
 1519 0863 82080000 		.4byte	0x882
 1520 0867 1F       		.uleb128 0x1f
 1521 0868 6E747000 		.ascii	"ntp\000"
 1522 086c 01       		.byte	0x1
 1523 086d E5       		.byte	0xe5
 1524 086e 52020000 		.4byte	0x252
 1525 0872 01       		.byte	0x1
 1526 0873 50       		.byte	0x50
 1527 0874 1F       		.uleb128 0x1f
 1528 0875 6F747000 		.ascii	"otp\000"
 1529 0879 01       		.byte	0x1
ARM GAS  /tmp/ccIXPISK.s 			page 28


 1530 087a E5       		.byte	0xe5
 1531 087b 52020000 		.4byte	0x252
 1532 087f 01       		.byte	0x1
 1533 0880 51       		.byte	0x51
 1534 0881 00       		.byte	0
 1535 0882 18       		.uleb128 0x18
 1536 0883 01       		.byte	0x1
 1537 0884 CC000000 		.4byte	.LASF92
 1538 0888 01       		.byte	0x1
 1539 0889 FC       		.byte	0xfc
 1540 088a 01       		.byte	0x1
 1541 088b 00000000 		.4byte	.LFB13
 1542 088f 16000000 		.4byte	.LFE13
 1543 0893 F9000000 		.4byte	.LLST9
 1544 0897 01       		.byte	0x1
 1545 0898 C3080000 		.4byte	0x8c3
 1546 089c 1C       		.uleb128 0x1c
 1547 089d 06000000 		.4byte	.LBB9
 1548 08a1 0C000000 		.4byte	.LBE9
 1549 08a5 B9080000 		.4byte	0x8b9
 1550 08a9 17       		.uleb128 0x17
 1551 08aa 746D7000 		.ascii	"tmp\000"
 1552 08ae 01       		.byte	0x1
 1553 08af FE       		.byte	0xfe
 1554 08b0 6C000000 		.4byte	0x6c
 1555 08b4 19010000 		.4byte	.LLST10
 1556 08b8 00       		.byte	0
 1557 08b9 14       		.uleb128 0x14
 1558 08ba 06000000 		.4byte	.LVL30
 1559 08be E4080000 		.4byte	0x8e4
 1560 08c2 00       		.byte	0
 1561 08c3 20       		.uleb128 0x20
 1562 08c4 28040000 		.4byte	.LASF103
 1563 08c8 08       		.byte	0x8
 1564 08c9 68       		.byte	0x68
 1565 08ca D3050000 		.4byte	0x5d3
 1566 08ce 01       		.byte	0x1
 1567 08cf 01       		.byte	0x1
 1568 08d0 21       		.uleb128 0x21
 1569 08d1 01       		.byte	0x1
 1570 08d2 24020000 		.4byte	.LASF93
 1571 08d6 0A       		.byte	0xa
 1572 08d7 E0       		.byte	0xe0
 1573 08d8 01       		.byte	0x1
 1574 08d9 01       		.byte	0x1
 1575 08da 21       		.uleb128 0x21
 1576 08db 01       		.byte	0x1
 1577 08dc 1A010000 		.4byte	.LASF94
 1578 08e0 08       		.byte	0x8
 1579 08e1 A1       		.byte	0xa1
 1580 08e2 01       		.byte	0x1
 1581 08e3 01       		.byte	0x1
 1582 08e4 21       		.uleb128 0x21
 1583 08e5 01       		.byte	0x1
 1584 08e6 A0020000 		.4byte	.LASF95
 1585 08ea 0A       		.byte	0xa
 1586 08eb E1       		.byte	0xe1
ARM GAS  /tmp/ccIXPISK.s 			page 29


 1587 08ec 01       		.byte	0x1
 1588 08ed 01       		.byte	0x1
 1589 08ee 22       		.uleb128 0x22
 1590 08ef 01       		.byte	0x1
 1591 08f0 F4000000 		.4byte	.LASF104
 1592 08f4 07       		.byte	0x7
 1593 08f5 1E01     		.2byte	0x11e
 1594 08f7 01       		.byte	0x1
 1595 08f8 01       		.byte	0x1
 1596 08f9 08090000 		.4byte	0x908
 1597 08fd 23       		.uleb128 0x23
 1598 08fe 6C000000 		.4byte	0x6c
 1599 0902 23       		.uleb128 0x23
 1600 0903 6C000000 		.4byte	0x6c
 1601 0907 00       		.byte	0
 1602 0908 21       		.uleb128 0x21
 1603 0909 01       		.byte	0x1
 1604 090a 2C010000 		.4byte	.LASF96
 1605 090e 0A       		.byte	0xa
 1606 090f E4       		.byte	0xe4
 1607 0910 01       		.byte	0x1
 1608 0911 01       		.byte	0x1
 1609 0912 21       		.uleb128 0x21
 1610 0913 01       		.byte	0x1
 1611 0914 41040000 		.4byte	.LASF97
 1612 0918 0A       		.byte	0xa
 1613 0919 E2       		.byte	0xe2
 1614 091a 01       		.byte	0x1
 1615 091b 01       		.byte	0x1
 1616 091c 21       		.uleb128 0x21
 1617 091d 01       		.byte	0x1
 1618 091e 1E000000 		.4byte	.LASF98
 1619 0922 0B       		.byte	0xb
 1620 0923 F0       		.byte	0xf0
 1621 0924 01       		.byte	0x1
 1622 0925 01       		.byte	0x1
 1623 0926 21       		.uleb128 0x21
 1624 0927 01       		.byte	0x1
 1625 0928 86000000 		.4byte	.LASF99
 1626 092c 0A       		.byte	0xa
 1627 092d E3       		.byte	0xe3
 1628 092e 01       		.byte	0x1
 1629 092f 01       		.byte	0x1
 1630 0930 21       		.uleb128 0x21
 1631 0931 01       		.byte	0x1
 1632 0932 EC030000 		.4byte	.LASF100
 1633 0936 0A       		.byte	0xa
 1634 0937 E5       		.byte	0xe5
 1635 0938 01       		.byte	0x1
 1636 0939 01       		.byte	0x1
 1637 093a 00       		.byte	0
 1638              		.section	.debug_abbrev,"",%progbits
 1639              	.Ldebug_abbrev0:
 1640 0000 01       		.uleb128 0x1
 1641 0001 11       		.uleb128 0x11
 1642 0002 01       		.byte	0x1
 1643 0003 25       		.uleb128 0x25
ARM GAS  /tmp/ccIXPISK.s 			page 30


 1644 0004 0E       		.uleb128 0xe
 1645 0005 13       		.uleb128 0x13
 1646 0006 0B       		.uleb128 0xb
 1647 0007 03       		.uleb128 0x3
 1648 0008 0E       		.uleb128 0xe
 1649 0009 55       		.uleb128 0x55
 1650 000a 06       		.uleb128 0x6
 1651 000b 11       		.uleb128 0x11
 1652 000c 01       		.uleb128 0x1
 1653 000d 52       		.uleb128 0x52
 1654 000e 01       		.uleb128 0x1
 1655 000f 10       		.uleb128 0x10
 1656 0010 06       		.uleb128 0x6
 1657 0011 00       		.byte	0
 1658 0012 00       		.byte	0
 1659 0013 02       		.uleb128 0x2
 1660 0014 24       		.uleb128 0x24
 1661 0015 00       		.byte	0
 1662 0016 0B       		.uleb128 0xb
 1663 0017 0B       		.uleb128 0xb
 1664 0018 3E       		.uleb128 0x3e
 1665 0019 0B       		.uleb128 0xb
 1666 001a 03       		.uleb128 0x3
 1667 001b 08       		.uleb128 0x8
 1668 001c 00       		.byte	0
 1669 001d 00       		.byte	0
 1670 001e 03       		.uleb128 0x3
 1671 001f 24       		.uleb128 0x24
 1672 0020 00       		.byte	0
 1673 0021 0B       		.uleb128 0xb
 1674 0022 0B       		.uleb128 0xb
 1675 0023 3E       		.uleb128 0x3e
 1676 0024 0B       		.uleb128 0xb
 1677 0025 03       		.uleb128 0x3
 1678 0026 0E       		.uleb128 0xe
 1679 0027 00       		.byte	0
 1680 0028 00       		.byte	0
 1681 0029 04       		.uleb128 0x4
 1682 002a 16       		.uleb128 0x16
 1683 002b 00       		.byte	0
 1684 002c 03       		.uleb128 0x3
 1685 002d 0E       		.uleb128 0xe
 1686 002e 3A       		.uleb128 0x3a
 1687 002f 0B       		.uleb128 0xb
 1688 0030 3B       		.uleb128 0x3b
 1689 0031 0B       		.uleb128 0xb
 1690 0032 49       		.uleb128 0x49
 1691 0033 13       		.uleb128 0x13
 1692 0034 00       		.byte	0
 1693 0035 00       		.byte	0
 1694 0036 05       		.uleb128 0x5
 1695 0037 13       		.uleb128 0x13
 1696 0038 01       		.byte	0x1
 1697 0039 03       		.uleb128 0x3
 1698 003a 0E       		.uleb128 0xe
 1699 003b 0B       		.uleb128 0xb
 1700 003c 0B       		.uleb128 0xb
ARM GAS  /tmp/ccIXPISK.s 			page 31


 1701 003d 3A       		.uleb128 0x3a
 1702 003e 0B       		.uleb128 0xb
 1703 003f 3B       		.uleb128 0x3b
 1704 0040 0B       		.uleb128 0xb
 1705 0041 01       		.uleb128 0x1
 1706 0042 13       		.uleb128 0x13
 1707 0043 00       		.byte	0
 1708 0044 00       		.byte	0
 1709 0045 06       		.uleb128 0x6
 1710 0046 0D       		.uleb128 0xd
 1711 0047 00       		.byte	0
 1712 0048 03       		.uleb128 0x3
 1713 0049 0E       		.uleb128 0xe
 1714 004a 3A       		.uleb128 0x3a
 1715 004b 0B       		.uleb128 0xb
 1716 004c 3B       		.uleb128 0x3b
 1717 004d 0B       		.uleb128 0xb
 1718 004e 49       		.uleb128 0x49
 1719 004f 13       		.uleb128 0x13
 1720 0050 38       		.uleb128 0x38
 1721 0051 0A       		.uleb128 0xa
 1722 0052 00       		.byte	0
 1723 0053 00       		.byte	0
 1724 0054 07       		.uleb128 0x7
 1725 0055 0D       		.uleb128 0xd
 1726 0056 00       		.byte	0
 1727 0057 03       		.uleb128 0x3
 1728 0058 08       		.uleb128 0x8
 1729 0059 3A       		.uleb128 0x3a
 1730 005a 0B       		.uleb128 0xb
 1731 005b 3B       		.uleb128 0x3b
 1732 005c 0B       		.uleb128 0xb
 1733 005d 49       		.uleb128 0x49
 1734 005e 13       		.uleb128 0x13
 1735 005f 38       		.uleb128 0x38
 1736 0060 0A       		.uleb128 0xa
 1737 0061 00       		.byte	0
 1738 0062 00       		.byte	0
 1739 0063 08       		.uleb128 0x8
 1740 0064 13       		.uleb128 0x13
 1741 0065 01       		.byte	0x1
 1742 0066 0B       		.uleb128 0xb
 1743 0067 0B       		.uleb128 0xb
 1744 0068 3A       		.uleb128 0x3a
 1745 0069 0B       		.uleb128 0xb
 1746 006a 3B       		.uleb128 0x3b
 1747 006b 0B       		.uleb128 0xb
 1748 006c 01       		.uleb128 0x1
 1749 006d 13       		.uleb128 0x13
 1750 006e 00       		.byte	0
 1751 006f 00       		.byte	0
 1752 0070 09       		.uleb128 0x9
 1753 0071 0F       		.uleb128 0xf
 1754 0072 00       		.byte	0
 1755 0073 0B       		.uleb128 0xb
 1756 0074 0B       		.uleb128 0xb
 1757 0075 49       		.uleb128 0x49
ARM GAS  /tmp/ccIXPISK.s 			page 32


 1758 0076 13       		.uleb128 0x13
 1759 0077 00       		.byte	0
 1760 0078 00       		.byte	0
 1761 0079 0A       		.uleb128 0xa
 1762 007a 0F       		.uleb128 0xf
 1763 007b 00       		.byte	0
 1764 007c 0B       		.uleb128 0xb
 1765 007d 0B       		.uleb128 0xb
 1766 007e 00       		.byte	0
 1767 007f 00       		.byte	0
 1768 0080 0B       		.uleb128 0xb
 1769 0081 13       		.uleb128 0x13
 1770 0082 01       		.byte	0x1
 1771 0083 03       		.uleb128 0x3
 1772 0084 0E       		.uleb128 0xe
 1773 0085 0B       		.uleb128 0xb
 1774 0086 0B       		.uleb128 0xb
 1775 0087 3A       		.uleb128 0x3a
 1776 0088 0B       		.uleb128 0xb
 1777 0089 3B       		.uleb128 0x3b
 1778 008a 05       		.uleb128 0x5
 1779 008b 01       		.uleb128 0x1
 1780 008c 13       		.uleb128 0x13
 1781 008d 00       		.byte	0
 1782 008e 00       		.byte	0
 1783 008f 0C       		.uleb128 0xc
 1784 0090 0D       		.uleb128 0xd
 1785 0091 00       		.byte	0
 1786 0092 03       		.uleb128 0x3
 1787 0093 08       		.uleb128 0x8
 1788 0094 3A       		.uleb128 0x3a
 1789 0095 0B       		.uleb128 0xb
 1790 0096 3B       		.uleb128 0x3b
 1791 0097 05       		.uleb128 0x5
 1792 0098 49       		.uleb128 0x49
 1793 0099 13       		.uleb128 0x13
 1794 009a 38       		.uleb128 0x38
 1795 009b 0A       		.uleb128 0xa
 1796 009c 00       		.byte	0
 1797 009d 00       		.byte	0
 1798 009e 0D       		.uleb128 0xd
 1799 009f 35       		.uleb128 0x35
 1800 00a0 00       		.byte	0
 1801 00a1 49       		.uleb128 0x49
 1802 00a2 13       		.uleb128 0x13
 1803 00a3 00       		.byte	0
 1804 00a4 00       		.byte	0
 1805 00a5 0E       		.uleb128 0xe
 1806 00a6 01       		.uleb128 0x1
 1807 00a7 01       		.byte	0x1
 1808 00a8 49       		.uleb128 0x49
 1809 00a9 13       		.uleb128 0x13
 1810 00aa 01       		.uleb128 0x1
 1811 00ab 13       		.uleb128 0x13
 1812 00ac 00       		.byte	0
 1813 00ad 00       		.byte	0
 1814 00ae 0F       		.uleb128 0xf
ARM GAS  /tmp/ccIXPISK.s 			page 33


 1815 00af 21       		.uleb128 0x21
 1816 00b0 00       		.byte	0
 1817 00b1 49       		.uleb128 0x49
 1818 00b2 13       		.uleb128 0x13
 1819 00b3 2F       		.uleb128 0x2f
 1820 00b4 0B       		.uleb128 0xb
 1821 00b5 00       		.byte	0
 1822 00b6 00       		.byte	0
 1823 00b7 10       		.uleb128 0x10
 1824 00b8 17       		.uleb128 0x17
 1825 00b9 01       		.byte	0x1
 1826 00ba 0B       		.uleb128 0xb
 1827 00bb 0B       		.uleb128 0xb
 1828 00bc 3A       		.uleb128 0x3a
 1829 00bd 0B       		.uleb128 0xb
 1830 00be 3B       		.uleb128 0x3b
 1831 00bf 0B       		.uleb128 0xb
 1832 00c0 01       		.uleb128 0x1
 1833 00c1 13       		.uleb128 0x13
 1834 00c2 00       		.byte	0
 1835 00c3 00       		.byte	0
 1836 00c4 11       		.uleb128 0x11
 1837 00c5 0D       		.uleb128 0xd
 1838 00c6 00       		.byte	0
 1839 00c7 03       		.uleb128 0x3
 1840 00c8 0E       		.uleb128 0xe
 1841 00c9 3A       		.uleb128 0x3a
 1842 00ca 0B       		.uleb128 0xb
 1843 00cb 3B       		.uleb128 0x3b
 1844 00cc 0B       		.uleb128 0xb
 1845 00cd 49       		.uleb128 0x49
 1846 00ce 13       		.uleb128 0x13
 1847 00cf 00       		.byte	0
 1848 00d0 00       		.byte	0
 1849 00d1 12       		.uleb128 0x12
 1850 00d2 26       		.uleb128 0x26
 1851 00d3 00       		.byte	0
 1852 00d4 49       		.uleb128 0x49
 1853 00d5 13       		.uleb128 0x13
 1854 00d6 00       		.byte	0
 1855 00d7 00       		.byte	0
 1856 00d8 13       		.uleb128 0x13
 1857 00d9 2E       		.uleb128 0x2e
 1858 00da 01       		.byte	0x1
 1859 00db 3F       		.uleb128 0x3f
 1860 00dc 0C       		.uleb128 0xc
 1861 00dd 03       		.uleb128 0x3
 1862 00de 0E       		.uleb128 0xe
 1863 00df 3A       		.uleb128 0x3a
 1864 00e0 0B       		.uleb128 0xb
 1865 00e1 3B       		.uleb128 0x3b
 1866 00e2 0B       		.uleb128 0xb
 1867 00e3 27       		.uleb128 0x27
 1868 00e4 0C       		.uleb128 0xc
 1869 00e5 11       		.uleb128 0x11
 1870 00e6 01       		.uleb128 0x1
 1871 00e7 12       		.uleb128 0x12
ARM GAS  /tmp/ccIXPISK.s 			page 34


 1872 00e8 01       		.uleb128 0x1
 1873 00e9 40       		.uleb128 0x40
 1874 00ea 0A       		.uleb128 0xa
 1875 00eb 9742     		.uleb128 0x2117
 1876 00ed 0C       		.uleb128 0xc
 1877 00ee 01       		.uleb128 0x1
 1878 00ef 13       		.uleb128 0x13
 1879 00f0 00       		.byte	0
 1880 00f1 00       		.byte	0
 1881 00f2 14       		.uleb128 0x14
 1882 00f3 898201   		.uleb128 0x4109
 1883 00f6 00       		.byte	0
 1884 00f7 11       		.uleb128 0x11
 1885 00f8 01       		.uleb128 0x1
 1886 00f9 31       		.uleb128 0x31
 1887 00fa 13       		.uleb128 0x13
 1888 00fb 00       		.byte	0
 1889 00fc 00       		.byte	0
 1890 00fd 15       		.uleb128 0x15
 1891 00fe 34       		.uleb128 0x34
 1892 00ff 00       		.byte	0
 1893 0100 03       		.uleb128 0x3
 1894 0101 0E       		.uleb128 0xe
 1895 0102 3A       		.uleb128 0x3a
 1896 0103 0B       		.uleb128 0xb
 1897 0104 3B       		.uleb128 0x3b
 1898 0105 0B       		.uleb128 0xb
 1899 0106 49       		.uleb128 0x49
 1900 0107 13       		.uleb128 0x13
 1901 0108 02       		.uleb128 0x2
 1902 0109 06       		.uleb128 0x6
 1903 010a 00       		.byte	0
 1904 010b 00       		.byte	0
 1905 010c 16       		.uleb128 0x16
 1906 010d 0B       		.uleb128 0xb
 1907 010e 01       		.byte	0x1
 1908 010f 11       		.uleb128 0x11
 1909 0110 01       		.uleb128 0x1
 1910 0111 12       		.uleb128 0x12
 1911 0112 01       		.uleb128 0x1
 1912 0113 00       		.byte	0
 1913 0114 00       		.byte	0
 1914 0115 17       		.uleb128 0x17
 1915 0116 34       		.uleb128 0x34
 1916 0117 00       		.byte	0
 1917 0118 03       		.uleb128 0x3
 1918 0119 08       		.uleb128 0x8
 1919 011a 3A       		.uleb128 0x3a
 1920 011b 0B       		.uleb128 0xb
 1921 011c 3B       		.uleb128 0x3b
 1922 011d 0B       		.uleb128 0xb
 1923 011e 49       		.uleb128 0x49
 1924 011f 13       		.uleb128 0x13
 1925 0120 02       		.uleb128 0x2
 1926 0121 06       		.uleb128 0x6
 1927 0122 00       		.byte	0
 1928 0123 00       		.byte	0
ARM GAS  /tmp/ccIXPISK.s 			page 35


 1929 0124 18       		.uleb128 0x18
 1930 0125 2E       		.uleb128 0x2e
 1931 0126 01       		.byte	0x1
 1932 0127 3F       		.uleb128 0x3f
 1933 0128 0C       		.uleb128 0xc
 1934 0129 03       		.uleb128 0x3
 1935 012a 0E       		.uleb128 0xe
 1936 012b 3A       		.uleb128 0x3a
 1937 012c 0B       		.uleb128 0xb
 1938 012d 3B       		.uleb128 0x3b
 1939 012e 0B       		.uleb128 0xb
 1940 012f 27       		.uleb128 0x27
 1941 0130 0C       		.uleb128 0xc
 1942 0131 11       		.uleb128 0x11
 1943 0132 01       		.uleb128 0x1
 1944 0133 12       		.uleb128 0x12
 1945 0134 01       		.uleb128 0x1
 1946 0135 40       		.uleb128 0x40
 1947 0136 06       		.uleb128 0x6
 1948 0137 9742     		.uleb128 0x2117
 1949 0139 0C       		.uleb128 0xc
 1950 013a 01       		.uleb128 0x1
 1951 013b 13       		.uleb128 0x13
 1952 013c 00       		.byte	0
 1953 013d 00       		.byte	0
 1954 013e 19       		.uleb128 0x19
 1955 013f 898201   		.uleb128 0x4109
 1956 0142 01       		.byte	0x1
 1957 0143 11       		.uleb128 0x11
 1958 0144 01       		.uleb128 0x1
 1959 0145 31       		.uleb128 0x31
 1960 0146 13       		.uleb128 0x13
 1961 0147 01       		.uleb128 0x1
 1962 0148 13       		.uleb128 0x13
 1963 0149 00       		.byte	0
 1964 014a 00       		.byte	0
 1965 014b 1A       		.uleb128 0x1a
 1966 014c 8A8201   		.uleb128 0x410a
 1967 014f 00       		.byte	0
 1968 0150 02       		.uleb128 0x2
 1969 0151 0A       		.uleb128 0xa
 1970 0152 9142     		.uleb128 0x2111
 1971 0154 0A       		.uleb128 0xa
 1972 0155 00       		.byte	0
 1973 0156 00       		.byte	0
 1974 0157 1B       		.uleb128 0x1b
 1975 0158 898201   		.uleb128 0x4109
 1976 015b 01       		.byte	0x1
 1977 015c 11       		.uleb128 0x11
 1978 015d 01       		.uleb128 0x1
 1979 015e 9542     		.uleb128 0x2115
 1980 0160 0C       		.uleb128 0xc
 1981 0161 31       		.uleb128 0x31
 1982 0162 13       		.uleb128 0x13
 1983 0163 00       		.byte	0
 1984 0164 00       		.byte	0
 1985 0165 1C       		.uleb128 0x1c
ARM GAS  /tmp/ccIXPISK.s 			page 36


 1986 0166 0B       		.uleb128 0xb
 1987 0167 01       		.byte	0x1
 1988 0168 11       		.uleb128 0x11
 1989 0169 01       		.uleb128 0x1
 1990 016a 12       		.uleb128 0x12
 1991 016b 01       		.uleb128 0x1
 1992 016c 01       		.uleb128 0x1
 1993 016d 13       		.uleb128 0x13
 1994 016e 00       		.byte	0
 1995 016f 00       		.byte	0
 1996 0170 1D       		.uleb128 0x1d
 1997 0171 0B       		.uleb128 0xb
 1998 0172 01       		.byte	0x1
 1999 0173 55       		.uleb128 0x55
 2000 0174 06       		.uleb128 0x6
 2001 0175 01       		.uleb128 0x1
 2002 0176 13       		.uleb128 0x13
 2003 0177 00       		.byte	0
 2004 0178 00       		.byte	0
 2005 0179 1E       		.uleb128 0x1e
 2006 017a 898201   		.uleb128 0x4109
 2007 017d 00       		.byte	0
 2008 017e 11       		.uleb128 0x11
 2009 017f 01       		.uleb128 0x1
 2010 0180 9542     		.uleb128 0x2115
 2011 0182 0C       		.uleb128 0xc
 2012 0183 31       		.uleb128 0x31
 2013 0184 13       		.uleb128 0x13
 2014 0185 00       		.byte	0
 2015 0186 00       		.byte	0
 2016 0187 1F       		.uleb128 0x1f
 2017 0188 05       		.uleb128 0x5
 2018 0189 00       		.byte	0
 2019 018a 03       		.uleb128 0x3
 2020 018b 08       		.uleb128 0x8
 2021 018c 3A       		.uleb128 0x3a
 2022 018d 0B       		.uleb128 0xb
 2023 018e 3B       		.uleb128 0x3b
 2024 018f 0B       		.uleb128 0xb
 2025 0190 49       		.uleb128 0x49
 2026 0191 13       		.uleb128 0x13
 2027 0192 02       		.uleb128 0x2
 2028 0193 0A       		.uleb128 0xa
 2029 0194 00       		.byte	0
 2030 0195 00       		.byte	0
 2031 0196 20       		.uleb128 0x20
 2032 0197 34       		.uleb128 0x34
 2033 0198 00       		.byte	0
 2034 0199 03       		.uleb128 0x3
 2035 019a 0E       		.uleb128 0xe
 2036 019b 3A       		.uleb128 0x3a
 2037 019c 0B       		.uleb128 0xb
 2038 019d 3B       		.uleb128 0x3b
 2039 019e 0B       		.uleb128 0xb
 2040 019f 49       		.uleb128 0x49
 2041 01a0 13       		.uleb128 0x13
 2042 01a1 3F       		.uleb128 0x3f
ARM GAS  /tmp/ccIXPISK.s 			page 37


 2043 01a2 0C       		.uleb128 0xc
 2044 01a3 3C       		.uleb128 0x3c
 2045 01a4 0C       		.uleb128 0xc
 2046 01a5 00       		.byte	0
 2047 01a6 00       		.byte	0
 2048 01a7 21       		.uleb128 0x21
 2049 01a8 2E       		.uleb128 0x2e
 2050 01a9 00       		.byte	0
 2051 01aa 3F       		.uleb128 0x3f
 2052 01ab 0C       		.uleb128 0xc
 2053 01ac 03       		.uleb128 0x3
 2054 01ad 0E       		.uleb128 0xe
 2055 01ae 3A       		.uleb128 0x3a
 2056 01af 0B       		.uleb128 0xb
 2057 01b0 3B       		.uleb128 0x3b
 2058 01b1 0B       		.uleb128 0xb
 2059 01b2 27       		.uleb128 0x27
 2060 01b3 0C       		.uleb128 0xc
 2061 01b4 3C       		.uleb128 0x3c
 2062 01b5 0C       		.uleb128 0xc
 2063 01b6 00       		.byte	0
 2064 01b7 00       		.byte	0
 2065 01b8 22       		.uleb128 0x22
 2066 01b9 2E       		.uleb128 0x2e
 2067 01ba 01       		.byte	0x1
 2068 01bb 3F       		.uleb128 0x3f
 2069 01bc 0C       		.uleb128 0xc
 2070 01bd 03       		.uleb128 0x3
 2071 01be 0E       		.uleb128 0xe
 2072 01bf 3A       		.uleb128 0x3a
 2073 01c0 0B       		.uleb128 0xb
 2074 01c1 3B       		.uleb128 0x3b
 2075 01c2 05       		.uleb128 0x5
 2076 01c3 27       		.uleb128 0x27
 2077 01c4 0C       		.uleb128 0xc
 2078 01c5 3C       		.uleb128 0x3c
 2079 01c6 0C       		.uleb128 0xc
 2080 01c7 01       		.uleb128 0x1
 2081 01c8 13       		.uleb128 0x13
 2082 01c9 00       		.byte	0
 2083 01ca 00       		.byte	0
 2084 01cb 23       		.uleb128 0x23
 2085 01cc 05       		.uleb128 0x5
 2086 01cd 00       		.byte	0
 2087 01ce 49       		.uleb128 0x49
 2088 01cf 13       		.uleb128 0x13
 2089 01d0 00       		.byte	0
 2090 01d1 00       		.byte	0
 2091 01d2 00       		.byte	0
 2092              		.section	.debug_loc,"",%progbits
 2093              	.Ldebug_loc0:
 2094              	.LLST0:
 2095 0000 04000000 		.4byte	.LVL3
 2096 0004 06000000 		.4byte	.LVL4
 2097 0008 0300     		.2byte	0x3
 2098 000a 73       		.byte	0x73
 2099 000b 20       		.sleb128 32
ARM GAS  /tmp/ccIXPISK.s 			page 38


 2100 000c 9F       		.byte	0x9f
 2101 000d 06000000 		.4byte	.LVL4
 2102 0011 0C000000 		.4byte	.LVL5
 2103 0015 0100     		.2byte	0x1
 2104 0017 53       		.byte	0x53
 2105 0018 00000000 		.4byte	0
 2106 001c 00000000 		.4byte	0
 2107              	.LLST1:
 2108 0020 10000000 		.4byte	.LVL6
 2109 0024 12000000 		.4byte	.LFE8
 2110 0028 0100     		.2byte	0x1
 2111 002a 53       		.byte	0x53
 2112 002b 00000000 		.4byte	0
 2113 002f 00000000 		.4byte	0
 2114              	.LLST2:
 2115 0033 00000000 		.4byte	.LFB9
 2116 0037 02000000 		.4byte	.LCFI0
 2117 003b 0200     		.2byte	0x2
 2118 003d 7D       		.byte	0x7d
 2119 003e 00       		.sleb128 0
 2120 003f 02000000 		.4byte	.LCFI0
 2121 0043 36000000 		.4byte	.LFE9
 2122 0047 0200     		.2byte	0x2
 2123 0049 7D       		.byte	0x7d
 2124 004a 08       		.sleb128 8
 2125 004b 00000000 		.4byte	0
 2126 004f 00000000 		.4byte	0
 2127              	.LLST3:
 2128 0053 06000000 		.4byte	.LVL11
 2129 0057 0A000000 		.4byte	.LVL12
 2130 005b 0100     		.2byte	0x1
 2131 005d 53       		.byte	0x53
 2132 005e 00000000 		.4byte	0
 2133 0062 00000000 		.4byte	0
 2134              	.LLST4:
 2135 0066 1A000000 		.4byte	.LVL13
 2136 006a 1E000000 		.4byte	.LVL14
 2137 006e 0300     		.2byte	0x3
 2138 0070 73       		.byte	0x73
 2139 0071 60       		.sleb128 -32
 2140 0072 9F       		.byte	0x9f
 2141 0073 1E000000 		.4byte	.LVL14
 2142 0077 2A000000 		.4byte	.LVL15
 2143 007b 0100     		.2byte	0x1
 2144 007d 52       		.byte	0x52
 2145 007e 2A000000 		.4byte	.LVL15
 2146 0082 4C000000 		.4byte	.LVL16
 2147 0086 0300     		.2byte	0x3
 2148 0088 73       		.byte	0x73
 2149 0089 60       		.sleb128 -32
 2150 008a 9F       		.byte	0x9f
 2151 008b 52000000 		.4byte	.LVL18
 2152 008f 74000000 		.4byte	.LFE10
 2153 0093 0300     		.2byte	0x3
 2154 0095 73       		.byte	0x73
 2155 0096 60       		.sleb128 -32
 2156 0097 9F       		.byte	0x9f
ARM GAS  /tmp/ccIXPISK.s 			page 39


 2157 0098 00000000 		.4byte	0
 2158 009c 00000000 		.4byte	0
 2159              	.LLST5:
 2160 00a0 50000000 		.4byte	.LVL17
 2161 00a4 52000000 		.4byte	.LVL18
 2162 00a8 0100     		.2byte	0x1
 2163 00aa 53       		.byte	0x53
 2164 00ab 00000000 		.4byte	0
 2165 00af 00000000 		.4byte	0
 2166              	.LLST6:
 2167 00b3 00000000 		.4byte	.LFB7
 2168 00b7 02000000 		.4byte	.LCFI1
 2169 00bb 0200     		.2byte	0x2
 2170 00bd 7D       		.byte	0x7d
 2171 00be 00       		.sleb128 0
 2172 00bf 02000000 		.4byte	.LCFI1
 2173 00c3 2A000000 		.4byte	.LFE7
 2174 00c7 0200     		.2byte	0x2
 2175 00c9 7D       		.byte	0x7d
 2176 00ca 08       		.sleb128 8
 2177 00cb 00000000 		.4byte	0
 2178 00cf 00000000 		.4byte	0
 2179              	.LLST7:
 2180 00d3 0C000000 		.4byte	.LVL21
 2181 00d7 0F000000 		.4byte	.LVL22-1
 2182 00db 0100     		.2byte	0x1
 2183 00dd 53       		.byte	0x53
 2184 00de 00000000 		.4byte	0
 2185 00e2 00000000 		.4byte	0
 2186              	.LLST8:
 2187 00e6 1E000000 		.4byte	.LVL26
 2188 00ea 21000000 		.4byte	.LVL27-1
 2189 00ee 0100     		.2byte	0x1
 2190 00f0 53       		.byte	0x53
 2191 00f1 00000000 		.4byte	0
 2192 00f5 00000000 		.4byte	0
 2193              	.LLST9:
 2194 00f9 00000000 		.4byte	.LFB13
 2195 00fd 02000000 		.4byte	.LCFI2
 2196 0101 0200     		.2byte	0x2
 2197 0103 7D       		.byte	0x7d
 2198 0104 00       		.sleb128 0
 2199 0105 02000000 		.4byte	.LCFI2
 2200 0109 16000000 		.4byte	.LFE13
 2201 010d 0200     		.2byte	0x2
 2202 010f 7D       		.byte	0x7d
 2203 0110 08       		.sleb128 8
 2204 0111 00000000 		.4byte	0
 2205 0115 00000000 		.4byte	0
 2206              	.LLST10:
 2207 0119 0C000000 		.4byte	.LVL32
 2208 011d 16000000 		.4byte	.LFE13
 2209 0121 0100     		.2byte	0x1
 2210 0123 53       		.byte	0x53
 2211 0124 00000000 		.4byte	0
 2212 0128 00000000 		.4byte	0
 2213              		.section	.debug_aranges,"",%progbits
ARM GAS  /tmp/ccIXPISK.s 			page 40


 2214 0000 4C000000 		.4byte	0x4c
 2215 0004 0200     		.2byte	0x2
 2216 0006 00000000 		.4byte	.Ldebug_info0
 2217 000a 04       		.byte	0x4
 2218 000b 00       		.byte	0
 2219 000c 0000     		.2byte	0
 2220 000e 0000     		.2byte	0
 2221 0010 00000000 		.4byte	.LFB11
 2222 0014 0E000000 		.4byte	.LFE11-.LFB11
 2223 0018 00000000 		.4byte	.LFB8
 2224 001c 12000000 		.4byte	.LFE8-.LFB8
 2225 0020 00000000 		.4byte	.LFB9
 2226 0024 36000000 		.4byte	.LFE9-.LFB9
 2227 0028 00000000 		.4byte	.LFB10
 2228 002c 74000000 		.4byte	.LFE10-.LFB10
 2229 0030 00000000 		.4byte	.LFB7
 2230 0034 2A000000 		.4byte	.LFE7-.LFB7
 2231 0038 00000000 		.4byte	.LFB12
 2232 003c 10000000 		.4byte	.LFE12-.LFB12
 2233 0040 00000000 		.4byte	.LFB13
 2234 0044 16000000 		.4byte	.LFE13-.LFB13
 2235 0048 00000000 		.4byte	0
 2236 004c 00000000 		.4byte	0
 2237              		.section	.debug_ranges,"",%progbits
 2238              	.Ldebug_ranges0:
 2239 0000 16000000 		.4byte	.LBB4
 2240 0004 4C000000 		.4byte	.LBE4
 2241 0008 52000000 		.4byte	.LBB6
 2242 000c 74000000 		.4byte	.LBE6
 2243 0010 00000000 		.4byte	0
 2244 0014 00000000 		.4byte	0
 2245 0018 00000000 		.4byte	.LFB11
 2246 001c 0E000000 		.4byte	.LFE11
 2247 0020 00000000 		.4byte	.LFB8
 2248 0024 12000000 		.4byte	.LFE8
 2249 0028 00000000 		.4byte	.LFB9
 2250 002c 36000000 		.4byte	.LFE9
 2251 0030 00000000 		.4byte	.LFB10
 2252 0034 74000000 		.4byte	.LFE10
 2253 0038 00000000 		.4byte	.LFB7
 2254 003c 2A000000 		.4byte	.LFE7
 2255 0040 00000000 		.4byte	.LFB12
 2256 0044 10000000 		.4byte	.LFE12
 2257 0048 00000000 		.4byte	.LFB13
 2258 004c 16000000 		.4byte	.LFE13
 2259 0050 00000000 		.4byte	0
 2260 0054 00000000 		.4byte	0
 2261              		.section	.debug_line,"",%progbits
 2262              	.Ldebug_line0:
 2263 0000 4B020000 		.section	.debug_str,"MS",%progbits,1
 2263      02009301 
 2263      00000201 
 2263      FB0E0D00 
 2263      01010101 
 2264              	.LASF37:
 2265 0000 705F6D73 		.ascii	"p_msg\000"
 2265      6700
ARM GAS  /tmp/ccIXPISK.s 			page 41


 2266              	.LASF80:
 2267 0006 7264796D 		.ascii	"rdymsg\000"
 2267      736700
 2268              	.LASF11:
 2269 000d 75696E74 		.ascii	"uint64_t\000"
 2269      36345F74 
 2269      00
 2270              	.LASF68:
 2271 0016 434D785F 		.ascii	"CMx_SCB\000"
 2271      53434200 
 2272              	.LASF98:
 2273 001e 63685379 		.ascii	"chSysTimerHandlerI\000"
 2273      7354696D 
 2273      65724861 
 2273      6E646C65 
 2273      724900
 2274              	.LASF90:
 2275 0031 53797354 		.ascii	"SysTickVector\000"
 2275      69636B56 
 2275      6563746F 
 2275      7200
 2276              	.LASF12:
 2277 003f 6C6F6E67 		.ascii	"long long unsigned int\000"
 2277      206C6F6E 
 2277      6720756E 
 2277      7369676E 
 2277      65642069 
 2278              	.LASF81:
 2279 0056 65786974 		.ascii	"exitcode\000"
 2279      636F6465 
 2279      00
 2280              	.LASF53:
 2281 005f 43505549 		.ascii	"CPUID\000"
 2281      4400
 2282              	.LASF24:
 2283 0065 705F7072 		.ascii	"p_prio\000"
 2283      696F00
 2284              	.LASF10:
 2285 006c 6C6F6E67 		.ascii	"long long int\000"
 2285      206C6F6E 
 2285      6720696E 
 2285      7400
 2286              	.LASF1:
 2287 007a 7369676E 		.ascii	"signed char\000"
 2287      65642063 
 2287      68617200 
 2288              	.LASF99:
 2289 0086 6462675F 		.ascii	"dbg_check_unlock_from_isr\000"
 2289      63686563 
 2289      6B5F756E 
 2289      6C6F636B 
 2289      5F66726F 
 2290              	.LASF41:
 2291 00a0 705F6D70 		.ascii	"p_mpool\000"
 2291      6F6F6C00 
 2292              	.LASF77:
 2293 00a8 6D5F7175 		.ascii	"m_queue\000"
ARM GAS  /tmp/ccIXPISK.s 			page 42


 2293      65756500 
 2294              	.LASF16:
 2295 00b0 74736C69 		.ascii	"tslices_t\000"
 2295      6365735F 
 2295      7400
 2296              	.LASF7:
 2297 00ba 6C6F6E67 		.ascii	"long int\000"
 2297      20696E74 
 2297      00
 2298              	.LASF14:
 2299 00c3 74737461 		.ascii	"tstate_t\000"
 2299      74655F74 
 2299      00
 2300              	.LASF92:
 2301 00cc 5F706F72 		.ascii	"_port_thread_start\000"
 2301      745F7468 
 2301      72656164 
 2301      5F737461 
 2301      727400
 2302              	.LASF26:
 2303 00df 705F6E65 		.ascii	"p_newer\000"
 2303      77657200 
 2304              	.LASF63:
 2305 00e7 42464152 		.ascii	"BFAR\000"
 2305      00
 2306              	.LASF72:
 2307 00ec 725F6E65 		.ascii	"r_newer\000"
 2307      77657200 
 2308              	.LASF104:
 2309 00f4 6E766963 		.ascii	"nvicSetSystemHandlerPriority\000"
 2309      53657453 
 2309      79737465 
 2309      6D48616E 
 2309      646C6572 
 2310              	.LASF44:
 2311 0111 72656761 		.ascii	"regarm_t\000"
 2311      726D5F74 
 2311      00
 2312              	.LASF94:
 2313 011a 63685363 		.ascii	"chSchDoReschedule\000"
 2313      68446F52 
 2313      65736368 
 2313      6564756C 
 2313      6500
 2314              	.LASF96:
 2315 012c 6462675F 		.ascii	"dbg_check_enter_isr\000"
 2315      63686563 
 2315      6B5F656E 
 2315      7465725F 
 2315      69737200 
 2316              	.LASF29:
 2317 0140 705F7374 		.ascii	"p_stklimit\000"
 2317      6B6C696D 
 2317      697400
 2318              	.LASF0:
 2319 014b 756E7369 		.ascii	"unsigned int\000"
 2319      676E6564 
ARM GAS  /tmp/ccIXPISK.s 			page 43


 2319      20696E74 
 2319      00
 2320              	.LASF47:
 2321 0158 6C725F74 		.ascii	"lr_thd\000"
 2321      686400
 2322              	.LASF46:
 2323 015f 65787463 		.ascii	"extctx\000"
 2323      747800
 2324              	.LASF91:
 2325 0166 5F706F72 		.ascii	"_port_switch\000"
 2325      745F7377 
 2325      69746368 
 2325      00
 2326              	.LASF9:
 2327 0173 6C6F6E67 		.ascii	"long unsigned int\000"
 2327      20756E73 
 2327      69676E65 
 2327      6420696E 
 2327      7400
 2328              	.LASF55:
 2329 0185 56544F52 		.ascii	"VTOR\000"
 2329      00
 2330              	.LASF85:
 2331 018a 5F706F72 		.ascii	"_port_switch_from_isr\000"
 2331      745F7377 
 2331      69746368 
 2331      5F66726F 
 2331      6D5F6973 
 2332              	.LASF50:
 2333 01a0 636F6E74 		.ascii	"context\000"
 2333      65787400 
 2334              	.LASF4:
 2335 01a8 73686F72 		.ascii	"short unsigned int\000"
 2335      7420756E 
 2335      7369676E 
 2335      65642069 
 2335      6E7400
 2336              	.LASF54:
 2337 01bb 49435352 		.ascii	"ICSR\000"
 2337      00
 2338              	.LASF18:
 2339 01c0 6D73675F 		.ascii	"msg_t\000"
 2339      7400
 2340              	.LASF56:
 2341 01c6 41495243 		.ascii	"AIRCR\000"
 2341      5200
 2342              	.LASF61:
 2343 01cc 44465352 		.ascii	"DFSR\000"
 2343      00
 2344              	.LASF62:
 2345 01d1 4D4D4641 		.ascii	"MMFAR\000"
 2345      5200
 2346              	.LASF89:
 2347 01d7 5F706F72 		.ascii	"_port_irq_epilogue\000"
 2347      745F6972 
 2347      715F6570 
 2347      696C6F67 
ARM GAS  /tmp/ccIXPISK.s 			page 44


 2347      756500
 2348              	.LASF13:
 2349 01ea 746D6F64 		.ascii	"tmode_t\000"
 2349      655F7400 
 2350              	.LASF43:
 2351 01f2 54687265 		.ascii	"ThreadsList\000"
 2351      6164734C 
 2351      69737400 
 2352              	.LASF19:
 2353 01fe 6576656E 		.ascii	"eventmask_t\000"
 2353      746D6173 
 2353      6B5F7400 
 2354              	.LASF76:
 2355 020a 4D757465 		.ascii	"Mutex\000"
 2355      7800
 2356              	.LASF45:
 2357 0210 73746B61 		.ascii	"stkalign_t\000"
 2357      6C69676E 
 2357      5F7400
 2358              	.LASF52:
 2359 021b 73697A65 		.ascii	"sizetype\000"
 2359      74797065 
 2359      00
 2360              	.LASF93:
 2361 0224 6462675F 		.ascii	"dbg_check_lock\000"
 2361      63686563 
 2361      6B5F6C6F 
 2361      636B00
 2362              	.LASF59:
 2363 0233 43465352 		.ascii	"CFSR\000"
 2363      00
 2364              	.LASF27:
 2365 0238 705F6F6C 		.ascii	"p_older\000"
 2365      64657200 
 2366              	.LASF71:
 2367 0240 725F6374 		.ascii	"r_ctx\000"
 2367      7800
 2368              	.LASF102:
 2369 0246 2F686F6D 		.ascii	"/home/gokul/ChibiOS_2.5.0/os/ports/GCC/ARMCMx/chcor"
 2369      652F676F 
 2369      6B756C2F 
 2369      43686962 
 2369      694F535F 
 2370 0279 655F7637 		.ascii	"e_v7m.c\000"
 2370      6D2E6300 
 2371              	.LASF42:
 2372 0281 54687265 		.ascii	"ThreadsQueue\000"
 2372      61647351 
 2372      75657565 
 2372      00
 2373              	.LASF74:
 2374 028e 725F6375 		.ascii	"r_current\000"
 2374      7272656E 
 2374      7400
 2375              	.LASF73:
 2376 0298 725F6F6C 		.ascii	"r_older\000"
 2376      64657200 
ARM GAS  /tmp/ccIXPISK.s 			page 45


 2377              	.LASF95:
 2378 02a0 6462675F 		.ascii	"dbg_check_unlock\000"
 2378      63686563 
 2378      6B5F756E 
 2378      6C6F636B 
 2378      00
 2379              	.LASF15:
 2380 02b1 74726566 		.ascii	"trefs_t\000"
 2380      735F7400 
 2381              	.LASF87:
 2382 02b9 63747870 		.ascii	"ctxp\000"
 2382      00
 2383              	.LASF23:
 2384 02be 705F7072 		.ascii	"p_prev\000"
 2384      657600
 2385              	.LASF17:
 2386 02c5 74707269 		.ascii	"tprio_t\000"
 2386      6F5F7400 
 2387              	.LASF101:
 2388 02cd 474E5520 		.ascii	"GNU C 4.7.3 20130312 (release) [ARM/embedded-4_7-br"
 2388      4320342E 
 2388      372E3320 
 2388      32303133 
 2388      30333132 
 2389 0300 616E6368 		.ascii	"anch revision 196615]\000"
 2389      20726576 
 2389      6973696F 
 2389      6E203139 
 2389      36363135 
 2390              	.LASF6:
 2391 0316 696E7433 		.ascii	"int32_t\000"
 2391      325F7400 
 2392              	.LASF2:
 2393 031e 756E7369 		.ascii	"unsigned char\000"
 2393      676E6564 
 2393      20636861 
 2393      7200
 2394              	.LASF58:
 2395 032c 53484353 		.ascii	"SHCSR\000"
 2395      5200
 2396              	.LASF39:
 2397 0332 705F6D74 		.ascii	"p_mtxlist\000"
 2397      786C6973 
 2397      7400
 2398              	.LASF3:
 2399 033c 73686F72 		.ascii	"short int\000"
 2399      7420696E 
 2399      7400
 2400              	.LASF30:
 2401 0346 705F7374 		.ascii	"p_state\000"
 2401      61746500 
 2402              	.LASF33:
 2403 034e 705F7072 		.ascii	"p_preempt\000"
 2403      65656D70 
 2403      7400
 2404              	.LASF48:
 2405 0358 78707372 		.ascii	"xpsr\000"
ARM GAS  /tmp/ccIXPISK.s 			page 46


 2405      00
 2406              	.LASF70:
 2407 035d 725F7072 		.ascii	"r_prio\000"
 2407      696F00
 2408              	.LASF83:
 2409 0364 65776D61 		.ascii	"ewmask\000"
 2409      736B00
 2410              	.LASF22:
 2411 036b 705F6E65 		.ascii	"p_next\000"
 2411      787400
 2412              	.LASF31:
 2413 0372 705F666C 		.ascii	"p_flags\000"
 2413      61677300 
 2414              	.LASF21:
 2415 037a 54687265 		.ascii	"Thread\000"
 2415      616400
 2416              	.LASF38:
 2417 0381 705F6570 		.ascii	"p_epending\000"
 2417      656E6469 
 2417      6E6700
 2418              	.LASF8:
 2419 038c 75696E74 		.ascii	"uint32_t\000"
 2419      33325F74 
 2419      00
 2420              	.LASF69:
 2421 0395 725F7175 		.ascii	"r_queue\000"
 2421      65756500 
 2422              	.LASF64:
 2423 039d 41465352 		.ascii	"AFSR\000"
 2423      00
 2424              	.LASF66:
 2425 03a2 756E7573 		.ascii	"unused1\000"
 2425      65643100 
 2426              	.LASF84:
 2427 03aa 63686172 		.ascii	"char\000"
 2427      00
 2428              	.LASF51:
 2429 03af 494F5245 		.ascii	"IOREG32\000"
 2429      47333200 
 2430              	.LASF79:
 2431 03b7 6D5F6E65 		.ascii	"m_next\000"
 2431      787400
 2432              	.LASF20:
 2433 03be 73797374 		.ascii	"systime_t\000"
 2433      696D655F 
 2433      7400
 2434              	.LASF40:
 2435 03c8 705F7265 		.ascii	"p_realprio\000"
 2435      616C7072 
 2435      696F00
 2436              	.LASF86:
 2437 03d3 53564361 		.ascii	"SVCallVector\000"
 2437      6C6C5665 
 2437      63746F72 
 2437      00
 2438              	.LASF34:
 2439 03e0 705F7469 		.ascii	"p_time\000"
ARM GAS  /tmp/ccIXPISK.s 			page 47


 2439      6D6500
 2440              	.LASF57:
 2441 03e7 53485052 		.ascii	"SHPR\000"
 2441      00
 2442              	.LASF100:
 2443 03ec 6462675F 		.ascii	"dbg_check_leave_isr\000"
 2443      63686563 
 2443      6B5F6C65 
 2443      6176655F 
 2443      69737200 
 2444              	.LASF49:
 2445 0400 696E7463 		.ascii	"intctx\000"
 2445      747800
 2446              	.LASF36:
 2447 0407 705F6D73 		.ascii	"p_msgqueue\000"
 2447      67717565 
 2447      756500
 2448              	.LASF32:
 2449 0412 705F7265 		.ascii	"p_refs\000"
 2449      667300
 2450              	.LASF75:
 2451 0419 52656164 		.ascii	"ReadyList\000"
 2451      794C6973 
 2451      7400
 2452              	.LASF65:
 2453 0423 4D4D4652 		.ascii	"MMFR\000"
 2453      00
 2454              	.LASF103:
 2455 0428 726C6973 		.ascii	"rlist\000"
 2455      7400
 2456              	.LASF5:
 2457 042e 75696E74 		.ascii	"uint8_t\000"
 2457      385F7400 
 2458              	.LASF88:
 2459 0436 5F706F72 		.ascii	"_port_init\000"
 2459      745F696E 
 2459      697400
 2460              	.LASF97:
 2461 0441 6462675F 		.ascii	"dbg_check_lock_from_isr\000"
 2461      63686563 
 2461      6B5F6C6F 
 2461      636B5F66 
 2461      726F6D5F 
 2462              	.LASF82:
 2463 0459 77746F62 		.ascii	"wtobjp\000"
 2463      6A7000
 2464              	.LASF28:
 2465 0460 705F6E61 		.ascii	"p_name\000"
 2465      6D6500
 2466              	.LASF67:
 2467 0467 43504143 		.ascii	"CPACR\000"
 2467      5200
 2468              	.LASF60:
 2469 046d 48465352 		.ascii	"HFSR\000"
 2469      00
 2470              	.LASF78:
 2471 0472 6D5F6F77 		.ascii	"m_owner\000"
ARM GAS  /tmp/ccIXPISK.s 			page 48


 2471      6E657200 
 2472              	.LASF25:
 2473 047a 705F6374 		.ascii	"p_ctx\000"
 2473      7800
 2474              	.LASF35:
 2475 0480 705F7761 		.ascii	"p_waiting\000"
 2475      6974696E 
 2475      6700
 2476              		.ident	"GCC: (GNU Tools for ARM Embedded Processors) 4.7.3 20130312 (release) [ARM/embedded-4_7-br
ARM GAS  /tmp/ccIXPISK.s 			page 49


DEFINED SYMBOLS
                            *ABS*:00000000 chcore_v7m.c
     /tmp/ccIXPISK.s:19     .text._port_switch_from_isr:00000000 $t
     /tmp/ccIXPISK.s:25     .text._port_switch_from_isr:00000000 _port_switch_from_isr
     /tmp/ccIXPISK.s:44     .text._port_switch_from_isr:0000000c _port_exit_from_isr
     /tmp/ccIXPISK.s:56     .text.SVCallVector:00000000 $t
     /tmp/ccIXPISK.s:62     .text.SVCallVector:00000000 SVCallVector
     /tmp/ccIXPISK.s:98     .text._port_init:00000000 $t
     /tmp/ccIXPISK.s:104    .text._port_init:00000000 _port_init
     /tmp/ccIXPISK.s:149    .text._port_irq_epilogue:00000000 $t
     /tmp/ccIXPISK.s:155    .text._port_irq_epilogue:00000000 _port_irq_epilogue
     /tmp/ccIXPISK.s:250    .text._port_irq_epilogue:00000068 $d
     /tmp/ccIXPISK.s:258    .text.SysTickVector:00000000 $t
     /tmp/ccIXPISK.s:264    .text.SysTickVector:00000000 SysTickVector
     /tmp/ccIXPISK.s:317    .text._port_switch:00000000 $t
     /tmp/ccIXPISK.s:323    .text._port_switch:00000000 _port_switch
     /tmp/ccIXPISK.s:350    .text._port_thread_start:00000000 $t
     /tmp/ccIXPISK.s:356    .text._port_thread_start:00000000 _port_thread_start
                     .debug_frame:00000010 $d
     /tmp/ccIXPISK.s:257    .text._port_irq_epilogue:00000074 $t

UNDEFINED SYMBOLS
dbg_check_lock
chSchDoReschedule
dbg_check_unlock
nvicSetSystemHandlerPriority
rlist
dbg_check_enter_isr
dbg_check_lock_from_isr
chSysTimerHandlerI
dbg_check_unlock_from_isr
dbg_check_leave_isr
chThdExit
