ARM GAS  /tmp/ccyDgqIn.s 			page 1


   1              		.syntax unified
   2              		.cpu cortex-m4
   3              		.fpu softvfp
   4              		.eabi_attribute 20, 1
   5              		.eabi_attribute 21, 1
   6              		.eabi_attribute 23, 3
   7              		.eabi_attribute 24, 1
   8              		.eabi_attribute 25, 1
   9              		.eabi_attribute 26, 1
  10              		.eabi_attribute 30, 2
  11              		.eabi_attribute 34, 1
  12              		.eabi_attribute 18, 4
  13              		.thumb
  14              		.file	"chmempools.c"
  15              		.text
  16              	.Ltext0:
  17              		.cfi_sections	.debug_frame
  18              		.section	.text.chPoolInit,"ax",%progbits
  19              		.align	2
  20              		.p2align 4,,15
  21              		.global	chPoolInit
  22              		.thumb
  23              		.thumb_func
  24              		.type	chPoolInit, %function
  25              	chPoolInit:
  26              	.LFB7:
  27              		.file 1 "/home/gokul/ChibiOS_2.5.0/os/kernel/src/chmempools.c"
  28              		.loc 1 57 0
  29              		.cfi_startproc
  30              		@ args = 0, pretend = 0, frame = 0
  31              		@ frame_needed = 0, uses_anonymous_args = 0
  32              	.LVL0:
  33 0000 70B5     		push	{r4, r5, r6, lr}
  34              	.LCFI0:
  35              		.cfi_def_cfa_offset 16
  36              		.cfi_offset 4, -16
  37              		.cfi_offset 5, -12
  38              		.cfi_offset 6, -8
  39              		.cfi_offset 14, -4
  40              		.loc 1 59 0
  41 0002 0446     		mov	r4, r0
  42              		.loc 1 57 0
  43 0004 0D46     		mov	r5, r1
  44 0006 1646     		mov	r6, r2
  45              		.loc 1 59 0
  46 0008 08B1     		cbz	r0, .L2
  47              		.loc 1 59 0 is_stmt 0 discriminator 2
  48 000a 0329     		cmp	r1, #3
  49 000c 02D8     		bhi	.L3
  50              	.L2:
  51              		.loc 1 59 0 discriminator 1
  52 000e 0348     		ldr	r0, .L8
  53              	.LVL1:
  54 0010 FFF7FEFF 		bl	chDbgPanic
  55              	.LVL2:
  56              	.L3:
  57              		.loc 1 61 0 is_stmt 1
ARM GAS  /tmp/ccyDgqIn.s 			page 2


  58 0014 0023     		movs	r3, #0
  59              		.loc 1 63 0
  60 0016 84E86800 		stmia	r4, {r3, r5, r6}
  61 001a 70BD     		pop	{r4, r5, r6, pc}
  62              	.L9:
  63              		.align	2
  64              	.L8:
  65 001c 00000000 		.word	.LC0
  66              		.cfi_endproc
  67              	.LFE7:
  68              		.size	chPoolInit, .-chPoolInit
  69              		.section	.text.chPoolAllocI,"ax",%progbits
  70              		.align	2
  71              		.p2align 4,,15
  72              		.global	chPoolAllocI
  73              		.thumb
  74              		.thumb_func
  75              		.type	chPoolAllocI, %function
  76              	chPoolAllocI:
  77              	.LFB9:
  78              		.loc 1 100 0
  79              		.cfi_startproc
  80              		@ args = 0, pretend = 0, frame = 0
  81              		@ frame_needed = 0, uses_anonymous_args = 0
  82              	.LVL3:
  83 0000 10B5     		push	{r4, lr}
  84              	.LCFI1:
  85              		.cfi_def_cfa_offset 8
  86              		.cfi_offset 4, -8
  87              		.cfi_offset 14, -4
  88              		.loc 1 100 0
  89 0002 0446     		mov	r4, r0
  90              		.loc 1 103 0
  91 0004 FFF7FEFF 		bl	chDbgCheckClassI
  92              	.LVL4:
  93              		.loc 1 104 0
  94 0008 4CB1     		cbz	r4, .L17
  95              	.L11:
  96              		.loc 1 106 0
  97 000a 2068     		ldr	r0, [r4, #0]
  98              	.LVL5:
  99 000c 10B1     		cbz	r0, .L12
 100              		.loc 1 107 0
 101 000e 0168     		ldr	r1, [r0, #0]
 102 0010 2160     		str	r1, [r4, #0]
 103 0012 10BD     		pop	{r4, pc}
 104              	.L12:
 105              		.loc 1 108 0
 106 0014 A368     		ldr	r3, [r4, #8]
 107 0016 0BB1     		cbz	r3, .L13
 108              		.loc 1 109 0
 109 0018 6068     		ldr	r0, [r4, #4]
 110              	.LVL6:
 111 001a 9847     		blx	r3
 112              	.LVL7:
 113              	.L13:
 114              		.loc 1 111 0
ARM GAS  /tmp/ccyDgqIn.s 			page 3


 115 001c 10BD     		pop	{r4, pc}
 116              	.LVL8:
 117              	.L17:
 118              		.loc 1 104 0 discriminator 1
 119 001e 0248     		ldr	r0, .L18
 120 0020 FFF7FEFF 		bl	chDbgPanic
 121              	.LVL9:
 122 0024 F1E7     		b	.L11
 123              	.L19:
 124 0026 00BF     		.align	2
 125              	.L18:
 126 0028 10000000 		.word	.LC1
 127              		.cfi_endproc
 128              	.LFE9:
 129              		.size	chPoolAllocI, .-chPoolAllocI
 130 002c AFF30080 		.section	.text.chPoolAlloc,"ax",%progbits
 131              		.align	2
 132              		.p2align 4,,15
 133              		.global	chPoolAlloc
 134              		.thumb
 135              		.thumb_func
 136              		.type	chPoolAlloc, %function
 137              	chPoolAlloc:
 138              	.LFB10:
 139              		.loc 1 123 0
 140              		.cfi_startproc
 141              		@ args = 0, pretend = 0, frame = 0
 142              		@ frame_needed = 0, uses_anonymous_args = 0
 143              	.LVL10:
 144 0000 10B5     		push	{r4, lr}
 145              	.LCFI2:
 146              		.cfi_def_cfa_offset 8
 147              		.cfi_offset 4, -8
 148              		.cfi_offset 14, -4
 149              	.LBB2:
 150              		.loc 1 126 0
 151 0002 2023     		movs	r3, #32
 152              	.LVL11:
 153              	.LBE2:
 154              		.loc 1 123 0
 155 0004 0446     		mov	r4, r0
 156              	.LBB3:
 157              		.loc 1 126 0
 158              	@ 126 "/home/gokul/ChibiOS_2.5.0/os/kernel/src/chmempools.c" 1
 159 0006 83F31188 		msr     BASEPRI, r3
 160              	@ 0 "" 2
 161              	.LVL12:
 162              		.thumb
 163              	.LBE3:
 164 000a FFF7FEFF 		bl	dbg_check_lock
 165              	.LVL13:
 166              		.loc 1 127 0
 167 000e 2046     		mov	r0, r4
 168 0010 FFF7FEFF 		bl	chPoolAllocI
 169              	.LVL14:
 170 0014 0446     		mov	r4, r0
 171              	.LVL15:
ARM GAS  /tmp/ccyDgqIn.s 			page 4


 172              		.loc 1 128 0
 173 0016 FFF7FEFF 		bl	dbg_check_unlock
 174              	.LVL16:
 175              	.LBB4:
 176 001a 0023     		movs	r3, #0
 177              	.LVL17:
 178              	@ 128 "/home/gokul/ChibiOS_2.5.0/os/kernel/src/chmempools.c" 1
 179 001c 83F31188 		msr     BASEPRI, r3
 180              	@ 0 "" 2
 181              	.LVL18:
 182              		.thumb
 183              	.LBE4:
 184              		.loc 1 130 0
 185 0020 2046     		mov	r0, r4
 186 0022 10BD     		pop	{r4, pc}
 187              		.cfi_endproc
 188              	.LFE10:
 189              		.size	chPoolAlloc, .-chPoolAlloc
 190 0024 AFF30080 		.section	.text.chPoolFreeI,"ax",%progbits
 190      AFF30080 
 190      AFF30080 
 191              		.align	2
 192              		.p2align 4,,15
 193              		.global	chPoolFreeI
 194              		.thumb
 195              		.thumb_func
 196              		.type	chPoolFreeI, %function
 197              	chPoolFreeI:
 198              	.LFB11:
 199              		.loc 1 144 0
 200              		.cfi_startproc
 201              		@ args = 0, pretend = 0, frame = 0
 202              		@ frame_needed = 0, uses_anonymous_args = 0
 203              	.LVL19:
 204 0000 38B5     		push	{r3, r4, r5, lr}
 205              	.LCFI3:
 206              		.cfi_def_cfa_offset 16
 207              		.cfi_offset 3, -16
 208              		.cfi_offset 4, -12
 209              		.cfi_offset 5, -8
 210              		.cfi_offset 14, -4
 211              		.loc 1 144 0
 212 0002 0446     		mov	r4, r0
 213 0004 0D46     		mov	r5, r1
 214              	.LVL20:
 215              		.loc 1 147 0
 216 0006 FFF7FEFF 		bl	chDbgCheckClassI
 217              	.LVL21:
 218              		.loc 1 148 0
 219 000a 24B1     		cbz	r4, .L22
 220              		.loc 1 148 0 is_stmt 0 discriminator 2
 221 000c 1DB1     		cbz	r5, .L22
 222              	.L23:
 223              		.loc 1 150 0 is_stmt 1
 224 000e 2368     		ldr	r3, [r4, #0]
 225 0010 2B60     		str	r3, [r5, #0]
 226              		.loc 1 151 0
ARM GAS  /tmp/ccyDgqIn.s 			page 5


 227 0012 2560     		str	r5, [r4, #0]
 228 0014 38BD     		pop	{r3, r4, r5, pc}
 229              	.L22:
 230              		.loc 1 148 0 discriminator 1
 231 0016 0248     		ldr	r0, .L27
 232 0018 FFF7FEFF 		bl	chDbgPanic
 233              	.LVL22:
 234 001c F7E7     		b	.L23
 235              	.L28:
 236 001e 00BF     		.align	2
 237              	.L27:
 238 0020 24000000 		.word	.LC2
 239              		.cfi_endproc
 240              	.LFE11:
 241              		.size	chPoolFreeI, .-chPoolFreeI
 242 0024 AFF30080 		.section	.text.chPoolFree,"ax",%progbits
 242      AFF30080 
 242      AFF30080 
 243              		.align	2
 244              		.p2align 4,,15
 245              		.global	chPoolFree
 246              		.thumb
 247              		.thumb_func
 248              		.type	chPoolFree, %function
 249              	chPoolFree:
 250              	.LFB12:
 251              		.loc 1 166 0
 252              		.cfi_startproc
 253              		@ args = 0, pretend = 0, frame = 0
 254              		@ frame_needed = 0, uses_anonymous_args = 0
 255              	.LVL23:
 256 0000 38B5     		push	{r3, r4, r5, lr}
 257              	.LCFI4:
 258              		.cfi_def_cfa_offset 16
 259              		.cfi_offset 3, -16
 260              		.cfi_offset 4, -12
 261              		.cfi_offset 5, -8
 262              		.cfi_offset 14, -4
 263              		.loc 1 166 0
 264 0002 0546     		mov	r5, r0
 265 0004 0C46     		mov	r4, r1
 266              	.LBB5:
 267              		.loc 1 168 0
 268 0006 2023     		movs	r3, #32
 269              	.LVL24:
 270              	@ 168 "/home/gokul/ChibiOS_2.5.0/os/kernel/src/chmempools.c" 1
 271 0008 83F31188 		msr     BASEPRI, r3
 272              	@ 0 "" 2
 273              	.LVL25:
 274              		.thumb
 275              	.LBE5:
 276 000c FFF7FEFF 		bl	dbg_check_lock
 277              	.LVL26:
 278              		.loc 1 169 0
 279 0010 2846     		mov	r0, r5
 280 0012 2146     		mov	r1, r4
 281 0014 FFF7FEFF 		bl	chPoolFreeI
ARM GAS  /tmp/ccyDgqIn.s 			page 6


 282              	.LVL27:
 283              		.loc 1 170 0
 284 0018 FFF7FEFF 		bl	dbg_check_unlock
 285              	.LVL28:
 286              	.LBB6:
 287 001c 0023     		movs	r3, #0
 288              	.LVL29:
 289              	@ 170 "/home/gokul/ChibiOS_2.5.0/os/kernel/src/chmempools.c" 1
 290 001e 83F31188 		msr     BASEPRI, r3
 291              	@ 0 "" 2
 292              	.LVL30:
 293              		.thumb
 294 0022 38BD     		pop	{r3, r4, r5, pc}
 295              	.LBE6:
 296              		.cfi_endproc
 297              	.LFE12:
 298              		.size	chPoolFree, .-chPoolFree
 299 0024 AFF30080 		.section	.text.chPoolLoadArray,"ax",%progbits
 299      AFF30080 
 299      AFF30080 
 300              		.align	2
 301              		.p2align 4,,15
 302              		.global	chPoolLoadArray
 303              		.thumb
 304              		.thumb_func
 305              		.type	chPoolLoadArray, %function
 306              	chPoolLoadArray:
 307              	.LFB8:
 308              		.loc 1 79 0
 309              		.cfi_startproc
 310              		@ args = 0, pretend = 0, frame = 8
 311              		@ frame_needed = 0, uses_anonymous_args = 0
 312              	.LVL31:
 313 0000 F0B5     		push	{r4, r5, r6, r7, lr}
 314              	.LCFI5:
 315              		.cfi_def_cfa_offset 20
 316              		.cfi_offset 4, -20
 317              		.cfi_offset 5, -16
 318              		.cfi_offset 6, -12
 319              		.cfi_offset 7, -8
 320              		.cfi_offset 14, -4
 321              		.loc 1 81 0
 322 0002 0446     		mov	r4, r0
 323              		.loc 1 79 0
 324 0004 83B0     		sub	sp, sp, #12
 325              	.LCFI6:
 326              		.cfi_def_cfa_offset 32
 327              		.loc 1 79 0
 328 0006 0D46     		mov	r5, r1
 329              		.loc 1 81 0
 330 0008 0028     		cmp	r0, #0
 331 000a 2CD0     		beq	.L31
 332              		.loc 1 81 0 is_stmt 0 discriminator 2
 333 000c 002A     		cmp	r2, #0
 334 000e 24D0     		beq	.L32
 335              	.LVL32:
 336              	.L42:
ARM GAS  /tmp/ccyDgqIn.s 			page 7


 337              		.loc 1 84 0 is_stmt 1
 338 0010 2946     		mov	r1, r5
 339 0012 2046     		mov	r0, r4
 340 0014 571E     		subs	r7, r2, #1
 341 0016 FFF7FEFF 		bl	chPoolFree
 342              	.LVL33:
 343              		.loc 1 85 0
 344 001a 6368     		ldr	r3, [r4, #4]
 345              		.loc 1 83 0
 346 001c 3E46     		mov	r6, r7
 347              		.loc 1 85 0
 348 001e ED18     		adds	r5, r5, r3
 349              	.LVL34:
 350 0020 07F00107 		and	r7, r7, #1
 351              	.LVL35:
 352              		.loc 1 83 0
 353 0024 BEB1     		cbz	r6, .L30
 354 0026 3FB1     		cbz	r7, .L36
 355              		.loc 1 84 0
 356 0028 2946     		mov	r1, r5
 357 002a 2046     		mov	r0, r4
 358 002c FFF7FEFF 		bl	chPoolFree
 359              	.LVL36:
 360              		.loc 1 85 0
 361 0030 6068     		ldr	r0, [r4, #4]
 362              		.loc 1 83 0
 363 0032 013E     		subs	r6, r6, #1
 364              	.LVL37:
 365              		.loc 1 85 0
 366 0034 0544     		add	r5, r5, r0
 367              	.LVL38:
 368              		.loc 1 83 0
 369 0036 0ED0     		beq	.L30
 370              	.L36:
 371              		.loc 1 84 0
 372 0038 2946     		mov	r1, r5
 373 003a 2046     		mov	r0, r4
 374 003c FFF7FEFF 		bl	chPoolFree
 375              	.LVL39:
 376              		.loc 1 85 0
 377 0040 6168     		ldr	r1, [r4, #4]
 378 0042 6D18     		adds	r5, r5, r1
 379              		.loc 1 84 0
 380 0044 2946     		mov	r1, r5
 381 0046 2046     		mov	r0, r4
 382 0048 FFF7FEFF 		bl	chPoolFree
 383              	.LVL40:
 384              		.loc 1 86 0
 385 004c 013E     		subs	r6, r6, #1
 386              		.loc 1 85 0
 387 004e 6268     		ldr	r2, [r4, #4]
 388              		.loc 1 83 0
 389 0050 013E     		subs	r6, r6, #1
 390              		.loc 1 85 0
 391 0052 1544     		add	r5, r5, r2
 392              		.loc 1 83 0
 393 0054 F0D1     		bne	.L36
ARM GAS  /tmp/ccyDgqIn.s 			page 8


 394              	.L30:
 395              		.loc 1 88 0
 396 0056 03B0     		add	sp, sp, #12
 397 0058 F0BD     		pop	{r4, r5, r6, r7, pc}
 398              	.LVL41:
 399              	.L32:
 400              		.loc 1 81 0
 401 005a 0748     		ldr	r0, .L45
 402              	.LVL42:
 403              		.loc 1 88 0
 404 005c 03B0     		add	sp, sp, #12
 405 005e BDE8F040 		pop	{r4, r5, r6, r7, lr}
 406              		.loc 1 81 0
 407 0062 FFF7FEBF 		b	chDbgPanic
 408              	.LVL43:
 409              	.L31:
 410              		.loc 1 81 0 is_stmt 0 discriminator 1
 411 0066 0448     		ldr	r0, .L45
 412              	.LVL44:
 413 0068 0192     		str	r2, [sp, #4]
 414 006a FFF7FEFF 		bl	chDbgPanic
 415              	.LVL45:
 416              		.loc 1 83 0 is_stmt 1 discriminator 1
 417 006e 019A     		ldr	r2, [sp, #4]
 418 0070 002A     		cmp	r2, #0
 419 0072 CDD1     		bne	.L42
 420 0074 EFE7     		b	.L30
 421              	.L46:
 422 0076 00BF     		.align	2
 423              	.L45:
 424 0078 34000000 		.word	.LC3
 425              		.cfi_endproc
 426              	.LFE8:
 427              		.size	chPoolLoadArray, .-chPoolLoadArray
 428 007c AFF30080 		.section	.rodata.str1.4,"aMS",%progbits,1
 429              		.align	2
 430              	.LC0:
 431 0000 22636850 		.ascii	"\"chPoolInit\"()\000"
 431      6F6F6C49 
 431      6E697422 
 431      282900
 432 000f 00       		.space	1
 433              	.LC1:
 434 0010 22636850 		.ascii	"\"chPoolAllocI\"()\000"
 434      6F6F6C41 
 434      6C6C6F63 
 434      49222829 
 434      00
 435 0021 000000   		.space	3
 436              	.LC2:
 437 0024 22636850 		.ascii	"\"chPoolFreeI\"()\000"
 437      6F6F6C46 
 437      72656549 
 437      22282900 
 438              	.LC3:
 439 0034 22636850 		.ascii	"\"chPoolLoadArray\"()\000"
 439      6F6F6C4C 
ARM GAS  /tmp/ccyDgqIn.s 			page 9


 439      6F616441 
 439      72726179 
 439      22282900 
 440              		.text
 441              	.Letext0:
 442              		.file 2 "/opt/gcc-arm-none-eabi-4_7-2013q1/bin/../lib/gcc/arm-none-eabi/4.7.3/include/stddef.h"
 443              		.file 3 "/opt/gcc-arm-none-eabi-4_7-2013q1/bin/../lib/gcc/arm-none-eabi/4.7.3/../../../../arm-none
 444              		.file 4 "/home/gokul/ChibiOS_2.5.0/os/kernel/include/chmemcore.h"
 445              		.file 5 "/home/gokul/ChibiOS_2.5.0/os/kernel/include/chmempools.h"
 446              		.file 6 "/home/gokul/ChibiOS_2.5.0/os/kernel/include/chdebug.h"
 447              		.section	.debug_info,"",%progbits
 448              	.Ldebug_info0:
 449 0000 7D040000 		.4byte	0x47d
 450 0004 0200     		.2byte	0x2
 451 0006 00000000 		.4byte	.Ldebug_abbrev0
 452 000a 04       		.byte	0x4
 453 000b 01       		.uleb128 0x1
 454 000c 97010000 		.4byte	.LASF32
 455 0010 01       		.byte	0x1
 456 0011 16000000 		.4byte	.LASF33
 457 0015 18000000 		.4byte	.Ldebug_ranges0+0x18
 458 0019 00000000 		.4byte	0
 459 001d 00000000 		.4byte	0
 460 0021 00000000 		.4byte	.Ldebug_line0
 461 0025 02       		.uleb128 0x2
 462 0026 04       		.byte	0x4
 463 0027 05       		.byte	0x5
 464 0028 696E7400 		.ascii	"int\000"
 465 002c 03       		.uleb128 0x3
 466 002d 00000000 		.4byte	.LASF2
 467 0031 02       		.byte	0x2
 468 0032 D5       		.byte	0xd5
 469 0033 37000000 		.4byte	0x37
 470 0037 04       		.uleb128 0x4
 471 0038 04       		.byte	0x4
 472 0039 07       		.byte	0x7
 473 003a 0D010000 		.4byte	.LASF0
 474 003e 04       		.uleb128 0x4
 475 003f 01       		.byte	0x1
 476 0040 06       		.byte	0x6
 477 0041 F2010000 		.4byte	.LASF1
 478 0045 03       		.uleb128 0x3
 479 0046 31010000 		.4byte	.LASF3
 480 004a 03       		.byte	0x3
 481 004b 2A       		.byte	0x2a
 482 004c 50000000 		.4byte	0x50
 483 0050 04       		.uleb128 0x4
 484 0051 01       		.byte	0x1
 485 0052 08       		.byte	0x8
 486 0053 D7000000 		.4byte	.LASF4
 487 0057 04       		.uleb128 0x4
 488 0058 02       		.byte	0x2
 489 0059 05       		.byte	0x5
 490 005a 81010000 		.4byte	.LASF5
 491 005e 04       		.uleb128 0x4
 492 005f 02       		.byte	0x2
 493 0060 07       		.byte	0x7
ARM GAS  /tmp/ccyDgqIn.s 			page 10


 494 0061 AF000000 		.4byte	.LASF6
 495 0065 04       		.uleb128 0x4
 496 0066 04       		.byte	0x4
 497 0067 05       		.byte	0x5
 498 0068 E9010000 		.4byte	.LASF7
 499 006c 03       		.uleb128 0x3
 500 006d E0010000 		.4byte	.LASF8
 501 0071 03       		.byte	0x3
 502 0072 50       		.byte	0x50
 503 0073 77000000 		.4byte	0x77
 504 0077 04       		.uleb128 0x4
 505 0078 04       		.byte	0x4
 506 0079 07       		.byte	0x7
 507 007a 9D000000 		.4byte	.LASF9
 508 007e 04       		.uleb128 0x4
 509 007f 08       		.byte	0x8
 510 0080 05       		.byte	0x5
 511 0081 4A010000 		.4byte	.LASF10
 512 0085 04       		.uleb128 0x4
 513 0086 08       		.byte	0x8
 514 0087 07       		.byte	0x7
 515 0088 1A010000 		.4byte	.LASF11
 516 008c 05       		.uleb128 0x5
 517 008d 04       		.byte	0x4
 518 008e 04       		.uleb128 0x4
 519 008f 04       		.byte	0x4
 520 0090 07       		.byte	0x7
 521 0091 41010000 		.4byte	.LASF12
 522 0095 03       		.uleb128 0x3
 523 0096 68010000 		.4byte	.LASF13
 524 009a 04       		.byte	0x4
 525 009b 25       		.byte	0x25
 526 009c A0000000 		.4byte	0xa0
 527 00a0 06       		.uleb128 0x6
 528 00a1 04       		.byte	0x4
 529 00a2 A6000000 		.4byte	0xa6
 530 00a6 07       		.uleb128 0x7
 531 00a7 01       		.byte	0x1
 532 00a8 8C000000 		.4byte	0x8c
 533 00ac B6000000 		.4byte	0xb6
 534 00b0 08       		.uleb128 0x8
 535 00b1 2C000000 		.4byte	0x2c
 536 00b5 00       		.byte	0
 537 00b6 09       		.uleb128 0x9
 538 00b7 8C000000 		.4byte	.LASF34
 539 00bb 04       		.byte	0x4
 540 00bc 05       		.byte	0x5
 541 00bd 25       		.byte	0x25
 542 00be D1000000 		.4byte	0xd1
 543 00c2 0A       		.uleb128 0xa
 544 00c3 39010000 		.4byte	.LASF14
 545 00c7 05       		.byte	0x5
 546 00c8 26       		.byte	0x26
 547 00c9 D1000000 		.4byte	0xd1
 548 00cd 02       		.byte	0x2
 549 00ce 23       		.byte	0x23
 550 00cf 00       		.uleb128 0
ARM GAS  /tmp/ccyDgqIn.s 			page 11


 551 00d0 00       		.byte	0
 552 00d1 06       		.uleb128 0x6
 553 00d2 04       		.byte	0x4
 554 00d3 B6000000 		.4byte	0xb6
 555 00d7 0B       		.uleb128 0xb
 556 00d8 0C       		.byte	0xc
 557 00d9 05       		.byte	0x5
 558 00da 2D       		.byte	0x2d
 559 00db 0A010000 		.4byte	0x10a
 560 00df 0A       		.uleb128 0xa
 561 00e0 FE010000 		.4byte	.LASF15
 562 00e4 05       		.byte	0x5
 563 00e5 2E       		.byte	0x2e
 564 00e6 D1000000 		.4byte	0xd1
 565 00ea 02       		.byte	0x2
 566 00eb 23       		.byte	0x23
 567 00ec 00       		.uleb128 0
 568 00ed 0A       		.uleb128 0xa
 569 00ee 5C000000 		.4byte	.LASF16
 570 00f2 05       		.byte	0x5
 571 00f3 2F       		.byte	0x2f
 572 00f4 2C000000 		.4byte	0x2c
 573 00f8 02       		.byte	0x2
 574 00f9 23       		.byte	0x23
 575 00fa 04       		.uleb128 0x4
 576 00fb 0A       		.uleb128 0xa
 577 00fc 75010000 		.4byte	.LASF17
 578 0100 05       		.byte	0x5
 579 0101 31       		.byte	0x31
 580 0102 95000000 		.4byte	0x95
 581 0106 02       		.byte	0x2
 582 0107 23       		.byte	0x23
 583 0108 08       		.uleb128 0x8
 584 0109 00       		.byte	0
 585 010a 03       		.uleb128 0x3
 586 010b F0000000 		.4byte	.LASF18
 587 010f 05       		.byte	0x5
 588 0110 33       		.byte	0x33
 589 0111 D7000000 		.4byte	0xd7
 590 0115 06       		.uleb128 0x6
 591 0116 04       		.byte	0x4
 592 0117 1B010000 		.4byte	0x11b
 593 011b 0C       		.uleb128 0xc
 594 011c 20010000 		.4byte	0x120
 595 0120 04       		.uleb128 0x4
 596 0121 01       		.byte	0x1
 597 0122 08       		.byte	0x8
 598 0123 58010000 		.4byte	.LASF19
 599 0127 0D       		.uleb128 0xd
 600 0128 01       		.byte	0x1
 601 0129 06020000 		.4byte	.LASF25
 602 012d 01       		.byte	0x1
 603 012e 39       		.byte	0x39
 604 012f 01       		.byte	0x1
 605 0130 00000000 		.4byte	.LFB7
 606 0134 20000000 		.4byte	.LFE7
 607 0138 00000000 		.4byte	.LLST0
ARM GAS  /tmp/ccyDgqIn.s 			page 12


 608 013c 01       		.byte	0x1
 609 013d 81010000 		.4byte	0x181
 610 0141 0E       		.uleb128 0xe
 611 0142 6D7000   		.ascii	"mp\000"
 612 0145 01       		.byte	0x1
 613 0146 39       		.byte	0x39
 614 0147 81010000 		.4byte	0x181
 615 014b 20000000 		.4byte	.LLST1
 616 014f 0F       		.uleb128 0xf
 617 0150 98000000 		.4byte	.LASF20
 618 0154 01       		.byte	0x1
 619 0155 39       		.byte	0x39
 620 0156 2C000000 		.4byte	0x2c
 621 015a 3E000000 		.4byte	.LLST2
 622 015e 0F       		.uleb128 0xf
 623 015f C2000000 		.4byte	.LASF21
 624 0163 01       		.byte	0x1
 625 0164 39       		.byte	0x39
 626 0165 95000000 		.4byte	0x95
 627 0169 5C000000 		.4byte	.LLST3
 628 016d 10       		.uleb128 0x10
 629 016e 14000000 		.4byte	.LVL2
 630 0172 4E040000 		.4byte	0x44e
 631 0176 11       		.uleb128 0x11
 632 0177 01       		.byte	0x1
 633 0178 50       		.byte	0x50
 634 0179 05       		.byte	0x5
 635 017a 03       		.byte	0x3
 636 017b 00000000 		.4byte	.LC0
 637 017f 00       		.byte	0
 638 0180 00       		.byte	0
 639 0181 06       		.uleb128 0x6
 640 0182 04       		.byte	0x4
 641 0183 0A010000 		.4byte	0x10a
 642 0187 12       		.uleb128 0x12
 643 0188 01       		.byte	0x1
 644 0189 00010000 		.4byte	.LASF22
 645 018d 01       		.byte	0x1
 646 018e 64       		.byte	0x64
 647 018f 01       		.byte	0x1
 648 0190 8C000000 		.4byte	0x8c
 649 0194 00000000 		.4byte	.LFB9
 650 0198 2C000000 		.4byte	.LFE9
 651 019c 7A000000 		.4byte	.LLST4
 652 01a0 01       		.byte	0x1
 653 01a1 DF010000 		.4byte	0x1df
 654 01a5 0E       		.uleb128 0xe
 655 01a6 6D7000   		.ascii	"mp\000"
 656 01a9 01       		.byte	0x1
 657 01aa 64       		.byte	0x64
 658 01ab 81010000 		.4byte	0x181
 659 01af 9A000000 		.4byte	.LLST5
 660 01b3 13       		.uleb128 0x13
 661 01b4 FB000000 		.4byte	.LASF24
 662 01b8 01       		.byte	0x1
 663 01b9 65       		.byte	0x65
 664 01ba 8C000000 		.4byte	0x8c
ARM GAS  /tmp/ccyDgqIn.s 			page 13


 665 01be B8000000 		.4byte	.LLST6
 666 01c2 14       		.uleb128 0x14
 667 01c3 08000000 		.4byte	.LVL4
 668 01c7 62040000 		.4byte	0x462
 669 01cb 10       		.uleb128 0x10
 670 01cc 24000000 		.4byte	.LVL9
 671 01d0 4E040000 		.4byte	0x44e
 672 01d4 11       		.uleb128 0x11
 673 01d5 01       		.byte	0x1
 674 01d6 50       		.byte	0x50
 675 01d7 05       		.byte	0x5
 676 01d8 03       		.byte	0x3
 677 01d9 10000000 		.4byte	.LC1
 678 01dd 00       		.byte	0
 679 01de 00       		.byte	0
 680 01df 15       		.uleb128 0x15
 681 01e0 01       		.byte	0x1
 682 01e1 8B010000 		.4byte	.LASF23
 683 01e5 01       		.byte	0x1
 684 01e6 7B       		.byte	0x7b
 685 01e7 01       		.byte	0x1
 686 01e8 8C000000 		.4byte	0x8c
 687 01ec 00000000 		.4byte	.LFB10
 688 01f0 24000000 		.4byte	.LFE10
 689 01f4 E2000000 		.4byte	.LLST7
 690 01f8 01       		.byte	0x1
 691 01f9 77020000 		.4byte	0x277
 692 01fd 0E       		.uleb128 0xe
 693 01fe 6D7000   		.ascii	"mp\000"
 694 0201 01       		.byte	0x1
 695 0202 7B       		.byte	0x7b
 696 0203 81010000 		.4byte	0x181
 697 0207 02010000 		.4byte	.LLST8
 698 020b 13       		.uleb128 0x13
 699 020c FB000000 		.4byte	.LASF24
 700 0210 01       		.byte	0x1
 701 0211 7C       		.byte	0x7c
 702 0212 8C000000 		.4byte	0x8c
 703 0216 2E010000 		.4byte	.LLST9
 704 021a 16       		.uleb128 0x16
 705 021b 00000000 		.4byte	.Ldebug_ranges0+0
 706 021f 33020000 		.4byte	0x233
 707 0223 17       		.uleb128 0x17
 708 0224 746D7000 		.ascii	"tmp\000"
 709 0228 01       		.byte	0x1
 710 0229 7E       		.byte	0x7e
 711 022a 6C000000 		.4byte	0x6c
 712 022e 4C010000 		.4byte	.LLST10
 713 0232 00       		.byte	0
 714 0233 18       		.uleb128 0x18
 715 0234 1A000000 		.4byte	.LBB4
 716 0238 20000000 		.4byte	.LBE4
 717 023c 50020000 		.4byte	0x250
 718 0240 17       		.uleb128 0x17
 719 0241 746D7000 		.ascii	"tmp\000"
 720 0245 01       		.byte	0x1
 721 0246 80       		.byte	0x80
ARM GAS  /tmp/ccyDgqIn.s 			page 14


 722 0247 6C000000 		.4byte	0x6c
 723 024b 5F010000 		.4byte	.LLST11
 724 024f 00       		.byte	0
 725 0250 14       		.uleb128 0x14
 726 0251 0E000000 		.4byte	.LVL13
 727 0255 6C040000 		.4byte	0x46c
 728 0259 19       		.uleb128 0x19
 729 025a 14000000 		.4byte	.LVL14
 730 025e 87010000 		.4byte	0x187
 731 0262 6D020000 		.4byte	0x26d
 732 0266 11       		.uleb128 0x11
 733 0267 01       		.byte	0x1
 734 0268 50       		.byte	0x50
 735 0269 02       		.byte	0x2
 736 026a 74       		.byte	0x74
 737 026b 00       		.sleb128 0
 738 026c 00       		.byte	0
 739 026d 14       		.uleb128 0x14
 740 026e 1A000000 		.4byte	.LVL16
 741 0272 76040000 		.4byte	0x476
 742 0276 00       		.byte	0
 743 0277 0D       		.uleb128 0xd
 744 0278 01       		.byte	0x1
 745 0279 CB000000 		.4byte	.LASF26
 746 027d 01       		.byte	0x1
 747 027e 90       		.byte	0x90
 748 027f 01       		.byte	0x1
 749 0280 00000000 		.4byte	.LFB11
 750 0284 24000000 		.4byte	.LFE11
 751 0288 72010000 		.4byte	.LLST12
 752 028c 01       		.byte	0x1
 753 028d DA020000 		.4byte	0x2da
 754 0291 0E       		.uleb128 0xe
 755 0292 6D7000   		.ascii	"mp\000"
 756 0295 01       		.byte	0x1
 757 0296 90       		.byte	0x90
 758 0297 81010000 		.4byte	0x181
 759 029b 92010000 		.4byte	.LLST13
 760 029f 0F       		.uleb128 0xf
 761 02a0 FB000000 		.4byte	.LASF24
 762 02a4 01       		.byte	0x1
 763 02a5 90       		.byte	0x90
 764 02a6 8C000000 		.4byte	0x8c
 765 02aa B0010000 		.4byte	.LLST14
 766 02ae 17       		.uleb128 0x17
 767 02af 70687000 		.ascii	"php\000"
 768 02b3 01       		.byte	0x1
 769 02b4 91       		.byte	0x91
 770 02b5 D1000000 		.4byte	0xd1
 771 02b9 CE010000 		.4byte	.LLST15
 772 02bd 14       		.uleb128 0x14
 773 02be 0A000000 		.4byte	.LVL21
 774 02c2 62040000 		.4byte	0x462
 775 02c6 10       		.uleb128 0x10
 776 02c7 1C000000 		.4byte	.LVL22
 777 02cb 4E040000 		.4byte	0x44e
 778 02cf 11       		.uleb128 0x11
ARM GAS  /tmp/ccyDgqIn.s 			page 15


 779 02d0 01       		.byte	0x1
 780 02d1 50       		.byte	0x50
 781 02d2 05       		.byte	0x5
 782 02d3 03       		.byte	0x3
 783 02d4 24000000 		.4byte	.LC2
 784 02d8 00       		.byte	0
 785 02d9 00       		.byte	0
 786 02da 0D       		.uleb128 0xd
 787 02db 01       		.byte	0x1
 788 02dc E5000000 		.4byte	.LASF27
 789 02e0 01       		.byte	0x1
 790 02e1 A6       		.byte	0xa6
 791 02e2 01       		.byte	0x1
 792 02e3 00000000 		.4byte	.LFB12
 793 02e7 24000000 		.4byte	.LFE12
 794 02eb EC010000 		.4byte	.LLST16
 795 02ef 01       		.byte	0x1
 796 02f0 78030000 		.4byte	0x378
 797 02f4 0E       		.uleb128 0xe
 798 02f5 6D7000   		.ascii	"mp\000"
 799 02f8 01       		.byte	0x1
 800 02f9 A6       		.byte	0xa6
 801 02fa 81010000 		.4byte	0x181
 802 02fe 0C020000 		.4byte	.LLST17
 803 0302 0F       		.uleb128 0xf
 804 0303 FB000000 		.4byte	.LASF24
 805 0307 01       		.byte	0x1
 806 0308 A6       		.byte	0xa6
 807 0309 8C000000 		.4byte	0x8c
 808 030d 2A020000 		.4byte	.LLST18
 809 0311 18       		.uleb128 0x18
 810 0312 06000000 		.4byte	.LBB5
 811 0316 0C000000 		.4byte	.LBE5
 812 031a 2E030000 		.4byte	0x32e
 813 031e 17       		.uleb128 0x17
 814 031f 746D7000 		.ascii	"tmp\000"
 815 0323 01       		.byte	0x1
 816 0324 A8       		.byte	0xa8
 817 0325 6C000000 		.4byte	0x6c
 818 0329 48020000 		.4byte	.LLST19
 819 032d 00       		.byte	0
 820 032e 18       		.uleb128 0x18
 821 032f 1C000000 		.4byte	.LBB6
 822 0333 24000000 		.4byte	.LBE6
 823 0337 4B030000 		.4byte	0x34b
 824 033b 17       		.uleb128 0x17
 825 033c 746D7000 		.ascii	"tmp\000"
 826 0340 01       		.byte	0x1
 827 0341 AA       		.byte	0xaa
 828 0342 6C000000 		.4byte	0x6c
 829 0346 5B020000 		.4byte	.LLST20
 830 034a 00       		.byte	0
 831 034b 14       		.uleb128 0x14
 832 034c 10000000 		.4byte	.LVL26
 833 0350 6C040000 		.4byte	0x46c
 834 0354 19       		.uleb128 0x19
 835 0355 18000000 		.4byte	.LVL27
ARM GAS  /tmp/ccyDgqIn.s 			page 16


 836 0359 77020000 		.4byte	0x277
 837 035d 6E030000 		.4byte	0x36e
 838 0361 11       		.uleb128 0x11
 839 0362 01       		.byte	0x1
 840 0363 51       		.byte	0x51
 841 0364 02       		.byte	0x2
 842 0365 74       		.byte	0x74
 843 0366 00       		.sleb128 0
 844 0367 11       		.uleb128 0x11
 845 0368 01       		.byte	0x1
 846 0369 50       		.byte	0x50
 847 036a 02       		.byte	0x2
 848 036b 75       		.byte	0x75
 849 036c 00       		.sleb128 0
 850 036d 00       		.byte	0
 851 036e 14       		.uleb128 0x14
 852 036f 1C000000 		.4byte	.LVL28
 853 0373 76040000 		.4byte	0x476
 854 0377 00       		.byte	0
 855 0378 0D       		.uleb128 0xd
 856 0379 01       		.byte	0x1
 857 037a 7C000000 		.4byte	.LASF28
 858 037e 01       		.byte	0x1
 859 037f 4F       		.byte	0x4f
 860 0380 01       		.byte	0x1
 861 0381 00000000 		.4byte	.LFB8
 862 0385 7C000000 		.4byte	.LFE8
 863 0389 6E020000 		.4byte	.LLST21
 864 038d 01       		.byte	0x1
 865 038e 4E040000 		.4byte	0x44e
 866 0392 0E       		.uleb128 0xe
 867 0393 6D7000   		.ascii	"mp\000"
 868 0396 01       		.byte	0x1
 869 0397 4F       		.byte	0x4f
 870 0398 81010000 		.4byte	0x181
 871 039c 9A020000 		.4byte	.LLST22
 872 03a0 0E       		.uleb128 0xe
 873 03a1 7000     		.ascii	"p\000"
 874 03a3 01       		.byte	0x1
 875 03a4 4F       		.byte	0x4f
 876 03a5 8C000000 		.4byte	0x8c
 877 03a9 E4020000 		.4byte	.LLST23
 878 03ad 0E       		.uleb128 0xe
 879 03ae 6E00     		.ascii	"n\000"
 880 03b0 01       		.byte	0x1
 881 03b1 4F       		.byte	0x4f
 882 03b2 2C000000 		.4byte	0x2c
 883 03b6 3C030000 		.4byte	.LLST24
 884 03ba 19       		.uleb128 0x19
 885 03bb 1A000000 		.4byte	.LVL33
 886 03bf DA020000 		.4byte	0x2da
 887 03c3 D4030000 		.4byte	0x3d4
 888 03c7 11       		.uleb128 0x11
 889 03c8 01       		.byte	0x1
 890 03c9 51       		.byte	0x51
 891 03ca 02       		.byte	0x2
 892 03cb 75       		.byte	0x75
ARM GAS  /tmp/ccyDgqIn.s 			page 17


 893 03cc 00       		.sleb128 0
 894 03cd 11       		.uleb128 0x11
 895 03ce 01       		.byte	0x1
 896 03cf 50       		.byte	0x50
 897 03d0 02       		.byte	0x2
 898 03d1 74       		.byte	0x74
 899 03d2 00       		.sleb128 0
 900 03d3 00       		.byte	0
 901 03d4 19       		.uleb128 0x19
 902 03d5 30000000 		.4byte	.LVL36
 903 03d9 DA020000 		.4byte	0x2da
 904 03dd EE030000 		.4byte	0x3ee
 905 03e1 11       		.uleb128 0x11
 906 03e2 01       		.byte	0x1
 907 03e3 51       		.byte	0x51
 908 03e4 02       		.byte	0x2
 909 03e5 75       		.byte	0x75
 910 03e6 00       		.sleb128 0
 911 03e7 11       		.uleb128 0x11
 912 03e8 01       		.byte	0x1
 913 03e9 50       		.byte	0x50
 914 03ea 02       		.byte	0x2
 915 03eb 74       		.byte	0x74
 916 03ec 00       		.sleb128 0
 917 03ed 00       		.byte	0
 918 03ee 19       		.uleb128 0x19
 919 03ef 40000000 		.4byte	.LVL39
 920 03f3 DA020000 		.4byte	0x2da
 921 03f7 08040000 		.4byte	0x408
 922 03fb 11       		.uleb128 0x11
 923 03fc 01       		.byte	0x1
 924 03fd 51       		.byte	0x51
 925 03fe 02       		.byte	0x2
 926 03ff 75       		.byte	0x75
 927 0400 00       		.sleb128 0
 928 0401 11       		.uleb128 0x11
 929 0402 01       		.byte	0x1
 930 0403 50       		.byte	0x50
 931 0404 02       		.byte	0x2
 932 0405 74       		.byte	0x74
 933 0406 00       		.sleb128 0
 934 0407 00       		.byte	0
 935 0408 19       		.uleb128 0x19
 936 0409 4C000000 		.4byte	.LVL40
 937 040d DA020000 		.4byte	0x2da
 938 0411 22040000 		.4byte	0x422
 939 0415 11       		.uleb128 0x11
 940 0416 01       		.byte	0x1
 941 0417 51       		.byte	0x51
 942 0418 02       		.byte	0x2
 943 0419 75       		.byte	0x75
 944 041a 00       		.sleb128 0
 945 041b 11       		.uleb128 0x11
 946 041c 01       		.byte	0x1
 947 041d 50       		.byte	0x50
 948 041e 02       		.byte	0x2
 949 041f 74       		.byte	0x74
ARM GAS  /tmp/ccyDgqIn.s 			page 18


 950 0420 00       		.sleb128 0
 951 0421 00       		.byte	0
 952 0422 1A       		.uleb128 0x1a
 953 0423 66000000 		.4byte	.LVL43
 954 0427 01       		.byte	0x1
 955 0428 4E040000 		.4byte	0x44e
 956 042c 3A040000 		.4byte	0x43a
 957 0430 11       		.uleb128 0x11
 958 0431 01       		.byte	0x1
 959 0432 50       		.byte	0x50
 960 0433 05       		.byte	0x5
 961 0434 03       		.byte	0x3
 962 0435 34000000 		.4byte	.LC3
 963 0439 00       		.byte	0
 964 043a 10       		.uleb128 0x10
 965 043b 6E000000 		.4byte	.LVL45
 966 043f 4E040000 		.4byte	0x44e
 967 0443 11       		.uleb128 0x11
 968 0444 01       		.byte	0x1
 969 0445 50       		.byte	0x50
 970 0446 05       		.byte	0x5
 971 0447 03       		.byte	0x3
 972 0448 34000000 		.4byte	.LC3
 973 044c 00       		.byte	0
 974 044d 00       		.byte	0
 975 044e 1B       		.uleb128 0x1b
 976 044f 01       		.byte	0x1
 977 0450 5D010000 		.4byte	.LASF35
 978 0454 06       		.byte	0x6
 979 0455 EF       		.byte	0xef
 980 0456 01       		.byte	0x1
 981 0457 01       		.byte	0x1
 982 0458 62040000 		.4byte	0x462
 983 045c 08       		.uleb128 0x8
 984 045d 15010000 		.4byte	0x115
 985 0461 00       		.byte	0
 986 0462 1C       		.uleb128 0x1c
 987 0463 01       		.byte	0x1
 988 0464 6B000000 		.4byte	.LASF29
 989 0468 06       		.byte	0x6
 990 0469 E6       		.byte	0xe6
 991 046a 01       		.byte	0x1
 992 046b 01       		.byte	0x1
 993 046c 1C       		.uleb128 0x1c
 994 046d 01       		.byte	0x1
 995 046e 07000000 		.4byte	.LASF30
 996 0472 06       		.byte	0x6
 997 0473 E0       		.byte	0xe0
 998 0474 01       		.byte	0x1
 999 0475 01       		.byte	0x1
 1000 0476 1C       		.uleb128 0x1c
 1001 0477 01       		.byte	0x1
 1002 0478 4B000000 		.4byte	.LASF31
 1003 047c 06       		.byte	0x6
 1004 047d E1       		.byte	0xe1
 1005 047e 01       		.byte	0x1
 1006 047f 01       		.byte	0x1
ARM GAS  /tmp/ccyDgqIn.s 			page 19


 1007 0480 00       		.byte	0
 1008              		.section	.debug_abbrev,"",%progbits
 1009              	.Ldebug_abbrev0:
 1010 0000 01       		.uleb128 0x1
 1011 0001 11       		.uleb128 0x11
 1012 0002 01       		.byte	0x1
 1013 0003 25       		.uleb128 0x25
 1014 0004 0E       		.uleb128 0xe
 1015 0005 13       		.uleb128 0x13
 1016 0006 0B       		.uleb128 0xb
 1017 0007 03       		.uleb128 0x3
 1018 0008 0E       		.uleb128 0xe
 1019 0009 55       		.uleb128 0x55
 1020 000a 06       		.uleb128 0x6
 1021 000b 11       		.uleb128 0x11
 1022 000c 01       		.uleb128 0x1
 1023 000d 52       		.uleb128 0x52
 1024 000e 01       		.uleb128 0x1
 1025 000f 10       		.uleb128 0x10
 1026 0010 06       		.uleb128 0x6
 1027 0011 00       		.byte	0
 1028 0012 00       		.byte	0
 1029 0013 02       		.uleb128 0x2
 1030 0014 24       		.uleb128 0x24
 1031 0015 00       		.byte	0
 1032 0016 0B       		.uleb128 0xb
 1033 0017 0B       		.uleb128 0xb
 1034 0018 3E       		.uleb128 0x3e
 1035 0019 0B       		.uleb128 0xb
 1036 001a 03       		.uleb128 0x3
 1037 001b 08       		.uleb128 0x8
 1038 001c 00       		.byte	0
 1039 001d 00       		.byte	0
 1040 001e 03       		.uleb128 0x3
 1041 001f 16       		.uleb128 0x16
 1042 0020 00       		.byte	0
 1043 0021 03       		.uleb128 0x3
 1044 0022 0E       		.uleb128 0xe
 1045 0023 3A       		.uleb128 0x3a
 1046 0024 0B       		.uleb128 0xb
 1047 0025 3B       		.uleb128 0x3b
 1048 0026 0B       		.uleb128 0xb
 1049 0027 49       		.uleb128 0x49
 1050 0028 13       		.uleb128 0x13
 1051 0029 00       		.byte	0
 1052 002a 00       		.byte	0
 1053 002b 04       		.uleb128 0x4
 1054 002c 24       		.uleb128 0x24
 1055 002d 00       		.byte	0
 1056 002e 0B       		.uleb128 0xb
 1057 002f 0B       		.uleb128 0xb
 1058 0030 3E       		.uleb128 0x3e
 1059 0031 0B       		.uleb128 0xb
 1060 0032 03       		.uleb128 0x3
 1061 0033 0E       		.uleb128 0xe
 1062 0034 00       		.byte	0
 1063 0035 00       		.byte	0
ARM GAS  /tmp/ccyDgqIn.s 			page 20


 1064 0036 05       		.uleb128 0x5
 1065 0037 0F       		.uleb128 0xf
 1066 0038 00       		.byte	0
 1067 0039 0B       		.uleb128 0xb
 1068 003a 0B       		.uleb128 0xb
 1069 003b 00       		.byte	0
 1070 003c 00       		.byte	0
 1071 003d 06       		.uleb128 0x6
 1072 003e 0F       		.uleb128 0xf
 1073 003f 00       		.byte	0
 1074 0040 0B       		.uleb128 0xb
 1075 0041 0B       		.uleb128 0xb
 1076 0042 49       		.uleb128 0x49
 1077 0043 13       		.uleb128 0x13
 1078 0044 00       		.byte	0
 1079 0045 00       		.byte	0
 1080 0046 07       		.uleb128 0x7
 1081 0047 15       		.uleb128 0x15
 1082 0048 01       		.byte	0x1
 1083 0049 27       		.uleb128 0x27
 1084 004a 0C       		.uleb128 0xc
 1085 004b 49       		.uleb128 0x49
 1086 004c 13       		.uleb128 0x13
 1087 004d 01       		.uleb128 0x1
 1088 004e 13       		.uleb128 0x13
 1089 004f 00       		.byte	0
 1090 0050 00       		.byte	0
 1091 0051 08       		.uleb128 0x8
 1092 0052 05       		.uleb128 0x5
 1093 0053 00       		.byte	0
 1094 0054 49       		.uleb128 0x49
 1095 0055 13       		.uleb128 0x13
 1096 0056 00       		.byte	0
 1097 0057 00       		.byte	0
 1098 0058 09       		.uleb128 0x9
 1099 0059 13       		.uleb128 0x13
 1100 005a 01       		.byte	0x1
 1101 005b 03       		.uleb128 0x3
 1102 005c 0E       		.uleb128 0xe
 1103 005d 0B       		.uleb128 0xb
 1104 005e 0B       		.uleb128 0xb
 1105 005f 3A       		.uleb128 0x3a
 1106 0060 0B       		.uleb128 0xb
 1107 0061 3B       		.uleb128 0x3b
 1108 0062 0B       		.uleb128 0xb
 1109 0063 01       		.uleb128 0x1
 1110 0064 13       		.uleb128 0x13
 1111 0065 00       		.byte	0
 1112 0066 00       		.byte	0
 1113 0067 0A       		.uleb128 0xa
 1114 0068 0D       		.uleb128 0xd
 1115 0069 00       		.byte	0
 1116 006a 03       		.uleb128 0x3
 1117 006b 0E       		.uleb128 0xe
 1118 006c 3A       		.uleb128 0x3a
 1119 006d 0B       		.uleb128 0xb
 1120 006e 3B       		.uleb128 0x3b
ARM GAS  /tmp/ccyDgqIn.s 			page 21


 1121 006f 0B       		.uleb128 0xb
 1122 0070 49       		.uleb128 0x49
 1123 0071 13       		.uleb128 0x13
 1124 0072 38       		.uleb128 0x38
 1125 0073 0A       		.uleb128 0xa
 1126 0074 00       		.byte	0
 1127 0075 00       		.byte	0
 1128 0076 0B       		.uleb128 0xb
 1129 0077 13       		.uleb128 0x13
 1130 0078 01       		.byte	0x1
 1131 0079 0B       		.uleb128 0xb
 1132 007a 0B       		.uleb128 0xb
 1133 007b 3A       		.uleb128 0x3a
 1134 007c 0B       		.uleb128 0xb
 1135 007d 3B       		.uleb128 0x3b
 1136 007e 0B       		.uleb128 0xb
 1137 007f 01       		.uleb128 0x1
 1138 0080 13       		.uleb128 0x13
 1139 0081 00       		.byte	0
 1140 0082 00       		.byte	0
 1141 0083 0C       		.uleb128 0xc
 1142 0084 26       		.uleb128 0x26
 1143 0085 00       		.byte	0
 1144 0086 49       		.uleb128 0x49
 1145 0087 13       		.uleb128 0x13
 1146 0088 00       		.byte	0
 1147 0089 00       		.byte	0
 1148 008a 0D       		.uleb128 0xd
 1149 008b 2E       		.uleb128 0x2e
 1150 008c 01       		.byte	0x1
 1151 008d 3F       		.uleb128 0x3f
 1152 008e 0C       		.uleb128 0xc
 1153 008f 03       		.uleb128 0x3
 1154 0090 0E       		.uleb128 0xe
 1155 0091 3A       		.uleb128 0x3a
 1156 0092 0B       		.uleb128 0xb
 1157 0093 3B       		.uleb128 0x3b
 1158 0094 0B       		.uleb128 0xb
 1159 0095 27       		.uleb128 0x27
 1160 0096 0C       		.uleb128 0xc
 1161 0097 11       		.uleb128 0x11
 1162 0098 01       		.uleb128 0x1
 1163 0099 12       		.uleb128 0x12
 1164 009a 01       		.uleb128 0x1
 1165 009b 40       		.uleb128 0x40
 1166 009c 06       		.uleb128 0x6
 1167 009d 9742     		.uleb128 0x2117
 1168 009f 0C       		.uleb128 0xc
 1169 00a0 01       		.uleb128 0x1
 1170 00a1 13       		.uleb128 0x13
 1171 00a2 00       		.byte	0
 1172 00a3 00       		.byte	0
 1173 00a4 0E       		.uleb128 0xe
 1174 00a5 05       		.uleb128 0x5
 1175 00a6 00       		.byte	0
 1176 00a7 03       		.uleb128 0x3
 1177 00a8 08       		.uleb128 0x8
ARM GAS  /tmp/ccyDgqIn.s 			page 22


 1178 00a9 3A       		.uleb128 0x3a
 1179 00aa 0B       		.uleb128 0xb
 1180 00ab 3B       		.uleb128 0x3b
 1181 00ac 0B       		.uleb128 0xb
 1182 00ad 49       		.uleb128 0x49
 1183 00ae 13       		.uleb128 0x13
 1184 00af 02       		.uleb128 0x2
 1185 00b0 06       		.uleb128 0x6
 1186 00b1 00       		.byte	0
 1187 00b2 00       		.byte	0
 1188 00b3 0F       		.uleb128 0xf
 1189 00b4 05       		.uleb128 0x5
 1190 00b5 00       		.byte	0
 1191 00b6 03       		.uleb128 0x3
 1192 00b7 0E       		.uleb128 0xe
 1193 00b8 3A       		.uleb128 0x3a
 1194 00b9 0B       		.uleb128 0xb
 1195 00ba 3B       		.uleb128 0x3b
 1196 00bb 0B       		.uleb128 0xb
 1197 00bc 49       		.uleb128 0x49
 1198 00bd 13       		.uleb128 0x13
 1199 00be 02       		.uleb128 0x2
 1200 00bf 06       		.uleb128 0x6
 1201 00c0 00       		.byte	0
 1202 00c1 00       		.byte	0
 1203 00c2 10       		.uleb128 0x10
 1204 00c3 898201   		.uleb128 0x4109
 1205 00c6 01       		.byte	0x1
 1206 00c7 11       		.uleb128 0x11
 1207 00c8 01       		.uleb128 0x1
 1208 00c9 31       		.uleb128 0x31
 1209 00ca 13       		.uleb128 0x13
 1210 00cb 00       		.byte	0
 1211 00cc 00       		.byte	0
 1212 00cd 11       		.uleb128 0x11
 1213 00ce 8A8201   		.uleb128 0x410a
 1214 00d1 00       		.byte	0
 1215 00d2 02       		.uleb128 0x2
 1216 00d3 0A       		.uleb128 0xa
 1217 00d4 9142     		.uleb128 0x2111
 1218 00d6 0A       		.uleb128 0xa
 1219 00d7 00       		.byte	0
 1220 00d8 00       		.byte	0
 1221 00d9 12       		.uleb128 0x12
 1222 00da 2E       		.uleb128 0x2e
 1223 00db 01       		.byte	0x1
 1224 00dc 3F       		.uleb128 0x3f
 1225 00dd 0C       		.uleb128 0xc
 1226 00de 03       		.uleb128 0x3
 1227 00df 0E       		.uleb128 0xe
 1228 00e0 3A       		.uleb128 0x3a
 1229 00e1 0B       		.uleb128 0xb
 1230 00e2 3B       		.uleb128 0x3b
 1231 00e3 0B       		.uleb128 0xb
 1232 00e4 27       		.uleb128 0x27
 1233 00e5 0C       		.uleb128 0xc
 1234 00e6 49       		.uleb128 0x49
ARM GAS  /tmp/ccyDgqIn.s 			page 23


 1235 00e7 13       		.uleb128 0x13
 1236 00e8 11       		.uleb128 0x11
 1237 00e9 01       		.uleb128 0x1
 1238 00ea 12       		.uleb128 0x12
 1239 00eb 01       		.uleb128 0x1
 1240 00ec 40       		.uleb128 0x40
 1241 00ed 06       		.uleb128 0x6
 1242 00ee 9642     		.uleb128 0x2116
 1243 00f0 0C       		.uleb128 0xc
 1244 00f1 01       		.uleb128 0x1
 1245 00f2 13       		.uleb128 0x13
 1246 00f3 00       		.byte	0
 1247 00f4 00       		.byte	0
 1248 00f5 13       		.uleb128 0x13
 1249 00f6 34       		.uleb128 0x34
 1250 00f7 00       		.byte	0
 1251 00f8 03       		.uleb128 0x3
 1252 00f9 0E       		.uleb128 0xe
 1253 00fa 3A       		.uleb128 0x3a
 1254 00fb 0B       		.uleb128 0xb
 1255 00fc 3B       		.uleb128 0x3b
 1256 00fd 0B       		.uleb128 0xb
 1257 00fe 49       		.uleb128 0x49
 1258 00ff 13       		.uleb128 0x13
 1259 0100 02       		.uleb128 0x2
 1260 0101 06       		.uleb128 0x6
 1261 0102 00       		.byte	0
 1262 0103 00       		.byte	0
 1263 0104 14       		.uleb128 0x14
 1264 0105 898201   		.uleb128 0x4109
 1265 0108 00       		.byte	0
 1266 0109 11       		.uleb128 0x11
 1267 010a 01       		.uleb128 0x1
 1268 010b 31       		.uleb128 0x31
 1269 010c 13       		.uleb128 0x13
 1270 010d 00       		.byte	0
 1271 010e 00       		.byte	0
 1272 010f 15       		.uleb128 0x15
 1273 0110 2E       		.uleb128 0x2e
 1274 0111 01       		.byte	0x1
 1275 0112 3F       		.uleb128 0x3f
 1276 0113 0C       		.uleb128 0xc
 1277 0114 03       		.uleb128 0x3
 1278 0115 0E       		.uleb128 0xe
 1279 0116 3A       		.uleb128 0x3a
 1280 0117 0B       		.uleb128 0xb
 1281 0118 3B       		.uleb128 0x3b
 1282 0119 0B       		.uleb128 0xb
 1283 011a 27       		.uleb128 0x27
 1284 011b 0C       		.uleb128 0xc
 1285 011c 49       		.uleb128 0x49
 1286 011d 13       		.uleb128 0x13
 1287 011e 11       		.uleb128 0x11
 1288 011f 01       		.uleb128 0x1
 1289 0120 12       		.uleb128 0x12
 1290 0121 01       		.uleb128 0x1
 1291 0122 40       		.uleb128 0x40
ARM GAS  /tmp/ccyDgqIn.s 			page 24


 1292 0123 06       		.uleb128 0x6
 1293 0124 9742     		.uleb128 0x2117
 1294 0126 0C       		.uleb128 0xc
 1295 0127 01       		.uleb128 0x1
 1296 0128 13       		.uleb128 0x13
 1297 0129 00       		.byte	0
 1298 012a 00       		.byte	0
 1299 012b 16       		.uleb128 0x16
 1300 012c 0B       		.uleb128 0xb
 1301 012d 01       		.byte	0x1
 1302 012e 55       		.uleb128 0x55
 1303 012f 06       		.uleb128 0x6
 1304 0130 01       		.uleb128 0x1
 1305 0131 13       		.uleb128 0x13
 1306 0132 00       		.byte	0
 1307 0133 00       		.byte	0
 1308 0134 17       		.uleb128 0x17
 1309 0135 34       		.uleb128 0x34
 1310 0136 00       		.byte	0
 1311 0137 03       		.uleb128 0x3
 1312 0138 08       		.uleb128 0x8
 1313 0139 3A       		.uleb128 0x3a
 1314 013a 0B       		.uleb128 0xb
 1315 013b 3B       		.uleb128 0x3b
 1316 013c 0B       		.uleb128 0xb
 1317 013d 49       		.uleb128 0x49
 1318 013e 13       		.uleb128 0x13
 1319 013f 02       		.uleb128 0x2
 1320 0140 06       		.uleb128 0x6
 1321 0141 00       		.byte	0
 1322 0142 00       		.byte	0
 1323 0143 18       		.uleb128 0x18
 1324 0144 0B       		.uleb128 0xb
 1325 0145 01       		.byte	0x1
 1326 0146 11       		.uleb128 0x11
 1327 0147 01       		.uleb128 0x1
 1328 0148 12       		.uleb128 0x12
 1329 0149 01       		.uleb128 0x1
 1330 014a 01       		.uleb128 0x1
 1331 014b 13       		.uleb128 0x13
 1332 014c 00       		.byte	0
 1333 014d 00       		.byte	0
 1334 014e 19       		.uleb128 0x19
 1335 014f 898201   		.uleb128 0x4109
 1336 0152 01       		.byte	0x1
 1337 0153 11       		.uleb128 0x11
 1338 0154 01       		.uleb128 0x1
 1339 0155 31       		.uleb128 0x31
 1340 0156 13       		.uleb128 0x13
 1341 0157 01       		.uleb128 0x1
 1342 0158 13       		.uleb128 0x13
 1343 0159 00       		.byte	0
 1344 015a 00       		.byte	0
 1345 015b 1A       		.uleb128 0x1a
 1346 015c 898201   		.uleb128 0x4109
 1347 015f 01       		.byte	0x1
 1348 0160 11       		.uleb128 0x11
ARM GAS  /tmp/ccyDgqIn.s 			page 25


 1349 0161 01       		.uleb128 0x1
 1350 0162 9542     		.uleb128 0x2115
 1351 0164 0C       		.uleb128 0xc
 1352 0165 31       		.uleb128 0x31
 1353 0166 13       		.uleb128 0x13
 1354 0167 01       		.uleb128 0x1
 1355 0168 13       		.uleb128 0x13
 1356 0169 00       		.byte	0
 1357 016a 00       		.byte	0
 1358 016b 1B       		.uleb128 0x1b
 1359 016c 2E       		.uleb128 0x2e
 1360 016d 01       		.byte	0x1
 1361 016e 3F       		.uleb128 0x3f
 1362 016f 0C       		.uleb128 0xc
 1363 0170 03       		.uleb128 0x3
 1364 0171 0E       		.uleb128 0xe
 1365 0172 3A       		.uleb128 0x3a
 1366 0173 0B       		.uleb128 0xb
 1367 0174 3B       		.uleb128 0x3b
 1368 0175 0B       		.uleb128 0xb
 1369 0176 27       		.uleb128 0x27
 1370 0177 0C       		.uleb128 0xc
 1371 0178 3C       		.uleb128 0x3c
 1372 0179 0C       		.uleb128 0xc
 1373 017a 01       		.uleb128 0x1
 1374 017b 13       		.uleb128 0x13
 1375 017c 00       		.byte	0
 1376 017d 00       		.byte	0
 1377 017e 1C       		.uleb128 0x1c
 1378 017f 2E       		.uleb128 0x2e
 1379 0180 00       		.byte	0
 1380 0181 3F       		.uleb128 0x3f
 1381 0182 0C       		.uleb128 0xc
 1382 0183 03       		.uleb128 0x3
 1383 0184 0E       		.uleb128 0xe
 1384 0185 3A       		.uleb128 0x3a
 1385 0186 0B       		.uleb128 0xb
 1386 0187 3B       		.uleb128 0x3b
 1387 0188 0B       		.uleb128 0xb
 1388 0189 27       		.uleb128 0x27
 1389 018a 0C       		.uleb128 0xc
 1390 018b 3C       		.uleb128 0x3c
 1391 018c 0C       		.uleb128 0xc
 1392 018d 00       		.byte	0
 1393 018e 00       		.byte	0
 1394 018f 00       		.byte	0
 1395              		.section	.debug_loc,"",%progbits
 1396              	.Ldebug_loc0:
 1397              	.LLST0:
 1398 0000 00000000 		.4byte	.LFB7
 1399 0004 02000000 		.4byte	.LCFI0
 1400 0008 0200     		.2byte	0x2
 1401 000a 7D       		.byte	0x7d
 1402 000b 00       		.sleb128 0
 1403 000c 02000000 		.4byte	.LCFI0
 1404 0010 20000000 		.4byte	.LFE7
 1405 0014 0200     		.2byte	0x2
ARM GAS  /tmp/ccyDgqIn.s 			page 26


 1406 0016 7D       		.byte	0x7d
 1407 0017 10       		.sleb128 16
 1408 0018 00000000 		.4byte	0
 1409 001c 00000000 		.4byte	0
 1410              	.LLST1:
 1411 0020 00000000 		.4byte	.LVL0
 1412 0024 10000000 		.4byte	.LVL1
 1413 0028 0100     		.2byte	0x1
 1414 002a 50       		.byte	0x50
 1415 002b 10000000 		.4byte	.LVL1
 1416 002f 20000000 		.4byte	.LFE7
 1417 0033 0100     		.2byte	0x1
 1418 0035 54       		.byte	0x54
 1419 0036 00000000 		.4byte	0
 1420 003a 00000000 		.4byte	0
 1421              	.LLST2:
 1422 003e 00000000 		.4byte	.LVL0
 1423 0042 13000000 		.4byte	.LVL2-1
 1424 0046 0100     		.2byte	0x1
 1425 0048 51       		.byte	0x51
 1426 0049 13000000 		.4byte	.LVL2-1
 1427 004d 20000000 		.4byte	.LFE7
 1428 0051 0100     		.2byte	0x1
 1429 0053 55       		.byte	0x55
 1430 0054 00000000 		.4byte	0
 1431 0058 00000000 		.4byte	0
 1432              	.LLST3:
 1433 005c 00000000 		.4byte	.LVL0
 1434 0060 13000000 		.4byte	.LVL2-1
 1435 0064 0100     		.2byte	0x1
 1436 0066 52       		.byte	0x52
 1437 0067 13000000 		.4byte	.LVL2-1
 1438 006b 20000000 		.4byte	.LFE7
 1439 006f 0100     		.2byte	0x1
 1440 0071 56       		.byte	0x56
 1441 0072 00000000 		.4byte	0
 1442 0076 00000000 		.4byte	0
 1443              	.LLST4:
 1444 007a 00000000 		.4byte	.LFB9
 1445 007e 02000000 		.4byte	.LCFI1
 1446 0082 0200     		.2byte	0x2
 1447 0084 7D       		.byte	0x7d
 1448 0085 00       		.sleb128 0
 1449 0086 02000000 		.4byte	.LCFI1
 1450 008a 2C000000 		.4byte	.LFE9
 1451 008e 0200     		.2byte	0x2
 1452 0090 7D       		.byte	0x7d
 1453 0091 08       		.sleb128 8
 1454 0092 00000000 		.4byte	0
 1455 0096 00000000 		.4byte	0
 1456              	.LLST5:
 1457 009a 00000000 		.4byte	.LVL3
 1458 009e 07000000 		.4byte	.LVL4-1
 1459 00a2 0100     		.2byte	0x1
 1460 00a4 50       		.byte	0x50
 1461 00a5 07000000 		.4byte	.LVL4-1
 1462 00a9 2C000000 		.4byte	.LFE9
ARM GAS  /tmp/ccyDgqIn.s 			page 27


 1463 00ad 0100     		.2byte	0x1
 1464 00af 54       		.byte	0x54
 1465 00b0 00000000 		.4byte	0
 1466 00b4 00000000 		.4byte	0
 1467              	.LLST6:
 1468 00b8 0C000000 		.4byte	.LVL5
 1469 00bc 1A000000 		.4byte	.LVL6
 1470 00c0 0100     		.2byte	0x1
 1471 00c2 50       		.byte	0x50
 1472 00c3 1A000000 		.4byte	.LVL6
 1473 00c7 1B000000 		.4byte	.LVL7-1
 1474 00cb 0200     		.2byte	0x2
 1475 00cd 74       		.byte	0x74
 1476 00ce 00       		.sleb128 0
 1477 00cf 1C000000 		.4byte	.LVL7
 1478 00d3 1E000000 		.4byte	.LVL8
 1479 00d7 0100     		.2byte	0x1
 1480 00d9 50       		.byte	0x50
 1481 00da 00000000 		.4byte	0
 1482 00de 00000000 		.4byte	0
 1483              	.LLST7:
 1484 00e2 00000000 		.4byte	.LFB10
 1485 00e6 02000000 		.4byte	.LCFI2
 1486 00ea 0200     		.2byte	0x2
 1487 00ec 7D       		.byte	0x7d
 1488 00ed 00       		.sleb128 0
 1489 00ee 02000000 		.4byte	.LCFI2
 1490 00f2 24000000 		.4byte	.LFE10
 1491 00f6 0200     		.2byte	0x2
 1492 00f8 7D       		.byte	0x7d
 1493 00f9 08       		.sleb128 8
 1494 00fa 00000000 		.4byte	0
 1495 00fe 00000000 		.4byte	0
 1496              	.LLST8:
 1497 0102 00000000 		.4byte	.LVL10
 1498 0106 0D000000 		.4byte	.LVL13-1
 1499 010a 0100     		.2byte	0x1
 1500 010c 50       		.byte	0x50
 1501 010d 0D000000 		.4byte	.LVL13-1
 1502 0111 16000000 		.4byte	.LVL15
 1503 0115 0100     		.2byte	0x1
 1504 0117 54       		.byte	0x54
 1505 0118 16000000 		.4byte	.LVL15
 1506 011c 24000000 		.4byte	.LFE10
 1507 0120 0400     		.2byte	0x4
 1508 0122 F3       		.byte	0xf3
 1509 0123 01       		.uleb128 0x1
 1510 0124 50       		.byte	0x50
 1511 0125 9F       		.byte	0x9f
 1512 0126 00000000 		.4byte	0
 1513 012a 00000000 		.4byte	0
 1514              	.LLST9:
 1515 012e 16000000 		.4byte	.LVL15
 1516 0132 19000000 		.4byte	.LVL16-1
 1517 0136 0100     		.2byte	0x1
 1518 0138 50       		.byte	0x50
 1519 0139 19000000 		.4byte	.LVL16-1
ARM GAS  /tmp/ccyDgqIn.s 			page 28


 1520 013d 24000000 		.4byte	.LFE10
 1521 0141 0100     		.2byte	0x1
 1522 0143 54       		.byte	0x54
 1523 0144 00000000 		.4byte	0
 1524 0148 00000000 		.4byte	0
 1525              	.LLST10:
 1526 014c 0A000000 		.4byte	.LVL12
 1527 0150 0D000000 		.4byte	.LVL13-1
 1528 0154 0100     		.2byte	0x1
 1529 0156 53       		.byte	0x53
 1530 0157 00000000 		.4byte	0
 1531 015b 00000000 		.4byte	0
 1532              	.LLST11:
 1533 015f 20000000 		.4byte	.LVL18
 1534 0163 24000000 		.4byte	.LFE10
 1535 0167 0100     		.2byte	0x1
 1536 0169 53       		.byte	0x53
 1537 016a 00000000 		.4byte	0
 1538 016e 00000000 		.4byte	0
 1539              	.LLST12:
 1540 0172 00000000 		.4byte	.LFB11
 1541 0176 02000000 		.4byte	.LCFI3
 1542 017a 0200     		.2byte	0x2
 1543 017c 7D       		.byte	0x7d
 1544 017d 00       		.sleb128 0
 1545 017e 02000000 		.4byte	.LCFI3
 1546 0182 24000000 		.4byte	.LFE11
 1547 0186 0200     		.2byte	0x2
 1548 0188 7D       		.byte	0x7d
 1549 0189 10       		.sleb128 16
 1550 018a 00000000 		.4byte	0
 1551 018e 00000000 		.4byte	0
 1552              	.LLST13:
 1553 0192 00000000 		.4byte	.LVL19
 1554 0196 09000000 		.4byte	.LVL21-1
 1555 019a 0100     		.2byte	0x1
 1556 019c 50       		.byte	0x50
 1557 019d 09000000 		.4byte	.LVL21-1
 1558 01a1 24000000 		.4byte	.LFE11
 1559 01a5 0100     		.2byte	0x1
 1560 01a7 54       		.byte	0x54
 1561 01a8 00000000 		.4byte	0
 1562 01ac 00000000 		.4byte	0
 1563              	.LLST14:
 1564 01b0 00000000 		.4byte	.LVL19
 1565 01b4 09000000 		.4byte	.LVL21-1
 1566 01b8 0100     		.2byte	0x1
 1567 01ba 51       		.byte	0x51
 1568 01bb 09000000 		.4byte	.LVL21-1
 1569 01bf 24000000 		.4byte	.LFE11
 1570 01c3 0100     		.2byte	0x1
 1571 01c5 55       		.byte	0x55
 1572 01c6 00000000 		.4byte	0
 1573 01ca 00000000 		.4byte	0
 1574              	.LLST15:
 1575 01ce 06000000 		.4byte	.LVL20
 1576 01d2 09000000 		.4byte	.LVL21-1
ARM GAS  /tmp/ccyDgqIn.s 			page 29


 1577 01d6 0100     		.2byte	0x1
 1578 01d8 51       		.byte	0x51
 1579 01d9 09000000 		.4byte	.LVL21-1
 1580 01dd 24000000 		.4byte	.LFE11
 1581 01e1 0100     		.2byte	0x1
 1582 01e3 55       		.byte	0x55
 1583 01e4 00000000 		.4byte	0
 1584 01e8 00000000 		.4byte	0
 1585              	.LLST16:
 1586 01ec 00000000 		.4byte	.LFB12
 1587 01f0 02000000 		.4byte	.LCFI4
 1588 01f4 0200     		.2byte	0x2
 1589 01f6 7D       		.byte	0x7d
 1590 01f7 00       		.sleb128 0
 1591 01f8 02000000 		.4byte	.LCFI4
 1592 01fc 24000000 		.4byte	.LFE12
 1593 0200 0200     		.2byte	0x2
 1594 0202 7D       		.byte	0x7d
 1595 0203 10       		.sleb128 16
 1596 0204 00000000 		.4byte	0
 1597 0208 00000000 		.4byte	0
 1598              	.LLST17:
 1599 020c 00000000 		.4byte	.LVL23
 1600 0210 0F000000 		.4byte	.LVL26-1
 1601 0214 0100     		.2byte	0x1
 1602 0216 50       		.byte	0x50
 1603 0217 0F000000 		.4byte	.LVL26-1
 1604 021b 24000000 		.4byte	.LFE12
 1605 021f 0100     		.2byte	0x1
 1606 0221 55       		.byte	0x55
 1607 0222 00000000 		.4byte	0
 1608 0226 00000000 		.4byte	0
 1609              	.LLST18:
 1610 022a 00000000 		.4byte	.LVL23
 1611 022e 0F000000 		.4byte	.LVL26-1
 1612 0232 0100     		.2byte	0x1
 1613 0234 51       		.byte	0x51
 1614 0235 0F000000 		.4byte	.LVL26-1
 1615 0239 24000000 		.4byte	.LFE12
 1616 023d 0100     		.2byte	0x1
 1617 023f 54       		.byte	0x54
 1618 0240 00000000 		.4byte	0
 1619 0244 00000000 		.4byte	0
 1620              	.LLST19:
 1621 0248 0C000000 		.4byte	.LVL25
 1622 024c 0F000000 		.4byte	.LVL26-1
 1623 0250 0100     		.2byte	0x1
 1624 0252 53       		.byte	0x53
 1625 0253 00000000 		.4byte	0
 1626 0257 00000000 		.4byte	0
 1627              	.LLST20:
 1628 025b 22000000 		.4byte	.LVL30
 1629 025f 24000000 		.4byte	.LFE12
 1630 0263 0100     		.2byte	0x1
 1631 0265 53       		.byte	0x53
 1632 0266 00000000 		.4byte	0
 1633 026a 00000000 		.4byte	0
ARM GAS  /tmp/ccyDgqIn.s 			page 30


 1634              	.LLST21:
 1635 026e 00000000 		.4byte	.LFB8
 1636 0272 02000000 		.4byte	.LCFI5
 1637 0276 0200     		.2byte	0x2
 1638 0278 7D       		.byte	0x7d
 1639 0279 00       		.sleb128 0
 1640 027a 02000000 		.4byte	.LCFI5
 1641 027e 06000000 		.4byte	.LCFI6
 1642 0282 0200     		.2byte	0x2
 1643 0284 7D       		.byte	0x7d
 1644 0285 14       		.sleb128 20
 1645 0286 06000000 		.4byte	.LCFI6
 1646 028a 7C000000 		.4byte	.LFE8
 1647 028e 0200     		.2byte	0x2
 1648 0290 7D       		.byte	0x7d
 1649 0291 20       		.sleb128 32
 1650 0292 00000000 		.4byte	0
 1651 0296 00000000 		.4byte	0
 1652              	.LLST22:
 1653 029a 00000000 		.4byte	.LVL31
 1654 029e 10000000 		.4byte	.LVL32
 1655 02a2 0100     		.2byte	0x1
 1656 02a4 50       		.byte	0x50
 1657 02a5 10000000 		.4byte	.LVL32
 1658 02a9 5A000000 		.4byte	.LVL41
 1659 02ad 0100     		.2byte	0x1
 1660 02af 54       		.byte	0x54
 1661 02b0 5A000000 		.4byte	.LVL41
 1662 02b4 5C000000 		.4byte	.LVL42
 1663 02b8 0100     		.2byte	0x1
 1664 02ba 50       		.byte	0x50
 1665 02bb 5C000000 		.4byte	.LVL42
 1666 02bf 66000000 		.4byte	.LVL43
 1667 02c3 0100     		.2byte	0x1
 1668 02c5 54       		.byte	0x54
 1669 02c6 66000000 		.4byte	.LVL43
 1670 02ca 68000000 		.4byte	.LVL44
 1671 02ce 0100     		.2byte	0x1
 1672 02d0 50       		.byte	0x50
 1673 02d1 68000000 		.4byte	.LVL44
 1674 02d5 7C000000 		.4byte	.LFE8
 1675 02d9 0100     		.2byte	0x1
 1676 02db 54       		.byte	0x54
 1677 02dc 00000000 		.4byte	0
 1678 02e0 00000000 		.4byte	0
 1679              	.LLST23:
 1680 02e4 00000000 		.4byte	.LVL31
 1681 02e8 10000000 		.4byte	.LVL32
 1682 02ec 0100     		.2byte	0x1
 1683 02ee 51       		.byte	0x51
 1684 02ef 10000000 		.4byte	.LVL32
 1685 02f3 20000000 		.4byte	.LVL34
 1686 02f7 0100     		.2byte	0x1
 1687 02f9 55       		.byte	0x55
 1688 02fa 20000000 		.4byte	.LVL34
 1689 02fe 36000000 		.4byte	.LVL38
 1690 0302 0400     		.2byte	0x4
ARM GAS  /tmp/ccyDgqIn.s 			page 31


 1691 0304 F3       		.byte	0xf3
 1692 0305 01       		.uleb128 0x1
 1693 0306 51       		.byte	0x51
 1694 0307 9F       		.byte	0x9f
 1695 0308 5A000000 		.4byte	.LVL41
 1696 030c 65000000 		.4byte	.LVL43-1
 1697 0310 0100     		.2byte	0x1
 1698 0312 51       		.byte	0x51
 1699 0313 65000000 		.4byte	.LVL43-1
 1700 0317 66000000 		.4byte	.LVL43
 1701 031b 0100     		.2byte	0x1
 1702 031d 55       		.byte	0x55
 1703 031e 66000000 		.4byte	.LVL43
 1704 0322 6D000000 		.4byte	.LVL45-1
 1705 0326 0100     		.2byte	0x1
 1706 0328 51       		.byte	0x51
 1707 0329 6D000000 		.4byte	.LVL45-1
 1708 032d 7C000000 		.4byte	.LFE8
 1709 0331 0100     		.2byte	0x1
 1710 0333 55       		.byte	0x55
 1711 0334 00000000 		.4byte	0
 1712 0338 00000000 		.4byte	0
 1713              	.LLST24:
 1714 033c 00000000 		.4byte	.LVL31
 1715 0340 19000000 		.4byte	.LVL33-1
 1716 0344 0100     		.2byte	0x1
 1717 0346 52       		.byte	0x52
 1718 0347 19000000 		.4byte	.LVL33-1
 1719 034b 24000000 		.4byte	.LVL35
 1720 034f 0300     		.2byte	0x3
 1721 0351 77       		.byte	0x77
 1722 0352 01       		.sleb128 1
 1723 0353 9F       		.byte	0x9f
 1724 0354 24000000 		.4byte	.LVL35
 1725 0358 34000000 		.4byte	.LVL37
 1726 035c 0300     		.2byte	0x3
 1727 035e 76       		.byte	0x76
 1728 035f 01       		.sleb128 1
 1729 0360 9F       		.byte	0x9f
 1730 0361 34000000 		.4byte	.LVL37
 1731 0365 36000000 		.4byte	.LVL38
 1732 0369 0300     		.2byte	0x3
 1733 036b 76       		.byte	0x76
 1734 036c 02       		.sleb128 2
 1735 036d 9F       		.byte	0x9f
 1736 036e 5A000000 		.4byte	.LVL41
 1737 0372 65000000 		.4byte	.LVL43-1
 1738 0376 0100     		.2byte	0x1
 1739 0378 52       		.byte	0x52
 1740 0379 65000000 		.4byte	.LVL43-1
 1741 037d 66000000 		.4byte	.LVL43
 1742 0381 0400     		.2byte	0x4
 1743 0383 F3       		.byte	0xf3
 1744 0384 01       		.uleb128 0x1
 1745 0385 52       		.byte	0x52
 1746 0386 9F       		.byte	0x9f
 1747 0387 66000000 		.4byte	.LVL43
ARM GAS  /tmp/ccyDgqIn.s 			page 32


 1748 038b 6D000000 		.4byte	.LVL45-1
 1749 038f 0100     		.2byte	0x1
 1750 0391 52       		.byte	0x52
 1751 0392 6D000000 		.4byte	.LVL45-1
 1752 0396 6E000000 		.4byte	.LVL45
 1753 039a 0400     		.2byte	0x4
 1754 039c F3       		.byte	0xf3
 1755 039d 01       		.uleb128 0x1
 1756 039e 52       		.byte	0x52
 1757 039f 9F       		.byte	0x9f
 1758 03a0 6E000000 		.4byte	.LVL45
 1759 03a4 7C000000 		.4byte	.LFE8
 1760 03a8 0200     		.2byte	0x2
 1761 03aa 91       		.byte	0x91
 1762 03ab 64       		.sleb128 -28
 1763 03ac 00000000 		.4byte	0
 1764 03b0 00000000 		.4byte	0
 1765              		.section	.debug_aranges,"",%progbits
 1766 0000 44000000 		.4byte	0x44
 1767 0004 0200     		.2byte	0x2
 1768 0006 00000000 		.4byte	.Ldebug_info0
 1769 000a 04       		.byte	0x4
 1770 000b 00       		.byte	0
 1771 000c 0000     		.2byte	0
 1772 000e 0000     		.2byte	0
 1773 0010 00000000 		.4byte	.LFB7
 1774 0014 20000000 		.4byte	.LFE7-.LFB7
 1775 0018 00000000 		.4byte	.LFB9
 1776 001c 2C000000 		.4byte	.LFE9-.LFB9
 1777 0020 00000000 		.4byte	.LFB10
 1778 0024 24000000 		.4byte	.LFE10-.LFB10
 1779 0028 00000000 		.4byte	.LFB11
 1780 002c 24000000 		.4byte	.LFE11-.LFB11
 1781 0030 00000000 		.4byte	.LFB12
 1782 0034 24000000 		.4byte	.LFE12-.LFB12
 1783 0038 00000000 		.4byte	.LFB8
 1784 003c 7C000000 		.4byte	.LFE8-.LFB8
 1785 0040 00000000 		.4byte	0
 1786 0044 00000000 		.4byte	0
 1787              		.section	.debug_ranges,"",%progbits
 1788              	.Ldebug_ranges0:
 1789 0000 02000000 		.4byte	.LBB2
 1790 0004 04000000 		.4byte	.LBE2
 1791 0008 06000000 		.4byte	.LBB3
 1792 000c 0A000000 		.4byte	.LBE3
 1793 0010 00000000 		.4byte	0
 1794 0014 00000000 		.4byte	0
 1795 0018 00000000 		.4byte	.LFB7
 1796 001c 20000000 		.4byte	.LFE7
 1797 0020 00000000 		.4byte	.LFB9
 1798 0024 2C000000 		.4byte	.LFE9
 1799 0028 00000000 		.4byte	.LFB10
 1800 002c 24000000 		.4byte	.LFE10
 1801 0030 00000000 		.4byte	.LFB11
 1802 0034 24000000 		.4byte	.LFE11
 1803 0038 00000000 		.4byte	.LFB12
 1804 003c 24000000 		.4byte	.LFE12
ARM GAS  /tmp/ccyDgqIn.s 			page 33


 1805 0040 00000000 		.4byte	.LFB8
 1806 0044 7C000000 		.4byte	.LFE8
 1807 0048 00000000 		.4byte	0
 1808 004c 00000000 		.4byte	0
 1809              		.section	.debug_line,"",%progbits
 1810              	.Ldebug_line0:
 1811 0000 40020000 		.section	.debug_str,"MS",%progbits,1
 1811      02006F01 
 1811      00000201 
 1811      FB0E0D00 
 1811      01010101 
 1812              	.LASF2:
 1813 0000 73697A65 		.ascii	"size_t\000"
 1813      5F7400
 1814              	.LASF30:
 1815 0007 6462675F 		.ascii	"dbg_check_lock\000"
 1815      63686563 
 1815      6B5F6C6F 
 1815      636B00
 1816              	.LASF33:
 1817 0016 2F686F6D 		.ascii	"/home/gokul/ChibiOS_2.5.0/os/kernel/src/chmempools."
 1817      652F676F 
 1817      6B756C2F 
 1817      43686962 
 1817      694F535F 
 1818 0049 6300     		.ascii	"c\000"
 1819              	.LASF31:
 1820 004b 6462675F 		.ascii	"dbg_check_unlock\000"
 1820      63686563 
 1820      6B5F756E 
 1820      6C6F636B 
 1820      00
 1821              	.LASF16:
 1822 005c 6D705F6F 		.ascii	"mp_object_size\000"
 1822      626A6563 
 1822      745F7369 
 1822      7A6500
 1823              	.LASF29:
 1824 006b 63684462 		.ascii	"chDbgCheckClassI\000"
 1824      67436865 
 1824      636B436C 
 1824      61737349 
 1824      00
 1825              	.LASF28:
 1826 007c 6368506F 		.ascii	"chPoolLoadArray\000"
 1826      6F6C4C6F 
 1826      61644172 
 1826      72617900 
 1827              	.LASF34:
 1828 008c 706F6F6C 		.ascii	"pool_header\000"
 1828      5F686561 
 1828      64657200 
 1829              	.LASF20:
 1830 0098 73697A65 		.ascii	"size\000"
 1830      00
 1831              	.LASF9:
 1832 009d 6C6F6E67 		.ascii	"long unsigned int\000"
ARM GAS  /tmp/ccyDgqIn.s 			page 34


 1832      20756E73 
 1832      69676E65 
 1832      6420696E 
 1832      7400
 1833              	.LASF6:
 1834 00af 73686F72 		.ascii	"short unsigned int\000"
 1834      7420756E 
 1834      7369676E 
 1834      65642069 
 1834      6E7400
 1835              	.LASF21:
 1836 00c2 70726F76 		.ascii	"provider\000"
 1836      69646572 
 1836      00
 1837              	.LASF26:
 1838 00cb 6368506F 		.ascii	"chPoolFreeI\000"
 1838      6F6C4672 
 1838      65654900 
 1839              	.LASF4:
 1840 00d7 756E7369 		.ascii	"unsigned char\000"
 1840      676E6564 
 1840      20636861 
 1840      7200
 1841              	.LASF27:
 1842 00e5 6368506F 		.ascii	"chPoolFree\000"
 1842      6F6C4672 
 1842      656500
 1843              	.LASF18:
 1844 00f0 4D656D6F 		.ascii	"MemoryPool\000"
 1844      7279506F 
 1844      6F6C00
 1845              	.LASF24:
 1846 00fb 6F626A70 		.ascii	"objp\000"
 1846      00
 1847              	.LASF22:
 1848 0100 6368506F 		.ascii	"chPoolAllocI\000"
 1848      6F6C416C 
 1848      6C6F6349 
 1848      00
 1849              	.LASF0:
 1850 010d 756E7369 		.ascii	"unsigned int\000"
 1850      676E6564 
 1850      20696E74 
 1850      00
 1851              	.LASF11:
 1852 011a 6C6F6E67 		.ascii	"long long unsigned int\000"
 1852      206C6F6E 
 1852      6720756E 
 1852      7369676E 
 1852      65642069 
 1853              	.LASF3:
 1854 0131 75696E74 		.ascii	"uint8_t\000"
 1854      385F7400 
 1855              	.LASF14:
 1856 0139 70685F6E 		.ascii	"ph_next\000"
 1856      65787400 
 1857              	.LASF12:
ARM GAS  /tmp/ccyDgqIn.s 			page 35


 1858 0141 73697A65 		.ascii	"sizetype\000"
 1858      74797065 
 1858      00
 1859              	.LASF10:
 1860 014a 6C6F6E67 		.ascii	"long long int\000"
 1860      206C6F6E 
 1860      6720696E 
 1860      7400
 1861              	.LASF19:
 1862 0158 63686172 		.ascii	"char\000"
 1862      00
 1863              	.LASF35:
 1864 015d 63684462 		.ascii	"chDbgPanic\000"
 1864      6750616E 
 1864      696300
 1865              	.LASF13:
 1866 0168 6D656D67 		.ascii	"memgetfunc_t\000"
 1866      65746675 
 1866      6E635F74 
 1866      00
 1867              	.LASF17:
 1868 0175 6D705F70 		.ascii	"mp_provider\000"
 1868      726F7669 
 1868      64657200 
 1869              	.LASF5:
 1870 0181 73686F72 		.ascii	"short int\000"
 1870      7420696E 
 1870      7400
 1871              	.LASF23:
 1872 018b 6368506F 		.ascii	"chPoolAlloc\000"
 1872      6F6C416C 
 1872      6C6F6300 
 1873              	.LASF32:
 1874 0197 474E5520 		.ascii	"GNU C 4.7.3 20130312 (release) [ARM/embedded-4_7-br"
 1874      4320342E 
 1874      372E3320 
 1874      32303133 
 1874      30333132 
 1875 01ca 616E6368 		.ascii	"anch revision 196615]\000"
 1875      20726576 
 1875      6973696F 
 1875      6E203139 
 1875      36363135 
 1876              	.LASF8:
 1877 01e0 75696E74 		.ascii	"uint32_t\000"
 1877      33325F74 
 1877      00
 1878              	.LASF7:
 1879 01e9 6C6F6E67 		.ascii	"long int\000"
 1879      20696E74 
 1879      00
 1880              	.LASF1:
 1881 01f2 7369676E 		.ascii	"signed char\000"
 1881      65642063 
 1881      68617200 
 1882              	.LASF15:
 1883 01fe 6D705F6E 		.ascii	"mp_next\000"
ARM GAS  /tmp/ccyDgqIn.s 			page 36


 1883      65787400 
 1884              	.LASF25:
 1885 0206 6368506F 		.ascii	"chPoolInit\000"
 1885      6F6C496E 
 1885      697400
 1886              		.ident	"GCC: (GNU Tools for ARM Embedded Processors) 4.7.3 20130312 (release) [ARM/embedded-4_7-br
ARM GAS  /tmp/ccyDgqIn.s 			page 37


DEFINED SYMBOLS
                            *ABS*:00000000 chmempools.c
     /tmp/ccyDgqIn.s:19     .text.chPoolInit:00000000 $t
     /tmp/ccyDgqIn.s:25     .text.chPoolInit:00000000 chPoolInit
     /tmp/ccyDgqIn.s:65     .text.chPoolInit:0000001c $d
     /tmp/ccyDgqIn.s:70     .text.chPoolAllocI:00000000 $t
     /tmp/ccyDgqIn.s:76     .text.chPoolAllocI:00000000 chPoolAllocI
     /tmp/ccyDgqIn.s:126    .text.chPoolAllocI:00000028 $d
     /tmp/ccyDgqIn.s:131    .text.chPoolAlloc:00000000 $t
     /tmp/ccyDgqIn.s:137    .text.chPoolAlloc:00000000 chPoolAlloc
     /tmp/ccyDgqIn.s:191    .text.chPoolFreeI:00000000 $t
     /tmp/ccyDgqIn.s:197    .text.chPoolFreeI:00000000 chPoolFreeI
     /tmp/ccyDgqIn.s:238    .text.chPoolFreeI:00000020 $d
     /tmp/ccyDgqIn.s:243    .text.chPoolFree:00000000 $t
     /tmp/ccyDgqIn.s:249    .text.chPoolFree:00000000 chPoolFree
     /tmp/ccyDgqIn.s:300    .text.chPoolLoadArray:00000000 $t
     /tmp/ccyDgqIn.s:306    .text.chPoolLoadArray:00000000 chPoolLoadArray
     /tmp/ccyDgqIn.s:424    .text.chPoolLoadArray:00000078 $d
     /tmp/ccyDgqIn.s:429    .rodata.str1.4:00000000 $d
                     .debug_frame:00000010 $d
     /tmp/ccyDgqIn.s:130    .text.chPoolAllocI:0000002c $t
     /tmp/ccyDgqIn.s:242    .text.chPoolFreeI:00000024 $t
     /tmp/ccyDgqIn.s:428    .text.chPoolLoadArray:0000007c $t

UNDEFINED SYMBOLS
chDbgPanic
chDbgCheckClassI
dbg_check_lock
dbg_check_unlock
