ARM GAS  /tmp/cc6ZvnxP.s 			page 1


   1              		.syntax unified
   2              		.cpu cortex-m4
   3              		.fpu softvfp
   4              		.eabi_attribute 20, 1
   5              		.eabi_attribute 21, 1
   6              		.eabi_attribute 23, 3
   7              		.eabi_attribute 24, 1
   8              		.eabi_attribute 25, 1
   9              		.eabi_attribute 26, 1
  10              		.eabi_attribute 30, 2
  11              		.eabi_attribute 34, 1
  12              		.eabi_attribute 18, 4
  13              		.thumb
  14              		.file	"nvic.c"
  15              		.text
  16              	.Ltext0:
  17              		.cfi_sections	.debug_frame
  18              		.section	.text.nvicEnableVector,"ax",%progbits
  19              		.align	2
  20              		.p2align 4,,15
  21              		.global	nvicEnableVector
  22              		.thumb
  23              		.thumb_func
  24              		.type	nvicEnableVector, %function
  25              	nvicEnableVector:
  26              	.LFB7:
  27              		.file 1 "/home/gokul/ChibiOS_2.5.0/os/ports/common/ARMCMx/nvic.c"
  28              		.loc 1 39 0
  29              		.cfi_startproc
  30              		@ args = 0, pretend = 0, frame = 0
  31              		@ frame_needed = 0, uses_anonymous_args = 0
  32              		@ link register save eliminated.
  33              	.LVL0:
  34 0000 F0B4     		push	{r4, r5, r6, r7}
  35              	.LCFI0:
  36              		.cfi_def_cfa_offset 16
  37              		.cfi_offset 4, -16
  38              		.cfi_offset 5, -12
  39              		.cfi_offset 6, -8
  40              		.cfi_offset 7, -4
  41              		.loc 1 42 0
  42 0002 4FF46143 		mov	r3, #57600
  43 0006 8408     		lsrs	r4, r0, #2
  44 0008 CEF20003 		movt	r3, 57344
  45 000c C034     		adds	r4, r4, #192
  46              		.loc 1 40 0
  47 000e 00F00305 		and	r5, r0, #3
  48              		.loc 1 42 0
  49 0012 53F82470 		ldr	r7, [r3, r4, lsl #2]
  50              		.loc 1 40 0
  51 0016 ED00     		lsls	r5, r5, #3
  52              	.LVL1:
  53              		.loc 1 42 0
  54 0018 FF26     		movs	r6, #255
  55              		.loc 1 43 0
  56 001a 4209     		lsrs	r2, r0, #5
  57              		.loc 1 42 0
ARM GAS  /tmp/cc6ZvnxP.s 			page 2


  58 001c 06FA05F6 		lsl	r6, r6, r5
  59 0020 27EA0606 		bic	r6, r7, r6
  60 0024 01FA05F5 		lsl	r5, r1, r5
  61              	.LVL2:
  62              		.loc 1 43 0
  63 0028 00F01F00 		and	r0, r0, #31
  64              	.LVL3:
  65 002c 02F16007 		add	r7, r2, #96
  66 0030 0121     		movs	r1, #1
  67              	.LVL4:
  68 0032 01FA00F0 		lsl	r0, r1, r0
  69              		.loc 1 42 0
  70 0036 2E43     		orrs	r6, r6, r5
  71 0038 43F82460 		str	r6, [r3, r4, lsl #2]
  72              		.loc 1 43 0
  73 003c 43F82700 		str	r0, [r3, r7, lsl #2]
  74              		.loc 1 44 0
  75 0040 43F82200 		str	r0, [r3, r2, lsl #2]
  76              		.loc 1 45 0
  77 0044 F0BC     		pop	{r4, r5, r6, r7}
  78 0046 7047     		bx	lr
  79              		.cfi_endproc
  80              	.LFE7:
  81              		.size	nvicEnableVector, .-nvicEnableVector
  82 0048 AFF30080 		.section	.text.nvicDisableVector,"ax",%progbits
  82      AFF30080 
  83              		.align	2
  84              		.p2align 4,,15
  85              		.global	nvicDisableVector
  86              		.thumb
  87              		.thumb_func
  88              		.type	nvicDisableVector, %function
  89              	nvicDisableVector:
  90              	.LFB8:
  91              		.loc 1 53 0
  92              		.cfi_startproc
  93              		@ args = 0, pretend = 0, frame = 0
  94              		@ frame_needed = 0, uses_anonymous_args = 0
  95              		@ link register save eliminated.
  96              	.LVL5:
  97              		.loc 1 56 0
  98 0000 4109     		lsrs	r1, r0, #5
  99 0002 4FF46143 		mov	r3, #57600
 100              		.loc 1 53 0
 101 0006 10B4     		push	{r4}
 102              	.LCFI1:
 103              		.cfi_def_cfa_offset 4
 104              		.cfi_offset 4, -4
 105              		.loc 1 56 0
 106 0008 CEF20003 		movt	r3, 57344
 107 000c 00F01F02 		and	r2, r0, #31
 108 0010 2031     		adds	r1, r1, #32
 109 0012 0124     		movs	r4, #1
 110 0014 04FA02F4 		lsl	r4, r4, r2
 111              		.loc 1 57 0
 112 0018 8208     		lsrs	r2, r0, #2
 113              		.loc 1 56 0
ARM GAS  /tmp/cc6ZvnxP.s 			page 3


 114 001a 43F82140 		str	r4, [r3, r1, lsl #2]
 115              		.loc 1 57 0
 116 001e C032     		adds	r2, r2, #192
 117              		.loc 1 54 0
 118 0020 00F00300 		and	r0, r0, #3
 119              	.LVL6:
 120              		.loc 1 57 0
 121 0024 53F82210 		ldr	r1, [r3, r2, lsl #2]
 122              		.loc 1 54 0
 123 0028 C000     		lsls	r0, r0, #3
 124              	.LVL7:
 125              		.loc 1 57 0
 126 002a FF24     		movs	r4, #255
 127 002c 04FA00F0 		lsl	r0, r4, r0
 128              	.LVL8:
 129 0030 21EA0001 		bic	r1, r1, r0
 130 0034 43F82210 		str	r1, [r3, r2, lsl #2]
 131              		.loc 1 58 0
 132 0038 10BC     		pop	{r4}
 133 003a 7047     		bx	lr
 134              		.cfi_endproc
 135              	.LFE8:
 136              		.size	nvicDisableVector, .-nvicDisableVector
 137 003c AFF30080 		.section	.text.nvicSetSystemHandlerPriority,"ax",%progbits
 138              		.align	2
 139              		.p2align 4,,15
 140              		.global	nvicSetSystemHandlerPriority
 141              		.thumb
 142              		.thumb_func
 143              		.type	nvicSetSystemHandlerPriority, %function
 144              	nvicSetSystemHandlerPriority:
 145              	.LFB9:
 146              		.loc 1 67 0
 147              		.cfi_startproc
 148              		@ args = 0, pretend = 0, frame = 0
 149              		@ frame_needed = 0, uses_anonymous_args = 0
 150              		@ link register save eliminated.
 151              	.LVL9:
 152              		.loc 1 70 0
 153 0000 8208     		lsrs	r2, r0, #2
 154 0002 4FF46D43 		mov	r3, #60672
 155 0006 CEF20003 		movt	r3, 57344
 156 000a 0632     		adds	r2, r2, #6
 157              		.loc 1 68 0
 158 000c 00F00300 		and	r0, r0, #3
 159              	.LVL10:
 160              		.loc 1 67 0
 161 0010 30B4     		push	{r4, r5}
 162              	.LCFI2:
 163              		.cfi_def_cfa_offset 8
 164              		.cfi_offset 4, -8
 165              		.cfi_offset 5, -4
 166              		.loc 1 68 0
 167 0012 C000     		lsls	r0, r0, #3
 168              	.LVL11:
 169              		.loc 1 70 0
 170 0014 53F82250 		ldr	r5, [r3, r2, lsl #2]
ARM GAS  /tmp/cc6ZvnxP.s 			page 4


 171              		.loc 1 71 0
 172 0018 FF24     		movs	r4, #255
 173 001a 04FA00F4 		lsl	r4, r4, r0
 174              		.loc 1 70 0
 175 001e 25EA0404 		bic	r4, r5, r4
 176              		.loc 1 71 0
 177 0022 01FA00F1 		lsl	r1, r1, r0
 178              	.LVL12:
 179 0026 0C43     		orrs	r4, r4, r1
 180              		.loc 1 70 0
 181 0028 43F82240 		str	r4, [r3, r2, lsl #2]
 182              		.loc 1 72 0
 183 002c 30BC     		pop	{r4, r5}
 184 002e 7047     		bx	lr
 185              		.cfi_endproc
 186              	.LFE9:
 187              		.size	nvicSetSystemHandlerPriority, .-nvicSetSystemHandlerPriority
 188              		.text
 189              	.Letext0:
 190              		.file 2 "/opt/gcc-arm-none-eabi-4_7-2013q1/bin/../lib/gcc/arm-none-eabi/4.7.3/../../../../arm-none
 191              		.file 3 "/home/gokul/ChibiOS_2.5.0/os/ports/common/ARMCMx/nvic.h"
 192              		.section	.debug_info,"",%progbits
 193              	.Ldebug_info0:
 194 0000 46040000 		.4byte	0x446
 195 0004 0200     		.2byte	0x2
 196 0006 00000000 		.4byte	.Ldebug_abbrev0
 197 000a 04       		.byte	0x4
 198 000b 01       		.uleb128 0x1
 199 000c 7C010000 		.4byte	.LASF45
 200 0010 01       		.byte	0x1
 201 0011 98000000 		.4byte	.LASF46
 202 0015 00000000 		.4byte	.Ldebug_ranges0+0
 203 0019 00000000 		.4byte	0
 204 001d 00000000 		.4byte	0
 205 0021 00000000 		.4byte	.Ldebug_line0
 206 0025 02       		.uleb128 0x2
 207 0026 04       		.byte	0x4
 208 0027 05       		.byte	0x5
 209 0028 696E7400 		.ascii	"int\000"
 210 002c 03       		.uleb128 0x3
 211 002d 04       		.byte	0x4
 212 002e 07       		.byte	0x7
 213 002f FC000000 		.4byte	.LASF0
 214 0033 03       		.uleb128 0x3
 215 0034 01       		.byte	0x1
 216 0035 06       		.byte	0x6
 217 0036 DC010000 		.4byte	.LASF1
 218 003a 03       		.uleb128 0x3
 219 003b 01       		.byte	0x1
 220 003c 08       		.byte	0x8
 221 003d 42000000 		.4byte	.LASF2
 222 0041 03       		.uleb128 0x3
 223 0042 02       		.byte	0x2
 224 0043 05       		.byte	0x5
 225 0044 F2000000 		.4byte	.LASF3
 226 0048 03       		.uleb128 0x3
 227 0049 02       		.byte	0x2
ARM GAS  /tmp/cc6ZvnxP.s 			page 5


 228 004a 07       		.byte	0x7
 229 004b 80000000 		.4byte	.LASF4
 230 004f 03       		.uleb128 0x3
 231 0050 04       		.byte	0x4
 232 0051 05       		.byte	0x5
 233 0052 CE010000 		.4byte	.LASF5
 234 0056 04       		.uleb128 0x4
 235 0057 C5010000 		.4byte	.LASF9
 236 005b 02       		.byte	0x2
 237 005c 50       		.byte	0x50
 238 005d 61000000 		.4byte	0x61
 239 0061 03       		.uleb128 0x3
 240 0062 04       		.byte	0x4
 241 0063 07       		.byte	0x7
 242 0064 D5000000 		.4byte	.LASF6
 243 0068 03       		.uleb128 0x3
 244 0069 08       		.byte	0x8
 245 006a 05       		.byte	0x5
 246 006b 53010000 		.4byte	.LASF7
 247 006f 03       		.uleb128 0x3
 248 0070 08       		.byte	0x8
 249 0071 07       		.byte	0x7
 250 0072 13010000 		.4byte	.LASF8
 251 0076 04       		.uleb128 0x4
 252 0077 3A000000 		.4byte	.LASF10
 253 007b 03       		.byte	0x3
 254 007c 33       		.byte	0x33
 255 007d 81000000 		.4byte	0x81
 256 0081 05       		.uleb128 0x5
 257 0082 56000000 		.4byte	0x56
 258 0086 06       		.uleb128 0x6
 259 0087 040E     		.2byte	0xe04
 260 0089 03       		.byte	0x3
 261 008a 63       		.byte	0x63
 262 008b 51010000 		.4byte	0x151
 263 008f 07       		.uleb128 0x7
 264 0090 6C010000 		.4byte	.LASF11
 265 0094 03       		.byte	0x3
 266 0095 64       		.byte	0x64
 267 0096 68010000 		.4byte	0x168
 268 009a 02       		.byte	0x2
 269 009b 23       		.byte	0x23
 270 009c 00       		.uleb128 0
 271 009d 07       		.uleb128 0x7
 272 009e 50000000 		.4byte	.LASF12
 273 00a2 03       		.byte	0x3
 274 00a3 65       		.byte	0x65
 275 00a4 7D010000 		.4byte	0x17d
 276 00a8 02       		.byte	0x2
 277 00a9 23       		.byte	0x23
 278 00aa 20       		.uleb128 0x20
 279 00ab 07       		.uleb128 0x7
 280 00ac 35000000 		.4byte	.LASF13
 281 00b0 03       		.byte	0x3
 282 00b1 66       		.byte	0x66
 283 00b2 82010000 		.4byte	0x182
 284 00b6 03       		.byte	0x3
ARM GAS  /tmp/cc6ZvnxP.s 			page 6


 285 00b7 23       		.byte	0x23
 286 00b8 8001     		.uleb128 0x80
 287 00ba 07       		.uleb128 0x7
 288 00bb 58000000 		.4byte	.LASF14
 289 00bf 03       		.byte	0x3
 290 00c0 67       		.byte	0x67
 291 00c1 87010000 		.4byte	0x187
 292 00c5 03       		.byte	0x3
 293 00c6 23       		.byte	0x23
 294 00c7 A001     		.uleb128 0xa0
 295 00c9 07       		.uleb128 0x7
 296 00ca 09010000 		.4byte	.LASF15
 297 00ce 03       		.byte	0x3
 298 00cf 68       		.byte	0x68
 299 00d0 8C010000 		.4byte	0x18c
 300 00d4 03       		.byte	0x3
 301 00d5 23       		.byte	0x23
 302 00d6 8002     		.uleb128 0x100
 303 00d8 07       		.uleb128 0x7
 304 00d9 60000000 		.4byte	.LASF16
 305 00dd 03       		.byte	0x3
 306 00de 69       		.byte	0x69
 307 00df 91010000 		.4byte	0x191
 308 00e3 03       		.byte	0x3
 309 00e4 23       		.byte	0x23
 310 00e5 A002     		.uleb128 0x120
 311 00e7 07       		.uleb128 0x7
 312 00e8 05000000 		.4byte	.LASF17
 313 00ec 03       		.byte	0x3
 314 00ed 6A       		.byte	0x6a
 315 00ee 96010000 		.4byte	0x196
 316 00f2 03       		.byte	0x3
 317 00f3 23       		.byte	0x23
 318 00f4 8003     		.uleb128 0x180
 319 00f6 07       		.uleb128 0x7
 320 00f7 68000000 		.4byte	.LASF18
 321 00fb 03       		.byte	0x3
 322 00fc 6B       		.byte	0x6b
 323 00fd 9B010000 		.4byte	0x19b
 324 0101 03       		.byte	0x3
 325 0102 23       		.byte	0x23
 326 0103 A003     		.uleb128 0x1a0
 327 0105 07       		.uleb128 0x7
 328 0106 05020000 		.4byte	.LASF19
 329 010a 03       		.byte	0x3
 330 010b 6C       		.byte	0x6c
 331 010c A0010000 		.4byte	0x1a0
 332 0110 03       		.byte	0x3
 333 0111 23       		.byte	0x23
 334 0112 8004     		.uleb128 0x200
 335 0114 07       		.uleb128 0x7
 336 0115 70000000 		.4byte	.LASF20
 337 0119 03       		.byte	0x3
 338 011a 6D       		.byte	0x6d
 339 011b B5010000 		.4byte	0x1b5
 340 011f 03       		.byte	0x3
 341 0120 23       		.byte	0x23
ARM GAS  /tmp/cc6ZvnxP.s 			page 7


 342 0121 A004     		.uleb128 0x220
 343 0123 08       		.uleb128 0x8
 344 0124 49505200 		.ascii	"IPR\000"
 345 0128 03       		.byte	0x3
 346 0129 6E       		.byte	0x6e
 347 012a CA010000 		.4byte	0x1ca
 348 012e 03       		.byte	0x3
 349 012f 23       		.byte	0x23
 350 0130 8006     		.uleb128 0x300
 351 0132 07       		.uleb128 0x7
 352 0133 78000000 		.4byte	.LASF21
 353 0137 03       		.byte	0x3
 354 0138 6F       		.byte	0x6f
 355 0139 E0010000 		.4byte	0x1e0
 356 013d 03       		.byte	0x3
 357 013e 23       		.byte	0x23
 358 013f F007     		.uleb128 0x3f0
 359 0141 07       		.uleb128 0x7
 360 0142 ED000000 		.4byte	.LASF22
 361 0146 03       		.byte	0x3
 362 0147 70       		.byte	0x70
 363 0148 76000000 		.4byte	0x76
 364 014c 03       		.byte	0x3
 365 014d 23       		.byte	0x23
 366 014e 801C     		.uleb128 0xe00
 367 0150 00       		.byte	0
 368 0151 09       		.uleb128 0x9
 369 0152 76000000 		.4byte	0x76
 370 0156 61010000 		.4byte	0x161
 371 015a 0A       		.uleb128 0xa
 372 015b 61010000 		.4byte	0x161
 373 015f 07       		.byte	0x7
 374 0160 00       		.byte	0
 375 0161 03       		.uleb128 0x3
 376 0162 04       		.byte	0x4
 377 0163 07       		.byte	0x7
 378 0164 4A010000 		.4byte	.LASF23
 379 0168 05       		.uleb128 0x5
 380 0169 51010000 		.4byte	0x151
 381 016d 09       		.uleb128 0x9
 382 016e 76000000 		.4byte	0x76
 383 0172 7D010000 		.4byte	0x17d
 384 0176 0A       		.uleb128 0xa
 385 0177 61010000 		.4byte	0x161
 386 017b 17       		.byte	0x17
 387 017c 00       		.byte	0
 388 017d 05       		.uleb128 0x5
 389 017e 6D010000 		.4byte	0x16d
 390 0182 05       		.uleb128 0x5
 391 0183 51010000 		.4byte	0x151
 392 0187 05       		.uleb128 0x5
 393 0188 6D010000 		.4byte	0x16d
 394 018c 05       		.uleb128 0x5
 395 018d 51010000 		.4byte	0x151
 396 0191 05       		.uleb128 0x5
 397 0192 6D010000 		.4byte	0x16d
 398 0196 05       		.uleb128 0x5
ARM GAS  /tmp/cc6ZvnxP.s 			page 8


 399 0197 51010000 		.4byte	0x151
 400 019b 05       		.uleb128 0x5
 401 019c 6D010000 		.4byte	0x16d
 402 01a0 05       		.uleb128 0x5
 403 01a1 51010000 		.4byte	0x151
 404 01a5 09       		.uleb128 0x9
 405 01a6 76000000 		.4byte	0x76
 406 01aa B5010000 		.4byte	0x1b5
 407 01ae 0A       		.uleb128 0xa
 408 01af 61010000 		.4byte	0x161
 409 01b3 37       		.byte	0x37
 410 01b4 00       		.byte	0
 411 01b5 05       		.uleb128 0x5
 412 01b6 A5010000 		.4byte	0x1a5
 413 01ba 09       		.uleb128 0x9
 414 01bb 76000000 		.4byte	0x76
 415 01bf CA010000 		.4byte	0x1ca
 416 01c3 0A       		.uleb128 0xa
 417 01c4 61010000 		.4byte	0x161
 418 01c8 3B       		.byte	0x3b
 419 01c9 00       		.byte	0
 420 01ca 05       		.uleb128 0x5
 421 01cb BA010000 		.4byte	0x1ba
 422 01cf 09       		.uleb128 0x9
 423 01d0 76000000 		.4byte	0x76
 424 01d4 E0010000 		.4byte	0x1e0
 425 01d8 0B       		.uleb128 0xb
 426 01d9 61010000 		.4byte	0x161
 427 01dd 8302     		.2byte	0x283
 428 01df 00       		.byte	0
 429 01e0 05       		.uleb128 0x5
 430 01e1 CF010000 		.4byte	0x1cf
 431 01e5 04       		.uleb128 0x4
 432 01e6 27000000 		.4byte	.LASF24
 433 01ea 03       		.byte	0x3
 434 01eb 71       		.byte	0x71
 435 01ec 86000000 		.4byte	0x86
 436 01f0 0C       		.uleb128 0xc
 437 01f1 8C       		.byte	0x8c
 438 01f2 03       		.byte	0x3
 439 01f3 82       		.byte	0x82
 440 01f4 20030000 		.4byte	0x320
 441 01f8 07       		.uleb128 0x7
 442 01f9 61010000 		.4byte	.LASF25
 443 01fd 03       		.byte	0x3
 444 01fe 83       		.byte	0x83
 445 01ff 76000000 		.4byte	0x76
 446 0203 02       		.byte	0x2
 447 0204 23       		.byte	0x23
 448 0205 00       		.uleb128 0
 449 0206 07       		.uleb128 0x7
 450 0207 2A010000 		.4byte	.LASF26
 451 020b 03       		.byte	0x3
 452 020c 84       		.byte	0x84
 453 020d 76000000 		.4byte	0x76
 454 0211 02       		.byte	0x2
 455 0212 23       		.byte	0x23
ARM GAS  /tmp/cc6ZvnxP.s 			page 9


 456 0213 04       		.uleb128 0x4
 457 0214 07       		.uleb128 0x7
 458 0215 30000000 		.4byte	.LASF27
 459 0219 03       		.byte	0x3
 460 021a 85       		.byte	0x85
 461 021b 76000000 		.4byte	0x76
 462 021f 02       		.byte	0x2
 463 0220 23       		.byte	0x23
 464 0221 08       		.uleb128 0x8
 465 0222 07       		.uleb128 0x7
 466 0223 37010000 		.4byte	.LASF28
 467 0227 03       		.byte	0x3
 468 0228 86       		.byte	0x86
 469 0229 76000000 		.4byte	0x76
 470 022d 02       		.byte	0x2
 471 022e 23       		.byte	0x23
 472 022f 0C       		.uleb128 0xc
 473 0230 08       		.uleb128 0x8
 474 0231 53435200 		.ascii	"SCR\000"
 475 0235 03       		.byte	0x3
 476 0236 87       		.byte	0x87
 477 0237 76000000 		.4byte	0x76
 478 023b 02       		.byte	0x2
 479 023c 23       		.byte	0x23
 480 023d 10       		.uleb128 0x10
 481 023e 08       		.uleb128 0x8
 482 023f 43435200 		.ascii	"CCR\000"
 483 0243 03       		.byte	0x3
 484 0244 88       		.byte	0x88
 485 0245 76000000 		.4byte	0x76
 486 0249 02       		.byte	0x2
 487 024a 23       		.byte	0x23
 488 024b 14       		.uleb128 0x14
 489 024c 07       		.uleb128 0x7
 490 024d D7010000 		.4byte	.LASF29
 491 0251 03       		.byte	0x3
 492 0252 89       		.byte	0x89
 493 0253 30030000 		.4byte	0x330
 494 0257 02       		.byte	0x2
 495 0258 23       		.byte	0x23
 496 0259 18       		.uleb128 0x18
 497 025a 07       		.uleb128 0x7
 498 025b 0F000000 		.4byte	.LASF30
 499 025f 03       		.byte	0x3
 500 0260 8A       		.byte	0x8a
 501 0261 76000000 		.4byte	0x76
 502 0265 02       		.byte	0x2
 503 0266 23       		.byte	0x23
 504 0267 24       		.uleb128 0x24
 505 0268 07       		.uleb128 0x7
 506 0269 93000000 		.4byte	.LASF31
 507 026d 03       		.byte	0x3
 508 026e 8B       		.byte	0x8b
 509 026f 76000000 		.4byte	0x76
 510 0273 02       		.byte	0x2
 511 0274 23       		.byte	0x23
 512 0275 28       		.uleb128 0x28
ARM GAS  /tmp/cc6ZvnxP.s 			page 10


 513 0276 07       		.uleb128 0x7
 514 0277 D0000000 		.4byte	.LASF32
 515 027b 03       		.byte	0x3
 516 027c 8C       		.byte	0x8c
 517 027d 76000000 		.4byte	0x76
 518 0281 02       		.byte	0x2
 519 0282 23       		.byte	0x23
 520 0283 2C       		.uleb128 0x2c
 521 0284 07       		.uleb128 0x7
 522 0285 0E010000 		.4byte	.LASF33
 523 0289 03       		.byte	0x3
 524 028a 8D       		.byte	0x8d
 525 028b 76000000 		.4byte	0x76
 526 028f 02       		.byte	0x2
 527 0290 23       		.byte	0x23
 528 0291 30       		.uleb128 0x30
 529 0292 07       		.uleb128 0x7
 530 0293 76010000 		.4byte	.LASF34
 531 0297 03       		.byte	0x3
 532 0298 8E       		.byte	0x8e
 533 0299 76000000 		.4byte	0x76
 534 029d 02       		.byte	0x2
 535 029e 23       		.byte	0x23
 536 029f 34       		.uleb128 0x34
 537 02a0 07       		.uleb128 0x7
 538 02a1 3D010000 		.4byte	.LASF35
 539 02a5 03       		.byte	0x3
 540 02a6 8F       		.byte	0x8f
 541 02a7 76000000 		.4byte	0x76
 542 02ab 02       		.byte	0x2
 543 02ac 23       		.byte	0x23
 544 02ad 38       		.uleb128 0x38
 545 02ae 07       		.uleb128 0x7
 546 02af 71010000 		.4byte	.LASF36
 547 02b3 03       		.byte	0x3
 548 02b4 90       		.byte	0x90
 549 02b5 76000000 		.4byte	0x76
 550 02b9 02       		.byte	0x2
 551 02ba 23       		.byte	0x23
 552 02bb 3C       		.uleb128 0x3c
 553 02bc 08       		.uleb128 0x8
 554 02bd 50465200 		.ascii	"PFR\000"
 555 02c1 03       		.byte	0x3
 556 02c2 91       		.byte	0x91
 557 02c3 45030000 		.4byte	0x345
 558 02c7 02       		.byte	0x2
 559 02c8 23       		.byte	0x23
 560 02c9 40       		.uleb128 0x40
 561 02ca 08       		.uleb128 0x8
 562 02cb 44465200 		.ascii	"DFR\000"
 563 02cf 03       		.byte	0x3
 564 02d0 92       		.byte	0x92
 565 02d1 76000000 		.4byte	0x76
 566 02d5 02       		.byte	0x2
 567 02d6 23       		.byte	0x23
 568 02d7 48       		.uleb128 0x48
 569 02d8 08       		.uleb128 0x8
ARM GAS  /tmp/cc6ZvnxP.s 			page 11


 570 02d9 41445200 		.ascii	"ADR\000"
 571 02dd 03       		.byte	0x3
 572 02de 93       		.byte	0x93
 573 02df 76000000 		.4byte	0x76
 574 02e3 02       		.byte	0x2
 575 02e4 23       		.byte	0x23
 576 02e5 4C       		.uleb128 0x4c
 577 02e6 07       		.uleb128 0x7
 578 02e7 0A000000 		.4byte	.LASF37
 579 02eb 03       		.byte	0x3
 580 02ec 94       		.byte	0x94
 581 02ed 5A030000 		.4byte	0x35a
 582 02f1 02       		.byte	0x2
 583 02f2 23       		.byte	0x23
 584 02f3 50       		.uleb128 0x50
 585 02f4 08       		.uleb128 0x8
 586 02f5 53415200 		.ascii	"SAR\000"
 587 02f9 03       		.byte	0x3
 588 02fa 95       		.byte	0x95
 589 02fb 6F030000 		.4byte	0x36f
 590 02ff 02       		.byte	0x2
 591 0300 23       		.byte	0x23
 592 0301 60       		.uleb128 0x60
 593 0302 07       		.uleb128 0x7
 594 0303 50000000 		.4byte	.LASF12
 595 0307 03       		.byte	0x3
 596 0308 96       		.byte	0x96
 597 0309 74030000 		.4byte	0x374
 598 030d 02       		.byte	0x2
 599 030e 23       		.byte	0x23
 600 030f 74       		.uleb128 0x74
 601 0310 07       		.uleb128 0x7
 602 0311 E7000000 		.4byte	.LASF38
 603 0315 03       		.byte	0x3
 604 0316 97       		.byte	0x97
 605 0317 76000000 		.4byte	0x76
 606 031b 03       		.byte	0x3
 607 031c 23       		.byte	0x23
 608 031d 8801     		.uleb128 0x88
 609 031f 00       		.byte	0
 610 0320 09       		.uleb128 0x9
 611 0321 76000000 		.4byte	0x76
 612 0325 30030000 		.4byte	0x330
 613 0329 0A       		.uleb128 0xa
 614 032a 61010000 		.4byte	0x161
 615 032e 02       		.byte	0x2
 616 032f 00       		.byte	0
 617 0330 05       		.uleb128 0x5
 618 0331 20030000 		.4byte	0x320
 619 0335 09       		.uleb128 0x9
 620 0336 76000000 		.4byte	0x76
 621 033a 45030000 		.4byte	0x345
 622 033e 0A       		.uleb128 0xa
 623 033f 61010000 		.4byte	0x161
 624 0343 01       		.byte	0x1
 625 0344 00       		.byte	0
 626 0345 05       		.uleb128 0x5
ARM GAS  /tmp/cc6ZvnxP.s 			page 12


 627 0346 35030000 		.4byte	0x335
 628 034a 09       		.uleb128 0x9
 629 034b 76000000 		.4byte	0x76
 630 034f 5A030000 		.4byte	0x35a
 631 0353 0A       		.uleb128 0xa
 632 0354 61010000 		.4byte	0x161
 633 0358 03       		.byte	0x3
 634 0359 00       		.byte	0
 635 035a 05       		.uleb128 0x5
 636 035b 4A030000 		.4byte	0x34a
 637 035f 09       		.uleb128 0x9
 638 0360 76000000 		.4byte	0x76
 639 0364 6F030000 		.4byte	0x36f
 640 0368 0A       		.uleb128 0xa
 641 0369 61010000 		.4byte	0x161
 642 036d 04       		.byte	0x4
 643 036e 00       		.byte	0
 644 036f 05       		.uleb128 0x5
 645 0370 5F030000 		.4byte	0x35f
 646 0374 05       		.uleb128 0x5
 647 0375 5F030000 		.4byte	0x35f
 648 0379 04       		.uleb128 0x4
 649 037a 2F010000 		.4byte	.LASF39
 650 037e 03       		.byte	0x3
 651 037f 98       		.byte	0x98
 652 0380 F0010000 		.4byte	0x1f0
 653 0384 03       		.uleb128 0x3
 654 0385 01       		.byte	0x1
 655 0386 08       		.byte	0x8
 656 0387 67010000 		.4byte	.LASF40
 657 038b 0D       		.uleb128 0xd
 658 038c 01       		.byte	0x1
 659 038d 0A020000 		.4byte	.LASF42
 660 0391 01       		.byte	0x1
 661 0392 27       		.byte	0x27
 662 0393 01       		.byte	0x1
 663 0394 00000000 		.4byte	.LFB7
 664 0398 48000000 		.4byte	.LFE7
 665 039c 00000000 		.4byte	.LLST0
 666 03a0 01       		.byte	0x1
 667 03a1 D0030000 		.4byte	0x3d0
 668 03a5 0E       		.uleb128 0xe
 669 03a6 6E00     		.ascii	"n\000"
 670 03a8 01       		.byte	0x1
 671 03a9 27       		.byte	0x27
 672 03aa 56000000 		.4byte	0x56
 673 03ae 20000000 		.4byte	.LLST1
 674 03b2 0F       		.uleb128 0xf
 675 03b3 00000000 		.4byte	.LASF41
 676 03b7 01       		.byte	0x1
 677 03b8 27       		.byte	0x27
 678 03b9 56000000 		.4byte	0x56
 679 03bd 41000000 		.4byte	.LLST2
 680 03c1 10       		.uleb128 0x10
 681 03c2 736800   		.ascii	"sh\000"
 682 03c5 01       		.byte	0x1
 683 03c6 28       		.byte	0x28
ARM GAS  /tmp/cc6ZvnxP.s 			page 13


 684 03c7 2C000000 		.4byte	0x2c
 685 03cb 62000000 		.4byte	.LLST3
 686 03cf 00       		.byte	0
 687 03d0 0D       		.uleb128 0xd
 688 03d1 01       		.byte	0x1
 689 03d2 15000000 		.4byte	.LASF43
 690 03d6 01       		.byte	0x1
 691 03d7 35       		.byte	0x35
 692 03d8 01       		.byte	0x1
 693 03d9 00000000 		.4byte	.LFB8
 694 03dd 3C000000 		.4byte	.LFE8
 695 03e1 A9000000 		.4byte	.LLST4
 696 03e5 01       		.byte	0x1
 697 03e6 06040000 		.4byte	0x406
 698 03ea 0E       		.uleb128 0xe
 699 03eb 6E00     		.ascii	"n\000"
 700 03ed 01       		.byte	0x1
 701 03ee 35       		.byte	0x35
 702 03ef 56000000 		.4byte	0x56
 703 03f3 C9000000 		.4byte	.LLST5
 704 03f7 10       		.uleb128 0x10
 705 03f8 736800   		.ascii	"sh\000"
 706 03fb 01       		.byte	0x1
 707 03fc 36       		.byte	0x36
 708 03fd 2C000000 		.4byte	0x2c
 709 0401 EA000000 		.4byte	.LLST6
 710 0405 00       		.byte	0
 711 0406 11       		.uleb128 0x11
 712 0407 01       		.byte	0x1
 713 0408 E8010000 		.4byte	.LASF47
 714 040c 01       		.byte	0x1
 715 040d 43       		.byte	0x43
 716 040e 01       		.byte	0x1
 717 040f 00000000 		.4byte	.LFB9
 718 0413 30000000 		.4byte	.LFE9
 719 0417 32010000 		.4byte	.LLST7
 720 041b 01       		.byte	0x1
 721 041c 0F       		.uleb128 0xf
 722 041d 42010000 		.4byte	.LASF44
 723 0421 01       		.byte	0x1
 724 0422 43       		.byte	0x43
 725 0423 56000000 		.4byte	0x56
 726 0427 52010000 		.4byte	.LLST8
 727 042b 0F       		.uleb128 0xf
 728 042c 00000000 		.4byte	.LASF41
 729 0430 01       		.byte	0x1
 730 0431 43       		.byte	0x43
 731 0432 56000000 		.4byte	0x56
 732 0436 73010000 		.4byte	.LLST9
 733 043a 10       		.uleb128 0x10
 734 043b 736800   		.ascii	"sh\000"
 735 043e 01       		.byte	0x1
 736 043f 44       		.byte	0x44
 737 0440 2C000000 		.4byte	0x2c
 738 0444 94010000 		.4byte	.LLST10
 739 0448 00       		.byte	0
 740 0449 00       		.byte	0
ARM GAS  /tmp/cc6ZvnxP.s 			page 14


 741              		.section	.debug_abbrev,"",%progbits
 742              	.Ldebug_abbrev0:
 743 0000 01       		.uleb128 0x1
 744 0001 11       		.uleb128 0x11
 745 0002 01       		.byte	0x1
 746 0003 25       		.uleb128 0x25
 747 0004 0E       		.uleb128 0xe
 748 0005 13       		.uleb128 0x13
 749 0006 0B       		.uleb128 0xb
 750 0007 03       		.uleb128 0x3
 751 0008 0E       		.uleb128 0xe
 752 0009 55       		.uleb128 0x55
 753 000a 06       		.uleb128 0x6
 754 000b 11       		.uleb128 0x11
 755 000c 01       		.uleb128 0x1
 756 000d 52       		.uleb128 0x52
 757 000e 01       		.uleb128 0x1
 758 000f 10       		.uleb128 0x10
 759 0010 06       		.uleb128 0x6
 760 0011 00       		.byte	0
 761 0012 00       		.byte	0
 762 0013 02       		.uleb128 0x2
 763 0014 24       		.uleb128 0x24
 764 0015 00       		.byte	0
 765 0016 0B       		.uleb128 0xb
 766 0017 0B       		.uleb128 0xb
 767 0018 3E       		.uleb128 0x3e
 768 0019 0B       		.uleb128 0xb
 769 001a 03       		.uleb128 0x3
 770 001b 08       		.uleb128 0x8
 771 001c 00       		.byte	0
 772 001d 00       		.byte	0
 773 001e 03       		.uleb128 0x3
 774 001f 24       		.uleb128 0x24
 775 0020 00       		.byte	0
 776 0021 0B       		.uleb128 0xb
 777 0022 0B       		.uleb128 0xb
 778 0023 3E       		.uleb128 0x3e
 779 0024 0B       		.uleb128 0xb
 780 0025 03       		.uleb128 0x3
 781 0026 0E       		.uleb128 0xe
 782 0027 00       		.byte	0
 783 0028 00       		.byte	0
 784 0029 04       		.uleb128 0x4
 785 002a 16       		.uleb128 0x16
 786 002b 00       		.byte	0
 787 002c 03       		.uleb128 0x3
 788 002d 0E       		.uleb128 0xe
 789 002e 3A       		.uleb128 0x3a
 790 002f 0B       		.uleb128 0xb
 791 0030 3B       		.uleb128 0x3b
 792 0031 0B       		.uleb128 0xb
 793 0032 49       		.uleb128 0x49
 794 0033 13       		.uleb128 0x13
 795 0034 00       		.byte	0
 796 0035 00       		.byte	0
 797 0036 05       		.uleb128 0x5
ARM GAS  /tmp/cc6ZvnxP.s 			page 15


 798 0037 35       		.uleb128 0x35
 799 0038 00       		.byte	0
 800 0039 49       		.uleb128 0x49
 801 003a 13       		.uleb128 0x13
 802 003b 00       		.byte	0
 803 003c 00       		.byte	0
 804 003d 06       		.uleb128 0x6
 805 003e 13       		.uleb128 0x13
 806 003f 01       		.byte	0x1
 807 0040 0B       		.uleb128 0xb
 808 0041 05       		.uleb128 0x5
 809 0042 3A       		.uleb128 0x3a
 810 0043 0B       		.uleb128 0xb
 811 0044 3B       		.uleb128 0x3b
 812 0045 0B       		.uleb128 0xb
 813 0046 01       		.uleb128 0x1
 814 0047 13       		.uleb128 0x13
 815 0048 00       		.byte	0
 816 0049 00       		.byte	0
 817 004a 07       		.uleb128 0x7
 818 004b 0D       		.uleb128 0xd
 819 004c 00       		.byte	0
 820 004d 03       		.uleb128 0x3
 821 004e 0E       		.uleb128 0xe
 822 004f 3A       		.uleb128 0x3a
 823 0050 0B       		.uleb128 0xb
 824 0051 3B       		.uleb128 0x3b
 825 0052 0B       		.uleb128 0xb
 826 0053 49       		.uleb128 0x49
 827 0054 13       		.uleb128 0x13
 828 0055 38       		.uleb128 0x38
 829 0056 0A       		.uleb128 0xa
 830 0057 00       		.byte	0
 831 0058 00       		.byte	0
 832 0059 08       		.uleb128 0x8
 833 005a 0D       		.uleb128 0xd
 834 005b 00       		.byte	0
 835 005c 03       		.uleb128 0x3
 836 005d 08       		.uleb128 0x8
 837 005e 3A       		.uleb128 0x3a
 838 005f 0B       		.uleb128 0xb
 839 0060 3B       		.uleb128 0x3b
 840 0061 0B       		.uleb128 0xb
 841 0062 49       		.uleb128 0x49
 842 0063 13       		.uleb128 0x13
 843 0064 38       		.uleb128 0x38
 844 0065 0A       		.uleb128 0xa
 845 0066 00       		.byte	0
 846 0067 00       		.byte	0
 847 0068 09       		.uleb128 0x9
 848 0069 01       		.uleb128 0x1
 849 006a 01       		.byte	0x1
 850 006b 49       		.uleb128 0x49
 851 006c 13       		.uleb128 0x13
 852 006d 01       		.uleb128 0x1
 853 006e 13       		.uleb128 0x13
 854 006f 00       		.byte	0
ARM GAS  /tmp/cc6ZvnxP.s 			page 16


 855 0070 00       		.byte	0
 856 0071 0A       		.uleb128 0xa
 857 0072 21       		.uleb128 0x21
 858 0073 00       		.byte	0
 859 0074 49       		.uleb128 0x49
 860 0075 13       		.uleb128 0x13
 861 0076 2F       		.uleb128 0x2f
 862 0077 0B       		.uleb128 0xb
 863 0078 00       		.byte	0
 864 0079 00       		.byte	0
 865 007a 0B       		.uleb128 0xb
 866 007b 21       		.uleb128 0x21
 867 007c 00       		.byte	0
 868 007d 49       		.uleb128 0x49
 869 007e 13       		.uleb128 0x13
 870 007f 2F       		.uleb128 0x2f
 871 0080 05       		.uleb128 0x5
 872 0081 00       		.byte	0
 873 0082 00       		.byte	0
 874 0083 0C       		.uleb128 0xc
 875 0084 13       		.uleb128 0x13
 876 0085 01       		.byte	0x1
 877 0086 0B       		.uleb128 0xb
 878 0087 0B       		.uleb128 0xb
 879 0088 3A       		.uleb128 0x3a
 880 0089 0B       		.uleb128 0xb
 881 008a 3B       		.uleb128 0x3b
 882 008b 0B       		.uleb128 0xb
 883 008c 01       		.uleb128 0x1
 884 008d 13       		.uleb128 0x13
 885 008e 00       		.byte	0
 886 008f 00       		.byte	0
 887 0090 0D       		.uleb128 0xd
 888 0091 2E       		.uleb128 0x2e
 889 0092 01       		.byte	0x1
 890 0093 3F       		.uleb128 0x3f
 891 0094 0C       		.uleb128 0xc
 892 0095 03       		.uleb128 0x3
 893 0096 0E       		.uleb128 0xe
 894 0097 3A       		.uleb128 0x3a
 895 0098 0B       		.uleb128 0xb
 896 0099 3B       		.uleb128 0x3b
 897 009a 0B       		.uleb128 0xb
 898 009b 27       		.uleb128 0x27
 899 009c 0C       		.uleb128 0xc
 900 009d 11       		.uleb128 0x11
 901 009e 01       		.uleb128 0x1
 902 009f 12       		.uleb128 0x12
 903 00a0 01       		.uleb128 0x1
 904 00a1 40       		.uleb128 0x40
 905 00a2 06       		.uleb128 0x6
 906 00a3 9742     		.uleb128 0x2117
 907 00a5 0C       		.uleb128 0xc
 908 00a6 01       		.uleb128 0x1
 909 00a7 13       		.uleb128 0x13
 910 00a8 00       		.byte	0
 911 00a9 00       		.byte	0
ARM GAS  /tmp/cc6ZvnxP.s 			page 17


 912 00aa 0E       		.uleb128 0xe
 913 00ab 05       		.uleb128 0x5
 914 00ac 00       		.byte	0
 915 00ad 03       		.uleb128 0x3
 916 00ae 08       		.uleb128 0x8
 917 00af 3A       		.uleb128 0x3a
 918 00b0 0B       		.uleb128 0xb
 919 00b1 3B       		.uleb128 0x3b
 920 00b2 0B       		.uleb128 0xb
 921 00b3 49       		.uleb128 0x49
 922 00b4 13       		.uleb128 0x13
 923 00b5 02       		.uleb128 0x2
 924 00b6 06       		.uleb128 0x6
 925 00b7 00       		.byte	0
 926 00b8 00       		.byte	0
 927 00b9 0F       		.uleb128 0xf
 928 00ba 05       		.uleb128 0x5
 929 00bb 00       		.byte	0
 930 00bc 03       		.uleb128 0x3
 931 00bd 0E       		.uleb128 0xe
 932 00be 3A       		.uleb128 0x3a
 933 00bf 0B       		.uleb128 0xb
 934 00c0 3B       		.uleb128 0x3b
 935 00c1 0B       		.uleb128 0xb
 936 00c2 49       		.uleb128 0x49
 937 00c3 13       		.uleb128 0x13
 938 00c4 02       		.uleb128 0x2
 939 00c5 06       		.uleb128 0x6
 940 00c6 00       		.byte	0
 941 00c7 00       		.byte	0
 942 00c8 10       		.uleb128 0x10
 943 00c9 34       		.uleb128 0x34
 944 00ca 00       		.byte	0
 945 00cb 03       		.uleb128 0x3
 946 00cc 08       		.uleb128 0x8
 947 00cd 3A       		.uleb128 0x3a
 948 00ce 0B       		.uleb128 0xb
 949 00cf 3B       		.uleb128 0x3b
 950 00d0 0B       		.uleb128 0xb
 951 00d1 49       		.uleb128 0x49
 952 00d2 13       		.uleb128 0x13
 953 00d3 02       		.uleb128 0x2
 954 00d4 06       		.uleb128 0x6
 955 00d5 00       		.byte	0
 956 00d6 00       		.byte	0
 957 00d7 11       		.uleb128 0x11
 958 00d8 2E       		.uleb128 0x2e
 959 00d9 01       		.byte	0x1
 960 00da 3F       		.uleb128 0x3f
 961 00db 0C       		.uleb128 0xc
 962 00dc 03       		.uleb128 0x3
 963 00dd 0E       		.uleb128 0xe
 964 00de 3A       		.uleb128 0x3a
 965 00df 0B       		.uleb128 0xb
 966 00e0 3B       		.uleb128 0x3b
 967 00e1 0B       		.uleb128 0xb
 968 00e2 27       		.uleb128 0x27
ARM GAS  /tmp/cc6ZvnxP.s 			page 18


 969 00e3 0C       		.uleb128 0xc
 970 00e4 11       		.uleb128 0x11
 971 00e5 01       		.uleb128 0x1
 972 00e6 12       		.uleb128 0x12
 973 00e7 01       		.uleb128 0x1
 974 00e8 40       		.uleb128 0x40
 975 00e9 06       		.uleb128 0x6
 976 00ea 9742     		.uleb128 0x2117
 977 00ec 0C       		.uleb128 0xc
 978 00ed 00       		.byte	0
 979 00ee 00       		.byte	0
 980 00ef 00       		.byte	0
 981              		.section	.debug_loc,"",%progbits
 982              	.Ldebug_loc0:
 983              	.LLST0:
 984 0000 00000000 		.4byte	.LFB7
 985 0004 02000000 		.4byte	.LCFI0
 986 0008 0200     		.2byte	0x2
 987 000a 7D       		.byte	0x7d
 988 000b 00       		.sleb128 0
 989 000c 02000000 		.4byte	.LCFI0
 990 0010 48000000 		.4byte	.LFE7
 991 0014 0200     		.2byte	0x2
 992 0016 7D       		.byte	0x7d
 993 0017 10       		.sleb128 16
 994 0018 00000000 		.4byte	0
 995 001c 00000000 		.4byte	0
 996              	.LLST1:
 997 0020 00000000 		.4byte	.LVL0
 998 0024 2C000000 		.4byte	.LVL3
 999 0028 0100     		.2byte	0x1
 1000 002a 50       		.byte	0x50
 1001 002b 2C000000 		.4byte	.LVL3
 1002 002f 48000000 		.4byte	.LFE7
 1003 0033 0400     		.2byte	0x4
 1004 0035 F3       		.byte	0xf3
 1005 0036 01       		.uleb128 0x1
 1006 0037 50       		.byte	0x50
 1007 0038 9F       		.byte	0x9f
 1008 0039 00000000 		.4byte	0
 1009 003d 00000000 		.4byte	0
 1010              	.LLST2:
 1011 0041 00000000 		.4byte	.LVL0
 1012 0045 32000000 		.4byte	.LVL4
 1013 0049 0100     		.2byte	0x1
 1014 004b 51       		.byte	0x51
 1015 004c 32000000 		.4byte	.LVL4
 1016 0050 48000000 		.4byte	.LFE7
 1017 0054 0400     		.2byte	0x4
 1018 0056 F3       		.byte	0xf3
 1019 0057 01       		.uleb128 0x1
 1020 0058 51       		.byte	0x51
 1021 0059 9F       		.byte	0x9f
 1022 005a 00000000 		.4byte	0
 1023 005e 00000000 		.4byte	0
 1024              	.LLST3:
 1025 0062 00000000 		.4byte	.LVL0
ARM GAS  /tmp/cc6ZvnxP.s 			page 19


 1026 0066 18000000 		.4byte	.LVL1
 1027 006a 0700     		.2byte	0x7
 1028 006c 70       		.byte	0x70
 1029 006d 00       		.sleb128 0
 1030 006e 33       		.byte	0x33
 1031 006f 1A       		.byte	0x1a
 1032 0070 33       		.byte	0x33
 1033 0071 24       		.byte	0x24
 1034 0072 9F       		.byte	0x9f
 1035 0073 18000000 		.4byte	.LVL1
 1036 0077 28000000 		.4byte	.LVL2
 1037 007b 0100     		.2byte	0x1
 1038 007d 55       		.byte	0x55
 1039 007e 28000000 		.4byte	.LVL2
 1040 0082 2C000000 		.4byte	.LVL3
 1041 0086 0700     		.2byte	0x7
 1042 0088 70       		.byte	0x70
 1043 0089 00       		.sleb128 0
 1044 008a 33       		.byte	0x33
 1045 008b 1A       		.byte	0x1a
 1046 008c 33       		.byte	0x33
 1047 008d 24       		.byte	0x24
 1048 008e 9F       		.byte	0x9f
 1049 008f 2C000000 		.4byte	.LVL3
 1050 0093 48000000 		.4byte	.LFE7
 1051 0097 0800     		.2byte	0x8
 1052 0099 F3       		.byte	0xf3
 1053 009a 01       		.uleb128 0x1
 1054 009b 50       		.byte	0x50
 1055 009c 33       		.byte	0x33
 1056 009d 1A       		.byte	0x1a
 1057 009e 33       		.byte	0x33
 1058 009f 24       		.byte	0x24
 1059 00a0 9F       		.byte	0x9f
 1060 00a1 00000000 		.4byte	0
 1061 00a5 00000000 		.4byte	0
 1062              	.LLST4:
 1063 00a9 00000000 		.4byte	.LFB8
 1064 00ad 08000000 		.4byte	.LCFI1
 1065 00b1 0200     		.2byte	0x2
 1066 00b3 7D       		.byte	0x7d
 1067 00b4 00       		.sleb128 0
 1068 00b5 08000000 		.4byte	.LCFI1
 1069 00b9 3C000000 		.4byte	.LFE8
 1070 00bd 0200     		.2byte	0x2
 1071 00bf 7D       		.byte	0x7d
 1072 00c0 04       		.sleb128 4
 1073 00c1 00000000 		.4byte	0
 1074 00c5 00000000 		.4byte	0
 1075              	.LLST5:
 1076 00c9 00000000 		.4byte	.LVL5
 1077 00cd 24000000 		.4byte	.LVL6
 1078 00d1 0100     		.2byte	0x1
 1079 00d3 50       		.byte	0x50
 1080 00d4 24000000 		.4byte	.LVL6
 1081 00d8 3C000000 		.4byte	.LFE8
 1082 00dc 0400     		.2byte	0x4
ARM GAS  /tmp/cc6ZvnxP.s 			page 20


 1083 00de F3       		.byte	0xf3
 1084 00df 01       		.uleb128 0x1
 1085 00e0 50       		.byte	0x50
 1086 00e1 9F       		.byte	0x9f
 1087 00e2 00000000 		.4byte	0
 1088 00e6 00000000 		.4byte	0
 1089              	.LLST6:
 1090 00ea 00000000 		.4byte	.LVL5
 1091 00ee 24000000 		.4byte	.LVL6
 1092 00f2 0700     		.2byte	0x7
 1093 00f4 70       		.byte	0x70
 1094 00f5 00       		.sleb128 0
 1095 00f6 33       		.byte	0x33
 1096 00f7 1A       		.byte	0x1a
 1097 00f8 33       		.byte	0x33
 1098 00f9 24       		.byte	0x24
 1099 00fa 9F       		.byte	0x9f
 1100 00fb 24000000 		.4byte	.LVL6
 1101 00ff 2A000000 		.4byte	.LVL7
 1102 0103 0800     		.2byte	0x8
 1103 0105 F3       		.byte	0xf3
 1104 0106 01       		.uleb128 0x1
 1105 0107 50       		.byte	0x50
 1106 0108 33       		.byte	0x33
 1107 0109 1A       		.byte	0x1a
 1108 010a 33       		.byte	0x33
 1109 010b 24       		.byte	0x24
 1110 010c 9F       		.byte	0x9f
 1111 010d 2A000000 		.4byte	.LVL7
 1112 0111 30000000 		.4byte	.LVL8
 1113 0115 0100     		.2byte	0x1
 1114 0117 50       		.byte	0x50
 1115 0118 30000000 		.4byte	.LVL8
 1116 011c 3C000000 		.4byte	.LFE8
 1117 0120 0800     		.2byte	0x8
 1118 0122 F3       		.byte	0xf3
 1119 0123 01       		.uleb128 0x1
 1120 0124 50       		.byte	0x50
 1121 0125 33       		.byte	0x33
 1122 0126 1A       		.byte	0x1a
 1123 0127 33       		.byte	0x33
 1124 0128 24       		.byte	0x24
 1125 0129 9F       		.byte	0x9f
 1126 012a 00000000 		.4byte	0
 1127 012e 00000000 		.4byte	0
 1128              	.LLST7:
 1129 0132 00000000 		.4byte	.LFB9
 1130 0136 12000000 		.4byte	.LCFI2
 1131 013a 0200     		.2byte	0x2
 1132 013c 7D       		.byte	0x7d
 1133 013d 00       		.sleb128 0
 1134 013e 12000000 		.4byte	.LCFI2
 1135 0142 30000000 		.4byte	.LFE9
 1136 0146 0200     		.2byte	0x2
 1137 0148 7D       		.byte	0x7d
 1138 0149 08       		.sleb128 8
 1139 014a 00000000 		.4byte	0
ARM GAS  /tmp/cc6ZvnxP.s 			page 21


 1140 014e 00000000 		.4byte	0
 1141              	.LLST8:
 1142 0152 00000000 		.4byte	.LVL9
 1143 0156 10000000 		.4byte	.LVL10
 1144 015a 0100     		.2byte	0x1
 1145 015c 50       		.byte	0x50
 1146 015d 10000000 		.4byte	.LVL10
 1147 0161 30000000 		.4byte	.LFE9
 1148 0165 0400     		.2byte	0x4
 1149 0167 F3       		.byte	0xf3
 1150 0168 01       		.uleb128 0x1
 1151 0169 50       		.byte	0x50
 1152 016a 9F       		.byte	0x9f
 1153 016b 00000000 		.4byte	0
 1154 016f 00000000 		.4byte	0
 1155              	.LLST9:
 1156 0173 00000000 		.4byte	.LVL9
 1157 0177 26000000 		.4byte	.LVL12
 1158 017b 0100     		.2byte	0x1
 1159 017d 51       		.byte	0x51
 1160 017e 26000000 		.4byte	.LVL12
 1161 0182 30000000 		.4byte	.LFE9
 1162 0186 0400     		.2byte	0x4
 1163 0188 F3       		.byte	0xf3
 1164 0189 01       		.uleb128 0x1
 1165 018a 51       		.byte	0x51
 1166 018b 9F       		.byte	0x9f
 1167 018c 00000000 		.4byte	0
 1168 0190 00000000 		.4byte	0
 1169              	.LLST10:
 1170 0194 00000000 		.4byte	.LVL9
 1171 0198 10000000 		.4byte	.LVL10
 1172 019c 0700     		.2byte	0x7
 1173 019e 70       		.byte	0x70
 1174 019f 00       		.sleb128 0
 1175 01a0 33       		.byte	0x33
 1176 01a1 1A       		.byte	0x1a
 1177 01a2 33       		.byte	0x33
 1178 01a3 24       		.byte	0x24
 1179 01a4 9F       		.byte	0x9f
 1180 01a5 10000000 		.4byte	.LVL10
 1181 01a9 14000000 		.4byte	.LVL11
 1182 01ad 0800     		.2byte	0x8
 1183 01af F3       		.byte	0xf3
 1184 01b0 01       		.uleb128 0x1
 1185 01b1 50       		.byte	0x50
 1186 01b2 33       		.byte	0x33
 1187 01b3 1A       		.byte	0x1a
 1188 01b4 33       		.byte	0x33
 1189 01b5 24       		.byte	0x24
 1190 01b6 9F       		.byte	0x9f
 1191 01b7 14000000 		.4byte	.LVL11
 1192 01bb 30000000 		.4byte	.LFE9
 1193 01bf 0100     		.2byte	0x1
 1194 01c1 50       		.byte	0x50
 1195 01c2 00000000 		.4byte	0
 1196 01c6 00000000 		.4byte	0
ARM GAS  /tmp/cc6ZvnxP.s 			page 22


 1197              		.section	.debug_aranges,"",%progbits
 1198 0000 2C000000 		.4byte	0x2c
 1199 0004 0200     		.2byte	0x2
 1200 0006 00000000 		.4byte	.Ldebug_info0
 1201 000a 04       		.byte	0x4
 1202 000b 00       		.byte	0
 1203 000c 0000     		.2byte	0
 1204 000e 0000     		.2byte	0
 1205 0010 00000000 		.4byte	.LFB7
 1206 0014 48000000 		.4byte	.LFE7-.LFB7
 1207 0018 00000000 		.4byte	.LFB8
 1208 001c 3C000000 		.4byte	.LFE8-.LFB8
 1209 0020 00000000 		.4byte	.LFB9
 1210 0024 30000000 		.4byte	.LFE9-.LFB9
 1211 0028 00000000 		.4byte	0
 1212 002c 00000000 		.4byte	0
 1213              		.section	.debug_ranges,"",%progbits
 1214              	.Ldebug_ranges0:
 1215 0000 00000000 		.4byte	.LFB7
 1216 0004 48000000 		.4byte	.LFE7
 1217 0008 00000000 		.4byte	.LFB8
 1218 000c 3C000000 		.4byte	.LFE8
 1219 0010 00000000 		.4byte	.LFB9
 1220 0014 30000000 		.4byte	.LFE9
 1221 0018 00000000 		.4byte	0
 1222 001c 00000000 		.4byte	0
 1223              		.section	.debug_line,"",%progbits
 1224              	.Ldebug_line0:
 1225 0000 20010000 		.section	.debug_str,"MS",%progbits,1
 1225      0200CB00 
 1225      00000201 
 1225      FB0E0D00 
 1225      01010101 
 1226              	.LASF41:
 1227 0000 7072696F 		.ascii	"prio\000"
 1227      00
 1228              	.LASF17:
 1229 0005 49435052 		.ascii	"ICPR\000"
 1229      00
 1230              	.LASF37:
 1231 000a 4D4D4652 		.ascii	"MMFR\000"
 1231      00
 1232              	.LASF30:
 1233 000f 53484353 		.ascii	"SHCSR\000"
 1233      5200
 1234              	.LASF43:
 1235 0015 6E766963 		.ascii	"nvicDisableVector\000"
 1235      44697361 
 1235      626C6556 
 1235      6563746F 
 1235      7200
 1236              	.LASF24:
 1237 0027 434D785F 		.ascii	"CMx_NVIC\000"
 1237      4E564943 
 1237      00
 1238              	.LASF27:
 1239 0030 56544F52 		.ascii	"VTOR\000"
ARM GAS  /tmp/cc6ZvnxP.s 			page 23


 1239      00
 1240              	.LASF13:
 1241 0035 49434552 		.ascii	"ICER\000"
 1241      00
 1242              	.LASF10:
 1243 003a 494F5245 		.ascii	"IOREG32\000"
 1243      47333200 
 1244              	.LASF2:
 1245 0042 756E7369 		.ascii	"unsigned char\000"
 1245      676E6564 
 1245      20636861 
 1245      7200
 1246              	.LASF12:
 1247 0050 756E7573 		.ascii	"unused1\000"
 1247      65643100 
 1248              	.LASF14:
 1249 0058 756E7573 		.ascii	"unused2\000"
 1249      65643200 
 1250              	.LASF16:
 1251 0060 756E7573 		.ascii	"unused3\000"
 1251      65643300 
 1252              	.LASF18:
 1253 0068 756E7573 		.ascii	"unused4\000"
 1253      65643400 
 1254              	.LASF20:
 1255 0070 756E7573 		.ascii	"unused5\000"
 1255      65643500 
 1256              	.LASF21:
 1257 0078 756E7573 		.ascii	"unused6\000"
 1257      65643600 
 1258              	.LASF4:
 1259 0080 73686F72 		.ascii	"short unsigned int\000"
 1259      7420756E 
 1259      7369676E 
 1259      65642069 
 1259      6E7400
 1260              	.LASF31:
 1261 0093 43465352 		.ascii	"CFSR\000"
 1261      00
 1262              	.LASF46:
 1263 0098 2F686F6D 		.ascii	"/home/gokul/ChibiOS_2.5.0/os/ports/common/ARMCMx/nv"
 1263      652F676F 
 1263      6B756C2F 
 1263      43686962 
 1263      694F535F 
 1264 00cb 69632E63 		.ascii	"ic.c\000"
 1264      00
 1265              	.LASF32:
 1266 00d0 48465352 		.ascii	"HFSR\000"
 1266      00
 1267              	.LASF6:
 1268 00d5 6C6F6E67 		.ascii	"long unsigned int\000"
 1268      20756E73 
 1268      69676E65 
 1268      6420696E 
 1268      7400
 1269              	.LASF38:
ARM GAS  /tmp/cc6ZvnxP.s 			page 24


 1270 00e7 43504143 		.ascii	"CPACR\000"
 1270      5200
 1271              	.LASF22:
 1272 00ed 53544952 		.ascii	"STIR\000"
 1272      00
 1273              	.LASF3:
 1274 00f2 73686F72 		.ascii	"short int\000"
 1274      7420696E 
 1274      7400
 1275              	.LASF0:
 1276 00fc 756E7369 		.ascii	"unsigned int\000"
 1276      676E6564 
 1276      20696E74 
 1276      00
 1277              	.LASF15:
 1278 0109 49535052 		.ascii	"ISPR\000"
 1278      00
 1279              	.LASF33:
 1280 010e 44465352 		.ascii	"DFSR\000"
 1280      00
 1281              	.LASF8:
 1282 0113 6C6F6E67 		.ascii	"long long unsigned int\000"
 1282      206C6F6E 
 1282      6720756E 
 1282      7369676E 
 1282      65642069 
 1283              	.LASF26:
 1284 012a 49435352 		.ascii	"ICSR\000"
 1284      00
 1285              	.LASF39:
 1286 012f 434D785F 		.ascii	"CMx_SCB\000"
 1286      53434200 
 1287              	.LASF28:
 1288 0137 41495243 		.ascii	"AIRCR\000"
 1288      5200
 1289              	.LASF35:
 1290 013d 42464152 		.ascii	"BFAR\000"
 1290      00
 1291              	.LASF44:
 1292 0142 68616E64 		.ascii	"handler\000"
 1292      6C657200 
 1293              	.LASF23:
 1294 014a 73697A65 		.ascii	"sizetype\000"
 1294      74797065 
 1294      00
 1295              	.LASF7:
 1296 0153 6C6F6E67 		.ascii	"long long int\000"
 1296      206C6F6E 
 1296      6720696E 
 1296      7400
 1297              	.LASF25:
 1298 0161 43505549 		.ascii	"CPUID\000"
 1298      4400
 1299              	.LASF40:
 1300 0167 63686172 		.ascii	"char\000"
 1300      00
 1301              	.LASF11:
ARM GAS  /tmp/cc6ZvnxP.s 			page 25


 1302 016c 49534552 		.ascii	"ISER\000"
 1302      00
 1303              	.LASF36:
 1304 0171 41465352 		.ascii	"AFSR\000"
 1304      00
 1305              	.LASF34:
 1306 0176 4D4D4641 		.ascii	"MMFAR\000"
 1306      5200
 1307              	.LASF45:
 1308 017c 474E5520 		.ascii	"GNU C 4.7.3 20130312 (release) [ARM/embedded-4_7-br"
 1308      4320342E 
 1308      372E3320 
 1308      32303133 
 1308      30333132 
 1309 01af 616E6368 		.ascii	"anch revision 196615]\000"
 1309      20726576 
 1309      6973696F 
 1309      6E203139 
 1309      36363135 
 1310              	.LASF9:
 1311 01c5 75696E74 		.ascii	"uint32_t\000"
 1311      33325F74 
 1311      00
 1312              	.LASF5:
 1313 01ce 6C6F6E67 		.ascii	"long int\000"
 1313      20696E74 
 1313      00
 1314              	.LASF29:
 1315 01d7 53485052 		.ascii	"SHPR\000"
 1315      00
 1316              	.LASF1:
 1317 01dc 7369676E 		.ascii	"signed char\000"
 1317      65642063 
 1317      68617200 
 1318              	.LASF47:
 1319 01e8 6E766963 		.ascii	"nvicSetSystemHandlerPriority\000"
 1319      53657453 
 1319      79737465 
 1319      6D48616E 
 1319      646C6572 
 1320              	.LASF19:
 1321 0205 49414252 		.ascii	"IABR\000"
 1321      00
 1322              	.LASF42:
 1323 020a 6E766963 		.ascii	"nvicEnableVector\000"
 1323      456E6162 
 1323      6C655665 
 1323      63746F72 
 1323      00
 1324              		.ident	"GCC: (GNU Tools for ARM Embedded Processors) 4.7.3 20130312 (release) [ARM/embedded-4_7-br
ARM GAS  /tmp/cc6ZvnxP.s 			page 26


DEFINED SYMBOLS
                            *ABS*:00000000 nvic.c
     /tmp/cc6ZvnxP.s:19     .text.nvicEnableVector:00000000 $t
     /tmp/cc6ZvnxP.s:25     .text.nvicEnableVector:00000000 nvicEnableVector
     /tmp/cc6ZvnxP.s:83     .text.nvicDisableVector:00000000 $t
     /tmp/cc6ZvnxP.s:89     .text.nvicDisableVector:00000000 nvicDisableVector
     /tmp/cc6ZvnxP.s:138    .text.nvicSetSystemHandlerPriority:00000000 $t
     /tmp/cc6ZvnxP.s:144    .text.nvicSetSystemHandlerPriority:00000000 nvicSetSystemHandlerPriority
                     .debug_frame:00000010 $d

NO UNDEFINED SYMBOLS
