ARM GAS  /tmp/ccOkqwE6.s 			page 1


   1              		.syntax unified
   2              		.cpu cortex-m4
   3              		.fpu softvfp
   4              		.eabi_attribute 20, 1
   5              		.eabi_attribute 21, 1
   6              		.eabi_attribute 23, 3
   7              		.eabi_attribute 24, 1
   8              		.eabi_attribute 25, 1
   9              		.eabi_attribute 26, 1
  10              		.eabi_attribute 30, 2
  11              		.eabi_attribute 34, 1
  12              		.eabi_attribute 18, 4
  13              		.thumb
  14              		.file	"chlists.c"
  15              		.text
  16              	.Ltext0:
  17              		.cfi_sections	.debug_frame
  18              	.Letext0:
  19              		.section	.debug_info,"",%progbits
  20              	.Ldebug_info0:
  21 0000 6A000000 		.4byte	0x6a
  22 0004 0200     		.2byte	0x2
  23 0006 00000000 		.4byte	.Ldebug_abbrev0
  24 000a 04       		.byte	0x4
  25 000b 01       		.uleb128 0x1
  26 000c 48000000 		.4byte	.LASF11
  27 0010 01       		.byte	0x1
  28 0011 CD000000 		.4byte	.LASF12
  29 0015 00000000 		.4byte	.Ldebug_line0
  30 0019 02       		.uleb128 0x2
  31 001a 04       		.byte	0x4
  32 001b 05       		.byte	0x5
  33 001c 696E7400 		.ascii	"int\000"
  34 0020 03       		.uleb128 0x3
  35 0021 04       		.byte	0x4
  36 0022 07       		.byte	0x7
  37 0023 00000000 		.4byte	.LASF0
  38 0027 03       		.uleb128 0x3
  39 0028 01       		.byte	0x1
  40 0029 06       		.byte	0x6
  41 002a 1F000000 		.4byte	.LASF1
  42 002e 03       		.uleb128 0x3
  43 002f 01       		.byte	0x1
  44 0030 08       		.byte	0x8
  45 0031 A8000000 		.4byte	.LASF2
  46 0035 03       		.uleb128 0x3
  47 0036 02       		.byte	0x2
  48 0037 05       		.byte	0x5
  49 0038 3E000000 		.4byte	.LASF3
  50 003c 03       		.uleb128 0x3
  51 003d 02       		.byte	0x2
  52 003e 07       		.byte	0x7
  53 003f 2B000000 		.4byte	.LASF4
  54 0043 03       		.uleb128 0x3
  55 0044 04       		.byte	0x4
  56 0045 05       		.byte	0x5
  57 0046 B6000000 		.4byte	.LASF5
ARM GAS  /tmp/ccOkqwE6.s 			page 2


  58 004a 03       		.uleb128 0x3
  59 004b 04       		.byte	0x4
  60 004c 07       		.byte	0x7
  61 004d 0D000000 		.4byte	.LASF6
  62 0051 03       		.uleb128 0x3
  63 0052 08       		.byte	0x8
  64 0053 05       		.byte	0x5
  65 0054 FF000000 		.4byte	.LASF7
  66 0058 03       		.uleb128 0x3
  67 0059 08       		.byte	0x8
  68 005a 07       		.byte	0x7
  69 005b 91000000 		.4byte	.LASF8
  70 005f 03       		.uleb128 0x3
  71 0060 04       		.byte	0x4
  72 0061 07       		.byte	0x7
  73 0062 BF000000 		.4byte	.LASF9
  74 0066 03       		.uleb128 0x3
  75 0067 01       		.byte	0x1
  76 0068 08       		.byte	0x8
  77 0069 C8000000 		.4byte	.LASF10
  78 006d 00       		.byte	0
  79              		.section	.debug_abbrev,"",%progbits
  80              	.Ldebug_abbrev0:
  81 0000 01       		.uleb128 0x1
  82 0001 11       		.uleb128 0x11
  83 0002 01       		.byte	0x1
  84 0003 25       		.uleb128 0x25
  85 0004 0E       		.uleb128 0xe
  86 0005 13       		.uleb128 0x13
  87 0006 0B       		.uleb128 0xb
  88 0007 03       		.uleb128 0x3
  89 0008 0E       		.uleb128 0xe
  90 0009 10       		.uleb128 0x10
  91 000a 06       		.uleb128 0x6
  92 000b 00       		.byte	0
  93 000c 00       		.byte	0
  94 000d 02       		.uleb128 0x2
  95 000e 24       		.uleb128 0x24
  96 000f 00       		.byte	0
  97 0010 0B       		.uleb128 0xb
  98 0011 0B       		.uleb128 0xb
  99 0012 3E       		.uleb128 0x3e
 100 0013 0B       		.uleb128 0xb
 101 0014 03       		.uleb128 0x3
 102 0015 08       		.uleb128 0x8
 103 0016 00       		.byte	0
 104 0017 00       		.byte	0
 105 0018 03       		.uleb128 0x3
 106 0019 24       		.uleb128 0x24
 107 001a 00       		.byte	0
 108 001b 0B       		.uleb128 0xb
 109 001c 0B       		.uleb128 0xb
 110 001d 3E       		.uleb128 0x3e
 111 001e 0B       		.uleb128 0xb
 112 001f 03       		.uleb128 0x3
 113 0020 0E       		.uleb128 0xe
 114 0021 00       		.byte	0
ARM GAS  /tmp/ccOkqwE6.s 			page 3


 115 0022 00       		.byte	0
 116 0023 00       		.byte	0
 117              		.section	.debug_aranges,"",%progbits
 118 0000 14000000 		.4byte	0x14
 119 0004 0200     		.2byte	0x2
 120 0006 00000000 		.4byte	.Ldebug_info0
 121 000a 04       		.byte	0x4
 122 000b 00       		.byte	0
 123 000c 0000     		.2byte	0
 124 000e 0000     		.2byte	0
 125 0010 00000000 		.4byte	0
 126 0014 00000000 		.4byte	0
 127              		.section	.debug_line,"",%progbits
 128              	.Ldebug_line0:
 129 0000 19000000 		.section	.debug_str,"MS",%progbits,1
 129      02001300 
 129      00000201 
 129      FB0E0D00 
 129      01010101 
 130              	.LASF0:
 131 0000 756E7369 		.ascii	"unsigned int\000"
 131      676E6564 
 131      20696E74 
 131      00
 132              	.LASF6:
 133 000d 6C6F6E67 		.ascii	"long unsigned int\000"
 133      20756E73 
 133      69676E65 
 133      6420696E 
 133      7400
 134              	.LASF1:
 135 001f 7369676E 		.ascii	"signed char\000"
 135      65642063 
 135      68617200 
 136              	.LASF4:
 137 002b 73686F72 		.ascii	"short unsigned int\000"
 137      7420756E 
 137      7369676E 
 137      65642069 
 137      6E7400
 138              	.LASF3:
 139 003e 73686F72 		.ascii	"short int\000"
 139      7420696E 
 139      7400
 140              	.LASF11:
 141 0048 474E5520 		.ascii	"GNU C 4.7.3 20130312 (release) [ARM/embedded-4_7-br"
 141      4320342E 
 141      372E3320 
 141      32303133 
 141      30333132 
 142 007b 616E6368 		.ascii	"anch revision 196615]\000"
 142      20726576 
 142      6973696F 
 142      6E203139 
 142      36363135 
 143              	.LASF8:
 144 0091 6C6F6E67 		.ascii	"long long unsigned int\000"
ARM GAS  /tmp/ccOkqwE6.s 			page 4


 144      206C6F6E 
 144      6720756E 
 144      7369676E 
 144      65642069 
 145              	.LASF2:
 146 00a8 756E7369 		.ascii	"unsigned char\000"
 146      676E6564 
 146      20636861 
 146      7200
 147              	.LASF5:
 148 00b6 6C6F6E67 		.ascii	"long int\000"
 148      20696E74 
 148      00
 149              	.LASF9:
 150 00bf 73697A65 		.ascii	"sizetype\000"
 150      74797065 
 150      00
 151              	.LASF10:
 152 00c8 63686172 		.ascii	"char\000"
 152      00
 153              	.LASF12:
 154 00cd 2F686F6D 		.ascii	"/home/gokul/ChibiOS_2.5.0/os/kernel/src/chlists.c\000"
 154      652F676F 
 154      6B756C2F 
 154      43686962 
 154      694F535F 
 155              	.LASF7:
 156 00ff 6C6F6E67 		.ascii	"long long int\000"
 156      206C6F6E 
 156      6720696E 
 156      7400
 157              		.ident	"GCC: (GNU Tools for ARM Embedded Processors) 4.7.3 20130312 (release) [ARM/embedded-4_7-br
ARM GAS  /tmp/ccOkqwE6.s 			page 5


DEFINED SYMBOLS
                            *ABS*:00000000 chlists.c

NO UNDEFINED SYMBOLS
