ARM GAS  /tmp/ccZNKD31.s 			page 1


   1              		.syntax unified
   2              		.cpu cortex-m4
   3              		.fpu softvfp
   4              		.eabi_attribute 20, 1
   5              		.eabi_attribute 21, 1
   6              		.eabi_attribute 23, 3
   7              		.eabi_attribute 24, 1
   8              		.eabi_attribute 25, 1
   9              		.eabi_attribute 26, 1
  10              		.eabi_attribute 30, 2
  11              		.eabi_attribute 34, 1
  12              		.eabi_attribute 18, 4
  13              		.thumb
  14              		.file	"chmsg.c"
  15              		.text
  16              	.Ltext0:
  17              		.cfi_sections	.debug_frame
  18              		.section	.text.chMsgSend,"ax",%progbits
  19              		.align	2
  20              		.p2align 4,,15
  21              		.global	chMsgSend
  22              		.thumb
  23              		.thumb_func
  24              		.type	chMsgSend, %function
  25              	chMsgSend:
  26              	.LFB7:
  27              		.file 1 "/home/gokul/ChibiOS_2.5.0/os/kernel/src/chmsg.c"
  28              		.loc 1 68 0
  29              		.cfi_startproc
  30              		@ args = 0, pretend = 0, frame = 0
  31              		@ frame_needed = 0, uses_anonymous_args = 0
  32              	.LVL0:
  33              		.loc 1 69 0
  34 0000 154B     		ldr	r3, .L7
  35              		.loc 1 68 0
  36 0002 70B5     		push	{r4, r5, r6, lr}
  37              	.LCFI0:
  38              		.cfi_def_cfa_offset 16
  39              		.cfi_offset 4, -16
  40              		.cfi_offset 5, -12
  41              		.cfi_offset 6, -8
  42              		.cfi_offset 14, -4
  43              		.loc 1 71 0
  44 0004 0546     		mov	r5, r0
  45              		.loc 1 68 0
  46 0006 0E46     		mov	r6, r1
  47              		.loc 1 69 0
  48 0008 9C69     		ldr	r4, [r3, #24]
  49              	.LVL1:
  50              		.loc 1 71 0
  51 000a 00B3     		cbz	r0, .L5
  52              	.LVL2:
  53              	.L2:
  54              	.LBB10:
  55              		.loc 1 73 0
  56 000c 2023     		movs	r3, #32
  57              	.LVL3:
ARM GAS  /tmp/ccZNKD31.s 			page 2


  58              	@ 73 "/home/gokul/ChibiOS_2.5.0/os/kernel/src/chmsg.c" 1
  59 000e 83F31188 		msr     BASEPRI, r3
  60              	@ 0 "" 2
  61              	.LVL4:
  62              		.thumb
  63              	.LBE10:
  64 0012 FFF7FEFF 		bl	dbg_check_lock
  65              	.LVL5:
  66              		.loc 1 75 0
  67 0016 05F13002 		add	r2, r5, #48
  68 001a A262     		str	r2, [r4, #40]
  69              	.LVL6:
  70              		.loc 1 77 0
  71 001c 95F82010 		ldrb	r1, [r5, #32]	@ zero_extendqisi2
  72              	.LBB11:
  73              	.LBB12:
  74              		.file 2 "/home/gokul/ChibiOS_2.5.0/os/kernel/include/chinline.h"
  75              		.loc 2 48 0
  76 0020 686B     		ldr	r0, [r5, #52]
  77              		.loc 2 47 0
  78 0022 2260     		str	r2, [r4, #0]
  79              	.LBE12:
  80              	.LBE11:
  81              		.loc 1 77 0
  82 0024 0C29     		cmp	r1, #12
  83              		.loc 1 74 0
  84 0026 A663     		str	r6, [r4, #56]
  85              	.LBB14:
  86              	.LBB13:
  87              		.loc 2 48 0
  88 0028 6060     		str	r0, [r4, #4]
  89              		.loc 2 49 0
  90 002a 6C63     		str	r4, [r5, #52]
  91 002c 0460     		str	r4, [r0, #0]
  92              	.LBE13:
  93              	.LBE14:
  94              		.loc 1 77 0
  95 002e 0AD0     		beq	.L6
  96              	.LVL7:
  97              	.L3:
  98              		.loc 1 79 0
  99 0030 0A20     		movs	r0, #10
 100 0032 FFF7FEFF 		bl	chSchGoSleepS
 101              	.LVL8:
 102              		.loc 1 80 0
 103 0036 A46A     		ldr	r4, [r4, #40]
 104              	.LVL9:
 105              		.loc 1 81 0
 106 0038 FFF7FEFF 		bl	dbg_check_unlock
 107              	.LVL10:
 108              	.LBB15:
 109 003c 0023     		movs	r3, #0
 110              	.LVL11:
 111              	@ 81 "/home/gokul/ChibiOS_2.5.0/os/kernel/src/chmsg.c" 1
 112 003e 83F31188 		msr     BASEPRI, r3
 113              	@ 0 "" 2
 114              	.LVL12:
ARM GAS  /tmp/ccZNKD31.s 			page 3


 115              		.thumb
 116              	.LBE15:
 117              		.loc 1 83 0
 118 0042 2046     		mov	r0, r4
 119 0044 70BD     		pop	{r4, r5, r6, pc}
 120              	.LVL13:
 121              	.L6:
 122              		.loc 1 78 0
 123 0046 2846     		mov	r0, r5
 124 0048 FFF7FEFF 		bl	chSchReadyI
 125              	.LVL14:
 126 004c F0E7     		b	.L3
 127              	.LVL15:
 128              	.L5:
 129              		.loc 1 71 0 discriminator 1
 130 004e 0348     		ldr	r0, .L7+4
 131              	.LVL16:
 132 0050 FFF7FEFF 		bl	chDbgPanic
 133              	.LVL17:
 134 0054 DAE7     		b	.L2
 135              	.L8:
 136 0056 00BF     		.align	2
 137              	.L7:
 138 0058 00000000 		.word	rlist
 139 005c 00000000 		.word	.LC0
 140              		.cfi_endproc
 141              	.LFE7:
 142              		.size	chMsgSend, .-chMsgSend
 143              		.section	.text.chMsgWait,"ax",%progbits
 144              		.align	2
 145              		.p2align 4,,15
 146              		.global	chMsgWait
 147              		.thumb
 148              		.thumb_func
 149              		.type	chMsgWait, %function
 150              	chMsgWait:
 151              	.LFB8:
 152              		.loc 1 99 0
 153              		.cfi_startproc
 154              		@ args = 0, pretend = 0, frame = 0
 155              		@ frame_needed = 0, uses_anonymous_args = 0
 156 0000 38B5     		push	{r3, r4, r5, lr}
 157              	.LCFI1:
 158              		.cfi_def_cfa_offset 16
 159              		.cfi_offset 3, -16
 160              		.cfi_offset 4, -12
 161              		.cfi_offset 5, -8
 162              		.cfi_offset 14, -4
 163              	.LBB16:
 164              		.loc 1 102 0
 165 0002 2023     		movs	r3, #32
 166              	.LVL18:
 167              	@ 102 "/home/gokul/ChibiOS_2.5.0/os/kernel/src/chmsg.c" 1
 168 0004 83F31188 		msr     BASEPRI, r3
 169              	@ 0 "" 2
 170              	.LVL19:
 171              		.thumb
ARM GAS  /tmp/ccZNKD31.s 			page 4


 172              	.LBE16:
 173              		.loc 1 103 0
 174 0008 0E4D     		ldr	r5, .L12
 175              		.loc 1 102 0
 176 000a FFF7FEFF 		bl	dbg_check_lock
 177              	.LVL20:
 178              		.loc 1 103 0
 179 000e AA69     		ldr	r2, [r5, #24]
 180 0010 1346     		mov	r3, r2
 181 0012 53F8304F 		ldr	r4, [r3, #48]!
 182 0016 9C42     		cmp	r4, r3
 183 0018 0CD0     		beq	.L11
 184              	.L10:
 185              	.LVL21:
 186              	.LBB17:
 187              	.LBB18:
 188              		.loc 2 55 0
 189 001a 2168     		ldr	r1, [r4, #0]
 190              	.LBE18:
 191              	.LBE17:
 192              		.loc 1 106 0
 193 001c 0B20     		movs	r0, #11
 194              	.LBB20:
 195              	.LBB19:
 196              		.loc 2 55 0
 197 001e 1163     		str	r1, [r2, #48]
 198 0020 4B60     		str	r3, [r1, #4]
 199              	.LBE19:
 200              	.LBE20:
 201              		.loc 1 106 0
 202 0022 84F82000 		strb	r0, [r4, #32]
 203              		.loc 1 107 0
 204 0026 FFF7FEFF 		bl	dbg_check_unlock
 205              	.LVL22:
 206              	.LBB21:
 207 002a 0023     		movs	r3, #0
 208              	.LVL23:
 209              	@ 107 "/home/gokul/ChibiOS_2.5.0/os/kernel/src/chmsg.c" 1
 210 002c 83F31188 		msr     BASEPRI, r3
 211              	@ 0 "" 2
 212              	.LVL24:
 213              		.thumb
 214              	.LBE21:
 215              		.loc 1 109 0
 216 0030 2046     		mov	r0, r4
 217 0032 38BD     		pop	{r3, r4, r5, pc}
 218              	.LVL25:
 219              	.L11:
 220              		.loc 1 104 0
 221 0034 0C20     		movs	r0, #12
 222 0036 FFF7FEFF 		bl	chSchGoSleepS
 223              	.LVL26:
 224 003a AA69     		ldr	r2, [r5, #24]
 225 003c 1346     		mov	r3, r2
 226 003e 53F8304F 		ldr	r4, [r3, #48]!
 227 0042 EAE7     		b	.L10
 228              	.L13:
ARM GAS  /tmp/ccZNKD31.s 			page 5


 229              		.align	2
 230              	.L12:
 231 0044 00000000 		.word	rlist
 232              		.cfi_endproc
 233              	.LFE8:
 234              		.size	chMsgWait, .-chMsgWait
 235 0048 AFF30080 		.section	.text.chMsgRelease,"ax",%progbits
 235      AFF30080 
 236              		.align	2
 237              		.p2align 4,,15
 238              		.global	chMsgRelease
 239              		.thumb
 240              		.thumb_func
 241              		.type	chMsgRelease, %function
 242              	chMsgRelease:
 243              	.LFB9:
 244              		.loc 1 121 0
 245              		.cfi_startproc
 246              		@ args = 0, pretend = 0, frame = 0
 247              		@ frame_needed = 0, uses_anonymous_args = 0
 248              	.LVL27:
 249 0000 38B5     		push	{r3, r4, r5, lr}
 250              	.LCFI2:
 251              		.cfi_def_cfa_offset 16
 252              		.cfi_offset 3, -16
 253              		.cfi_offset 4, -12
 254              		.cfi_offset 5, -8
 255              		.cfi_offset 14, -4
 256              		.loc 1 121 0
 257 0002 0446     		mov	r4, r0
 258 0004 0D46     		mov	r5, r1
 259              	.LBB22:
 260              		.loc 1 123 0
 261 0006 2023     		movs	r3, #32
 262              	.LVL28:
 263              	@ 123 "/home/gokul/ChibiOS_2.5.0/os/kernel/src/chmsg.c" 1
 264 0008 83F31188 		msr     BASEPRI, r3
 265              	@ 0 "" 2
 266              	.LVL29:
 267              		.thumb
 268              	.LBE22:
 269 000c FFF7FEFF 		bl	dbg_check_lock
 270              	.LVL30:
 271              		.loc 1 124 0
 272 0010 94F82030 		ldrb	r3, [r4, #32]	@ zero_extendqisi2
 273 0014 0B2B     		cmp	r3, #11
 274 0016 02D0     		beq	.L15
 275              		.loc 1 124 0 is_stmt 0 discriminator 1
 276 0018 0648     		ldr	r0, .L19
 277 001a FFF7FEFF 		bl	chDbgPanic
 278              	.LVL31:
 279              	.L15:
 280              		.loc 1 126 0 is_stmt 1
 281 001e 2046     		mov	r0, r4
 282 0020 2946     		mov	r1, r5
 283 0022 FFF7FEFF 		bl	chSchWakeupS
 284              	.LVL32:
ARM GAS  /tmp/ccZNKD31.s 			page 6


 285              		.loc 1 127 0
 286 0026 FFF7FEFF 		bl	dbg_check_unlock
 287              	.LVL33:
 288              	.LBB23:
 289 002a 0023     		movs	r3, #0
 290              	.LVL34:
 291              	@ 127 "/home/gokul/ChibiOS_2.5.0/os/kernel/src/chmsg.c" 1
 292 002c 83F31188 		msr     BASEPRI, r3
 293              	@ 0 "" 2
 294              	.LVL35:
 295              		.thumb
 296 0030 38BD     		pop	{r3, r4, r5, pc}
 297              	.L20:
 298 0032 00BF     		.align	2
 299              	.L19:
 300 0034 10000000 		.word	.LC1
 301              	.LBE23:
 302              		.cfi_endproc
 303              	.LFE9:
 304              		.size	chMsgRelease, .-chMsgRelease
 305 0038 AFF30080 		.section	.rodata.str1.4,"aMS",%progbits,1
 305      AFF30080 
 306              		.align	2
 307              	.LC0:
 308 0000 2263684D 		.ascii	"\"chMsgSend\"()\000"
 308      73675365 
 308      6E642228 
 308      2900
 309 000e 0000     		.space	2
 310              	.LC1:
 311 0010 63684D73 		.ascii	"chMsgRelease(), #1\000"
 311      6752656C 
 311      65617365 
 311      28292C20 
 311      233100
 312 0023 00       		.text
 313              	.Letext0:
 314              		.file 3 "/opt/gcc-arm-none-eabi-4_7-2013q1/bin/../lib/gcc/arm-none-eabi/4.7.3/../../../../arm-none
 315              		.file 4 "/home/gokul/ChibiOS_2.5.0/os/ports/GCC/ARMCMx/chtypes.h"
 316              		.file 5 "/home/gokul/ChibiOS_2.5.0/os/kernel/include/chlists.h"
 317              		.file 6 "/home/gokul/ChibiOS_2.5.0/os/kernel/include/chthreads.h"
 318              		.file 7 "/home/gokul/ChibiOS_2.5.0/os/ports/GCC/ARMCMx/chcore_v7m.h"
 319              		.file 8 "/home/gokul/ChibiOS_2.5.0/os/kernel/include/chschd.h"
 320              		.file 9 "/home/gokul/ChibiOS_2.5.0/os/kernel/include/chmtx.h"
 321              		.file 10 "/home/gokul/ChibiOS_2.5.0/os/kernel/include/chdebug.h"
 322              		.section	.debug_info,"",%progbits
 323              	.Ldebug_info0:
 324 0000 7C070000 		.4byte	0x77c
 325 0004 0200     		.2byte	0x2
 326 0006 00000000 		.4byte	.Ldebug_abbrev0
 327 000a 04       		.byte	0x4
 328 000b 01       		.uleb128 0x1
 329 000c D7010000 		.4byte	.LASF71
 330 0010 01       		.byte	0x1
 331 0011 03010000 		.4byte	.LASF72
 332 0015 48000000 		.4byte	.Ldebug_ranges0+0x48
 333 0019 00000000 		.4byte	0
ARM GAS  /tmp/ccZNKD31.s 			page 7


 334 001d 00000000 		.4byte	0
 335 0021 00000000 		.4byte	.Ldebug_line0
 336 0025 02       		.uleb128 0x2
 337 0026 04       		.byte	0x4
 338 0027 05       		.byte	0x5
 339 0028 696E7400 		.ascii	"int\000"
 340 002c 03       		.uleb128 0x3
 341 002d 04       		.byte	0x4
 342 002e 07       		.byte	0x7
 343 002f C9000000 		.4byte	.LASF0
 344 0033 03       		.uleb128 0x3
 345 0034 01       		.byte	0x1
 346 0035 06       		.byte	0x6
 347 0036 63000000 		.4byte	.LASF1
 348 003a 04       		.uleb128 0x4
 349 003b 37030000 		.4byte	.LASF5
 350 003f 03       		.byte	0x3
 351 0040 2A       		.byte	0x2a
 352 0041 45000000 		.4byte	0x45
 353 0045 03       		.uleb128 0x3
 354 0046 01       		.byte	0x1
 355 0047 08       		.byte	0x8
 356 0048 28020000 		.4byte	.LASF2
 357 004c 03       		.uleb128 0x3
 358 004d 02       		.byte	0x2
 359 004e 05       		.byte	0x5
 360 004f 40020000 		.4byte	.LASF3
 361 0053 03       		.uleb128 0x3
 362 0054 02       		.byte	0x2
 363 0055 07       		.byte	0x7
 364 0056 F0000000 		.4byte	.LASF4
 365 005a 04       		.uleb128 0x4
 366 005b 20020000 		.4byte	.LASF6
 367 005f 03       		.byte	0x3
 368 0060 4F       		.byte	0x4f
 369 0061 65000000 		.4byte	0x65
 370 0065 03       		.uleb128 0x3
 371 0066 04       		.byte	0x4
 372 0067 05       		.byte	0x5
 373 0068 89000000 		.4byte	.LASF7
 374 006c 04       		.uleb128 0x4
 375 006d A6020000 		.4byte	.LASF8
 376 0071 03       		.byte	0x3
 377 0072 50       		.byte	0x50
 378 0073 77000000 		.4byte	0x77
 379 0077 03       		.uleb128 0x3
 380 0078 04       		.byte	0x4
 381 0079 07       		.byte	0x7
 382 007a D6000000 		.4byte	.LASF9
 383 007e 03       		.uleb128 0x3
 384 007f 08       		.byte	0x8
 385 0080 05       		.byte	0x5
 386 0081 55000000 		.4byte	.LASF10
 387 0085 04       		.uleb128 0x4
 388 0086 25000000 		.4byte	.LASF11
 389 008a 03       		.byte	0x3
 390 008b 78       		.byte	0x78
ARM GAS  /tmp/ccZNKD31.s 			page 8


 391 008c 90000000 		.4byte	0x90
 392 0090 03       		.uleb128 0x3
 393 0091 08       		.byte	0x8
 394 0092 07       		.byte	0x7
 395 0093 2E000000 		.4byte	.LASF12
 396 0097 04       		.uleb128 0x4
 397 0098 39010000 		.4byte	.LASF13
 398 009c 04       		.byte	0x4
 399 009d 28       		.byte	0x28
 400 009e 3A000000 		.4byte	0x3a
 401 00a2 04       		.uleb128 0x4
 402 00a3 9C000000 		.4byte	.LASF14
 403 00a7 04       		.byte	0x4
 404 00a8 29       		.byte	0x29
 405 00a9 3A000000 		.4byte	0x3a
 406 00ad 04       		.uleb128 0x4
 407 00ae C0010000 		.4byte	.LASF15
 408 00b2 04       		.byte	0x4
 409 00b3 2A       		.byte	0x2a
 410 00b4 3A000000 		.4byte	0x3a
 411 00b8 04       		.uleb128 0x4
 412 00b9 7F000000 		.4byte	.LASF16
 413 00bd 04       		.byte	0x4
 414 00be 2B       		.byte	0x2b
 415 00bf 3A000000 		.4byte	0x3a
 416 00c3 04       		.uleb128 0x4
 417 00c4 CF010000 		.4byte	.LASF17
 418 00c8 04       		.byte	0x4
 419 00c9 2C       		.byte	0x2c
 420 00ca 6C000000 		.4byte	0x6c
 421 00ce 04       		.uleb128 0x4
 422 00cf 33010000 		.4byte	.LASF18
 423 00d3 04       		.byte	0x4
 424 00d4 2D       		.byte	0x2d
 425 00d5 5A000000 		.4byte	0x5a
 426 00d9 04       		.uleb128 0x4
 427 00da 4D010000 		.4byte	.LASF19
 428 00de 04       		.byte	0x4
 429 00df 2F       		.byte	0x2f
 430 00e0 6C000000 		.4byte	0x6c
 431 00e4 04       		.uleb128 0x4
 432 00e5 DB020000 		.4byte	.LASF20
 433 00e9 04       		.byte	0x4
 434 00ea 30       		.byte	0x30
 435 00eb 6C000000 		.4byte	0x6c
 436 00ef 04       		.uleb128 0x4
 437 00f0 79020000 		.4byte	.LASF21
 438 00f4 05       		.byte	0x5
 439 00f5 23       		.byte	0x23
 440 00f6 FA000000 		.4byte	0xfa
 441 00fa 05       		.uleb128 0x5
 442 00fb 79020000 		.4byte	.LASF21
 443 00ff 4C       		.byte	0x4c
 444 0100 06       		.byte	0x6
 445 0101 57       		.byte	0x57
 446 0102 2D020000 		.4byte	0x22d
 447 0106 06       		.uleb128 0x6
ARM GAS  /tmp/ccZNKD31.s 			page 9


 448 0107 6A020000 		.4byte	.LASF22
 449 010b 06       		.byte	0x6
 450 010c 58       		.byte	0x58
 451 010d 52020000 		.4byte	0x252
 452 0111 02       		.byte	0x2
 453 0112 23       		.byte	0x23
 454 0113 00       		.uleb128 0
 455 0114 06       		.uleb128 0x6
 456 0115 C8010000 		.4byte	.LASF23
 457 0119 06       		.byte	0x6
 458 011a 5A       		.byte	0x5a
 459 011b 52020000 		.4byte	0x252
 460 011f 02       		.byte	0x2
 461 0120 23       		.byte	0x23
 462 0121 04       		.uleb128 0x4
 463 0122 06       		.uleb128 0x6
 464 0123 4E000000 		.4byte	.LASF24
 465 0127 06       		.byte	0x6
 466 0128 5C       		.byte	0x5c
 467 0129 C3000000 		.4byte	0xc3
 468 012d 02       		.byte	0x2
 469 012e 23       		.byte	0x23
 470 012f 08       		.uleb128 0x8
 471 0130 06       		.uleb128 0x6
 472 0131 55030000 		.4byte	.LASF25
 473 0135 06       		.byte	0x6
 474 0136 5D       		.byte	0x5d
 475 0137 2B030000 		.4byte	0x32b
 476 013b 02       		.byte	0x2
 477 013c 23       		.byte	0x23
 478 013d 0C       		.uleb128 0xc
 479 013e 06       		.uleb128 0x6
 480 013f A5000000 		.4byte	.LASF26
 481 0143 06       		.byte	0x6
 482 0144 5F       		.byte	0x5f
 483 0145 52020000 		.4byte	0x252
 484 0149 02       		.byte	0x2
 485 014a 23       		.byte	0x23
 486 014b 10       		.uleb128 0x10
 487 014c 06       		.uleb128 0x6
 488 014d 82010000 		.4byte	.LASF27
 489 0151 06       		.byte	0x6
 490 0152 60       		.byte	0x60
 491 0153 52020000 		.4byte	0x252
 492 0157 02       		.byte	0x2
 493 0158 23       		.byte	0x23
 494 0159 14       		.uleb128 0x14
 495 015a 06       		.uleb128 0x6
 496 015b 46030000 		.4byte	.LASF28
 497 015f 06       		.byte	0x6
 498 0160 67       		.byte	0x67
 499 0161 3F040000 		.4byte	0x43f
 500 0165 02       		.byte	0x2
 501 0166 23       		.byte	0x23
 502 0167 18       		.uleb128 0x18
 503 0168 06       		.uleb128 0x6
 504 0169 BE000000 		.4byte	.LASF29
ARM GAS  /tmp/ccZNKD31.s 			page 10


 505 016d 06       		.byte	0x6
 506 016e 6D       		.byte	0x6d
 507 016f 51040000 		.4byte	0x451
 508 0173 02       		.byte	0x2
 509 0174 23       		.byte	0x23
 510 0175 1C       		.uleb128 0x1c
 511 0176 06       		.uleb128 0x6
 512 0177 4A020000 		.4byte	.LASF30
 513 017b 06       		.byte	0x6
 514 017c 72       		.byte	0x72
 515 017d A2000000 		.4byte	0xa2
 516 0181 02       		.byte	0x2
 517 0182 23       		.byte	0x23
 518 0183 20       		.uleb128 0x20
 519 0184 06       		.uleb128 0x6
 520 0185 71020000 		.4byte	.LASF31
 521 0189 06       		.byte	0x6
 522 018a 76       		.byte	0x76
 523 018b 97000000 		.4byte	0x97
 524 018f 02       		.byte	0x2
 525 0190 23       		.byte	0x23
 526 0191 21       		.uleb128 0x21
 527 0192 06       		.uleb128 0x6
 528 0193 20030000 		.4byte	.LASF32
 529 0197 06       		.byte	0x6
 530 0198 7B       		.byte	0x7b
 531 0199 AD000000 		.4byte	0xad
 532 019d 02       		.byte	0x2
 533 019e 23       		.byte	0x23
 534 019f 22       		.uleb128 0x22
 535 01a0 06       		.uleb128 0x6
 536 01a1 52020000 		.4byte	.LASF33
 537 01a5 06       		.byte	0x6
 538 01a6 81       		.byte	0x81
 539 01a7 B8000000 		.4byte	0xb8
 540 01ab 02       		.byte	0x2
 541 01ac 23       		.byte	0x23
 542 01ad 23       		.uleb128 0x23
 543 01ae 06       		.uleb128 0x6
 544 01af F0020000 		.4byte	.LASF34
 545 01b3 06       		.byte	0x6
 546 01b4 88       		.byte	0x88
 547 01b5 55030000 		.4byte	0x355
 548 01b9 02       		.byte	0x2
 549 01ba 23       		.byte	0x23
 550 01bb 24       		.uleb128 0x24
 551 01bc 07       		.uleb128 0x7
 552 01bd 705F7500 		.ascii	"p_u\000"
 553 01c1 06       		.byte	0x6
 554 01c2 AD       		.byte	0xad
 555 01c3 0A040000 		.4byte	0x40a
 556 01c7 02       		.byte	0x2
 557 01c8 23       		.byte	0x23
 558 01c9 28       		.uleb128 0x28
 559 01ca 06       		.uleb128 0x6
 560 01cb 5B030000 		.4byte	.LASF35
 561 01cf 06       		.byte	0x6
ARM GAS  /tmp/ccZNKD31.s 			page 11


 562 01d0 B2       		.byte	0xb2
 563 01d1 7A020000 		.4byte	0x27a
 564 01d5 02       		.byte	0x2
 565 01d6 23       		.byte	0x23
 566 01d7 2C       		.uleb128 0x2c
 567 01d8 06       		.uleb128 0x6
 568 01d9 FE020000 		.4byte	.LASF36
 569 01dd 06       		.byte	0x6
 570 01de B8       		.byte	0xb8
 571 01df 58020000 		.4byte	0x258
 572 01e3 02       		.byte	0x2
 573 01e4 23       		.byte	0x23
 574 01e5 30       		.uleb128 0x30
 575 01e6 06       		.uleb128 0x6
 576 01e7 00000000 		.4byte	.LASF37
 577 01eb 06       		.byte	0x6
 578 01ec BC       		.byte	0xbc
 579 01ed CE000000 		.4byte	0xce
 580 01f1 02       		.byte	0x2
 581 01f2 23       		.byte	0x23
 582 01f3 38       		.uleb128 0x38
 583 01f4 06       		.uleb128 0x6
 584 01f5 9B020000 		.4byte	.LASF38
 585 01f9 06       		.byte	0x6
 586 01fa C2       		.byte	0xc2
 587 01fb D9000000 		.4byte	0xd9
 588 01ff 02       		.byte	0x2
 589 0200 23       		.byte	0x23
 590 0201 3C       		.uleb128 0x3c
 591 0202 06       		.uleb128 0x6
 592 0203 36020000 		.4byte	.LASF39
 593 0207 06       		.byte	0x6
 594 0208 C9       		.byte	0xc9
 595 0209 57040000 		.4byte	0x457
 596 020d 02       		.byte	0x2
 597 020e 23       		.byte	0x23
 598 020f 40       		.uleb128 0x40
 599 0210 06       		.uleb128 0x6
 600 0211 E5020000 		.4byte	.LASF40
 601 0215 06       		.byte	0x6
 602 0216 CD       		.byte	0xcd
 603 0217 C3000000 		.4byte	0xc3
 604 021b 02       		.byte	0x2
 605 021c 23       		.byte	0x23
 606 021d 44       		.uleb128 0x44
 607 021e 06       		.uleb128 0x6
 608 021f 6F000000 		.4byte	.LASF41
 609 0223 06       		.byte	0x6
 610 0224 D3       		.byte	0xd3
 611 0225 90020000 		.4byte	0x290
 612 0229 02       		.byte	0x2
 613 022a 23       		.byte	0x23
 614 022b 48       		.uleb128 0x48
 615 022c 00       		.byte	0
 616 022d 08       		.uleb128 0x8
 617 022e 08       		.byte	0x8
 618 022f 05       		.byte	0x5
ARM GAS  /tmp/ccZNKD31.s 			page 12


 619 0230 5A       		.byte	0x5a
 620 0231 52020000 		.4byte	0x252
 621 0235 06       		.uleb128 0x6
 622 0236 6A020000 		.4byte	.LASF22
 623 023a 05       		.byte	0x5
 624 023b 5B       		.byte	0x5b
 625 023c 52020000 		.4byte	0x252
 626 0240 02       		.byte	0x2
 627 0241 23       		.byte	0x23
 628 0242 00       		.uleb128 0
 629 0243 06       		.uleb128 0x6
 630 0244 C8010000 		.4byte	.LASF23
 631 0248 05       		.byte	0x5
 632 0249 5D       		.byte	0x5d
 633 024a 52020000 		.4byte	0x252
 634 024e 02       		.byte	0x2
 635 024f 23       		.byte	0x23
 636 0250 04       		.uleb128 0x4
 637 0251 00       		.byte	0
 638 0252 09       		.uleb128 0x9
 639 0253 04       		.byte	0x4
 640 0254 EF000000 		.4byte	0xef
 641 0258 04       		.uleb128 0x4
 642 0259 90010000 		.4byte	.LASF42
 643 025d 05       		.byte	0x5
 644 025e 5F       		.byte	0x5f
 645 025f 2D020000 		.4byte	0x22d
 646 0263 08       		.uleb128 0x8
 647 0264 04       		.byte	0x4
 648 0265 05       		.byte	0x5
 649 0266 64       		.byte	0x64
 650 0267 7A020000 		.4byte	0x27a
 651 026b 06       		.uleb128 0x6
 652 026c 6A020000 		.4byte	.LASF22
 653 0270 05       		.byte	0x5
 654 0271 66       		.byte	0x66
 655 0272 52020000 		.4byte	0x252
 656 0276 02       		.byte	0x2
 657 0277 23       		.byte	0x23
 658 0278 00       		.uleb128 0
 659 0279 00       		.byte	0
 660 027a 04       		.uleb128 0x4
 661 027b 41010000 		.4byte	.LASF43
 662 027f 05       		.byte	0x5
 663 0280 69       		.byte	0x69
 664 0281 63020000 		.4byte	0x263
 665 0285 04       		.uleb128 0x4
 666 0286 B5000000 		.4byte	.LASF44
 667 028a 07       		.byte	0x7
 668 028b DE       		.byte	0xde
 669 028c 90020000 		.4byte	0x290
 670 0290 0A       		.uleb128 0xa
 671 0291 04       		.byte	0x4
 672 0292 04       		.uleb128 0x4
 673 0293 5F010000 		.4byte	.LASF45
 674 0297 07       		.byte	0x7
 675 0298 E4       		.byte	0xe4
ARM GAS  /tmp/ccZNKD31.s 			page 13


 676 0299 85000000 		.4byte	0x85
 677 029d 0B       		.uleb128 0xb
 678 029e F7020000 		.4byte	.LASF46
 679 02a2 24       		.byte	0x24
 680 02a3 07       		.byte	0x7
 681 02a4 0501     		.2byte	0x105
 682 02a6 2B030000 		.4byte	0x32b
 683 02aa 0C       		.uleb128 0xc
 684 02ab 723400   		.ascii	"r4\000"
 685 02ae 07       		.byte	0x7
 686 02af 1801     		.2byte	0x118
 687 02b1 85020000 		.4byte	0x285
 688 02b5 02       		.byte	0x2
 689 02b6 23       		.byte	0x23
 690 02b7 00       		.uleb128 0
 691 02b8 0C       		.uleb128 0xc
 692 02b9 723500   		.ascii	"r5\000"
 693 02bc 07       		.byte	0x7
 694 02bd 1901     		.2byte	0x119
 695 02bf 85020000 		.4byte	0x285
 696 02c3 02       		.byte	0x2
 697 02c4 23       		.byte	0x23
 698 02c5 04       		.uleb128 0x4
 699 02c6 0C       		.uleb128 0xc
 700 02c7 723600   		.ascii	"r6\000"
 701 02ca 07       		.byte	0x7
 702 02cb 1A01     		.2byte	0x11a
 703 02cd 85020000 		.4byte	0x285
 704 02d1 02       		.byte	0x2
 705 02d2 23       		.byte	0x23
 706 02d3 08       		.uleb128 0x8
 707 02d4 0C       		.uleb128 0xc
 708 02d5 723700   		.ascii	"r7\000"
 709 02d8 07       		.byte	0x7
 710 02d9 1B01     		.2byte	0x11b
 711 02db 85020000 		.4byte	0x285
 712 02df 02       		.byte	0x2
 713 02e0 23       		.byte	0x23
 714 02e1 0C       		.uleb128 0xc
 715 02e2 0C       		.uleb128 0xc
 716 02e3 723800   		.ascii	"r8\000"
 717 02e6 07       		.byte	0x7
 718 02e7 1C01     		.2byte	0x11c
 719 02e9 85020000 		.4byte	0x285
 720 02ed 02       		.byte	0x2
 721 02ee 23       		.byte	0x23
 722 02ef 10       		.uleb128 0x10
 723 02f0 0C       		.uleb128 0xc
 724 02f1 723900   		.ascii	"r9\000"
 725 02f4 07       		.byte	0x7
 726 02f5 1D01     		.2byte	0x11d
 727 02f7 85020000 		.4byte	0x285
 728 02fb 02       		.byte	0x2
 729 02fc 23       		.byte	0x23
 730 02fd 14       		.uleb128 0x14
 731 02fe 0C       		.uleb128 0xc
 732 02ff 72313000 		.ascii	"r10\000"
ARM GAS  /tmp/ccZNKD31.s 			page 14


 733 0303 07       		.byte	0x7
 734 0304 1E01     		.2byte	0x11e
 735 0306 85020000 		.4byte	0x285
 736 030a 02       		.byte	0x2
 737 030b 23       		.byte	0x23
 738 030c 18       		.uleb128 0x18
 739 030d 0C       		.uleb128 0xc
 740 030e 72313100 		.ascii	"r11\000"
 741 0312 07       		.byte	0x7
 742 0313 1F01     		.2byte	0x11f
 743 0315 85020000 		.4byte	0x285
 744 0319 02       		.byte	0x2
 745 031a 23       		.byte	0x23
 746 031b 1C       		.uleb128 0x1c
 747 031c 0C       		.uleb128 0xc
 748 031d 6C7200   		.ascii	"lr\000"
 749 0320 07       		.byte	0x7
 750 0321 2001     		.2byte	0x120
 751 0323 85020000 		.4byte	0x285
 752 0327 02       		.byte	0x2
 753 0328 23       		.byte	0x23
 754 0329 20       		.uleb128 0x20
 755 032a 00       		.byte	0
 756 032b 0B       		.uleb128 0xb
 757 032c E8000000 		.4byte	.LASF47
 758 0330 04       		.byte	0x4
 759 0331 07       		.byte	0x7
 760 0332 2A01     		.2byte	0x12a
 761 0334 48030000 		.4byte	0x348
 762 0338 0C       		.uleb128 0xc
 763 0339 72313300 		.ascii	"r13\000"
 764 033d 07       		.byte	0x7
 765 033e 2B01     		.2byte	0x12b
 766 0340 48030000 		.4byte	0x348
 767 0344 02       		.byte	0x2
 768 0345 23       		.byte	0x23
 769 0346 00       		.uleb128 0
 770 0347 00       		.byte	0
 771 0348 09       		.uleb128 0x9
 772 0349 04       		.byte	0x4
 773 034a 9D020000 		.4byte	0x29d
 774 034e 03       		.uleb128 0x3
 775 034f 04       		.byte	0x4
 776 0350 07       		.byte	0x7
 777 0351 6A010000 		.4byte	.LASF48
 778 0355 0D       		.uleb128 0xd
 779 0356 E4000000 		.4byte	0xe4
 780 035a 08       		.uleb128 0x8
 781 035b 1C       		.byte	0x1c
 782 035c 08       		.byte	0x8
 783 035d 57       		.byte	0x57
 784 035e B7030000 		.4byte	0x3b7
 785 0362 06       		.uleb128 0x6
 786 0363 AF020000 		.4byte	.LASF49
 787 0367 08       		.byte	0x8
 788 0368 58       		.byte	0x58
 789 0369 58020000 		.4byte	0x258
ARM GAS  /tmp/ccZNKD31.s 			page 15


 790 036d 02       		.byte	0x2
 791 036e 23       		.byte	0x23
 792 036f 00       		.uleb128 0
 793 0370 06       		.uleb128 0x6
 794 0371 5C020000 		.4byte	.LASF50
 795 0375 08       		.byte	0x8
 796 0376 59       		.byte	0x59
 797 0377 C3000000 		.4byte	0xc3
 798 037b 02       		.byte	0x2
 799 037c 23       		.byte	0x23
 800 037d 08       		.uleb128 0x8
 801 037e 06       		.uleb128 0x6
 802 037f 8A010000 		.4byte	.LASF51
 803 0383 08       		.byte	0x8
 804 0384 5B       		.byte	0x5b
 805 0385 2B030000 		.4byte	0x32b
 806 0389 02       		.byte	0x2
 807 038a 23       		.byte	0x23
 808 038b 0C       		.uleb128 0xc
 809 038c 06       		.uleb128 0x6
 810 038d AD000000 		.4byte	.LASF52
 811 0391 08       		.byte	0x8
 812 0392 5E       		.byte	0x5e
 813 0393 52020000 		.4byte	0x252
 814 0397 02       		.byte	0x2
 815 0398 23       		.byte	0x23
 816 0399 10       		.uleb128 0x10
 817 039a 06       		.uleb128 0x6
 818 039b A7010000 		.4byte	.LASF53
 819 039f 08       		.byte	0x8
 820 03a0 5F       		.byte	0x5f
 821 03a1 52020000 		.4byte	0x252
 822 03a5 02       		.byte	0x2
 823 03a6 23       		.byte	0x23
 824 03a7 14       		.uleb128 0x14
 825 03a8 06       		.uleb128 0x6
 826 03a9 9D010000 		.4byte	.LASF54
 827 03ad 08       		.byte	0x8
 828 03ae 62       		.byte	0x62
 829 03af 52020000 		.4byte	0x252
 830 03b3 02       		.byte	0x2
 831 03b4 23       		.byte	0x23
 832 03b5 18       		.uleb128 0x18
 833 03b6 00       		.byte	0
 834 03b7 04       		.uleb128 0x4
 835 03b8 27030000 		.4byte	.LASF55
 836 03bc 08       		.byte	0x8
 837 03bd 64       		.byte	0x64
 838 03be 5A030000 		.4byte	0x35a
 839 03c2 05       		.uleb128 0x5
 840 03c3 59010000 		.4byte	.LASF56
 841 03c7 10       		.byte	0x10
 842 03c8 09       		.byte	0x9
 843 03c9 25       		.byte	0x25
 844 03ca F9030000 		.4byte	0x3f9
 845 03ce 06       		.uleb128 0x6
 846 03cf 77000000 		.4byte	.LASF57
ARM GAS  /tmp/ccZNKD31.s 			page 16


 847 03d3 09       		.byte	0x9
 848 03d4 26       		.byte	0x26
 849 03d5 58020000 		.4byte	0x258
 850 03d9 02       		.byte	0x2
 851 03da 23       		.byte	0x23
 852 03db 00       		.uleb128 0
 853 03dc 06       		.uleb128 0x6
 854 03dd 4D030000 		.4byte	.LASF58
 855 03e1 09       		.byte	0x9
 856 03e2 28       		.byte	0x28
 857 03e3 52020000 		.4byte	0x252
 858 03e7 02       		.byte	0x2
 859 03e8 23       		.byte	0x23
 860 03e9 08       		.uleb128 0x8
 861 03ea 06       		.uleb128 0x6
 862 03eb D4020000 		.4byte	.LASF59
 863 03ef 09       		.byte	0x9
 864 03f0 2A       		.byte	0x2a
 865 03f1 F9030000 		.4byte	0x3f9
 866 03f5 02       		.byte	0x2
 867 03f6 23       		.byte	0x23
 868 03f7 0C       		.uleb128 0xc
 869 03f8 00       		.byte	0
 870 03f9 09       		.uleb128 0x9
 871 03fa 04       		.byte	0x4
 872 03fb C2030000 		.4byte	0x3c2
 873 03ff 04       		.uleb128 0x4
 874 0400 59010000 		.4byte	.LASF56
 875 0404 09       		.byte	0x9
 876 0405 2C       		.byte	0x2c
 877 0406 C2030000 		.4byte	0x3c2
 878 040a 0E       		.uleb128 0xe
 879 040b 04       		.byte	0x4
 880 040c 06       		.byte	0x6
 881 040d 8F       		.byte	0x8f
 882 040e 3F040000 		.4byte	0x43f
 883 0412 0F       		.uleb128 0xf
 884 0413 1E000000 		.4byte	.LASF60
 885 0417 06       		.byte	0x6
 886 0418 96       		.byte	0x96
 887 0419 CE000000 		.4byte	0xce
 888 041d 0F       		.uleb128 0xf
 889 041e 45000000 		.4byte	.LASF61
 890 0422 06       		.byte	0x6
 891 0423 9D       		.byte	0x9d
 892 0424 CE000000 		.4byte	0xce
 893 0428 0F       		.uleb128 0xf
 894 0429 3F030000 		.4byte	.LASF62
 895 042d 06       		.byte	0x6
 896 042e A4       		.byte	0xa4
 897 042f 90020000 		.4byte	0x290
 898 0433 0F       		.uleb128 0xf
 899 0434 63020000 		.4byte	.LASF63
 900 0438 06       		.byte	0x6
 901 0439 AB       		.byte	0xab
 902 043a D9000000 		.4byte	0xd9
 903 043e 00       		.byte	0
ARM GAS  /tmp/ccZNKD31.s 			page 17


 904 043f 09       		.uleb128 0x9
 905 0440 04       		.byte	0x4
 906 0441 45040000 		.4byte	0x445
 907 0445 10       		.uleb128 0x10
 908 0446 4A040000 		.4byte	0x44a
 909 044a 03       		.uleb128 0x3
 910 044b 01       		.byte	0x1
 911 044c 08       		.byte	0x8
 912 044d C3020000 		.4byte	.LASF64
 913 0451 09       		.uleb128 0x9
 914 0452 04       		.byte	0x4
 915 0453 92020000 		.4byte	0x292
 916 0457 09       		.uleb128 0x9
 917 0458 04       		.byte	0x4
 918 0459 FF030000 		.4byte	0x3ff
 919 045d 11       		.uleb128 0x11
 920 045e 06000000 		.4byte	.LASF73
 921 0462 02       		.byte	0x2
 922 0463 2D       		.byte	0x2d
 923 0464 01       		.byte	0x1
 924 0465 03       		.byte	0x3
 925 0466 80040000 		.4byte	0x480
 926 046a 12       		.uleb128 0x12
 927 046b 747000   		.ascii	"tp\000"
 928 046e 02       		.byte	0x2
 929 046f 2D       		.byte	0x2d
 930 0470 52020000 		.4byte	0x252
 931 0474 12       		.uleb128 0x12
 932 0475 74717000 		.ascii	"tqp\000"
 933 0479 02       		.byte	0x2
 934 047a 2D       		.byte	0x2d
 935 047b 80040000 		.4byte	0x480
 936 047f 00       		.byte	0
 937 0480 09       		.uleb128 0x9
 938 0481 04       		.byte	0x4
 939 0482 58020000 		.4byte	0x258
 940 0486 13       		.uleb128 0x13
 941 0487 C8020000 		.4byte	.LASF74
 942 048b 02       		.byte	0x2
 943 048c 34       		.byte	0x34
 944 048d 01       		.byte	0x1
 945 048e 52020000 		.4byte	0x252
 946 0492 03       		.byte	0x3
 947 0493 AD040000 		.4byte	0x4ad
 948 0497 12       		.uleb128 0x12
 949 0498 74717000 		.ascii	"tqp\000"
 950 049c 02       		.byte	0x2
 951 049d 34       		.byte	0x34
 952 049e 80040000 		.4byte	0x480
 953 04a2 14       		.uleb128 0x14
 954 04a3 747000   		.ascii	"tp\000"
 955 04a6 02       		.byte	0x2
 956 04a7 35       		.byte	0x35
 957 04a8 52020000 		.4byte	0x252
 958 04ac 00       		.byte	0
 959 04ad 15       		.uleb128 0x15
 960 04ae 01       		.byte	0x1
ARM GAS  /tmp/ccZNKD31.s 			page 18


 961 04af 92000000 		.4byte	.LASF65
 962 04b3 01       		.byte	0x1
 963 04b4 44       		.byte	0x44
 964 04b5 01       		.byte	0x1
 965 04b6 CE000000 		.4byte	0xce
 966 04ba 00000000 		.4byte	.LFB7
 967 04be 60000000 		.4byte	.LFE7
 968 04c2 00000000 		.4byte	.LLST0
 969 04c6 01       		.byte	0x1
 970 04c7 A4050000 		.4byte	0x5a4
 971 04cb 16       		.uleb128 0x16
 972 04cc 747000   		.ascii	"tp\000"
 973 04cf 01       		.byte	0x1
 974 04d0 44       		.byte	0x44
 975 04d1 52020000 		.4byte	0x252
 976 04d5 20000000 		.4byte	.LLST1
 977 04d9 16       		.uleb128 0x16
 978 04da 6D736700 		.ascii	"msg\000"
 979 04de 01       		.byte	0x1
 980 04df 44       		.byte	0x44
 981 04e0 CE000000 		.4byte	0xce
 982 04e4 54000000 		.4byte	.LLST2
 983 04e8 17       		.uleb128 0x17
 984 04e9 63747000 		.ascii	"ctp\000"
 985 04ed 01       		.byte	0x1
 986 04ee 45       		.byte	0x45
 987 04ef 52020000 		.4byte	0x252
 988 04f3 9E000000 		.4byte	.LLST3
 989 04f7 18       		.uleb128 0x18
 990 04f8 0C000000 		.4byte	.LBB10
 991 04fc 12000000 		.4byte	.LBE10
 992 0500 14050000 		.4byte	0x514
 993 0504 17       		.uleb128 0x17
 994 0505 746D7000 		.ascii	"tmp\000"
 995 0509 01       		.byte	0x1
 996 050a 49       		.byte	0x49
 997 050b 6C000000 		.4byte	0x6c
 998 050f BC000000 		.4byte	.LLST4
 999 0513 00       		.byte	0
 1000 0514 19       		.uleb128 0x19
 1001 0515 5D040000 		.4byte	0x45d
 1002 0519 20000000 		.4byte	.LBB11
 1003 051d 00000000 		.4byte	.Ldebug_ranges0+0
 1004 0521 01       		.byte	0x1
 1005 0522 4C       		.byte	0x4c
 1006 0523 3A050000 		.4byte	0x53a
 1007 0527 1A       		.uleb128 0x1a
 1008 0528 74040000 		.4byte	0x474
 1009 052c CF000000 		.4byte	.LLST5
 1010 0530 1A       		.uleb128 0x1a
 1011 0531 6A040000 		.4byte	0x46a
 1012 0535 07010000 		.4byte	.LLST6
 1013 0539 00       		.byte	0
 1014 053a 18       		.uleb128 0x18
 1015 053b 3C000000 		.4byte	.LBB15
 1016 053f 42000000 		.4byte	.LBE15
 1017 0543 57050000 		.4byte	0x557
ARM GAS  /tmp/ccZNKD31.s 			page 19


 1018 0547 17       		.uleb128 0x17
 1019 0548 746D7000 		.ascii	"tmp\000"
 1020 054c 01       		.byte	0x1
 1021 054d 51       		.byte	0x51
 1022 054e 6C000000 		.4byte	0x6c
 1023 0552 25010000 		.4byte	.LLST7
 1024 0556 00       		.byte	0
 1025 0557 1B       		.uleb128 0x1b
 1026 0558 16000000 		.4byte	.LVL5
 1027 055c 16070000 		.4byte	0x716
 1028 0560 1C       		.uleb128 0x1c
 1029 0561 36000000 		.4byte	.LVL8
 1030 0565 20070000 		.4byte	0x720
 1031 0569 73050000 		.4byte	0x573
 1032 056d 1D       		.uleb128 0x1d
 1033 056e 01       		.byte	0x1
 1034 056f 50       		.byte	0x50
 1035 0570 01       		.byte	0x1
 1036 0571 3A       		.byte	0x3a
 1037 0572 00       		.byte	0
 1038 0573 1B       		.uleb128 0x1b
 1039 0574 3C000000 		.4byte	.LVL10
 1040 0578 34070000 		.4byte	0x734
 1041 057c 1C       		.uleb128 0x1c
 1042 057d 4C000000 		.4byte	.LVL14
 1043 0581 3E070000 		.4byte	0x73e
 1044 0585 90050000 		.4byte	0x590
 1045 0589 1D       		.uleb128 0x1d
 1046 058a 01       		.byte	0x1
 1047 058b 50       		.byte	0x50
 1048 058c 02       		.byte	0x2
 1049 058d 75       		.byte	0x75
 1050 058e 00       		.sleb128 0
 1051 058f 00       		.byte	0
 1052 0590 1E       		.uleb128 0x1e
 1053 0591 54000000 		.4byte	.LVL17
 1054 0595 56070000 		.4byte	0x756
 1055 0599 1D       		.uleb128 0x1d
 1056 059a 01       		.byte	0x1
 1057 059b 50       		.byte	0x50
 1058 059c 05       		.byte	0x5
 1059 059d 03       		.byte	0x3
 1060 059e 00000000 		.4byte	.LC0
 1061 05a2 00       		.byte	0
 1062 05a3 00       		.byte	0
 1063 05a4 15       		.uleb128 0x15
 1064 05a5 01       		.byte	0x1
 1065 05a6 16030000 		.4byte	.LASF66
 1066 05aa 01       		.byte	0x1
 1067 05ab 63       		.byte	0x63
 1068 05ac 01       		.byte	0x1
 1069 05ad 52020000 		.4byte	0x252
 1070 05b1 00000000 		.4byte	.LFB8
 1071 05b5 48000000 		.4byte	.LFE8
 1072 05b9 38010000 		.4byte	.LLST8
 1073 05bd 01       		.byte	0x1
 1074 05be 54060000 		.4byte	0x654
ARM GAS  /tmp/ccZNKD31.s 			page 20


 1075 05c2 14       		.uleb128 0x14
 1076 05c3 747000   		.ascii	"tp\000"
 1077 05c6 01       		.byte	0x1
 1078 05c7 64       		.byte	0x64
 1079 05c8 52020000 		.4byte	0x252
 1080 05cc 18       		.uleb128 0x18
 1081 05cd 02000000 		.4byte	.LBB16
 1082 05d1 08000000 		.4byte	.LBE16
 1083 05d5 E9050000 		.4byte	0x5e9
 1084 05d9 17       		.uleb128 0x17
 1085 05da 746D7000 		.ascii	"tmp\000"
 1086 05de 01       		.byte	0x1
 1087 05df 66       		.byte	0x66
 1088 05e0 6C000000 		.4byte	0x6c
 1089 05e4 58010000 		.4byte	.LLST9
 1090 05e8 00       		.byte	0
 1091 05e9 19       		.uleb128 0x19
 1092 05ea 86040000 		.4byte	0x486
 1093 05ee 1A000000 		.4byte	.LBB17
 1094 05f2 18000000 		.4byte	.Ldebug_ranges0+0x18
 1095 05f6 01       		.byte	0x1
 1096 05f7 69       		.byte	0x69
 1097 05f8 15060000 		.4byte	0x615
 1098 05fc 1A       		.uleb128 0x1a
 1099 05fd 97040000 		.4byte	0x497
 1100 0601 6B010000 		.4byte	.LLST10
 1101 0605 1F       		.uleb128 0x1f
 1102 0606 30000000 		.4byte	.Ldebug_ranges0+0x30
 1103 060a 20       		.uleb128 0x20
 1104 060b A2040000 		.4byte	0x4a2
 1105 060f 80010000 		.4byte	.LLST11
 1106 0613 00       		.byte	0
 1107 0614 00       		.byte	0
 1108 0615 18       		.uleb128 0x18
 1109 0616 2A000000 		.4byte	.LBB21
 1110 061a 30000000 		.4byte	.LBE21
 1111 061e 32060000 		.4byte	0x632
 1112 0622 17       		.uleb128 0x17
 1113 0623 746D7000 		.ascii	"tmp\000"
 1114 0627 01       		.byte	0x1
 1115 0628 6B       		.byte	0x6b
 1116 0629 6C000000 		.4byte	0x6c
 1117 062d 93010000 		.4byte	.LLST12
 1118 0631 00       		.byte	0
 1119 0632 1B       		.uleb128 0x1b
 1120 0633 0E000000 		.4byte	.LVL20
 1121 0637 16070000 		.4byte	0x716
 1122 063b 1B       		.uleb128 0x1b
 1123 063c 2A000000 		.4byte	.LVL22
 1124 0640 34070000 		.4byte	0x734
 1125 0644 1E       		.uleb128 0x1e
 1126 0645 3A000000 		.4byte	.LVL26
 1127 0649 20070000 		.4byte	0x720
 1128 064d 1D       		.uleb128 0x1d
 1129 064e 01       		.byte	0x1
 1130 064f 50       		.byte	0x50
 1131 0650 01       		.byte	0x1
ARM GAS  /tmp/ccZNKD31.s 			page 21


 1132 0651 3C       		.byte	0x3c
 1133 0652 00       		.byte	0
 1134 0653 00       		.byte	0
 1135 0654 21       		.uleb128 0x21
 1136 0655 01       		.byte	0x1
 1137 0656 80020000 		.4byte	.LASF75
 1138 065a 01       		.byte	0x1
 1139 065b 79       		.byte	0x79
 1140 065c 01       		.byte	0x1
 1141 065d 00000000 		.4byte	.LFB9
 1142 0661 38000000 		.4byte	.LFE9
 1143 0665 A6010000 		.4byte	.LLST13
 1144 0669 01       		.byte	0x1
 1145 066a 09070000 		.4byte	0x709
 1146 066e 16       		.uleb128 0x16
 1147 066f 747000   		.ascii	"tp\000"
 1148 0672 01       		.byte	0x1
 1149 0673 79       		.byte	0x79
 1150 0674 52020000 		.4byte	0x252
 1151 0678 C6010000 		.4byte	.LLST14
 1152 067c 16       		.uleb128 0x16
 1153 067d 6D736700 		.ascii	"msg\000"
 1154 0681 01       		.byte	0x1
 1155 0682 79       		.byte	0x79
 1156 0683 CE000000 		.4byte	0xce
 1157 0687 E4010000 		.4byte	.LLST15
 1158 068b 18       		.uleb128 0x18
 1159 068c 06000000 		.4byte	.LBB22
 1160 0690 0C000000 		.4byte	.LBE22
 1161 0694 A8060000 		.4byte	0x6a8
 1162 0698 17       		.uleb128 0x17
 1163 0699 746D7000 		.ascii	"tmp\000"
 1164 069d 01       		.byte	0x1
 1165 069e 7B       		.byte	0x7b
 1166 069f 6C000000 		.4byte	0x6c
 1167 06a3 02020000 		.4byte	.LLST16
 1168 06a7 00       		.byte	0
 1169 06a8 18       		.uleb128 0x18
 1170 06a9 2A000000 		.4byte	.LBB23
 1171 06ad 38000000 		.4byte	.LBE23
 1172 06b1 C5060000 		.4byte	0x6c5
 1173 06b5 17       		.uleb128 0x17
 1174 06b6 746D7000 		.ascii	"tmp\000"
 1175 06ba 01       		.byte	0x1
 1176 06bb 7F       		.byte	0x7f
 1177 06bc 6C000000 		.4byte	0x6c
 1178 06c0 15020000 		.4byte	.LLST17
 1179 06c4 00       		.byte	0
 1180 06c5 1B       		.uleb128 0x1b
 1181 06c6 10000000 		.4byte	.LVL30
 1182 06ca 16070000 		.4byte	0x716
 1183 06ce 1C       		.uleb128 0x1c
 1184 06cf 1E000000 		.4byte	.LVL31
 1185 06d3 56070000 		.4byte	0x756
 1186 06d7 E5060000 		.4byte	0x6e5
 1187 06db 1D       		.uleb128 0x1d
 1188 06dc 01       		.byte	0x1
ARM GAS  /tmp/ccZNKD31.s 			page 22


 1189 06dd 50       		.byte	0x50
 1190 06de 05       		.byte	0x5
 1191 06df 03       		.byte	0x3
 1192 06e0 10000000 		.4byte	.LC1
 1193 06e4 00       		.byte	0
 1194 06e5 1C       		.uleb128 0x1c
 1195 06e6 26000000 		.4byte	.LVL32
 1196 06ea 6A070000 		.4byte	0x76a
 1197 06ee FF060000 		.4byte	0x6ff
 1198 06f2 1D       		.uleb128 0x1d
 1199 06f3 01       		.byte	0x1
 1200 06f4 51       		.byte	0x51
 1201 06f5 02       		.byte	0x2
 1202 06f6 75       		.byte	0x75
 1203 06f7 00       		.sleb128 0
 1204 06f8 1D       		.uleb128 0x1d
 1205 06f9 01       		.byte	0x1
 1206 06fa 50       		.byte	0x50
 1207 06fb 02       		.byte	0x2
 1208 06fc 74       		.byte	0x74
 1209 06fd 00       		.sleb128 0
 1210 06fe 00       		.byte	0
 1211 06ff 1B       		.uleb128 0x1b
 1212 0700 2A000000 		.4byte	.LVL33
 1213 0704 34070000 		.4byte	0x734
 1214 0708 00       		.byte	0
 1215 0709 22       		.uleb128 0x22
 1216 070a 31030000 		.4byte	.LASF76
 1217 070e 08       		.byte	0x8
 1218 070f 68       		.byte	0x68
 1219 0710 B7030000 		.4byte	0x3b7
 1220 0714 01       		.byte	0x1
 1221 0715 01       		.byte	0x1
 1222 0716 23       		.uleb128 0x23
 1223 0717 01       		.byte	0x1
 1224 0718 73010000 		.4byte	.LASF67
 1225 071c 0A       		.byte	0xa
 1226 071d E0       		.byte	0xe0
 1227 071e 01       		.byte	0x1
 1228 071f 01       		.byte	0x1
 1229 0720 24       		.uleb128 0x24
 1230 0721 01       		.byte	0x1
 1231 0722 8D020000 		.4byte	.LASF69
 1232 0726 08       		.byte	0x8
 1233 0727 8C       		.byte	0x8c
 1234 0728 01       		.byte	0x1
 1235 0729 01       		.byte	0x1
 1236 072a 34070000 		.4byte	0x734
 1237 072e 25       		.uleb128 0x25
 1238 072f A2000000 		.4byte	0xa2
 1239 0733 00       		.byte	0
 1240 0734 23       		.uleb128 0x23
 1241 0735 01       		.byte	0x1
 1242 0736 AF010000 		.4byte	.LASF68
 1243 073a 0A       		.byte	0xa
 1244 073b E1       		.byte	0xe1
 1245 073c 01       		.byte	0x1
ARM GAS  /tmp/ccZNKD31.s 			page 23


 1246 073d 01       		.byte	0x1
 1247 073e 26       		.uleb128 0x26
 1248 073f 01       		.byte	0x1
 1249 0740 B7020000 		.4byte	.LASF77
 1250 0744 08       		.byte	0x8
 1251 0745 89       		.byte	0x89
 1252 0746 01       		.byte	0x1
 1253 0747 52020000 		.4byte	0x252
 1254 074b 01       		.byte	0x1
 1255 074c 56070000 		.4byte	0x756
 1256 0750 25       		.uleb128 0x25
 1257 0751 52020000 		.4byte	0x252
 1258 0755 00       		.byte	0
 1259 0756 24       		.uleb128 0x24
 1260 0757 01       		.byte	0x1
 1261 0758 13000000 		.4byte	.LASF70
 1262 075c 0A       		.byte	0xa
 1263 075d EF       		.byte	0xef
 1264 075e 01       		.byte	0x1
 1265 075f 01       		.byte	0x1
 1266 0760 6A070000 		.4byte	0x76a
 1267 0764 25       		.uleb128 0x25
 1268 0765 3F040000 		.4byte	0x43f
 1269 0769 00       		.byte	0
 1270 076a 27       		.uleb128 0x27
 1271 076b 01       		.byte	0x1
 1272 076c 09030000 		.4byte	.LASF78
 1273 0770 08       		.byte	0x8
 1274 0771 92       		.byte	0x92
 1275 0772 01       		.byte	0x1
 1276 0773 01       		.byte	0x1
 1277 0774 25       		.uleb128 0x25
 1278 0775 52020000 		.4byte	0x252
 1279 0779 25       		.uleb128 0x25
 1280 077a CE000000 		.4byte	0xce
 1281 077e 00       		.byte	0
 1282 077f 00       		.byte	0
 1283              		.section	.debug_abbrev,"",%progbits
 1284              	.Ldebug_abbrev0:
 1285 0000 01       		.uleb128 0x1
 1286 0001 11       		.uleb128 0x11
 1287 0002 01       		.byte	0x1
 1288 0003 25       		.uleb128 0x25
 1289 0004 0E       		.uleb128 0xe
 1290 0005 13       		.uleb128 0x13
 1291 0006 0B       		.uleb128 0xb
 1292 0007 03       		.uleb128 0x3
 1293 0008 0E       		.uleb128 0xe
 1294 0009 55       		.uleb128 0x55
 1295 000a 06       		.uleb128 0x6
 1296 000b 11       		.uleb128 0x11
 1297 000c 01       		.uleb128 0x1
 1298 000d 52       		.uleb128 0x52
 1299 000e 01       		.uleb128 0x1
 1300 000f 10       		.uleb128 0x10
 1301 0010 06       		.uleb128 0x6
 1302 0011 00       		.byte	0
ARM GAS  /tmp/ccZNKD31.s 			page 24


 1303 0012 00       		.byte	0
 1304 0013 02       		.uleb128 0x2
 1305 0014 24       		.uleb128 0x24
 1306 0015 00       		.byte	0
 1307 0016 0B       		.uleb128 0xb
 1308 0017 0B       		.uleb128 0xb
 1309 0018 3E       		.uleb128 0x3e
 1310 0019 0B       		.uleb128 0xb
 1311 001a 03       		.uleb128 0x3
 1312 001b 08       		.uleb128 0x8
 1313 001c 00       		.byte	0
 1314 001d 00       		.byte	0
 1315 001e 03       		.uleb128 0x3
 1316 001f 24       		.uleb128 0x24
 1317 0020 00       		.byte	0
 1318 0021 0B       		.uleb128 0xb
 1319 0022 0B       		.uleb128 0xb
 1320 0023 3E       		.uleb128 0x3e
 1321 0024 0B       		.uleb128 0xb
 1322 0025 03       		.uleb128 0x3
 1323 0026 0E       		.uleb128 0xe
 1324 0027 00       		.byte	0
 1325 0028 00       		.byte	0
 1326 0029 04       		.uleb128 0x4
 1327 002a 16       		.uleb128 0x16
 1328 002b 00       		.byte	0
 1329 002c 03       		.uleb128 0x3
 1330 002d 0E       		.uleb128 0xe
 1331 002e 3A       		.uleb128 0x3a
 1332 002f 0B       		.uleb128 0xb
 1333 0030 3B       		.uleb128 0x3b
 1334 0031 0B       		.uleb128 0xb
 1335 0032 49       		.uleb128 0x49
 1336 0033 13       		.uleb128 0x13
 1337 0034 00       		.byte	0
 1338 0035 00       		.byte	0
 1339 0036 05       		.uleb128 0x5
 1340 0037 13       		.uleb128 0x13
 1341 0038 01       		.byte	0x1
 1342 0039 03       		.uleb128 0x3
 1343 003a 0E       		.uleb128 0xe
 1344 003b 0B       		.uleb128 0xb
 1345 003c 0B       		.uleb128 0xb
 1346 003d 3A       		.uleb128 0x3a
 1347 003e 0B       		.uleb128 0xb
 1348 003f 3B       		.uleb128 0x3b
 1349 0040 0B       		.uleb128 0xb
 1350 0041 01       		.uleb128 0x1
 1351 0042 13       		.uleb128 0x13
 1352 0043 00       		.byte	0
 1353 0044 00       		.byte	0
 1354 0045 06       		.uleb128 0x6
 1355 0046 0D       		.uleb128 0xd
 1356 0047 00       		.byte	0
 1357 0048 03       		.uleb128 0x3
 1358 0049 0E       		.uleb128 0xe
 1359 004a 3A       		.uleb128 0x3a
ARM GAS  /tmp/ccZNKD31.s 			page 25


 1360 004b 0B       		.uleb128 0xb
 1361 004c 3B       		.uleb128 0x3b
 1362 004d 0B       		.uleb128 0xb
 1363 004e 49       		.uleb128 0x49
 1364 004f 13       		.uleb128 0x13
 1365 0050 38       		.uleb128 0x38
 1366 0051 0A       		.uleb128 0xa
 1367 0052 00       		.byte	0
 1368 0053 00       		.byte	0
 1369 0054 07       		.uleb128 0x7
 1370 0055 0D       		.uleb128 0xd
 1371 0056 00       		.byte	0
 1372 0057 03       		.uleb128 0x3
 1373 0058 08       		.uleb128 0x8
 1374 0059 3A       		.uleb128 0x3a
 1375 005a 0B       		.uleb128 0xb
 1376 005b 3B       		.uleb128 0x3b
 1377 005c 0B       		.uleb128 0xb
 1378 005d 49       		.uleb128 0x49
 1379 005e 13       		.uleb128 0x13
 1380 005f 38       		.uleb128 0x38
 1381 0060 0A       		.uleb128 0xa
 1382 0061 00       		.byte	0
 1383 0062 00       		.byte	0
 1384 0063 08       		.uleb128 0x8
 1385 0064 13       		.uleb128 0x13
 1386 0065 01       		.byte	0x1
 1387 0066 0B       		.uleb128 0xb
 1388 0067 0B       		.uleb128 0xb
 1389 0068 3A       		.uleb128 0x3a
 1390 0069 0B       		.uleb128 0xb
 1391 006a 3B       		.uleb128 0x3b
 1392 006b 0B       		.uleb128 0xb
 1393 006c 01       		.uleb128 0x1
 1394 006d 13       		.uleb128 0x13
 1395 006e 00       		.byte	0
 1396 006f 00       		.byte	0
 1397 0070 09       		.uleb128 0x9
 1398 0071 0F       		.uleb128 0xf
 1399 0072 00       		.byte	0
 1400 0073 0B       		.uleb128 0xb
 1401 0074 0B       		.uleb128 0xb
 1402 0075 49       		.uleb128 0x49
 1403 0076 13       		.uleb128 0x13
 1404 0077 00       		.byte	0
 1405 0078 00       		.byte	0
 1406 0079 0A       		.uleb128 0xa
 1407 007a 0F       		.uleb128 0xf
 1408 007b 00       		.byte	0
 1409 007c 0B       		.uleb128 0xb
 1410 007d 0B       		.uleb128 0xb
 1411 007e 00       		.byte	0
 1412 007f 00       		.byte	0
 1413 0080 0B       		.uleb128 0xb
 1414 0081 13       		.uleb128 0x13
 1415 0082 01       		.byte	0x1
 1416 0083 03       		.uleb128 0x3
ARM GAS  /tmp/ccZNKD31.s 			page 26


 1417 0084 0E       		.uleb128 0xe
 1418 0085 0B       		.uleb128 0xb
 1419 0086 0B       		.uleb128 0xb
 1420 0087 3A       		.uleb128 0x3a
 1421 0088 0B       		.uleb128 0xb
 1422 0089 3B       		.uleb128 0x3b
 1423 008a 05       		.uleb128 0x5
 1424 008b 01       		.uleb128 0x1
 1425 008c 13       		.uleb128 0x13
 1426 008d 00       		.byte	0
 1427 008e 00       		.byte	0
 1428 008f 0C       		.uleb128 0xc
 1429 0090 0D       		.uleb128 0xd
 1430 0091 00       		.byte	0
 1431 0092 03       		.uleb128 0x3
 1432 0093 08       		.uleb128 0x8
 1433 0094 3A       		.uleb128 0x3a
 1434 0095 0B       		.uleb128 0xb
 1435 0096 3B       		.uleb128 0x3b
 1436 0097 05       		.uleb128 0x5
 1437 0098 49       		.uleb128 0x49
 1438 0099 13       		.uleb128 0x13
 1439 009a 38       		.uleb128 0x38
 1440 009b 0A       		.uleb128 0xa
 1441 009c 00       		.byte	0
 1442 009d 00       		.byte	0
 1443 009e 0D       		.uleb128 0xd
 1444 009f 35       		.uleb128 0x35
 1445 00a0 00       		.byte	0
 1446 00a1 49       		.uleb128 0x49
 1447 00a2 13       		.uleb128 0x13
 1448 00a3 00       		.byte	0
 1449 00a4 00       		.byte	0
 1450 00a5 0E       		.uleb128 0xe
 1451 00a6 17       		.uleb128 0x17
 1452 00a7 01       		.byte	0x1
 1453 00a8 0B       		.uleb128 0xb
 1454 00a9 0B       		.uleb128 0xb
 1455 00aa 3A       		.uleb128 0x3a
 1456 00ab 0B       		.uleb128 0xb
 1457 00ac 3B       		.uleb128 0x3b
 1458 00ad 0B       		.uleb128 0xb
 1459 00ae 01       		.uleb128 0x1
 1460 00af 13       		.uleb128 0x13
 1461 00b0 00       		.byte	0
 1462 00b1 00       		.byte	0
 1463 00b2 0F       		.uleb128 0xf
 1464 00b3 0D       		.uleb128 0xd
 1465 00b4 00       		.byte	0
 1466 00b5 03       		.uleb128 0x3
 1467 00b6 0E       		.uleb128 0xe
 1468 00b7 3A       		.uleb128 0x3a
 1469 00b8 0B       		.uleb128 0xb
 1470 00b9 3B       		.uleb128 0x3b
 1471 00ba 0B       		.uleb128 0xb
 1472 00bb 49       		.uleb128 0x49
 1473 00bc 13       		.uleb128 0x13
ARM GAS  /tmp/ccZNKD31.s 			page 27


 1474 00bd 00       		.byte	0
 1475 00be 00       		.byte	0
 1476 00bf 10       		.uleb128 0x10
 1477 00c0 26       		.uleb128 0x26
 1478 00c1 00       		.byte	0
 1479 00c2 49       		.uleb128 0x49
 1480 00c3 13       		.uleb128 0x13
 1481 00c4 00       		.byte	0
 1482 00c5 00       		.byte	0
 1483 00c6 11       		.uleb128 0x11
 1484 00c7 2E       		.uleb128 0x2e
 1485 00c8 01       		.byte	0x1
 1486 00c9 03       		.uleb128 0x3
 1487 00ca 0E       		.uleb128 0xe
 1488 00cb 3A       		.uleb128 0x3a
 1489 00cc 0B       		.uleb128 0xb
 1490 00cd 3B       		.uleb128 0x3b
 1491 00ce 0B       		.uleb128 0xb
 1492 00cf 27       		.uleb128 0x27
 1493 00d0 0C       		.uleb128 0xc
 1494 00d1 20       		.uleb128 0x20
 1495 00d2 0B       		.uleb128 0xb
 1496 00d3 01       		.uleb128 0x1
 1497 00d4 13       		.uleb128 0x13
 1498 00d5 00       		.byte	0
 1499 00d6 00       		.byte	0
 1500 00d7 12       		.uleb128 0x12
 1501 00d8 05       		.uleb128 0x5
 1502 00d9 00       		.byte	0
 1503 00da 03       		.uleb128 0x3
 1504 00db 08       		.uleb128 0x8
 1505 00dc 3A       		.uleb128 0x3a
 1506 00dd 0B       		.uleb128 0xb
 1507 00de 3B       		.uleb128 0x3b
 1508 00df 0B       		.uleb128 0xb
 1509 00e0 49       		.uleb128 0x49
 1510 00e1 13       		.uleb128 0x13
 1511 00e2 00       		.byte	0
 1512 00e3 00       		.byte	0
 1513 00e4 13       		.uleb128 0x13
 1514 00e5 2E       		.uleb128 0x2e
 1515 00e6 01       		.byte	0x1
 1516 00e7 03       		.uleb128 0x3
 1517 00e8 0E       		.uleb128 0xe
 1518 00e9 3A       		.uleb128 0x3a
 1519 00ea 0B       		.uleb128 0xb
 1520 00eb 3B       		.uleb128 0x3b
 1521 00ec 0B       		.uleb128 0xb
 1522 00ed 27       		.uleb128 0x27
 1523 00ee 0C       		.uleb128 0xc
 1524 00ef 49       		.uleb128 0x49
 1525 00f0 13       		.uleb128 0x13
 1526 00f1 20       		.uleb128 0x20
 1527 00f2 0B       		.uleb128 0xb
 1528 00f3 01       		.uleb128 0x1
 1529 00f4 13       		.uleb128 0x13
 1530 00f5 00       		.byte	0
ARM GAS  /tmp/ccZNKD31.s 			page 28


 1531 00f6 00       		.byte	0
 1532 00f7 14       		.uleb128 0x14
 1533 00f8 34       		.uleb128 0x34
 1534 00f9 00       		.byte	0
 1535 00fa 03       		.uleb128 0x3
 1536 00fb 08       		.uleb128 0x8
 1537 00fc 3A       		.uleb128 0x3a
 1538 00fd 0B       		.uleb128 0xb
 1539 00fe 3B       		.uleb128 0x3b
 1540 00ff 0B       		.uleb128 0xb
 1541 0100 49       		.uleb128 0x49
 1542 0101 13       		.uleb128 0x13
 1543 0102 00       		.byte	0
 1544 0103 00       		.byte	0
 1545 0104 15       		.uleb128 0x15
 1546 0105 2E       		.uleb128 0x2e
 1547 0106 01       		.byte	0x1
 1548 0107 3F       		.uleb128 0x3f
 1549 0108 0C       		.uleb128 0xc
 1550 0109 03       		.uleb128 0x3
 1551 010a 0E       		.uleb128 0xe
 1552 010b 3A       		.uleb128 0x3a
 1553 010c 0B       		.uleb128 0xb
 1554 010d 3B       		.uleb128 0x3b
 1555 010e 0B       		.uleb128 0xb
 1556 010f 27       		.uleb128 0x27
 1557 0110 0C       		.uleb128 0xc
 1558 0111 49       		.uleb128 0x49
 1559 0112 13       		.uleb128 0x13
 1560 0113 11       		.uleb128 0x11
 1561 0114 01       		.uleb128 0x1
 1562 0115 12       		.uleb128 0x12
 1563 0116 01       		.uleb128 0x1
 1564 0117 40       		.uleb128 0x40
 1565 0118 06       		.uleb128 0x6
 1566 0119 9742     		.uleb128 0x2117
 1567 011b 0C       		.uleb128 0xc
 1568 011c 01       		.uleb128 0x1
 1569 011d 13       		.uleb128 0x13
 1570 011e 00       		.byte	0
 1571 011f 00       		.byte	0
 1572 0120 16       		.uleb128 0x16
 1573 0121 05       		.uleb128 0x5
 1574 0122 00       		.byte	0
 1575 0123 03       		.uleb128 0x3
 1576 0124 08       		.uleb128 0x8
 1577 0125 3A       		.uleb128 0x3a
 1578 0126 0B       		.uleb128 0xb
 1579 0127 3B       		.uleb128 0x3b
 1580 0128 0B       		.uleb128 0xb
 1581 0129 49       		.uleb128 0x49
 1582 012a 13       		.uleb128 0x13
 1583 012b 02       		.uleb128 0x2
 1584 012c 06       		.uleb128 0x6
 1585 012d 00       		.byte	0
 1586 012e 00       		.byte	0
 1587 012f 17       		.uleb128 0x17
ARM GAS  /tmp/ccZNKD31.s 			page 29


 1588 0130 34       		.uleb128 0x34
 1589 0131 00       		.byte	0
 1590 0132 03       		.uleb128 0x3
 1591 0133 08       		.uleb128 0x8
 1592 0134 3A       		.uleb128 0x3a
 1593 0135 0B       		.uleb128 0xb
 1594 0136 3B       		.uleb128 0x3b
 1595 0137 0B       		.uleb128 0xb
 1596 0138 49       		.uleb128 0x49
 1597 0139 13       		.uleb128 0x13
 1598 013a 02       		.uleb128 0x2
 1599 013b 06       		.uleb128 0x6
 1600 013c 00       		.byte	0
 1601 013d 00       		.byte	0
 1602 013e 18       		.uleb128 0x18
 1603 013f 0B       		.uleb128 0xb
 1604 0140 01       		.byte	0x1
 1605 0141 11       		.uleb128 0x11
 1606 0142 01       		.uleb128 0x1
 1607 0143 12       		.uleb128 0x12
 1608 0144 01       		.uleb128 0x1
 1609 0145 01       		.uleb128 0x1
 1610 0146 13       		.uleb128 0x13
 1611 0147 00       		.byte	0
 1612 0148 00       		.byte	0
 1613 0149 19       		.uleb128 0x19
 1614 014a 1D       		.uleb128 0x1d
 1615 014b 01       		.byte	0x1
 1616 014c 31       		.uleb128 0x31
 1617 014d 13       		.uleb128 0x13
 1618 014e 52       		.uleb128 0x52
 1619 014f 01       		.uleb128 0x1
 1620 0150 55       		.uleb128 0x55
 1621 0151 06       		.uleb128 0x6
 1622 0152 58       		.uleb128 0x58
 1623 0153 0B       		.uleb128 0xb
 1624 0154 59       		.uleb128 0x59
 1625 0155 0B       		.uleb128 0xb
 1626 0156 01       		.uleb128 0x1
 1627 0157 13       		.uleb128 0x13
 1628 0158 00       		.byte	0
 1629 0159 00       		.byte	0
 1630 015a 1A       		.uleb128 0x1a
 1631 015b 05       		.uleb128 0x5
 1632 015c 00       		.byte	0
 1633 015d 31       		.uleb128 0x31
 1634 015e 13       		.uleb128 0x13
 1635 015f 02       		.uleb128 0x2
 1636 0160 06       		.uleb128 0x6
 1637 0161 00       		.byte	0
 1638 0162 00       		.byte	0
 1639 0163 1B       		.uleb128 0x1b
 1640 0164 898201   		.uleb128 0x4109
 1641 0167 00       		.byte	0
 1642 0168 11       		.uleb128 0x11
 1643 0169 01       		.uleb128 0x1
 1644 016a 31       		.uleb128 0x31
ARM GAS  /tmp/ccZNKD31.s 			page 30


 1645 016b 13       		.uleb128 0x13
 1646 016c 00       		.byte	0
 1647 016d 00       		.byte	0
 1648 016e 1C       		.uleb128 0x1c
 1649 016f 898201   		.uleb128 0x4109
 1650 0172 01       		.byte	0x1
 1651 0173 11       		.uleb128 0x11
 1652 0174 01       		.uleb128 0x1
 1653 0175 31       		.uleb128 0x31
 1654 0176 13       		.uleb128 0x13
 1655 0177 01       		.uleb128 0x1
 1656 0178 13       		.uleb128 0x13
 1657 0179 00       		.byte	0
 1658 017a 00       		.byte	0
 1659 017b 1D       		.uleb128 0x1d
 1660 017c 8A8201   		.uleb128 0x410a
 1661 017f 00       		.byte	0
 1662 0180 02       		.uleb128 0x2
 1663 0181 0A       		.uleb128 0xa
 1664 0182 9142     		.uleb128 0x2111
 1665 0184 0A       		.uleb128 0xa
 1666 0185 00       		.byte	0
 1667 0186 00       		.byte	0
 1668 0187 1E       		.uleb128 0x1e
 1669 0188 898201   		.uleb128 0x4109
 1670 018b 01       		.byte	0x1
 1671 018c 11       		.uleb128 0x11
 1672 018d 01       		.uleb128 0x1
 1673 018e 31       		.uleb128 0x31
 1674 018f 13       		.uleb128 0x13
 1675 0190 00       		.byte	0
 1676 0191 00       		.byte	0
 1677 0192 1F       		.uleb128 0x1f
 1678 0193 0B       		.uleb128 0xb
 1679 0194 01       		.byte	0x1
 1680 0195 55       		.uleb128 0x55
 1681 0196 06       		.uleb128 0x6
 1682 0197 00       		.byte	0
 1683 0198 00       		.byte	0
 1684 0199 20       		.uleb128 0x20
 1685 019a 34       		.uleb128 0x34
 1686 019b 00       		.byte	0
 1687 019c 31       		.uleb128 0x31
 1688 019d 13       		.uleb128 0x13
 1689 019e 02       		.uleb128 0x2
 1690 019f 06       		.uleb128 0x6
 1691 01a0 00       		.byte	0
 1692 01a1 00       		.byte	0
 1693 01a2 21       		.uleb128 0x21
 1694 01a3 2E       		.uleb128 0x2e
 1695 01a4 01       		.byte	0x1
 1696 01a5 3F       		.uleb128 0x3f
 1697 01a6 0C       		.uleb128 0xc
 1698 01a7 03       		.uleb128 0x3
 1699 01a8 0E       		.uleb128 0xe
 1700 01a9 3A       		.uleb128 0x3a
 1701 01aa 0B       		.uleb128 0xb
ARM GAS  /tmp/ccZNKD31.s 			page 31


 1702 01ab 3B       		.uleb128 0x3b
 1703 01ac 0B       		.uleb128 0xb
 1704 01ad 27       		.uleb128 0x27
 1705 01ae 0C       		.uleb128 0xc
 1706 01af 11       		.uleb128 0x11
 1707 01b0 01       		.uleb128 0x1
 1708 01b1 12       		.uleb128 0x12
 1709 01b2 01       		.uleb128 0x1
 1710 01b3 40       		.uleb128 0x40
 1711 01b4 06       		.uleb128 0x6
 1712 01b5 9742     		.uleb128 0x2117
 1713 01b7 0C       		.uleb128 0xc
 1714 01b8 01       		.uleb128 0x1
 1715 01b9 13       		.uleb128 0x13
 1716 01ba 00       		.byte	0
 1717 01bb 00       		.byte	0
 1718 01bc 22       		.uleb128 0x22
 1719 01bd 34       		.uleb128 0x34
 1720 01be 00       		.byte	0
 1721 01bf 03       		.uleb128 0x3
 1722 01c0 0E       		.uleb128 0xe
 1723 01c1 3A       		.uleb128 0x3a
 1724 01c2 0B       		.uleb128 0xb
 1725 01c3 3B       		.uleb128 0x3b
 1726 01c4 0B       		.uleb128 0xb
 1727 01c5 49       		.uleb128 0x49
 1728 01c6 13       		.uleb128 0x13
 1729 01c7 3F       		.uleb128 0x3f
 1730 01c8 0C       		.uleb128 0xc
 1731 01c9 3C       		.uleb128 0x3c
 1732 01ca 0C       		.uleb128 0xc
 1733 01cb 00       		.byte	0
 1734 01cc 00       		.byte	0
 1735 01cd 23       		.uleb128 0x23
 1736 01ce 2E       		.uleb128 0x2e
 1737 01cf 00       		.byte	0
 1738 01d0 3F       		.uleb128 0x3f
 1739 01d1 0C       		.uleb128 0xc
 1740 01d2 03       		.uleb128 0x3
 1741 01d3 0E       		.uleb128 0xe
 1742 01d4 3A       		.uleb128 0x3a
 1743 01d5 0B       		.uleb128 0xb
 1744 01d6 3B       		.uleb128 0x3b
 1745 01d7 0B       		.uleb128 0xb
 1746 01d8 27       		.uleb128 0x27
 1747 01d9 0C       		.uleb128 0xc
 1748 01da 3C       		.uleb128 0x3c
 1749 01db 0C       		.uleb128 0xc
 1750 01dc 00       		.byte	0
 1751 01dd 00       		.byte	0
 1752 01de 24       		.uleb128 0x24
 1753 01df 2E       		.uleb128 0x2e
 1754 01e0 01       		.byte	0x1
 1755 01e1 3F       		.uleb128 0x3f
 1756 01e2 0C       		.uleb128 0xc
 1757 01e3 03       		.uleb128 0x3
 1758 01e4 0E       		.uleb128 0xe
ARM GAS  /tmp/ccZNKD31.s 			page 32


 1759 01e5 3A       		.uleb128 0x3a
 1760 01e6 0B       		.uleb128 0xb
 1761 01e7 3B       		.uleb128 0x3b
 1762 01e8 0B       		.uleb128 0xb
 1763 01e9 27       		.uleb128 0x27
 1764 01ea 0C       		.uleb128 0xc
 1765 01eb 3C       		.uleb128 0x3c
 1766 01ec 0C       		.uleb128 0xc
 1767 01ed 01       		.uleb128 0x1
 1768 01ee 13       		.uleb128 0x13
 1769 01ef 00       		.byte	0
 1770 01f0 00       		.byte	0
 1771 01f1 25       		.uleb128 0x25
 1772 01f2 05       		.uleb128 0x5
 1773 01f3 00       		.byte	0
 1774 01f4 49       		.uleb128 0x49
 1775 01f5 13       		.uleb128 0x13
 1776 01f6 00       		.byte	0
 1777 01f7 00       		.byte	0
 1778 01f8 26       		.uleb128 0x26
 1779 01f9 2E       		.uleb128 0x2e
 1780 01fa 01       		.byte	0x1
 1781 01fb 3F       		.uleb128 0x3f
 1782 01fc 0C       		.uleb128 0xc
 1783 01fd 03       		.uleb128 0x3
 1784 01fe 0E       		.uleb128 0xe
 1785 01ff 3A       		.uleb128 0x3a
 1786 0200 0B       		.uleb128 0xb
 1787 0201 3B       		.uleb128 0x3b
 1788 0202 0B       		.uleb128 0xb
 1789 0203 27       		.uleb128 0x27
 1790 0204 0C       		.uleb128 0xc
 1791 0205 49       		.uleb128 0x49
 1792 0206 13       		.uleb128 0x13
 1793 0207 3C       		.uleb128 0x3c
 1794 0208 0C       		.uleb128 0xc
 1795 0209 01       		.uleb128 0x1
 1796 020a 13       		.uleb128 0x13
 1797 020b 00       		.byte	0
 1798 020c 00       		.byte	0
 1799 020d 27       		.uleb128 0x27
 1800 020e 2E       		.uleb128 0x2e
 1801 020f 01       		.byte	0x1
 1802 0210 3F       		.uleb128 0x3f
 1803 0211 0C       		.uleb128 0xc
 1804 0212 03       		.uleb128 0x3
 1805 0213 0E       		.uleb128 0xe
 1806 0214 3A       		.uleb128 0x3a
 1807 0215 0B       		.uleb128 0xb
 1808 0216 3B       		.uleb128 0x3b
 1809 0217 0B       		.uleb128 0xb
 1810 0218 27       		.uleb128 0x27
 1811 0219 0C       		.uleb128 0xc
 1812 021a 3C       		.uleb128 0x3c
 1813 021b 0C       		.uleb128 0xc
 1814 021c 00       		.byte	0
 1815 021d 00       		.byte	0
ARM GAS  /tmp/ccZNKD31.s 			page 33


 1816 021e 00       		.byte	0
 1817              		.section	.debug_loc,"",%progbits
 1818              	.Ldebug_loc0:
 1819              	.LLST0:
 1820 0000 00000000 		.4byte	.LFB7
 1821 0004 04000000 		.4byte	.LCFI0
 1822 0008 0200     		.2byte	0x2
 1823 000a 7D       		.byte	0x7d
 1824 000b 00       		.sleb128 0
 1825 000c 04000000 		.4byte	.LCFI0
 1826 0010 60000000 		.4byte	.LFE7
 1827 0014 0200     		.2byte	0x2
 1828 0016 7D       		.byte	0x7d
 1829 0017 10       		.sleb128 16
 1830 0018 00000000 		.4byte	0
 1831 001c 00000000 		.4byte	0
 1832              	.LLST1:
 1833 0020 00000000 		.4byte	.LVL0
 1834 0024 0C000000 		.4byte	.LVL2
 1835 0028 0100     		.2byte	0x1
 1836 002a 50       		.byte	0x50
 1837 002b 0C000000 		.4byte	.LVL2
 1838 002f 4E000000 		.4byte	.LVL15
 1839 0033 0100     		.2byte	0x1
 1840 0035 55       		.byte	0x55
 1841 0036 4E000000 		.4byte	.LVL15
 1842 003a 50000000 		.4byte	.LVL16
 1843 003e 0100     		.2byte	0x1
 1844 0040 50       		.byte	0x50
 1845 0041 50000000 		.4byte	.LVL16
 1846 0045 60000000 		.4byte	.LFE7
 1847 0049 0100     		.2byte	0x1
 1848 004b 55       		.byte	0x55
 1849 004c 00000000 		.4byte	0
 1850 0050 00000000 		.4byte	0
 1851              	.LLST2:
 1852 0054 00000000 		.4byte	.LVL0
 1853 0058 0C000000 		.4byte	.LVL2
 1854 005c 0100     		.2byte	0x1
 1855 005e 51       		.byte	0x51
 1856 005f 0C000000 		.4byte	.LVL2
 1857 0063 38000000 		.4byte	.LVL9
 1858 0067 0100     		.2byte	0x1
 1859 0069 56       		.byte	0x56
 1860 006a 38000000 		.4byte	.LVL9
 1861 006e 46000000 		.4byte	.LVL13
 1862 0072 0100     		.2byte	0x1
 1863 0074 54       		.byte	0x54
 1864 0075 46000000 		.4byte	.LVL13
 1865 0079 4E000000 		.4byte	.LVL15
 1866 007d 0100     		.2byte	0x1
 1867 007f 56       		.byte	0x56
 1868 0080 4E000000 		.4byte	.LVL15
 1869 0084 53000000 		.4byte	.LVL17-1
 1870 0088 0100     		.2byte	0x1
 1871 008a 51       		.byte	0x51
 1872 008b 53000000 		.4byte	.LVL17-1
ARM GAS  /tmp/ccZNKD31.s 			page 34


 1873 008f 60000000 		.4byte	.LFE7
 1874 0093 0100     		.2byte	0x1
 1875 0095 56       		.byte	0x56
 1876 0096 00000000 		.4byte	0
 1877 009a 00000000 		.4byte	0
 1878              	.LLST3:
 1879 009e 0A000000 		.4byte	.LVL1
 1880 00a2 38000000 		.4byte	.LVL9
 1881 00a6 0100     		.2byte	0x1
 1882 00a8 54       		.byte	0x54
 1883 00a9 46000000 		.4byte	.LVL13
 1884 00ad 60000000 		.4byte	.LFE7
 1885 00b1 0100     		.2byte	0x1
 1886 00b3 54       		.byte	0x54
 1887 00b4 00000000 		.4byte	0
 1888 00b8 00000000 		.4byte	0
 1889              	.LLST4:
 1890 00bc 12000000 		.4byte	.LVL4
 1891 00c0 15000000 		.4byte	.LVL5-1
 1892 00c4 0100     		.2byte	0x1
 1893 00c6 53       		.byte	0x53
 1894 00c7 00000000 		.4byte	0
 1895 00cb 00000000 		.4byte	0
 1896              	.LLST5:
 1897 00cf 1C000000 		.4byte	.LVL6
 1898 00d3 30000000 		.4byte	.LVL7
 1899 00d7 0100     		.2byte	0x1
 1900 00d9 52       		.byte	0x52
 1901 00da 30000000 		.4byte	.LVL7
 1902 00de 46000000 		.4byte	.LVL13
 1903 00e2 0300     		.2byte	0x3
 1904 00e4 75       		.byte	0x75
 1905 00e5 30       		.sleb128 48
 1906 00e6 9F       		.byte	0x9f
 1907 00e7 46000000 		.4byte	.LVL13
 1908 00eb 4B000000 		.4byte	.LVL14-1
 1909 00ef 0100     		.2byte	0x1
 1910 00f1 52       		.byte	0x52
 1911 00f2 4B000000 		.4byte	.LVL14-1
 1912 00f6 4E000000 		.4byte	.LVL15
 1913 00fa 0300     		.2byte	0x3
 1914 00fc 75       		.byte	0x75
 1915 00fd 30       		.sleb128 48
 1916 00fe 9F       		.byte	0x9f
 1917 00ff 00000000 		.4byte	0
 1918 0103 00000000 		.4byte	0
 1919              	.LLST6:
 1920 0107 1C000000 		.4byte	.LVL6
 1921 010b 38000000 		.4byte	.LVL9
 1922 010f 0100     		.2byte	0x1
 1923 0111 54       		.byte	0x54
 1924 0112 46000000 		.4byte	.LVL13
 1925 0116 4E000000 		.4byte	.LVL15
 1926 011a 0100     		.2byte	0x1
 1927 011c 54       		.byte	0x54
 1928 011d 00000000 		.4byte	0
 1929 0121 00000000 		.4byte	0
ARM GAS  /tmp/ccZNKD31.s 			page 35


 1930              	.LLST7:
 1931 0125 42000000 		.4byte	.LVL12
 1932 0129 46000000 		.4byte	.LVL13
 1933 012d 0100     		.2byte	0x1
 1934 012f 53       		.byte	0x53
 1935 0130 00000000 		.4byte	0
 1936 0134 00000000 		.4byte	0
 1937              	.LLST8:
 1938 0138 00000000 		.4byte	.LFB8
 1939 013c 02000000 		.4byte	.LCFI1
 1940 0140 0200     		.2byte	0x2
 1941 0142 7D       		.byte	0x7d
 1942 0143 00       		.sleb128 0
 1943 0144 02000000 		.4byte	.LCFI1
 1944 0148 48000000 		.4byte	.LFE8
 1945 014c 0200     		.2byte	0x2
 1946 014e 7D       		.byte	0x7d
 1947 014f 10       		.sleb128 16
 1948 0150 00000000 		.4byte	0
 1949 0154 00000000 		.4byte	0
 1950              	.LLST9:
 1951 0158 08000000 		.4byte	.LVL19
 1952 015c 0D000000 		.4byte	.LVL20-1
 1953 0160 0100     		.2byte	0x1
 1954 0162 53       		.byte	0x53
 1955 0163 00000000 		.4byte	0
 1956 0167 00000000 		.4byte	0
 1957              	.LLST10:
 1958 016b 1A000000 		.4byte	.LVL21
 1959 016f 29000000 		.4byte	.LVL22-1
 1960 0173 0300     		.2byte	0x3
 1961 0175 72       		.byte	0x72
 1962 0176 30       		.sleb128 48
 1963 0177 9F       		.byte	0x9f
 1964 0178 00000000 		.4byte	0
 1965 017c 00000000 		.4byte	0
 1966              	.LLST11:
 1967 0180 1A000000 		.4byte	.LVL21
 1968 0184 34000000 		.4byte	.LVL25
 1969 0188 0100     		.2byte	0x1
 1970 018a 54       		.byte	0x54
 1971 018b 00000000 		.4byte	0
 1972 018f 00000000 		.4byte	0
 1973              	.LLST12:
 1974 0193 30000000 		.4byte	.LVL24
 1975 0197 34000000 		.4byte	.LVL25
 1976 019b 0100     		.2byte	0x1
 1977 019d 53       		.byte	0x53
 1978 019e 00000000 		.4byte	0
 1979 01a2 00000000 		.4byte	0
 1980              	.LLST13:
 1981 01a6 00000000 		.4byte	.LFB9
 1982 01aa 02000000 		.4byte	.LCFI2
 1983 01ae 0200     		.2byte	0x2
 1984 01b0 7D       		.byte	0x7d
 1985 01b1 00       		.sleb128 0
 1986 01b2 02000000 		.4byte	.LCFI2
ARM GAS  /tmp/ccZNKD31.s 			page 36


 1987 01b6 38000000 		.4byte	.LFE9
 1988 01ba 0200     		.2byte	0x2
 1989 01bc 7D       		.byte	0x7d
 1990 01bd 10       		.sleb128 16
 1991 01be 00000000 		.4byte	0
 1992 01c2 00000000 		.4byte	0
 1993              	.LLST14:
 1994 01c6 00000000 		.4byte	.LVL27
 1995 01ca 0F000000 		.4byte	.LVL30-1
 1996 01ce 0100     		.2byte	0x1
 1997 01d0 50       		.byte	0x50
 1998 01d1 0F000000 		.4byte	.LVL30-1
 1999 01d5 38000000 		.4byte	.LFE9
 2000 01d9 0100     		.2byte	0x1
 2001 01db 54       		.byte	0x54
 2002 01dc 00000000 		.4byte	0
 2003 01e0 00000000 		.4byte	0
 2004              	.LLST15:
 2005 01e4 00000000 		.4byte	.LVL27
 2006 01e8 0F000000 		.4byte	.LVL30-1
 2007 01ec 0100     		.2byte	0x1
 2008 01ee 51       		.byte	0x51
 2009 01ef 0F000000 		.4byte	.LVL30-1
 2010 01f3 38000000 		.4byte	.LFE9
 2011 01f7 0100     		.2byte	0x1
 2012 01f9 55       		.byte	0x55
 2013 01fa 00000000 		.4byte	0
 2014 01fe 00000000 		.4byte	0
 2015              	.LLST16:
 2016 0202 0C000000 		.4byte	.LVL29
 2017 0206 0F000000 		.4byte	.LVL30-1
 2018 020a 0100     		.2byte	0x1
 2019 020c 53       		.byte	0x53
 2020 020d 00000000 		.4byte	0
 2021 0211 00000000 		.4byte	0
 2022              	.LLST17:
 2023 0215 30000000 		.4byte	.LVL35
 2024 0219 38000000 		.4byte	.LFE9
 2025 021d 0100     		.2byte	0x1
 2026 021f 53       		.byte	0x53
 2027 0220 00000000 		.4byte	0
 2028 0224 00000000 		.4byte	0
 2029              		.section	.debug_aranges,"",%progbits
 2030 0000 2C000000 		.4byte	0x2c
 2031 0004 0200     		.2byte	0x2
 2032 0006 00000000 		.4byte	.Ldebug_info0
 2033 000a 04       		.byte	0x4
 2034 000b 00       		.byte	0
 2035 000c 0000     		.2byte	0
 2036 000e 0000     		.2byte	0
 2037 0010 00000000 		.4byte	.LFB7
 2038 0014 60000000 		.4byte	.LFE7-.LFB7
 2039 0018 00000000 		.4byte	.LFB8
 2040 001c 48000000 		.4byte	.LFE8-.LFB8
 2041 0020 00000000 		.4byte	.LFB9
 2042 0024 38000000 		.4byte	.LFE9-.LFB9
 2043 0028 00000000 		.4byte	0
ARM GAS  /tmp/ccZNKD31.s 			page 37


 2044 002c 00000000 		.4byte	0
 2045              		.section	.debug_ranges,"",%progbits
 2046              	.Ldebug_ranges0:
 2047 0000 20000000 		.4byte	.LBB11
 2048 0004 24000000 		.4byte	.LBE11
 2049 0008 28000000 		.4byte	.LBB14
 2050 000c 2E000000 		.4byte	.LBE14
 2051 0010 00000000 		.4byte	0
 2052 0014 00000000 		.4byte	0
 2053 0018 1A000000 		.4byte	.LBB17
 2054 001c 1C000000 		.4byte	.LBE17
 2055 0020 1E000000 		.4byte	.LBB20
 2056 0024 22000000 		.4byte	.LBE20
 2057 0028 00000000 		.4byte	0
 2058 002c 00000000 		.4byte	0
 2059 0030 1A000000 		.4byte	.LBB18
 2060 0034 1C000000 		.4byte	.LBE18
 2061 0038 1E000000 		.4byte	.LBB19
 2062 003c 22000000 		.4byte	.LBE19
 2063 0040 00000000 		.4byte	0
 2064 0044 00000000 		.4byte	0
 2065 0048 00000000 		.4byte	.LFB7
 2066 004c 60000000 		.4byte	.LFE7
 2067 0050 00000000 		.4byte	.LFB8
 2068 0054 48000000 		.4byte	.LFE8
 2069 0058 00000000 		.4byte	.LFB9
 2070 005c 38000000 		.4byte	.LFE9
 2071 0060 00000000 		.4byte	0
 2072 0064 00000000 		.4byte	0
 2073              		.section	.debug_line,"",%progbits
 2074              	.Ldebug_line0:
 2075 0000 07020000 		.section	.debug_str,"MS",%progbits,1
 2075      02007E01 
 2075      00000201 
 2075      FB0E0D00 
 2075      01010101 
 2076              	.LASF37:
 2077 0000 705F6D73 		.ascii	"p_msg\000"
 2077      6700
 2078              	.LASF73:
 2079 0006 71756575 		.ascii	"queue_insert\000"
 2079      655F696E 
 2079      73657274 
 2079      00
 2080              	.LASF70:
 2081 0013 63684462 		.ascii	"chDbgPanic\000"
 2081      6750616E 
 2081      696300
 2082              	.LASF60:
 2083 001e 7264796D 		.ascii	"rdymsg\000"
 2083      736700
 2084              	.LASF11:
 2085 0025 75696E74 		.ascii	"uint64_t\000"
 2085      36345F74 
 2085      00
 2086              	.LASF12:
 2087 002e 6C6F6E67 		.ascii	"long long unsigned int\000"
ARM GAS  /tmp/ccZNKD31.s 			page 38


 2087      206C6F6E 
 2087      6720756E 
 2087      7369676E 
 2087      65642069 
 2088              	.LASF61:
 2089 0045 65786974 		.ascii	"exitcode\000"
 2089      636F6465 
 2089      00
 2090              	.LASF24:
 2091 004e 705F7072 		.ascii	"p_prio\000"
 2091      696F00
 2092              	.LASF10:
 2093 0055 6C6F6E67 		.ascii	"long long int\000"
 2093      206C6F6E 
 2093      6720696E 
 2093      7400
 2094              	.LASF1:
 2095 0063 7369676E 		.ascii	"signed char\000"
 2095      65642063 
 2095      68617200 
 2096              	.LASF41:
 2097 006f 705F6D70 		.ascii	"p_mpool\000"
 2097      6F6F6C00 
 2098              	.LASF57:
 2099 0077 6D5F7175 		.ascii	"m_queue\000"
 2099      65756500 
 2100              	.LASF16:
 2101 007f 74736C69 		.ascii	"tslices_t\000"
 2101      6365735F 
 2101      7400
 2102              	.LASF7:
 2103 0089 6C6F6E67 		.ascii	"long int\000"
 2103      20696E74 
 2103      00
 2104              	.LASF65:
 2105 0092 63684D73 		.ascii	"chMsgSend\000"
 2105      6753656E 
 2105      6400
 2106              	.LASF14:
 2107 009c 74737461 		.ascii	"tstate_t\000"
 2107      74655F74 
 2107      00
 2108              	.LASF26:
 2109 00a5 705F6E65 		.ascii	"p_newer\000"
 2109      77657200 
 2110              	.LASF52:
 2111 00ad 725F6E65 		.ascii	"r_newer\000"
 2111      77657200 
 2112              	.LASF44:
 2113 00b5 72656761 		.ascii	"regarm_t\000"
 2113      726D5F74 
 2113      00
 2114              	.LASF29:
 2115 00be 705F7374 		.ascii	"p_stklimit\000"
 2115      6B6C696D 
 2115      697400
 2116              	.LASF0:
ARM GAS  /tmp/ccZNKD31.s 			page 39


 2117 00c9 756E7369 		.ascii	"unsigned int\000"
 2117      676E6564 
 2117      20696E74 
 2117      00
 2118              	.LASF9:
 2119 00d6 6C6F6E67 		.ascii	"long unsigned int\000"
 2119      20756E73 
 2119      69676E65 
 2119      6420696E 
 2119      7400
 2120              	.LASF47:
 2121 00e8 636F6E74 		.ascii	"context\000"
 2121      65787400 
 2122              	.LASF4:
 2123 00f0 73686F72 		.ascii	"short unsigned int\000"
 2123      7420756E 
 2123      7369676E 
 2123      65642069 
 2123      6E7400
 2124              	.LASF72:
 2125 0103 2F686F6D 		.ascii	"/home/gokul/ChibiOS_2.5.0/os/kernel/src/chmsg.c\000"
 2125      652F676F 
 2125      6B756C2F 
 2125      43686962 
 2125      694F535F 
 2126              	.LASF18:
 2127 0133 6D73675F 		.ascii	"msg_t\000"
 2127      7400
 2128              	.LASF13:
 2129 0139 746D6F64 		.ascii	"tmode_t\000"
 2129      655F7400 
 2130              	.LASF43:
 2131 0141 54687265 		.ascii	"ThreadsList\000"
 2131      6164734C 
 2131      69737400 
 2132              	.LASF19:
 2133 014d 6576656E 		.ascii	"eventmask_t\000"
 2133      746D6173 
 2133      6B5F7400 
 2134              	.LASF56:
 2135 0159 4D757465 		.ascii	"Mutex\000"
 2135      7800
 2136              	.LASF45:
 2137 015f 73746B61 		.ascii	"stkalign_t\000"
 2137      6C69676E 
 2137      5F7400
 2138              	.LASF48:
 2139 016a 73697A65 		.ascii	"sizetype\000"
 2139      74797065 
 2139      00
 2140              	.LASF67:
 2141 0173 6462675F 		.ascii	"dbg_check_lock\000"
 2141      63686563 
 2141      6B5F6C6F 
 2141      636B00
 2142              	.LASF27:
 2143 0182 705F6F6C 		.ascii	"p_older\000"
ARM GAS  /tmp/ccZNKD31.s 			page 40


 2143      64657200 
 2144              	.LASF51:
 2145 018a 725F6374 		.ascii	"r_ctx\000"
 2145      7800
 2146              	.LASF42:
 2147 0190 54687265 		.ascii	"ThreadsQueue\000"
 2147      61647351 
 2147      75657565 
 2147      00
 2148              	.LASF54:
 2149 019d 725F6375 		.ascii	"r_current\000"
 2149      7272656E 
 2149      7400
 2150              	.LASF53:
 2151 01a7 725F6F6C 		.ascii	"r_older\000"
 2151      64657200 
 2152              	.LASF68:
 2153 01af 6462675F 		.ascii	"dbg_check_unlock\000"
 2153      63686563 
 2153      6B5F756E 
 2153      6C6F636B 
 2153      00
 2154              	.LASF15:
 2155 01c0 74726566 		.ascii	"trefs_t\000"
 2155      735F7400 
 2156              	.LASF23:
 2157 01c8 705F7072 		.ascii	"p_prev\000"
 2157      657600
 2158              	.LASF17:
 2159 01cf 74707269 		.ascii	"tprio_t\000"
 2159      6F5F7400 
 2160              	.LASF71:
 2161 01d7 474E5520 		.ascii	"GNU C 4.7.3 20130312 (release) [ARM/embedded-4_7-br"
 2161      4320342E 
 2161      372E3320 
 2161      32303133 
 2161      30333132 
 2162 020a 616E6368 		.ascii	"anch revision 196615]\000"
 2162      20726576 
 2162      6973696F 
 2162      6E203139 
 2162      36363135 
 2163              	.LASF6:
 2164 0220 696E7433 		.ascii	"int32_t\000"
 2164      325F7400 
 2165              	.LASF2:
 2166 0228 756E7369 		.ascii	"unsigned char\000"
 2166      676E6564 
 2166      20636861 
 2166      7200
 2167              	.LASF39:
 2168 0236 705F6D74 		.ascii	"p_mtxlist\000"
 2168      786C6973 
 2168      7400
 2169              	.LASF3:
 2170 0240 73686F72 		.ascii	"short int\000"
 2170      7420696E 
ARM GAS  /tmp/ccZNKD31.s 			page 41


 2170      7400
 2171              	.LASF30:
 2172 024a 705F7374 		.ascii	"p_state\000"
 2172      61746500 
 2173              	.LASF33:
 2174 0252 705F7072 		.ascii	"p_preempt\000"
 2174      65656D70 
 2174      7400
 2175              	.LASF50:
 2176 025c 725F7072 		.ascii	"r_prio\000"
 2176      696F00
 2177              	.LASF63:
 2178 0263 65776D61 		.ascii	"ewmask\000"
 2178      736B00
 2179              	.LASF22:
 2180 026a 705F6E65 		.ascii	"p_next\000"
 2180      787400
 2181              	.LASF31:
 2182 0271 705F666C 		.ascii	"p_flags\000"
 2182      61677300 
 2183              	.LASF21:
 2184 0279 54687265 		.ascii	"Thread\000"
 2184      616400
 2185              	.LASF75:
 2186 0280 63684D73 		.ascii	"chMsgRelease\000"
 2186      6752656C 
 2186      65617365 
 2186      00
 2187              	.LASF69:
 2188 028d 63685363 		.ascii	"chSchGoSleepS\000"
 2188      68476F53 
 2188      6C656570 
 2188      5300
 2189              	.LASF38:
 2190 029b 705F6570 		.ascii	"p_epending\000"
 2190      656E6469 
 2190      6E6700
 2191              	.LASF8:
 2192 02a6 75696E74 		.ascii	"uint32_t\000"
 2192      33325F74 
 2192      00
 2193              	.LASF49:
 2194 02af 725F7175 		.ascii	"r_queue\000"
 2194      65756500 
 2195              	.LASF77:
 2196 02b7 63685363 		.ascii	"chSchReadyI\000"
 2196      68526561 
 2196      64794900 
 2197              	.LASF64:
 2198 02c3 63686172 		.ascii	"char\000"
 2198      00
 2199              	.LASF74:
 2200 02c8 6669666F 		.ascii	"fifo_remove\000"
 2200      5F72656D 
 2200      6F766500 
 2201              	.LASF59:
 2202 02d4 6D5F6E65 		.ascii	"m_next\000"
ARM GAS  /tmp/ccZNKD31.s 			page 42


 2202      787400
 2203              	.LASF20:
 2204 02db 73797374 		.ascii	"systime_t\000"
 2204      696D655F 
 2204      7400
 2205              	.LASF40:
 2206 02e5 705F7265 		.ascii	"p_realprio\000"
 2206      616C7072 
 2206      696F00
 2207              	.LASF34:
 2208 02f0 705F7469 		.ascii	"p_time\000"
 2208      6D6500
 2209              	.LASF46:
 2210 02f7 696E7463 		.ascii	"intctx\000"
 2210      747800
 2211              	.LASF36:
 2212 02fe 705F6D73 		.ascii	"p_msgqueue\000"
 2212      67717565 
 2212      756500
 2213              	.LASF78:
 2214 0309 63685363 		.ascii	"chSchWakeupS\000"
 2214      6857616B 
 2214      65757053 
 2214      00
 2215              	.LASF66:
 2216 0316 63684D73 		.ascii	"chMsgWait\000"
 2216      67576169 
 2216      7400
 2217              	.LASF32:
 2218 0320 705F7265 		.ascii	"p_refs\000"
 2218      667300
 2219              	.LASF55:
 2220 0327 52656164 		.ascii	"ReadyList\000"
 2220      794C6973 
 2220      7400
 2221              	.LASF76:
 2222 0331 726C6973 		.ascii	"rlist\000"
 2222      7400
 2223              	.LASF5:
 2224 0337 75696E74 		.ascii	"uint8_t\000"
 2224      385F7400 
 2225              	.LASF62:
 2226 033f 77746F62 		.ascii	"wtobjp\000"
 2226      6A7000
 2227              	.LASF28:
 2228 0346 705F6E61 		.ascii	"p_name\000"
 2228      6D6500
 2229              	.LASF58:
 2230 034d 6D5F6F77 		.ascii	"m_owner\000"
 2230      6E657200 
 2231              	.LASF25:
 2232 0355 705F6374 		.ascii	"p_ctx\000"
 2232      7800
 2233              	.LASF35:
 2234 035b 705F7761 		.ascii	"p_waiting\000"
 2234      6974696E 
 2234      6700
ARM GAS  /tmp/ccZNKD31.s 			page 43


 2235              		.ident	"GCC: (GNU Tools for ARM Embedded Processors) 4.7.3 20130312 (release) [ARM/embedded-4_7-br
ARM GAS  /tmp/ccZNKD31.s 			page 44


DEFINED SYMBOLS
                            *ABS*:00000000 chmsg.c
     /tmp/ccZNKD31.s:19     .text.chMsgSend:00000000 $t
     /tmp/ccZNKD31.s:25     .text.chMsgSend:00000000 chMsgSend
     /tmp/ccZNKD31.s:138    .text.chMsgSend:00000058 $d
     /tmp/ccZNKD31.s:144    .text.chMsgWait:00000000 $t
     /tmp/ccZNKD31.s:150    .text.chMsgWait:00000000 chMsgWait
     /tmp/ccZNKD31.s:231    .text.chMsgWait:00000044 $d
     /tmp/ccZNKD31.s:236    .text.chMsgRelease:00000000 $t
     /tmp/ccZNKD31.s:242    .text.chMsgRelease:00000000 chMsgRelease
     /tmp/ccZNKD31.s:300    .text.chMsgRelease:00000034 $d
     /tmp/ccZNKD31.s:306    .rodata.str1.4:00000000 $d
                     .debug_frame:00000010 $d
     /tmp/ccZNKD31.s:235    .text.chMsgWait:00000048 $t
     /tmp/ccZNKD31.s:305    .text.chMsgRelease:00000038 $t

UNDEFINED SYMBOLS
dbg_check_lock
chSchGoSleepS
dbg_check_unlock
chSchReadyI
chDbgPanic
rlist
chSchWakeupS
