ARM GAS  /tmp/ccws2Y4q.s 			page 1


   1              		.syntax unified
   2              		.cpu cortex-m4
   3              		.fpu softvfp
   4              		.eabi_attribute 20, 1
   5              		.eabi_attribute 21, 1
   6              		.eabi_attribute 23, 3
   7              		.eabi_attribute 24, 1
   8              		.eabi_attribute 25, 1
   9              		.eabi_attribute 26, 1
  10              		.eabi_attribute 30, 2
  11              		.eabi_attribute 34, 1
  12              		.eabi_attribute 18, 4
  13              		.thumb
  14              		.file	"hal.c"
  15              		.text
  16              	.Ltext0:
  17              		.cfi_sections	.debug_frame
  18              		.section	.text.halInit,"ax",%progbits
  19              		.align	2
  20              		.p2align 4,,15
  21              		.global	halInit
  22              		.thumb
  23              		.thumb_func
  24              		.type	halInit, %function
  25              	halInit:
  26              	.LFB118:
  27              		.file 1 "/home/gokul/ChibiOS_2.5.0/os/hal/src/hal.c"
  28              		.loc 1 61 0
  29              		.cfi_startproc
  30              		@ args = 0, pretend = 0, frame = 0
  31              		@ frame_needed = 0, uses_anonymous_args = 0
  32 0000 08B5     		push	{r3, lr}
  33              	.LCFI0:
  34              		.cfi_def_cfa_offset 8
  35              		.cfi_offset 3, -8
  36              		.cfi_offset 14, -4
  37              		.loc 1 63 0
  38 0002 FFF7FEFF 		bl	hal_lld_init
  39              	.LVL0:
  40              		.loc 1 66 0
  41 0006 FFF7FEFF 		bl	tmInit
  42              	.LVL1:
  43              		.loc 1 69 0
  44 000a 40F20000 		movw	r0, #:lower16:pal_default_config
  45 000e C0F20000 		movt	r0, #:upper16:pal_default_config
  46 0012 FFF7FEFF 		bl	_pal_lld_init
  47              	.LVL2:
  48              		.loc 1 72 0
  49 0016 FFF7FEFF 		bl	adcInit
  50              	.LVL3:
  51              		.loc 1 87 0
  52 001a FFF7FEFF 		bl	icuInit
  53              	.LVL4:
  54              		.loc 1 93 0
  55 001e FFF7FEFF 		bl	pwmInit
  56              	.LVL5:
  57              		.loc 1 102 0
ARM GAS  /tmp/ccws2Y4q.s 			page 2


  58 0022 FFF7FEFF 		bl	spiInit
  59              	.LVL6:
  60              		.loc 1 108 0
  61 0026 FFF7FEFF 		bl	usbInit
  62              	.LVL7:
  63              		.loc 1 114 0
  64 002a FFF7FEFF 		bl	sduInit
  65              	.LVL8:
  66              		.loc 1 121 0
  67 002e BDE80840 		pop	{r3, lr}
  68              		.loc 1 120 0
  69 0032 FFF7FEBF 		b	boardInit
  70              	.LVL9:
  71              		.cfi_endproc
  72              	.LFE118:
  73              		.size	halInit, .-halInit
  74 0036 00BFAFF3 		.section	.text.halIsCounterWithin,"ax",%progbits
  74      0080AFF3 
  74      0080
  75              		.align	2
  76              		.p2align 4,,15
  77              		.global	halIsCounterWithin
  78              		.thumb
  79              		.thumb_func
  80              		.type	halIsCounterWithin, %function
  81              	halIsCounterWithin:
  82              	.LFB119:
  83              		.loc 1 167 0
  84              		.cfi_startproc
  85              		@ args = 0, pretend = 0, frame = 0
  86              		@ frame_needed = 0, uses_anonymous_args = 0
  87              		@ link register save eliminated.
  88              	.LVL10:
  89              		.loc 1 168 0
  90 0000 4FF48053 		mov	r3, #4096
  91 0004 CEF20003 		movt	r3, 57344
  92              		.loc 1 170 0
  93 0008 8142     		cmp	r1, r0
  94              		.loc 1 168 0
  95 000a 5A68     		ldr	r2, [r3, #4]
  96              	.LVL11:
  97              		.loc 1 170 0
  98 000c 05D9     		bls	.L3
  99              		.loc 1 170 0 is_stmt 0 discriminator 1
 100 000e 8242     		cmp	r2, r0
 101 0010 01D3     		bcc	.L7
 102              		.loc 1 170 0 discriminator 3
 103 0012 8A42     		cmp	r2, r1
 104 0014 03D3     		bcc	.L5
 105              	.L7:
 106              		.loc 1 170 0
 107 0016 0020     		movs	r0, #0
 108              	.LVL12:
 109              		.loc 1 172 0 is_stmt 1
 110 0018 7047     		bx	lr
 111              	.LVL13:
 112              	.L3:
ARM GAS  /tmp/ccws2Y4q.s 			page 3


 113              		.loc 1 170 0 discriminator 2
 114 001a 8242     		cmp	r2, r0
 115 001c 01D3     		bcc	.L9
 116              	.L5:
 117              		.loc 1 170 0 is_stmt 0
 118 001e 0120     		movs	r0, #1
 119              	.LVL14:
 120 0020 7047     		bx	lr
 121              	.LVL15:
 122              	.L9:
 123              		.loc 1 171 0 is_stmt 1
 124 0022 8A42     		cmp	r2, r1
 125 0024 2CBF     		ite	cs
 126 0026 0020     		movcs	r0, #0
 127              	.LVL16:
 128 0028 0120     		movcc	r0, #1
 129 002a 7047     		bx	lr
 130              		.cfi_endproc
 131              	.LFE119:
 132              		.size	halIsCounterWithin, .-halIsCounterWithin
 133 002c AFF30080 		.section	.text.halPolledDelay,"ax",%progbits
 134              		.align	2
 135              		.p2align 4,,15
 136              		.global	halPolledDelay
 137              		.thumb
 138              		.thumb_func
 139              		.type	halPolledDelay, %function
 140              	halPolledDelay:
 141              	.LFB120:
 142              		.loc 1 186 0
 143              		.cfi_startproc
 144              		@ args = 0, pretend = 0, frame = 0
 145              		@ frame_needed = 0, uses_anonymous_args = 0
 146              		@ link register save eliminated.
 147              	.LVL17:
 148              		.loc 1 187 0
 149 0000 4FF48053 		mov	r3, #4096
 150 0004 CEF20003 		movt	r3, 57344
 151              	.LBB4:
 152              	.LBB5:
 153              		.loc 1 168 0
 154 0008 1946     		mov	r1, r3
 155              	.LBE5:
 156              	.LBE4:
 157              		.loc 1 187 0
 158 000a 5A68     		ldr	r2, [r3, #4]
 159              	.LVL18:
 160              		.loc 1 188 0
 161 000c 8018     		adds	r0, r0, r2
 162              	.LVL19:
 163              	.L16:
 164              	.LBB7:
 165              	.LBB6:
 166              		.loc 1 170 0 discriminator 1
 167 000e 8242     		cmp	r2, r0
 168              		.loc 1 168 0 discriminator 1
 169 0010 4B68     		ldr	r3, [r1, #4]
ARM GAS  /tmp/ccws2Y4q.s 			page 4


 170              	.LVL20:
 171              		.loc 1 170 0 discriminator 1
 172 0012 02D2     		bcs	.L11
 173              		.loc 1 170 0 is_stmt 0
 174 0014 9A42     		cmp	r2, r3
 175 0016 05D9     		bls	.L17
 176 0018 7047     		bx	lr
 177              	.L11:
 178 001a 9A42     		cmp	r2, r3
 179 001c F7D9     		bls	.L16
 180              		.loc 1 171 0 is_stmt 1
 181 001e 9842     		cmp	r0, r3
 182 0020 F5D8     		bhi	.L16
 183 0022 7047     		bx	lr
 184              	.L17:
 185              		.loc 1 170 0
 186 0024 9842     		cmp	r0, r3
 187 0026 F2D8     		bhi	.L16
 188 0028 7047     		bx	lr
 189              	.LBE6:
 190              	.LBE7:
 191              		.cfi_endproc
 192              	.LFE120:
 193              		.size	halPolledDelay, .-halPolledDelay
 194 002a 00BFAFF3 		.text
 194      0080
 195              	.Letext0:
 196              		.file 2 "/opt/gcc-arm-none-eabi-4_7-2013q1/bin/../lib/gcc/arm-none-eabi/4.7.3/../../../../arm-none
 197              		.file 3 "/home/gokul/ChibiOS_2.5.0/os/ports/GCC/ARMCMx/chtypes.h"
 198              		.file 4 "/home/gokul/ChibiOS_2.5.0/os/ports/common/ARMCMx/nvic.h"
 199              		.file 5 "/home/gokul/ChibiOS_2.5.0/os/hal/platforms/STM32F4xx/hal_lld.h"
 200              		.file 6 "/home/gokul/ChibiOS_2.5.0/os/hal/platforms/STM32/GPIOv2/pal_lld.h"
 201              		.file 7 "/home/gokul/ChibiOS_2.5.0/os/ports/common/ARMCMx/CMSIS/include/core_cm4.h"
 202              		.file 8 "/home/gokul/ChibiOS_2.5.0/os/hal/include/tm.h"
 203              		.file 9 "/home/gokul/ChibiOS_2.5.0/os/hal/include/adc.h"
 204              		.file 10 "/home/gokul/ChibiOS_2.5.0/os/hal/include/icu.h"
 205              		.file 11 "/home/gokul/ChibiOS_2.5.0/os/hal/include/pwm.h"
 206              		.file 12 "/home/gokul/ChibiOS_2.5.0/os/hal/include/spi.h"
 207              		.file 13 "/home/gokul/ChibiOS_2.5.0/os/hal/include/usb.h"
 208              		.file 14 "/home/gokul/ChibiOS_2.5.0/os/hal/include/serial_usb.h"
 209              		.file 15 "/home/gokul/ChibiOS_2.5.0/boards/ST_STM32F4_DISCOVERY/board.h"
 210              		.section	.debug_info,"",%progbits
 211              	.Ldebug_info0:
 212 0000 31040000 		.4byte	0x431
 213 0004 0200     		.2byte	0x2
 214 0006 00000000 		.4byte	.Ldebug_abbrev0
 215 000a 04       		.byte	0x4
 216 000b 01       		.uleb128 0x1
 217 000c 04010000 		.4byte	.LASF57
 218 0010 01       		.byte	0x1
 219 0011 99000000 		.4byte	.LASF58
 220 0015 30000000 		.4byte	.Ldebug_ranges0+0x30
 221 0019 00000000 		.4byte	0
 222 001d 00000000 		.4byte	0
 223 0021 00000000 		.4byte	.Ldebug_line0
 224 0025 02       		.uleb128 0x2
 225 0026 04       		.byte	0x4
ARM GAS  /tmp/ccws2Y4q.s 			page 5


 226 0027 05       		.byte	0x5
 227 0028 696E7400 		.ascii	"int\000"
 228 002c 03       		.uleb128 0x3
 229 002d 04       		.byte	0x4
 230 002e 07       		.byte	0x7
 231 002f 74020000 		.4byte	.LASF0
 232 0033 03       		.uleb128 0x3
 233 0034 01       		.byte	0x1
 234 0035 06       		.byte	0x6
 235 0036 67010000 		.4byte	.LASF1
 236 003a 03       		.uleb128 0x3
 237 003b 01       		.byte	0x1
 238 003c 08       		.byte	0x8
 239 003d 54010000 		.4byte	.LASF2
 240 0041 03       		.uleb128 0x3
 241 0042 02       		.byte	0x2
 242 0043 05       		.byte	0x5
 243 0044 27000000 		.4byte	.LASF3
 244 0048 03       		.uleb128 0x3
 245 0049 02       		.byte	0x2
 246 004a 07       		.byte	0x7
 247 004b C0010000 		.4byte	.LASF4
 248 004f 04       		.uleb128 0x4
 249 0050 D8010000 		.4byte	.LASF6
 250 0054 02       		.byte	0x2
 251 0055 4F       		.byte	0x4f
 252 0056 5A000000 		.4byte	0x5a
 253 005a 03       		.uleb128 0x3
 254 005b 04       		.byte	0x4
 255 005c 05       		.byte	0x5
 256 005d CC000000 		.4byte	.LASF5
 257 0061 04       		.uleb128 0x4
 258 0062 8A010000 		.4byte	.LASF7
 259 0066 02       		.byte	0x2
 260 0067 50       		.byte	0x50
 261 0068 6C000000 		.4byte	0x6c
 262 006c 03       		.uleb128 0x3
 263 006d 04       		.byte	0x4
 264 006e 07       		.byte	0x7
 265 006f 0E020000 		.4byte	.LASF8
 266 0073 03       		.uleb128 0x3
 267 0074 08       		.byte	0x8
 268 0075 05       		.byte	0x5
 269 0076 7C000000 		.4byte	.LASF9
 270 007a 03       		.uleb128 0x3
 271 007b 08       		.byte	0x8
 272 007c 07       		.byte	0x7
 273 007d 73010000 		.4byte	.LASF10
 274 0081 04       		.uleb128 0x4
 275 0082 E0010000 		.4byte	.LASF11
 276 0086 03       		.byte	0x3
 277 0087 27       		.byte	0x27
 278 0088 4F000000 		.4byte	0x4f
 279 008c 04       		.uleb128 0x4
 280 008d 6D000000 		.4byte	.LASF12
 281 0091 04       		.byte	0x4
 282 0092 33       		.byte	0x33
ARM GAS  /tmp/ccws2Y4q.s 			page 6


 283 0093 97000000 		.4byte	0x97
 284 0097 05       		.uleb128 0x5
 285 0098 61000000 		.4byte	0x61
 286 009c 03       		.uleb128 0x3
 287 009d 04       		.byte	0x4
 288 009e 07       		.byte	0x7
 289 009f 31000000 		.4byte	.LASF13
 290 00a3 06       		.uleb128 0x6
 291 00a4 20       		.byte	0x20
 292 00a5 04       		.byte	0x4
 293 00a6 FF       		.byte	0xff
 294 00a7 24010000 		.4byte	0x124
 295 00ab 07       		.uleb128 0x7
 296 00ac 62010000 		.4byte	.LASF14
 297 00b0 04       		.byte	0x4
 298 00b1 0001     		.2byte	0x100
 299 00b3 8C000000 		.4byte	0x8c
 300 00b7 02       		.byte	0x2
 301 00b8 23       		.byte	0x23
 302 00b9 00       		.uleb128 0
 303 00ba 07       		.uleb128 0x7
 304 00bb 92000000 		.4byte	.LASF15
 305 00bf 04       		.byte	0x4
 306 00c0 0101     		.2byte	0x101
 307 00c2 8C000000 		.4byte	0x8c
 308 00c6 02       		.byte	0x2
 309 00c7 23       		.byte	0x23
 310 00c8 04       		.uleb128 0x4
 311 00c9 07       		.uleb128 0x7
 312 00ca 07020000 		.4byte	.LASF16
 313 00ce 04       		.byte	0x4
 314 00cf 0201     		.2byte	0x102
 315 00d1 8C000000 		.4byte	0x8c
 316 00d5 02       		.byte	0x2
 317 00d6 23       		.byte	0x23
 318 00d7 08       		.uleb128 0x8
 319 00d8 07       		.uleb128 0x7
 320 00d9 9C020000 		.4byte	.LASF17
 321 00dd 04       		.byte	0x4
 322 00de 0301     		.2byte	0x103
 323 00e0 8C000000 		.4byte	0x8c
 324 00e4 02       		.byte	0x2
 325 00e5 23       		.byte	0x23
 326 00e6 0C       		.uleb128 0xc
 327 00e7 07       		.uleb128 0x7
 328 00e8 32020000 		.4byte	.LASF18
 329 00ec 04       		.byte	0x4
 330 00ed 0401     		.2byte	0x104
 331 00ef 8C000000 		.4byte	0x8c
 332 00f3 02       		.byte	0x2
 333 00f4 23       		.byte	0x23
 334 00f5 10       		.uleb128 0x10
 335 00f6 07       		.uleb128 0x7
 336 00f7 41020000 		.4byte	.LASF19
 337 00fb 04       		.byte	0x4
 338 00fc 0501     		.2byte	0x105
 339 00fe 8C000000 		.4byte	0x8c
ARM GAS  /tmp/ccws2Y4q.s 			page 7


 340 0102 02       		.byte	0x2
 341 0103 23       		.byte	0x23
 342 0104 14       		.uleb128 0x14
 343 0105 07       		.uleb128 0x7
 344 0106 4D000000 		.4byte	.LASF20
 345 010a 04       		.byte	0x4
 346 010b 0601     		.2byte	0x106
 347 010d 8C000000 		.4byte	0x8c
 348 0111 02       		.byte	0x2
 349 0112 23       		.byte	0x23
 350 0113 18       		.uleb128 0x18
 351 0114 07       		.uleb128 0x7
 352 0115 3A000000 		.4byte	.LASF21
 353 0119 04       		.byte	0x4
 354 011a 0701     		.2byte	0x107
 355 011c 8C000000 		.4byte	0x8c
 356 0120 02       		.byte	0x2
 357 0121 23       		.byte	0x23
 358 0122 1C       		.uleb128 0x1c
 359 0123 00       		.byte	0
 360 0124 08       		.uleb128 0x8
 361 0125 F8010000 		.4byte	.LASF22
 362 0129 04       		.byte	0x4
 363 012a 0801     		.2byte	0x108
 364 012c A3000000 		.4byte	0xa3
 365 0130 03       		.uleb128 0x3
 366 0131 01       		.byte	0x1
 367 0132 08       		.byte	0x8
 368 0133 D3010000 		.4byte	.LASF23
 369 0137 05       		.uleb128 0x5
 370 0138 4F000000 		.4byte	0x4f
 371 013c 08       		.uleb128 0x8
 372 013d 27020000 		.4byte	.LASF24
 373 0141 05       		.byte	0x5
 374 0142 6405     		.2byte	0x564
 375 0144 61000000 		.4byte	0x61
 376 0148 06       		.uleb128 0x6
 377 0149 1C       		.byte	0x1c
 378 014a 06       		.byte	0x6
 379 014b A3       		.byte	0xa3
 380 014c B3010000 		.4byte	0x1b3
 381 0150 09       		.uleb128 0x9
 382 0151 5A020000 		.4byte	.LASF25
 383 0155 06       		.byte	0x6
 384 0156 A5       		.byte	0xa5
 385 0157 61000000 		.4byte	0x61
 386 015b 02       		.byte	0x2
 387 015c 23       		.byte	0x23
 388 015d 00       		.uleb128 0
 389 015e 09       		.uleb128 0x9
 390 015f 93010000 		.4byte	.LASF26
 391 0163 06       		.byte	0x6
 392 0164 A7       		.byte	0xa7
 393 0165 61000000 		.4byte	0x61
 394 0169 02       		.byte	0x2
 395 016a 23       		.byte	0x23
 396 016b 04       		.uleb128 0x4
ARM GAS  /tmp/ccws2Y4q.s 			page 8


 397 016c 09       		.uleb128 0x9
 398 016d C4000000 		.4byte	.LASF27
 399 0171 06       		.byte	0x6
 400 0172 A9       		.byte	0xa9
 401 0173 61000000 		.4byte	0x61
 402 0177 02       		.byte	0x2
 403 0178 23       		.byte	0x23
 404 0179 08       		.uleb128 0x8
 405 017a 09       		.uleb128 0x9
 406 017b 3B020000 		.4byte	.LASF28
 407 017f 06       		.byte	0x6
 408 0180 AB       		.byte	0xab
 409 0181 61000000 		.4byte	0x61
 410 0185 02       		.byte	0x2
 411 0186 23       		.byte	0x23
 412 0187 0C       		.uleb128 0xc
 413 0188 0A       		.uleb128 0xa
 414 0189 6F647200 		.ascii	"odr\000"
 415 018d 06       		.byte	0x6
 416 018e AD       		.byte	0xad
 417 018f 61000000 		.4byte	0x61
 418 0193 02       		.byte	0x2
 419 0194 23       		.byte	0x23
 420 0195 10       		.uleb128 0x10
 421 0196 09       		.uleb128 0x9
 422 0197 55020000 		.4byte	.LASF29
 423 019b 06       		.byte	0x6
 424 019c AF       		.byte	0xaf
 425 019d 61000000 		.4byte	0x61
 426 01a1 02       		.byte	0x2
 427 01a2 23       		.byte	0x23
 428 01a3 14       		.uleb128 0x14
 429 01a4 09       		.uleb128 0x9
 430 01a5 48020000 		.4byte	.LASF30
 431 01a9 06       		.byte	0x6
 432 01aa B1       		.byte	0xb1
 433 01ab 61000000 		.4byte	0x61
 434 01af 02       		.byte	0x2
 435 01b0 23       		.byte	0x23
 436 01b1 18       		.uleb128 0x18
 437 01b2 00       		.byte	0
 438 01b3 04       		.uleb128 0x4
 439 01b4 9A010000 		.4byte	.LASF31
 440 01b8 06       		.byte	0x6
 441 01b9 B2       		.byte	0xb2
 442 01ba 48010000 		.4byte	0x148
 443 01be 06       		.uleb128 0x6
 444 01bf FC       		.byte	0xfc
 445 01c0 06       		.byte	0x6
 446 01c1 BB       		.byte	0xbb
 447 01c2 49020000 		.4byte	0x249
 448 01c6 09       		.uleb128 0x9
 449 01c7 75000000 		.4byte	.LASF32
 450 01cb 06       		.byte	0x6
 451 01cc BD       		.byte	0xbd
 452 01cd B3010000 		.4byte	0x1b3
 453 01d1 02       		.byte	0x2
ARM GAS  /tmp/ccws2Y4q.s 			page 9


 454 01d2 23       		.byte	0x23
 455 01d3 00       		.uleb128 0
 456 01d4 09       		.uleb128 0x9
 457 01d5 F1010000 		.4byte	.LASF33
 458 01d9 06       		.byte	0x6
 459 01da BF       		.byte	0xbf
 460 01db B3010000 		.4byte	0x1b3
 461 01df 02       		.byte	0x2
 462 01e0 23       		.byte	0x23
 463 01e1 1C       		.uleb128 0x1c
 464 01e2 09       		.uleb128 0x9
 465 01e3 4D010000 		.4byte	.LASF34
 466 01e7 06       		.byte	0x6
 467 01e8 C1       		.byte	0xc1
 468 01e9 B3010000 		.4byte	0x1b3
 469 01ed 02       		.byte	0x2
 470 01ee 23       		.byte	0x23
 471 01ef 38       		.uleb128 0x38
 472 01f0 09       		.uleb128 0x9
 473 01f1 DD000000 		.4byte	.LASF35
 474 01f5 06       		.byte	0x6
 475 01f6 C3       		.byte	0xc3
 476 01f7 B3010000 		.4byte	0x1b3
 477 01fb 02       		.byte	0x2
 478 01fc 23       		.byte	0x23
 479 01fd 54       		.uleb128 0x54
 480 01fe 09       		.uleb128 0x9
 481 01ff 00020000 		.4byte	.LASF36
 482 0203 06       		.byte	0x6
 483 0204 C6       		.byte	0xc6
 484 0205 B3010000 		.4byte	0x1b3
 485 0209 02       		.byte	0x2
 486 020a 23       		.byte	0x23
 487 020b 70       		.uleb128 0x70
 488 020c 09       		.uleb128 0x9
 489 020d 3F000000 		.4byte	.LASF37
 490 0211 06       		.byte	0x6
 491 0212 CA       		.byte	0xca
 492 0213 B3010000 		.4byte	0x1b3
 493 0217 03       		.byte	0x3
 494 0218 23       		.byte	0x23
 495 0219 8C01     		.uleb128 0x8c
 496 021b 09       		.uleb128 0x9
 497 021c FD000000 		.4byte	.LASF38
 498 0220 06       		.byte	0x6
 499 0221 CE       		.byte	0xce
 500 0222 B3010000 		.4byte	0x1b3
 501 0226 03       		.byte	0x3
 502 0227 23       		.byte	0x23
 503 0228 A801     		.uleb128 0xa8
 504 022a 09       		.uleb128 0x9
 505 022b 20020000 		.4byte	.LASF39
 506 022f 06       		.byte	0x6
 507 0230 D2       		.byte	0xd2
 508 0231 B3010000 		.4byte	0x1b3
 509 0235 03       		.byte	0x3
 510 0236 23       		.byte	0x23
ARM GAS  /tmp/ccws2Y4q.s 			page 10


 511 0237 C401     		.uleb128 0xc4
 512 0239 09       		.uleb128 0x9
 513 023a 46000000 		.4byte	.LASF40
 514 023e 06       		.byte	0x6
 515 023f D6       		.byte	0xd6
 516 0240 B3010000 		.4byte	0x1b3
 517 0244 03       		.byte	0x3
 518 0245 23       		.byte	0x23
 519 0246 E001     		.uleb128 0xe0
 520 0248 00       		.byte	0
 521 0249 04       		.uleb128 0x4
 522 024a E7010000 		.4byte	.LASF41
 523 024e 06       		.byte	0x6
 524 024f D8       		.byte	0xd8
 525 0250 BE010000 		.4byte	0x1be
 526 0254 0B       		.uleb128 0xb
 527 0255 01       		.byte	0x1
 528 0256 89020000 		.4byte	.LASF59
 529 025a 01       		.byte	0x1
 530 025b A7       		.byte	0xa7
 531 025c 01       		.byte	0x1
 532 025d 81000000 		.4byte	0x81
 533 0261 01       		.byte	0x1
 534 0262 88020000 		.4byte	0x288
 535 0266 0C       		.uleb128 0xc
 536 0267 BA010000 		.4byte	.LASF42
 537 026b 01       		.byte	0x1
 538 026c A7       		.byte	0xa7
 539 026d 3C010000 		.4byte	0x13c
 540 0271 0D       		.uleb128 0xd
 541 0272 656E6400 		.ascii	"end\000"
 542 0276 01       		.byte	0x1
 543 0277 A7       		.byte	0xa7
 544 0278 3C010000 		.4byte	0x13c
 545 027c 0E       		.uleb128 0xe
 546 027d 6E6F7700 		.ascii	"now\000"
 547 0281 01       		.byte	0x1
 548 0282 A8       		.byte	0xa8
 549 0283 3C010000 		.4byte	0x13c
 550 0287 00       		.byte	0
 551 0288 0F       		.uleb128 0xf
 552 0289 01       		.byte	0x1
 553 028a 8A000000 		.4byte	.LASF43
 554 028e 01       		.byte	0x1
 555 028f 3D       		.byte	0x3d
 556 0290 01       		.byte	0x1
 557 0291 00000000 		.4byte	.LFB118
 558 0295 36000000 		.4byte	.LFE118
 559 0299 00000000 		.4byte	.LLST0
 560 029d 01       		.byte	0x1
 561 029e FE020000 		.4byte	0x2fe
 562 02a2 10       		.uleb128 0x10
 563 02a3 06000000 		.4byte	.LVL0
 564 02a7 BA030000 		.4byte	0x3ba
 565 02ab 10       		.uleb128 0x10
 566 02ac 0A000000 		.4byte	.LVL1
 567 02b0 C5030000 		.4byte	0x3c5
ARM GAS  /tmp/ccws2Y4q.s 			page 11


 568 02b4 10       		.uleb128 0x10
 569 02b5 16000000 		.4byte	.LVL2
 570 02b9 CF030000 		.4byte	0x3cf
 571 02bd 10       		.uleb128 0x10
 572 02be 1A000000 		.4byte	.LVL3
 573 02c2 EA030000 		.4byte	0x3ea
 574 02c6 10       		.uleb128 0x10
 575 02c7 1E000000 		.4byte	.LVL4
 576 02cb F5030000 		.4byte	0x3f5
 577 02cf 10       		.uleb128 0x10
 578 02d0 22000000 		.4byte	.LVL5
 579 02d4 FF030000 		.4byte	0x3ff
 580 02d8 10       		.uleb128 0x10
 581 02d9 26000000 		.4byte	.LVL6
 582 02dd 09040000 		.4byte	0x409
 583 02e1 10       		.uleb128 0x10
 584 02e2 2A000000 		.4byte	.LVL7
 585 02e6 14040000 		.4byte	0x414
 586 02ea 10       		.uleb128 0x10
 587 02eb 2E000000 		.4byte	.LVL8
 588 02ef 1F040000 		.4byte	0x41f
 589 02f3 11       		.uleb128 0x11
 590 02f4 36000000 		.4byte	.LVL9
 591 02f8 01       		.byte	0x1
 592 02f9 29040000 		.4byte	0x429
 593 02fd 00       		.byte	0
 594 02fe 12       		.uleb128 0x12
 595 02ff 54020000 		.4byte	0x254
 596 0303 00000000 		.4byte	.LFB119
 597 0307 2C000000 		.4byte	.LFE119
 598 030b 02       		.byte	0x2
 599 030c 7D       		.byte	0x7d
 600 030d 00       		.sleb128 0
 601 030e 01       		.byte	0x1
 602 030f 2B030000 		.4byte	0x32b
 603 0313 13       		.uleb128 0x13
 604 0314 66020000 		.4byte	0x266
 605 0318 20000000 		.4byte	.LLST1
 606 031c 14       		.uleb128 0x14
 607 031d 71020000 		.4byte	0x271
 608 0321 01       		.byte	0x1
 609 0322 51       		.byte	0x51
 610 0323 15       		.uleb128 0x15
 611 0324 7C020000 		.4byte	0x27c
 612 0328 01       		.byte	0x1
 613 0329 52       		.byte	0x52
 614 032a 00       		.byte	0
 615 032b 16       		.uleb128 0x16
 616 032c 01       		.byte	0x1
 617 032d E4000000 		.4byte	.LASF44
 618 0331 01       		.byte	0x1
 619 0332 BA       		.byte	0xba
 620 0333 01       		.byte	0x1
 621 0334 00000000 		.4byte	.LFB120
 622 0338 2A000000 		.4byte	.LFE120
 623 033c 02       		.byte	0x2
 624 033d 7D       		.byte	0x7d
ARM GAS  /tmp/ccws2Y4q.s 			page 12


 625 033e 00       		.sleb128 0
 626 033f 01       		.byte	0x1
 627 0340 99030000 		.4byte	0x399
 628 0344 17       		.uleb128 0x17
 629 0345 00000000 		.4byte	.LASF60
 630 0349 01       		.byte	0x1
 631 034a BA       		.byte	0xba
 632 034b 3C010000 		.4byte	0x13c
 633 034f 73000000 		.4byte	.LLST2
 634 0353 18       		.uleb128 0x18
 635 0354 BA010000 		.4byte	.LASF42
 636 0358 01       		.byte	0x1
 637 0359 BB       		.byte	0xbb
 638 035a 3C010000 		.4byte	0x13c
 639 035e 01       		.byte	0x1
 640 035f 52       		.byte	0x52
 641 0360 18       		.uleb128 0x18
 642 0361 A3020000 		.4byte	.LASF45
 643 0365 01       		.byte	0x1
 644 0366 BC       		.byte	0xbc
 645 0367 3C010000 		.4byte	0x13c
 646 036b 01       		.byte	0x1
 647 036c 50       		.byte	0x50
 648 036d 19       		.uleb128 0x19
 649 036e 54020000 		.4byte	0x254
 650 0372 08000000 		.4byte	.LBB4
 651 0376 00000000 		.4byte	.Ldebug_ranges0+0
 652 037a 01       		.byte	0x1
 653 037b BD       		.byte	0xbd
 654 037c 14       		.uleb128 0x14
 655 037d 71020000 		.4byte	0x271
 656 0381 01       		.byte	0x1
 657 0382 50       		.byte	0x50
 658 0383 14       		.uleb128 0x14
 659 0384 66020000 		.4byte	0x266
 660 0388 01       		.byte	0x1
 661 0389 52       		.byte	0x52
 662 038a 1A       		.uleb128 0x1a
 663 038b 18000000 		.4byte	.Ldebug_ranges0+0x18
 664 038f 15       		.uleb128 0x15
 665 0390 7C020000 		.4byte	0x27c
 666 0394 01       		.byte	0x1
 667 0395 53       		.byte	0x53
 668 0396 00       		.byte	0
 669 0397 00       		.byte	0
 670 0398 00       		.byte	0
 671 0399 1B       		.uleb128 0x1b
 672 039a 60020000 		.4byte	.LASF46
 673 039e 07       		.byte	0x7
 674 039f 9806     		.2byte	0x698
 675 03a1 37010000 		.4byte	0x137
 676 03a5 01       		.byte	0x1
 677 03a6 01       		.byte	0x1
 678 03a7 1B       		.uleb128 0x1b
 679 03a8 14000000 		.4byte	.LASF47
 680 03ac 06       		.byte	0x6
 681 03ad B401     		.2byte	0x1b4
ARM GAS  /tmp/ccws2Y4q.s 			page 13


 682 03af B5030000 		.4byte	0x3b5
 683 03b3 01       		.byte	0x1
 684 03b4 01       		.byte	0x1
 685 03b5 1C       		.uleb128 0x1c
 686 03b6 49020000 		.4byte	0x249
 687 03ba 1D       		.uleb128 0x1d
 688 03bb 01       		.byte	0x1
 689 03bc AD010000 		.4byte	.LASF48
 690 03c0 05       		.byte	0x5
 691 03c1 8D05     		.2byte	0x58d
 692 03c3 01       		.byte	0x1
 693 03c4 01       		.byte	0x1
 694 03c5 1E       		.uleb128 0x1e
 695 03c6 01       		.byte	0x1
 696 03c7 6D020000 		.4byte	.LASF49
 697 03cb 08       		.byte	0x8
 698 03cc 6C       		.byte	0x6c
 699 03cd 01       		.byte	0x1
 700 03ce 01       		.byte	0x1
 701 03cf 1F       		.uleb128 0x1f
 702 03d0 01       		.byte	0x1
 703 03d1 06000000 		.4byte	.LASF61
 704 03d5 06       		.byte	0x6
 705 03d6 B901     		.2byte	0x1b9
 706 03d8 01       		.byte	0x1
 707 03d9 01       		.byte	0x1
 708 03da E4030000 		.4byte	0x3e4
 709 03de 20       		.uleb128 0x20
 710 03df E4030000 		.4byte	0x3e4
 711 03e3 00       		.byte	0
 712 03e4 21       		.uleb128 0x21
 713 03e5 04       		.byte	0x4
 714 03e6 B5030000 		.4byte	0x3b5
 715 03ea 1D       		.uleb128 0x1d
 716 03eb 01       		.byte	0x1
 717 03ec 4D020000 		.4byte	.LASF50
 718 03f0 09       		.byte	0x9
 719 03f1 1A01     		.2byte	0x11a
 720 03f3 01       		.byte	0x1
 721 03f4 01       		.byte	0x1
 722 03f5 1E       		.uleb128 0x1e
 723 03f6 01       		.byte	0x1
 724 03f7 65000000 		.4byte	.LASF51
 725 03fb 0A       		.byte	0xa
 726 03fc B4       		.byte	0xb4
 727 03fd 01       		.byte	0x1
 728 03fe 01       		.byte	0x1
 729 03ff 1E       		.uleb128 0x1e
 730 0400 01       		.byte	0x1
 731 0401 D5000000 		.4byte	.LASF52
 732 0405 0B       		.byte	0xb
 733 0406 DF       		.byte	0xdf
 734 0407 01       		.byte	0x1
 735 0408 01       		.byte	0x1
 736 0409 1D       		.uleb128 0x1d
 737 040a 01       		.byte	0x1
 738 040b 5D000000 		.4byte	.LASF53
ARM GAS  /tmp/ccws2Y4q.s 			page 14


 739 040f 0C       		.byte	0xc
 740 0410 2601     		.2byte	0x126
 741 0412 01       		.byte	0x1
 742 0413 01       		.byte	0x1
 743 0414 1D       		.uleb128 0x1d
 744 0415 01       		.byte	0x1
 745 0416 55000000 		.4byte	.LASF54
 746 041a 0D       		.byte	0xd
 747 041b 0A02     		.2byte	0x20a
 748 041d 01       		.byte	0x1
 749 041e 01       		.byte	0x1
 750 041f 1E       		.uleb128 0x1e
 751 0420 01       		.byte	0x1
 752 0421 81020000 		.4byte	.LASF55
 753 0425 0E       		.byte	0xe
 754 0426 9B       		.byte	0x9b
 755 0427 01       		.byte	0x1
 756 0428 01       		.byte	0x1
 757 0429 1D       		.uleb128 0x1d
 758 042a 01       		.byte	0x1
 759 042b F3000000 		.4byte	.LASF56
 760 042f 0F       		.byte	0xf
 761 0430 0F05     		.2byte	0x50f
 762 0432 01       		.byte	0x1
 763 0433 01       		.byte	0x1
 764 0434 00       		.byte	0
 765              		.section	.debug_abbrev,"",%progbits
 766              	.Ldebug_abbrev0:
 767 0000 01       		.uleb128 0x1
 768 0001 11       		.uleb128 0x11
 769 0002 01       		.byte	0x1
 770 0003 25       		.uleb128 0x25
 771 0004 0E       		.uleb128 0xe
 772 0005 13       		.uleb128 0x13
 773 0006 0B       		.uleb128 0xb
 774 0007 03       		.uleb128 0x3
 775 0008 0E       		.uleb128 0xe
 776 0009 55       		.uleb128 0x55
 777 000a 06       		.uleb128 0x6
 778 000b 11       		.uleb128 0x11
 779 000c 01       		.uleb128 0x1
 780 000d 52       		.uleb128 0x52
 781 000e 01       		.uleb128 0x1
 782 000f 10       		.uleb128 0x10
 783 0010 06       		.uleb128 0x6
 784 0011 00       		.byte	0
 785 0012 00       		.byte	0
 786 0013 02       		.uleb128 0x2
 787 0014 24       		.uleb128 0x24
 788 0015 00       		.byte	0
 789 0016 0B       		.uleb128 0xb
 790 0017 0B       		.uleb128 0xb
 791 0018 3E       		.uleb128 0x3e
 792 0019 0B       		.uleb128 0xb
 793 001a 03       		.uleb128 0x3
 794 001b 08       		.uleb128 0x8
 795 001c 00       		.byte	0
ARM GAS  /tmp/ccws2Y4q.s 			page 15


 796 001d 00       		.byte	0
 797 001e 03       		.uleb128 0x3
 798 001f 24       		.uleb128 0x24
 799 0020 00       		.byte	0
 800 0021 0B       		.uleb128 0xb
 801 0022 0B       		.uleb128 0xb
 802 0023 3E       		.uleb128 0x3e
 803 0024 0B       		.uleb128 0xb
 804 0025 03       		.uleb128 0x3
 805 0026 0E       		.uleb128 0xe
 806 0027 00       		.byte	0
 807 0028 00       		.byte	0
 808 0029 04       		.uleb128 0x4
 809 002a 16       		.uleb128 0x16
 810 002b 00       		.byte	0
 811 002c 03       		.uleb128 0x3
 812 002d 0E       		.uleb128 0xe
 813 002e 3A       		.uleb128 0x3a
 814 002f 0B       		.uleb128 0xb
 815 0030 3B       		.uleb128 0x3b
 816 0031 0B       		.uleb128 0xb
 817 0032 49       		.uleb128 0x49
 818 0033 13       		.uleb128 0x13
 819 0034 00       		.byte	0
 820 0035 00       		.byte	0
 821 0036 05       		.uleb128 0x5
 822 0037 35       		.uleb128 0x35
 823 0038 00       		.byte	0
 824 0039 49       		.uleb128 0x49
 825 003a 13       		.uleb128 0x13
 826 003b 00       		.byte	0
 827 003c 00       		.byte	0
 828 003d 06       		.uleb128 0x6
 829 003e 13       		.uleb128 0x13
 830 003f 01       		.byte	0x1
 831 0040 0B       		.uleb128 0xb
 832 0041 0B       		.uleb128 0xb
 833 0042 3A       		.uleb128 0x3a
 834 0043 0B       		.uleb128 0xb
 835 0044 3B       		.uleb128 0x3b
 836 0045 0B       		.uleb128 0xb
 837 0046 01       		.uleb128 0x1
 838 0047 13       		.uleb128 0x13
 839 0048 00       		.byte	0
 840 0049 00       		.byte	0
 841 004a 07       		.uleb128 0x7
 842 004b 0D       		.uleb128 0xd
 843 004c 00       		.byte	0
 844 004d 03       		.uleb128 0x3
 845 004e 0E       		.uleb128 0xe
 846 004f 3A       		.uleb128 0x3a
 847 0050 0B       		.uleb128 0xb
 848 0051 3B       		.uleb128 0x3b
 849 0052 05       		.uleb128 0x5
 850 0053 49       		.uleb128 0x49
 851 0054 13       		.uleb128 0x13
 852 0055 38       		.uleb128 0x38
ARM GAS  /tmp/ccws2Y4q.s 			page 16


 853 0056 0A       		.uleb128 0xa
 854 0057 00       		.byte	0
 855 0058 00       		.byte	0
 856 0059 08       		.uleb128 0x8
 857 005a 16       		.uleb128 0x16
 858 005b 00       		.byte	0
 859 005c 03       		.uleb128 0x3
 860 005d 0E       		.uleb128 0xe
 861 005e 3A       		.uleb128 0x3a
 862 005f 0B       		.uleb128 0xb
 863 0060 3B       		.uleb128 0x3b
 864 0061 05       		.uleb128 0x5
 865 0062 49       		.uleb128 0x49
 866 0063 13       		.uleb128 0x13
 867 0064 00       		.byte	0
 868 0065 00       		.byte	0
 869 0066 09       		.uleb128 0x9
 870 0067 0D       		.uleb128 0xd
 871 0068 00       		.byte	0
 872 0069 03       		.uleb128 0x3
 873 006a 0E       		.uleb128 0xe
 874 006b 3A       		.uleb128 0x3a
 875 006c 0B       		.uleb128 0xb
 876 006d 3B       		.uleb128 0x3b
 877 006e 0B       		.uleb128 0xb
 878 006f 49       		.uleb128 0x49
 879 0070 13       		.uleb128 0x13
 880 0071 38       		.uleb128 0x38
 881 0072 0A       		.uleb128 0xa
 882 0073 00       		.byte	0
 883 0074 00       		.byte	0
 884 0075 0A       		.uleb128 0xa
 885 0076 0D       		.uleb128 0xd
 886 0077 00       		.byte	0
 887 0078 03       		.uleb128 0x3
 888 0079 08       		.uleb128 0x8
 889 007a 3A       		.uleb128 0x3a
 890 007b 0B       		.uleb128 0xb
 891 007c 3B       		.uleb128 0x3b
 892 007d 0B       		.uleb128 0xb
 893 007e 49       		.uleb128 0x49
 894 007f 13       		.uleb128 0x13
 895 0080 38       		.uleb128 0x38
 896 0081 0A       		.uleb128 0xa
 897 0082 00       		.byte	0
 898 0083 00       		.byte	0
 899 0084 0B       		.uleb128 0xb
 900 0085 2E       		.uleb128 0x2e
 901 0086 01       		.byte	0x1
 902 0087 3F       		.uleb128 0x3f
 903 0088 0C       		.uleb128 0xc
 904 0089 03       		.uleb128 0x3
 905 008a 0E       		.uleb128 0xe
 906 008b 3A       		.uleb128 0x3a
 907 008c 0B       		.uleb128 0xb
 908 008d 3B       		.uleb128 0x3b
 909 008e 0B       		.uleb128 0xb
ARM GAS  /tmp/ccws2Y4q.s 			page 17


 910 008f 27       		.uleb128 0x27
 911 0090 0C       		.uleb128 0xc
 912 0091 49       		.uleb128 0x49
 913 0092 13       		.uleb128 0x13
 914 0093 20       		.uleb128 0x20
 915 0094 0B       		.uleb128 0xb
 916 0095 01       		.uleb128 0x1
 917 0096 13       		.uleb128 0x13
 918 0097 00       		.byte	0
 919 0098 00       		.byte	0
 920 0099 0C       		.uleb128 0xc
 921 009a 05       		.uleb128 0x5
 922 009b 00       		.byte	0
 923 009c 03       		.uleb128 0x3
 924 009d 0E       		.uleb128 0xe
 925 009e 3A       		.uleb128 0x3a
 926 009f 0B       		.uleb128 0xb
 927 00a0 3B       		.uleb128 0x3b
 928 00a1 0B       		.uleb128 0xb
 929 00a2 49       		.uleb128 0x49
 930 00a3 13       		.uleb128 0x13
 931 00a4 00       		.byte	0
 932 00a5 00       		.byte	0
 933 00a6 0D       		.uleb128 0xd
 934 00a7 05       		.uleb128 0x5
 935 00a8 00       		.byte	0
 936 00a9 03       		.uleb128 0x3
 937 00aa 08       		.uleb128 0x8
 938 00ab 3A       		.uleb128 0x3a
 939 00ac 0B       		.uleb128 0xb
 940 00ad 3B       		.uleb128 0x3b
 941 00ae 0B       		.uleb128 0xb
 942 00af 49       		.uleb128 0x49
 943 00b0 13       		.uleb128 0x13
 944 00b1 00       		.byte	0
 945 00b2 00       		.byte	0
 946 00b3 0E       		.uleb128 0xe
 947 00b4 34       		.uleb128 0x34
 948 00b5 00       		.byte	0
 949 00b6 03       		.uleb128 0x3
 950 00b7 08       		.uleb128 0x8
 951 00b8 3A       		.uleb128 0x3a
 952 00b9 0B       		.uleb128 0xb
 953 00ba 3B       		.uleb128 0x3b
 954 00bb 0B       		.uleb128 0xb
 955 00bc 49       		.uleb128 0x49
 956 00bd 13       		.uleb128 0x13
 957 00be 00       		.byte	0
 958 00bf 00       		.byte	0
 959 00c0 0F       		.uleb128 0xf
 960 00c1 2E       		.uleb128 0x2e
 961 00c2 01       		.byte	0x1
 962 00c3 3F       		.uleb128 0x3f
 963 00c4 0C       		.uleb128 0xc
 964 00c5 03       		.uleb128 0x3
 965 00c6 0E       		.uleb128 0xe
 966 00c7 3A       		.uleb128 0x3a
ARM GAS  /tmp/ccws2Y4q.s 			page 18


 967 00c8 0B       		.uleb128 0xb
 968 00c9 3B       		.uleb128 0x3b
 969 00ca 0B       		.uleb128 0xb
 970 00cb 27       		.uleb128 0x27
 971 00cc 0C       		.uleb128 0xc
 972 00cd 11       		.uleb128 0x11
 973 00ce 01       		.uleb128 0x1
 974 00cf 12       		.uleb128 0x12
 975 00d0 01       		.uleb128 0x1
 976 00d1 40       		.uleb128 0x40
 977 00d2 06       		.uleb128 0x6
 978 00d3 9742     		.uleb128 0x2117
 979 00d5 0C       		.uleb128 0xc
 980 00d6 01       		.uleb128 0x1
 981 00d7 13       		.uleb128 0x13
 982 00d8 00       		.byte	0
 983 00d9 00       		.byte	0
 984 00da 10       		.uleb128 0x10
 985 00db 898201   		.uleb128 0x4109
 986 00de 00       		.byte	0
 987 00df 11       		.uleb128 0x11
 988 00e0 01       		.uleb128 0x1
 989 00e1 31       		.uleb128 0x31
 990 00e2 13       		.uleb128 0x13
 991 00e3 00       		.byte	0
 992 00e4 00       		.byte	0
 993 00e5 11       		.uleb128 0x11
 994 00e6 898201   		.uleb128 0x4109
 995 00e9 00       		.byte	0
 996 00ea 11       		.uleb128 0x11
 997 00eb 01       		.uleb128 0x1
 998 00ec 9542     		.uleb128 0x2115
 999 00ee 0C       		.uleb128 0xc
 1000 00ef 31       		.uleb128 0x31
 1001 00f0 13       		.uleb128 0x13
 1002 00f1 00       		.byte	0
 1003 00f2 00       		.byte	0
 1004 00f3 12       		.uleb128 0x12
 1005 00f4 2E       		.uleb128 0x2e
 1006 00f5 01       		.byte	0x1
 1007 00f6 31       		.uleb128 0x31
 1008 00f7 13       		.uleb128 0x13
 1009 00f8 11       		.uleb128 0x11
 1010 00f9 01       		.uleb128 0x1
 1011 00fa 12       		.uleb128 0x12
 1012 00fb 01       		.uleb128 0x1
 1013 00fc 40       		.uleb128 0x40
 1014 00fd 0A       		.uleb128 0xa
 1015 00fe 9742     		.uleb128 0x2117
 1016 0100 0C       		.uleb128 0xc
 1017 0101 01       		.uleb128 0x1
 1018 0102 13       		.uleb128 0x13
 1019 0103 00       		.byte	0
 1020 0104 00       		.byte	0
 1021 0105 13       		.uleb128 0x13
 1022 0106 05       		.uleb128 0x5
 1023 0107 00       		.byte	0
ARM GAS  /tmp/ccws2Y4q.s 			page 19


 1024 0108 31       		.uleb128 0x31
 1025 0109 13       		.uleb128 0x13
 1026 010a 02       		.uleb128 0x2
 1027 010b 06       		.uleb128 0x6
 1028 010c 00       		.byte	0
 1029 010d 00       		.byte	0
 1030 010e 14       		.uleb128 0x14
 1031 010f 05       		.uleb128 0x5
 1032 0110 00       		.byte	0
 1033 0111 31       		.uleb128 0x31
 1034 0112 13       		.uleb128 0x13
 1035 0113 02       		.uleb128 0x2
 1036 0114 0A       		.uleb128 0xa
 1037 0115 00       		.byte	0
 1038 0116 00       		.byte	0
 1039 0117 15       		.uleb128 0x15
 1040 0118 34       		.uleb128 0x34
 1041 0119 00       		.byte	0
 1042 011a 31       		.uleb128 0x31
 1043 011b 13       		.uleb128 0x13
 1044 011c 02       		.uleb128 0x2
 1045 011d 0A       		.uleb128 0xa
 1046 011e 00       		.byte	0
 1047 011f 00       		.byte	0
 1048 0120 16       		.uleb128 0x16
 1049 0121 2E       		.uleb128 0x2e
 1050 0122 01       		.byte	0x1
 1051 0123 3F       		.uleb128 0x3f
 1052 0124 0C       		.uleb128 0xc
 1053 0125 03       		.uleb128 0x3
 1054 0126 0E       		.uleb128 0xe
 1055 0127 3A       		.uleb128 0x3a
 1056 0128 0B       		.uleb128 0xb
 1057 0129 3B       		.uleb128 0x3b
 1058 012a 0B       		.uleb128 0xb
 1059 012b 27       		.uleb128 0x27
 1060 012c 0C       		.uleb128 0xc
 1061 012d 11       		.uleb128 0x11
 1062 012e 01       		.uleb128 0x1
 1063 012f 12       		.uleb128 0x12
 1064 0130 01       		.uleb128 0x1
 1065 0131 40       		.uleb128 0x40
 1066 0132 0A       		.uleb128 0xa
 1067 0133 9742     		.uleb128 0x2117
 1068 0135 0C       		.uleb128 0xc
 1069 0136 01       		.uleb128 0x1
 1070 0137 13       		.uleb128 0x13
 1071 0138 00       		.byte	0
 1072 0139 00       		.byte	0
 1073 013a 17       		.uleb128 0x17
 1074 013b 05       		.uleb128 0x5
 1075 013c 00       		.byte	0
 1076 013d 03       		.uleb128 0x3
 1077 013e 0E       		.uleb128 0xe
 1078 013f 3A       		.uleb128 0x3a
 1079 0140 0B       		.uleb128 0xb
 1080 0141 3B       		.uleb128 0x3b
ARM GAS  /tmp/ccws2Y4q.s 			page 20


 1081 0142 0B       		.uleb128 0xb
 1082 0143 49       		.uleb128 0x49
 1083 0144 13       		.uleb128 0x13
 1084 0145 02       		.uleb128 0x2
 1085 0146 06       		.uleb128 0x6
 1086 0147 00       		.byte	0
 1087 0148 00       		.byte	0
 1088 0149 18       		.uleb128 0x18
 1089 014a 34       		.uleb128 0x34
 1090 014b 00       		.byte	0
 1091 014c 03       		.uleb128 0x3
 1092 014d 0E       		.uleb128 0xe
 1093 014e 3A       		.uleb128 0x3a
 1094 014f 0B       		.uleb128 0xb
 1095 0150 3B       		.uleb128 0x3b
 1096 0151 0B       		.uleb128 0xb
 1097 0152 49       		.uleb128 0x49
 1098 0153 13       		.uleb128 0x13
 1099 0154 02       		.uleb128 0x2
 1100 0155 0A       		.uleb128 0xa
 1101 0156 00       		.byte	0
 1102 0157 00       		.byte	0
 1103 0158 19       		.uleb128 0x19
 1104 0159 1D       		.uleb128 0x1d
 1105 015a 01       		.byte	0x1
 1106 015b 31       		.uleb128 0x31
 1107 015c 13       		.uleb128 0x13
 1108 015d 52       		.uleb128 0x52
 1109 015e 01       		.uleb128 0x1
 1110 015f 55       		.uleb128 0x55
 1111 0160 06       		.uleb128 0x6
 1112 0161 58       		.uleb128 0x58
 1113 0162 0B       		.uleb128 0xb
 1114 0163 59       		.uleb128 0x59
 1115 0164 0B       		.uleb128 0xb
 1116 0165 00       		.byte	0
 1117 0166 00       		.byte	0
 1118 0167 1A       		.uleb128 0x1a
 1119 0168 0B       		.uleb128 0xb
 1120 0169 01       		.byte	0x1
 1121 016a 55       		.uleb128 0x55
 1122 016b 06       		.uleb128 0x6
 1123 016c 00       		.byte	0
 1124 016d 00       		.byte	0
 1125 016e 1B       		.uleb128 0x1b
 1126 016f 34       		.uleb128 0x34
 1127 0170 00       		.byte	0
 1128 0171 03       		.uleb128 0x3
 1129 0172 0E       		.uleb128 0xe
 1130 0173 3A       		.uleb128 0x3a
 1131 0174 0B       		.uleb128 0xb
 1132 0175 3B       		.uleb128 0x3b
 1133 0176 05       		.uleb128 0x5
 1134 0177 49       		.uleb128 0x49
 1135 0178 13       		.uleb128 0x13
 1136 0179 3F       		.uleb128 0x3f
 1137 017a 0C       		.uleb128 0xc
ARM GAS  /tmp/ccws2Y4q.s 			page 21


 1138 017b 3C       		.uleb128 0x3c
 1139 017c 0C       		.uleb128 0xc
 1140 017d 00       		.byte	0
 1141 017e 00       		.byte	0
 1142 017f 1C       		.uleb128 0x1c
 1143 0180 26       		.uleb128 0x26
 1144 0181 00       		.byte	0
 1145 0182 49       		.uleb128 0x49
 1146 0183 13       		.uleb128 0x13
 1147 0184 00       		.byte	0
 1148 0185 00       		.byte	0
 1149 0186 1D       		.uleb128 0x1d
 1150 0187 2E       		.uleb128 0x2e
 1151 0188 00       		.byte	0
 1152 0189 3F       		.uleb128 0x3f
 1153 018a 0C       		.uleb128 0xc
 1154 018b 03       		.uleb128 0x3
 1155 018c 0E       		.uleb128 0xe
 1156 018d 3A       		.uleb128 0x3a
 1157 018e 0B       		.uleb128 0xb
 1158 018f 3B       		.uleb128 0x3b
 1159 0190 05       		.uleb128 0x5
 1160 0191 27       		.uleb128 0x27
 1161 0192 0C       		.uleb128 0xc
 1162 0193 3C       		.uleb128 0x3c
 1163 0194 0C       		.uleb128 0xc
 1164 0195 00       		.byte	0
 1165 0196 00       		.byte	0
 1166 0197 1E       		.uleb128 0x1e
 1167 0198 2E       		.uleb128 0x2e
 1168 0199 00       		.byte	0
 1169 019a 3F       		.uleb128 0x3f
 1170 019b 0C       		.uleb128 0xc
 1171 019c 03       		.uleb128 0x3
 1172 019d 0E       		.uleb128 0xe
 1173 019e 3A       		.uleb128 0x3a
 1174 019f 0B       		.uleb128 0xb
 1175 01a0 3B       		.uleb128 0x3b
 1176 01a1 0B       		.uleb128 0xb
 1177 01a2 27       		.uleb128 0x27
 1178 01a3 0C       		.uleb128 0xc
 1179 01a4 3C       		.uleb128 0x3c
 1180 01a5 0C       		.uleb128 0xc
 1181 01a6 00       		.byte	0
 1182 01a7 00       		.byte	0
 1183 01a8 1F       		.uleb128 0x1f
 1184 01a9 2E       		.uleb128 0x2e
 1185 01aa 01       		.byte	0x1
 1186 01ab 3F       		.uleb128 0x3f
 1187 01ac 0C       		.uleb128 0xc
 1188 01ad 03       		.uleb128 0x3
 1189 01ae 0E       		.uleb128 0xe
 1190 01af 3A       		.uleb128 0x3a
 1191 01b0 0B       		.uleb128 0xb
 1192 01b1 3B       		.uleb128 0x3b
 1193 01b2 05       		.uleb128 0x5
 1194 01b3 27       		.uleb128 0x27
ARM GAS  /tmp/ccws2Y4q.s 			page 22


 1195 01b4 0C       		.uleb128 0xc
 1196 01b5 3C       		.uleb128 0x3c
 1197 01b6 0C       		.uleb128 0xc
 1198 01b7 01       		.uleb128 0x1
 1199 01b8 13       		.uleb128 0x13
 1200 01b9 00       		.byte	0
 1201 01ba 00       		.byte	0
 1202 01bb 20       		.uleb128 0x20
 1203 01bc 05       		.uleb128 0x5
 1204 01bd 00       		.byte	0
 1205 01be 49       		.uleb128 0x49
 1206 01bf 13       		.uleb128 0x13
 1207 01c0 00       		.byte	0
 1208 01c1 00       		.byte	0
 1209 01c2 21       		.uleb128 0x21
 1210 01c3 0F       		.uleb128 0xf
 1211 01c4 00       		.byte	0
 1212 01c5 0B       		.uleb128 0xb
 1213 01c6 0B       		.uleb128 0xb
 1214 01c7 49       		.uleb128 0x49
 1215 01c8 13       		.uleb128 0x13
 1216 01c9 00       		.byte	0
 1217 01ca 00       		.byte	0
 1218 01cb 00       		.byte	0
 1219              		.section	.debug_loc,"",%progbits
 1220              	.Ldebug_loc0:
 1221              	.LLST0:
 1222 0000 00000000 		.4byte	.LFB118
 1223 0004 02000000 		.4byte	.LCFI0
 1224 0008 0200     		.2byte	0x2
 1225 000a 7D       		.byte	0x7d
 1226 000b 00       		.sleb128 0
 1227 000c 02000000 		.4byte	.LCFI0
 1228 0010 36000000 		.4byte	.LFE118
 1229 0014 0200     		.2byte	0x2
 1230 0016 7D       		.byte	0x7d
 1231 0017 08       		.sleb128 8
 1232 0018 00000000 		.4byte	0
 1233 001c 00000000 		.4byte	0
 1234              	.LLST1:
 1235 0020 00000000 		.4byte	.LVL10
 1236 0024 18000000 		.4byte	.LVL12
 1237 0028 0100     		.2byte	0x1
 1238 002a 50       		.byte	0x50
 1239 002b 18000000 		.4byte	.LVL12
 1240 002f 1A000000 		.4byte	.LVL13
 1241 0033 0400     		.2byte	0x4
 1242 0035 F3       		.byte	0xf3
 1243 0036 01       		.uleb128 0x1
 1244 0037 50       		.byte	0x50
 1245 0038 9F       		.byte	0x9f
 1246 0039 1A000000 		.4byte	.LVL13
 1247 003d 20000000 		.4byte	.LVL14
 1248 0041 0100     		.2byte	0x1
 1249 0043 50       		.byte	0x50
 1250 0044 20000000 		.4byte	.LVL14
 1251 0048 22000000 		.4byte	.LVL15
ARM GAS  /tmp/ccws2Y4q.s 			page 23


 1252 004c 0400     		.2byte	0x4
 1253 004e F3       		.byte	0xf3
 1254 004f 01       		.uleb128 0x1
 1255 0050 50       		.byte	0x50
 1256 0051 9F       		.byte	0x9f
 1257 0052 22000000 		.4byte	.LVL15
 1258 0056 28000000 		.4byte	.LVL16
 1259 005a 0100     		.2byte	0x1
 1260 005c 50       		.byte	0x50
 1261 005d 28000000 		.4byte	.LVL16
 1262 0061 2C000000 		.4byte	.LFE119
 1263 0065 0400     		.2byte	0x4
 1264 0067 F3       		.byte	0xf3
 1265 0068 01       		.uleb128 0x1
 1266 0069 50       		.byte	0x50
 1267 006a 9F       		.byte	0x9f
 1268 006b 00000000 		.4byte	0
 1269 006f 00000000 		.4byte	0
 1270              	.LLST2:
 1271 0073 00000000 		.4byte	.LVL17
 1272 0077 0E000000 		.4byte	.LVL19
 1273 007b 0100     		.2byte	0x1
 1274 007d 50       		.byte	0x50
 1275 007e 0E000000 		.4byte	.LVL19
 1276 0082 2A000000 		.4byte	.LFE120
 1277 0086 0400     		.2byte	0x4
 1278 0088 F3       		.byte	0xf3
 1279 0089 01       		.uleb128 0x1
 1280 008a 50       		.byte	0x50
 1281 008b 9F       		.byte	0x9f
 1282 008c 00000000 		.4byte	0
 1283 0090 00000000 		.4byte	0
 1284              		.section	.debug_aranges,"",%progbits
 1285 0000 2C000000 		.4byte	0x2c
 1286 0004 0200     		.2byte	0x2
 1287 0006 00000000 		.4byte	.Ldebug_info0
 1288 000a 04       		.byte	0x4
 1289 000b 00       		.byte	0
 1290 000c 0000     		.2byte	0
 1291 000e 0000     		.2byte	0
 1292 0010 00000000 		.4byte	.LFB118
 1293 0014 36000000 		.4byte	.LFE118-.LFB118
 1294 0018 00000000 		.4byte	.LFB119
 1295 001c 2C000000 		.4byte	.LFE119-.LFB119
 1296 0020 00000000 		.4byte	.LFB120
 1297 0024 2A000000 		.4byte	.LFE120-.LFB120
 1298 0028 00000000 		.4byte	0
 1299 002c 00000000 		.4byte	0
 1300              		.section	.debug_ranges,"",%progbits
 1301              	.Ldebug_ranges0:
 1302 0000 08000000 		.4byte	.LBB4
 1303 0004 0A000000 		.4byte	.LBE4
 1304 0008 0E000000 		.4byte	.LBB7
 1305 000c 2A000000 		.4byte	.LBE7
 1306 0010 00000000 		.4byte	0
 1307 0014 00000000 		.4byte	0
 1308 0018 08000000 		.4byte	.LBB5
ARM GAS  /tmp/ccws2Y4q.s 			page 24


 1309 001c 0A000000 		.4byte	.LBE5
 1310 0020 0E000000 		.4byte	.LBB6
 1311 0024 2A000000 		.4byte	.LBE6
 1312 0028 00000000 		.4byte	0
 1313 002c 00000000 		.4byte	0
 1314 0030 00000000 		.4byte	.LFB118
 1315 0034 36000000 		.4byte	.LFE118
 1316 0038 00000000 		.4byte	.LFB119
 1317 003c 2C000000 		.4byte	.LFE119
 1318 0040 00000000 		.4byte	.LFB120
 1319 0044 2A000000 		.4byte	.LFE120
 1320 0048 00000000 		.4byte	0
 1321 004c 00000000 		.4byte	0
 1322              		.section	.debug_line,"",%progbits
 1323              	.Ldebug_line0:
 1324 0000 2A030000 		.section	.debug_str,"MS",%progbits,1
 1324      0200AD02 
 1324      00000201 
 1324      FB0E0D00 
 1324      01010101 
 1325              	.LASF60:
 1326 0000 7469636B 		.ascii	"ticks\000"
 1326      7300
 1327              	.LASF61:
 1328 0006 5F70616C 		.ascii	"_pal_lld_init\000"
 1328      5F6C6C64 
 1328      5F696E69 
 1328      7400
 1329              	.LASF47:
 1330 0014 70616C5F 		.ascii	"pal_default_config\000"
 1330      64656661 
 1330      756C745F 
 1330      636F6E66 
 1330      696700
 1331              	.LASF3:
 1332 0027 73686F72 		.ascii	"short int\000"
 1332      7420696E 
 1332      7400
 1333              	.LASF13:
 1334 0031 73697A65 		.ascii	"sizetype\000"
 1334      74797065 
 1334      00
 1335              	.LASF21:
 1336 003a 50435352 		.ascii	"PCSR\000"
 1336      00
 1337              	.LASF37:
 1338 003f 50464461 		.ascii	"PFData\000"
 1338      746100
 1339              	.LASF40:
 1340 0046 50494461 		.ascii	"PIData\000"
 1340      746100
 1341              	.LASF20:
 1342 004d 464F4C44 		.ascii	"FOLDCNT\000"
 1342      434E5400 
 1343              	.LASF54:
 1344 0055 75736249 		.ascii	"usbInit\000"
 1344      6E697400 
ARM GAS  /tmp/ccws2Y4q.s 			page 25


 1345              	.LASF53:
 1346 005d 73706949 		.ascii	"spiInit\000"
 1346      6E697400 
 1347              	.LASF51:
 1348 0065 69637549 		.ascii	"icuInit\000"
 1348      6E697400 
 1349              	.LASF12:
 1350 006d 494F5245 		.ascii	"IOREG32\000"
 1350      47333200 
 1351              	.LASF32:
 1352 0075 50414461 		.ascii	"PAData\000"
 1352      746100
 1353              	.LASF9:
 1354 007c 6C6F6E67 		.ascii	"long long int\000"
 1354      206C6F6E 
 1354      6720696E 
 1354      7400
 1355              	.LASF43:
 1356 008a 68616C49 		.ascii	"halInit\000"
 1356      6E697400 
 1357              	.LASF15:
 1358 0092 43594343 		.ascii	"CYCCNT\000"
 1358      4E5400
 1359              	.LASF58:
 1360 0099 2F686F6D 		.ascii	"/home/gokul/ChibiOS_2.5.0/os/hal/src/hal.c\000"
 1360      652F676F 
 1360      6B756C2F 
 1360      43686962 
 1360      694F535F 
 1361              	.LASF27:
 1362 00c4 6F737065 		.ascii	"ospeedr\000"
 1362      65647200 
 1363              	.LASF5:
 1364 00cc 6C6F6E67 		.ascii	"long int\000"
 1364      20696E74 
 1364      00
 1365              	.LASF52:
 1366 00d5 70776D49 		.ascii	"pwmInit\000"
 1366      6E697400 
 1367              	.LASF35:
 1368 00dd 50444461 		.ascii	"PDData\000"
 1368      746100
 1369              	.LASF44:
 1370 00e4 68616C50 		.ascii	"halPolledDelay\000"
 1370      6F6C6C65 
 1370      6444656C 
 1370      617900
 1371              	.LASF56:
 1372 00f3 626F6172 		.ascii	"boardInit\000"
 1372      64496E69 
 1372      7400
 1373              	.LASF38:
 1374 00fd 50474461 		.ascii	"PGData\000"
 1374      746100
 1375              	.LASF57:
 1376 0104 474E5520 		.ascii	"GNU C 4.7.3 20130312 (release) [ARM/embedded-4_7-br"
 1376      4320342E 
ARM GAS  /tmp/ccws2Y4q.s 			page 26


 1376      372E3320 
 1376      32303133 
 1376      30333132 
 1377 0137 616E6368 		.ascii	"anch revision 196615]\000"
 1377      20726576 
 1377      6973696F 
 1377      6E203139 
 1377      36363135 
 1378              	.LASF34:
 1379 014d 50434461 		.ascii	"PCData\000"
 1379      746100
 1380              	.LASF2:
 1381 0154 756E7369 		.ascii	"unsigned char\000"
 1381      676E6564 
 1381      20636861 
 1381      7200
 1382              	.LASF14:
 1383 0162 4354524C 		.ascii	"CTRL\000"
 1383      00
 1384              	.LASF1:
 1385 0167 7369676E 		.ascii	"signed char\000"
 1385      65642063 
 1385      68617200 
 1386              	.LASF10:
 1387 0173 6C6F6E67 		.ascii	"long long unsigned int\000"
 1387      206C6F6E 
 1387      6720756E 
 1387      7369676E 
 1387      65642069 
 1388              	.LASF7:
 1389 018a 75696E74 		.ascii	"uint32_t\000"
 1389      33325F74 
 1389      00
 1390              	.LASF26:
 1391 0193 6F747970 		.ascii	"otyper\000"
 1391      657200
 1392              	.LASF31:
 1393 019a 73746D33 		.ascii	"stm32_gpio_setup_t\000"
 1393      325F6770 
 1393      696F5F73 
 1393      65747570 
 1393      5F7400
 1394              	.LASF48:
 1395 01ad 68616C5F 		.ascii	"hal_lld_init\000"
 1395      6C6C645F 
 1395      696E6974 
 1395      00
 1396              	.LASF42:
 1397 01ba 73746172 		.ascii	"start\000"
 1397      7400
 1398              	.LASF4:
 1399 01c0 73686F72 		.ascii	"short unsigned int\000"
 1399      7420756E 
 1399      7369676E 
 1399      65642069 
 1399      6E7400
 1400              	.LASF23:
ARM GAS  /tmp/ccws2Y4q.s 			page 27


 1401 01d3 63686172 		.ascii	"char\000"
 1401      00
 1402              	.LASF6:
 1403 01d8 696E7433 		.ascii	"int32_t\000"
 1403      325F7400 
 1404              	.LASF11:
 1405 01e0 626F6F6C 		.ascii	"bool_t\000"
 1405      5F7400
 1406              	.LASF41:
 1407 01e7 50414C43 		.ascii	"PALConfig\000"
 1407      6F6E6669 
 1407      6700
 1408              	.LASF33:
 1409 01f1 50424461 		.ascii	"PBData\000"
 1409      746100
 1410              	.LASF22:
 1411 01f8 434D785F 		.ascii	"CMx_DWT\000"
 1411      44575400 
 1412              	.LASF36:
 1413 0200 50454461 		.ascii	"PEData\000"
 1413      746100
 1414              	.LASF16:
 1415 0207 43504943 		.ascii	"CPICNT\000"
 1415      4E5400
 1416              	.LASF8:
 1417 020e 6C6F6E67 		.ascii	"long unsigned int\000"
 1417      20756E73 
 1417      69676E65 
 1417      6420696E 
 1417      7400
 1418              	.LASF39:
 1419 0220 50484461 		.ascii	"PHData\000"
 1419      746100
 1420              	.LASF24:
 1421 0227 68616C72 		.ascii	"halrtcnt_t\000"
 1421      74636E74 
 1421      5F7400
 1422              	.LASF18:
 1423 0232 534C4545 		.ascii	"SLEEPCNT\000"
 1423      50434E54 
 1423      00
 1424              	.LASF28:
 1425 023b 70757064 		.ascii	"pupdr\000"
 1425      7200
 1426              	.LASF19:
 1427 0241 4C535543 		.ascii	"LSUCNT\000"
 1427      4E5400
 1428              	.LASF30:
 1429 0248 61667268 		.ascii	"afrh\000"
 1429      00
 1430              	.LASF50:
 1431 024d 61646349 		.ascii	"adcInit\000"
 1431      6E697400 
 1432              	.LASF29:
 1433 0255 6166726C 		.ascii	"afrl\000"
 1433      00
 1434              	.LASF25:
ARM GAS  /tmp/ccws2Y4q.s 			page 28


 1435 025a 6D6F6465 		.ascii	"moder\000"
 1435      7200
 1436              	.LASF46:
 1437 0260 49544D5F 		.ascii	"ITM_RxBuffer\000"
 1437      52784275 
 1437      66666572 
 1437      00
 1438              	.LASF49:
 1439 026d 746D496E 		.ascii	"tmInit\000"
 1439      697400
 1440              	.LASF0:
 1441 0274 756E7369 		.ascii	"unsigned int\000"
 1441      676E6564 
 1441      20696E74 
 1441      00
 1442              	.LASF55:
 1443 0281 73647549 		.ascii	"sduInit\000"
 1443      6E697400 
 1444              	.LASF59:
 1445 0289 68616C49 		.ascii	"halIsCounterWithin\000"
 1445      73436F75 
 1445      6E746572 
 1445      57697468 
 1445      696E00
 1446              	.LASF17:
 1447 029c 45584343 		.ascii	"EXCCNT\000"
 1447      4E5400
 1448              	.LASF45:
 1449 02a3 74696D65 		.ascii	"timeout\000"
 1449      6F757400 
 1450              		.ident	"GCC: (GNU Tools for ARM Embedded Processors) 4.7.3 20130312 (release) [ARM/embedded-4_7-br
ARM GAS  /tmp/ccws2Y4q.s 			page 29


DEFINED SYMBOLS
                            *ABS*:00000000 hal.c
     /tmp/ccws2Y4q.s:19     .text.halInit:00000000 $t
     /tmp/ccws2Y4q.s:25     .text.halInit:00000000 halInit
     /tmp/ccws2Y4q.s:75     .text.halIsCounterWithin:00000000 $t
     /tmp/ccws2Y4q.s:81     .text.halIsCounterWithin:00000000 halIsCounterWithin
     /tmp/ccws2Y4q.s:134    .text.halPolledDelay:00000000 $t
     /tmp/ccws2Y4q.s:140    .text.halPolledDelay:00000000 halPolledDelay
                     .debug_frame:00000010 $d

UNDEFINED SYMBOLS
hal_lld_init
tmInit
pal_default_config
_pal_lld_init
adcInit
icuInit
pwmInit
spiInit
usbInit
sduInit
boardInit
