ARM GAS  /tmp/ccWPDPRj.s 			page 1


   1              		.syntax unified
   2              		.cpu cortex-m4
   3              		.fpu softvfp
   4              		.eabi_attribute 20, 1
   5              		.eabi_attribute 21, 1
   6              		.eabi_attribute 23, 3
   7              		.eabi_attribute 24, 1
   8              		.eabi_attribute 25, 1
   9              		.eabi_attribute 26, 1
  10              		.eabi_attribute 30, 2
  11              		.eabi_attribute 34, 1
  12              		.eabi_attribute 18, 4
  13              		.thumb
  14              		.file	"mmc_spi.c"
  15              		.text
  16              	.Ltext0:
  17              		.cfi_sections	.debug_frame
  18              	.Letext0:
  19              		.file 1 "/opt/gcc-arm-none-eabi-4_7-2013q1/bin/../lib/gcc/arm-none-eabi/4.7.3/../../../../arm-none
  20              		.file 2 "/home/gokul/ChibiOS_2.5.0/os/ports/common/ARMCMx/CMSIS/include/core_cm4.h"
  21              		.section	.debug_info,"",%progbits
  22              	.Ldebug_info0:
  23 0000 88000000 		.4byte	0x88
  24 0004 0200     		.2byte	0x2
  25 0006 00000000 		.4byte	.Ldebug_abbrev0
  26 000a 04       		.byte	0x4
  27 000b 01       		.uleb128 0x1
  28 000c 2E000000 		.4byte	.LASF11
  29 0010 01       		.byte	0x1
  30 0011 BC000000 		.4byte	.LASF12
  31 0015 00000000 		.4byte	.Ldebug_line0
  32 0019 02       		.uleb128 0x2
  33 001a 01       		.byte	0x1
  34 001b 06       		.byte	0x6
  35 001c F8000000 		.4byte	.LASF0
  36 0020 02       		.uleb128 0x2
  37 0021 01       		.byte	0x1
  38 0022 08       		.byte	0x8
  39 0023 A0000000 		.4byte	.LASF1
  40 0027 02       		.uleb128 0x2
  41 0028 02       		.byte	0x2
  42 0029 05       		.byte	0x5
  43 002a 04010000 		.4byte	.LASF2
  44 002e 02       		.uleb128 0x2
  45 002f 02       		.byte	0x2
  46 0030 07       		.byte	0x7
  47 0031 0E000000 		.4byte	.LASF3
  48 0035 03       		.uleb128 0x3
  49 0036 04       		.byte	0x4
  50 0037 05       		.byte	0x5
  51 0038 696E7400 		.ascii	"int\000"
  52 003c 02       		.uleb128 0x2
  53 003d 04       		.byte	0x4
  54 003e 07       		.byte	0x7
  55 003f 21000000 		.4byte	.LASF4
  56 0043 02       		.uleb128 0x2
  57 0044 08       		.byte	0x8
ARM GAS  /tmp/ccWPDPRj.s 			page 2


  58 0045 05       		.byte	0x5
  59 0046 00000000 		.4byte	.LASF5
  60 004a 02       		.uleb128 0x2
  61 004b 08       		.byte	0x8
  62 004c 07       		.byte	0x7
  63 004d 89000000 		.4byte	.LASF6
  64 0051 02       		.uleb128 0x2
  65 0052 04       		.byte	0x4
  66 0053 05       		.byte	0x5
  67 0054 B3000000 		.4byte	.LASF7
  68 0058 02       		.uleb128 0x2
  69 0059 04       		.byte	0x4
  70 005a 07       		.byte	0x7
  71 005b 16010000 		.4byte	.LASF8
  72 005f 02       		.uleb128 0x2
  73 0060 04       		.byte	0x4
  74 0061 07       		.byte	0x7
  75 0062 77000000 		.4byte	.LASF9
  76 0066 02       		.uleb128 0x2
  77 0067 01       		.byte	0x1
  78 0068 08       		.byte	0x8
  79 0069 AE000000 		.4byte	.LASF10
  80 006d 04       		.uleb128 0x4
  81 006e 0E010000 		.4byte	.LASF13
  82 0072 01       		.byte	0x1
  83 0073 4F       		.byte	0x4f
  84 0074 51000000 		.4byte	0x51
  85 0078 05       		.uleb128 0x5
  86 0079 6D000000 		.4byte	0x6d
  87 007d 06       		.uleb128 0x6
  88 007e EB000000 		.4byte	.LASF14
  89 0082 02       		.byte	0x2
  90 0083 9806     		.2byte	0x698
  91 0085 78000000 		.4byte	0x78
  92 0089 01       		.byte	0x1
  93 008a 01       		.byte	0x1
  94 008b 00       		.byte	0
  95              		.section	.debug_abbrev,"",%progbits
  96              	.Ldebug_abbrev0:
  97 0000 01       		.uleb128 0x1
  98 0001 11       		.uleb128 0x11
  99 0002 01       		.byte	0x1
 100 0003 25       		.uleb128 0x25
 101 0004 0E       		.uleb128 0xe
 102 0005 13       		.uleb128 0x13
 103 0006 0B       		.uleb128 0xb
 104 0007 03       		.uleb128 0x3
 105 0008 0E       		.uleb128 0xe
 106 0009 10       		.uleb128 0x10
 107 000a 06       		.uleb128 0x6
 108 000b 00       		.byte	0
 109 000c 00       		.byte	0
 110 000d 02       		.uleb128 0x2
 111 000e 24       		.uleb128 0x24
 112 000f 00       		.byte	0
 113 0010 0B       		.uleb128 0xb
 114 0011 0B       		.uleb128 0xb
ARM GAS  /tmp/ccWPDPRj.s 			page 3


 115 0012 3E       		.uleb128 0x3e
 116 0013 0B       		.uleb128 0xb
 117 0014 03       		.uleb128 0x3
 118 0015 0E       		.uleb128 0xe
 119 0016 00       		.byte	0
 120 0017 00       		.byte	0
 121 0018 03       		.uleb128 0x3
 122 0019 24       		.uleb128 0x24
 123 001a 00       		.byte	0
 124 001b 0B       		.uleb128 0xb
 125 001c 0B       		.uleb128 0xb
 126 001d 3E       		.uleb128 0x3e
 127 001e 0B       		.uleb128 0xb
 128 001f 03       		.uleb128 0x3
 129 0020 08       		.uleb128 0x8
 130 0021 00       		.byte	0
 131 0022 00       		.byte	0
 132 0023 04       		.uleb128 0x4
 133 0024 16       		.uleb128 0x16
 134 0025 00       		.byte	0
 135 0026 03       		.uleb128 0x3
 136 0027 0E       		.uleb128 0xe
 137 0028 3A       		.uleb128 0x3a
 138 0029 0B       		.uleb128 0xb
 139 002a 3B       		.uleb128 0x3b
 140 002b 0B       		.uleb128 0xb
 141 002c 49       		.uleb128 0x49
 142 002d 13       		.uleb128 0x13
 143 002e 00       		.byte	0
 144 002f 00       		.byte	0
 145 0030 05       		.uleb128 0x5
 146 0031 35       		.uleb128 0x35
 147 0032 00       		.byte	0
 148 0033 49       		.uleb128 0x49
 149 0034 13       		.uleb128 0x13
 150 0035 00       		.byte	0
 151 0036 00       		.byte	0
 152 0037 06       		.uleb128 0x6
 153 0038 34       		.uleb128 0x34
 154 0039 00       		.byte	0
 155 003a 03       		.uleb128 0x3
 156 003b 0E       		.uleb128 0xe
 157 003c 3A       		.uleb128 0x3a
 158 003d 0B       		.uleb128 0xb
 159 003e 3B       		.uleb128 0x3b
 160 003f 05       		.uleb128 0x5
 161 0040 49       		.uleb128 0x49
 162 0041 13       		.uleb128 0x13
 163 0042 3F       		.uleb128 0x3f
 164 0043 0C       		.uleb128 0xc
 165 0044 3C       		.uleb128 0x3c
 166 0045 0C       		.uleb128 0xc
 167 0046 00       		.byte	0
 168 0047 00       		.byte	0
 169 0048 00       		.byte	0
 170              		.section	.debug_aranges,"",%progbits
 171 0000 14000000 		.4byte	0x14
ARM GAS  /tmp/ccWPDPRj.s 			page 4


 172 0004 0200     		.2byte	0x2
 173 0006 00000000 		.4byte	.Ldebug_info0
 174 000a 04       		.byte	0x4
 175 000b 00       		.byte	0
 176 000c 0000     		.2byte	0
 177 000e 0000     		.2byte	0
 178 0010 00000000 		.4byte	0
 179 0014 00000000 		.4byte	0
 180              		.section	.debug_line,"",%progbits
 181              	.Ldebug_line0:
 182 0000 D9000000 		.section	.debug_str,"MS",%progbits,1
 182      0200D300 
 182      00000201 
 182      FB0E0D00 
 182      01010101 
 183              	.LASF5:
 184 0000 6C6F6E67 		.ascii	"long long int\000"
 184      206C6F6E 
 184      6720696E 
 184      7400
 185              	.LASF3:
 186 000e 73686F72 		.ascii	"short unsigned int\000"
 186      7420756E 
 186      7369676E 
 186      65642069 
 186      6E7400
 187              	.LASF4:
 188 0021 756E7369 		.ascii	"unsigned int\000"
 188      676E6564 
 188      20696E74 
 188      00
 189              	.LASF11:
 190 002e 474E5520 		.ascii	"GNU C 4.7.3 20130312 (release) [ARM/embedded-4_7-br"
 190      4320342E 
 190      372E3320 
 190      32303133 
 190      30333132 
 191 0061 616E6368 		.ascii	"anch revision 196615]\000"
 191      20726576 
 191      6973696F 
 191      6E203139 
 191      36363135 
 192              	.LASF9:
 193 0077 6C6F6E67 		.ascii	"long unsigned int\000"
 193      20756E73 
 193      69676E65 
 193      6420696E 
 193      7400
 194              	.LASF6:
 195 0089 6C6F6E67 		.ascii	"long long unsigned int\000"
 195      206C6F6E 
 195      6720756E 
 195      7369676E 
 195      65642069 
 196              	.LASF1:
 197 00a0 756E7369 		.ascii	"unsigned char\000"
 197      676E6564 
ARM GAS  /tmp/ccWPDPRj.s 			page 5


 197      20636861 
 197      7200
 198              	.LASF10:
 199 00ae 63686172 		.ascii	"char\000"
 199      00
 200              	.LASF7:
 201 00b3 6C6F6E67 		.ascii	"long int\000"
 201      20696E74 
 201      00
 202              	.LASF12:
 203 00bc 2F686F6D 		.ascii	"/home/gokul/ChibiOS_2.5.0/os/hal/src/mmc_spi.c\000"
 203      652F676F 
 203      6B756C2F 
 203      43686962 
 203      694F535F 
 204              	.LASF14:
 205 00eb 49544D5F 		.ascii	"ITM_RxBuffer\000"
 205      52784275 
 205      66666572 
 205      00
 206              	.LASF0:
 207 00f8 7369676E 		.ascii	"signed char\000"
 207      65642063 
 207      68617200 
 208              	.LASF2:
 209 0104 73686F72 		.ascii	"short int\000"
 209      7420696E 
 209      7400
 210              	.LASF13:
 211 010e 696E7433 		.ascii	"int32_t\000"
 211      325F7400 
 212              	.LASF8:
 213 0116 73697A65 		.ascii	"sizetype\000"
 213      74797065 
 213      00
 214              		.ident	"GCC: (GNU Tools for ARM Embedded Processors) 4.7.3 20130312 (release) [ARM/embedded-4_7-br
ARM GAS  /tmp/ccWPDPRj.s 			page 6


DEFINED SYMBOLS
                            *ABS*:00000000 mmc_spi.c

NO UNDEFINED SYMBOLS
