ARM GAS  /tmp/ccbn8P5c.s 			page 1


   1              		.syntax unified
   2              		.cpu cortex-m4
   3              		.fpu softvfp
   4              		.eabi_attribute 20, 1
   5              		.eabi_attribute 21, 1
   6              		.eabi_attribute 23, 3
   7              		.eabi_attribute 24, 1
   8              		.eabi_attribute 25, 1
   9              		.eabi_attribute 26, 1
  10              		.eabi_attribute 30, 2
  11              		.eabi_attribute 34, 1
  12              		.eabi_attribute 18, 4
  13              		.thumb
  14              		.file	"mmcsd.c"
  15              		.text
  16              	.Ltext0:
  17              		.cfi_sections	.debug_frame
  18              	.Letext0:
  19              		.file 1 "/opt/gcc-arm-none-eabi-4_7-2013q1/bin/../lib/gcc/arm-none-eabi/4.7.3/../../../../arm-none
  20              		.file 2 "/home/gokul/ChibiOS_2.5.0/os/ports/common/ARMCMx/CMSIS/include/core_cm4.h"
  21              		.section	.debug_info,"",%progbits
  22              	.Ldebug_info0:
  23 0000 88000000 		.4byte	0x88
  24 0004 0200     		.2byte	0x2
  25 0006 00000000 		.4byte	.Ldebug_abbrev0
  26 000a 04       		.byte	0x4
  27 000b 01       		.uleb128 0x1
  28 000c 2E000000 		.4byte	.LASF11
  29 0010 01       		.byte	0x1
  30 0011 A0000000 		.4byte	.LASF12
  31 0015 00000000 		.4byte	.Ldebug_line0
  32 0019 02       		.uleb128 0x2
  33 001a 04       		.byte	0x4
  34 001b 05       		.byte	0x5
  35 001c 696E7400 		.ascii	"int\000"
  36 0020 03       		.uleb128 0x3
  37 0021 04       		.byte	0x4
  38 0022 07       		.byte	0x7
  39 0023 21000000 		.4byte	.LASF0
  40 0027 03       		.uleb128 0x3
  41 0028 01       		.byte	0x1
  42 0029 06       		.byte	0x6
  43 002a F6000000 		.4byte	.LASF1
  44 002e 03       		.uleb128 0x3
  45 002f 01       		.byte	0x1
  46 0030 08       		.byte	0x8
  47 0031 CD000000 		.4byte	.LASF2
  48 0035 03       		.uleb128 0x3
  49 0036 02       		.byte	0x2
  50 0037 05       		.byte	0x5
  51 0038 02010000 		.4byte	.LASF3
  52 003c 03       		.uleb128 0x3
  53 003d 02       		.byte	0x2
  54 003e 07       		.byte	0x7
  55 003f 0E000000 		.4byte	.LASF4
  56 0043 04       		.uleb128 0x4
  57 0044 0C010000 		.4byte	.LASF13
ARM GAS  /tmp/ccbn8P5c.s 			page 2


  58 0048 01       		.byte	0x1
  59 0049 4F       		.byte	0x4f
  60 004a 4E000000 		.4byte	0x4e
  61 004e 03       		.uleb128 0x3
  62 004f 04       		.byte	0x4
  63 0050 05       		.byte	0x5
  64 0051 E0000000 		.4byte	.LASF5
  65 0055 03       		.uleb128 0x3
  66 0056 04       		.byte	0x4
  67 0057 07       		.byte	0x7
  68 0058 77000000 		.4byte	.LASF6
  69 005c 03       		.uleb128 0x3
  70 005d 08       		.byte	0x8
  71 005e 05       		.byte	0x5
  72 005f 00000000 		.4byte	.LASF7
  73 0063 03       		.uleb128 0x3
  74 0064 08       		.byte	0x8
  75 0065 07       		.byte	0x7
  76 0066 89000000 		.4byte	.LASF8
  77 006a 03       		.uleb128 0x3
  78 006b 04       		.byte	0x4
  79 006c 07       		.byte	0x7
  80 006d 14010000 		.4byte	.LASF9
  81 0071 03       		.uleb128 0x3
  82 0072 01       		.byte	0x1
  83 0073 08       		.byte	0x8
  84 0074 DB000000 		.4byte	.LASF10
  85 0078 05       		.uleb128 0x5
  86 0079 43000000 		.4byte	0x43
  87 007d 06       		.uleb128 0x6
  88 007e E9000000 		.4byte	.LASF14
  89 0082 02       		.byte	0x2
  90 0083 9806     		.2byte	0x698
  91 0085 78000000 		.4byte	0x78
  92 0089 01       		.byte	0x1
  93 008a 01       		.byte	0x1
  94 008b 00       		.byte	0
  95              		.section	.debug_abbrev,"",%progbits
  96              	.Ldebug_abbrev0:
  97 0000 01       		.uleb128 0x1
  98 0001 11       		.uleb128 0x11
  99 0002 01       		.byte	0x1
 100 0003 25       		.uleb128 0x25
 101 0004 0E       		.uleb128 0xe
 102 0005 13       		.uleb128 0x13
 103 0006 0B       		.uleb128 0xb
 104 0007 03       		.uleb128 0x3
 105 0008 0E       		.uleb128 0xe
 106 0009 10       		.uleb128 0x10
 107 000a 06       		.uleb128 0x6
 108 000b 00       		.byte	0
 109 000c 00       		.byte	0
 110 000d 02       		.uleb128 0x2
 111 000e 24       		.uleb128 0x24
 112 000f 00       		.byte	0
 113 0010 0B       		.uleb128 0xb
 114 0011 0B       		.uleb128 0xb
ARM GAS  /tmp/ccbn8P5c.s 			page 3


 115 0012 3E       		.uleb128 0x3e
 116 0013 0B       		.uleb128 0xb
 117 0014 03       		.uleb128 0x3
 118 0015 08       		.uleb128 0x8
 119 0016 00       		.byte	0
 120 0017 00       		.byte	0
 121 0018 03       		.uleb128 0x3
 122 0019 24       		.uleb128 0x24
 123 001a 00       		.byte	0
 124 001b 0B       		.uleb128 0xb
 125 001c 0B       		.uleb128 0xb
 126 001d 3E       		.uleb128 0x3e
 127 001e 0B       		.uleb128 0xb
 128 001f 03       		.uleb128 0x3
 129 0020 0E       		.uleb128 0xe
 130 0021 00       		.byte	0
 131 0022 00       		.byte	0
 132 0023 04       		.uleb128 0x4
 133 0024 16       		.uleb128 0x16
 134 0025 00       		.byte	0
 135 0026 03       		.uleb128 0x3
 136 0027 0E       		.uleb128 0xe
 137 0028 3A       		.uleb128 0x3a
 138 0029 0B       		.uleb128 0xb
 139 002a 3B       		.uleb128 0x3b
 140 002b 0B       		.uleb128 0xb
 141 002c 49       		.uleb128 0x49
 142 002d 13       		.uleb128 0x13
 143 002e 00       		.byte	0
 144 002f 00       		.byte	0
 145 0030 05       		.uleb128 0x5
 146 0031 35       		.uleb128 0x35
 147 0032 00       		.byte	0
 148 0033 49       		.uleb128 0x49
 149 0034 13       		.uleb128 0x13
 150 0035 00       		.byte	0
 151 0036 00       		.byte	0
 152 0037 06       		.uleb128 0x6
 153 0038 34       		.uleb128 0x34
 154 0039 00       		.byte	0
 155 003a 03       		.uleb128 0x3
 156 003b 0E       		.uleb128 0xe
 157 003c 3A       		.uleb128 0x3a
 158 003d 0B       		.uleb128 0xb
 159 003e 3B       		.uleb128 0x3b
 160 003f 05       		.uleb128 0x5
 161 0040 49       		.uleb128 0x49
 162 0041 13       		.uleb128 0x13
 163 0042 3F       		.uleb128 0x3f
 164 0043 0C       		.uleb128 0xc
 165 0044 3C       		.uleb128 0x3c
 166 0045 0C       		.uleb128 0xc
 167 0046 00       		.byte	0
 168 0047 00       		.byte	0
 169 0048 00       		.byte	0
 170              		.section	.debug_aranges,"",%progbits
 171 0000 14000000 		.4byte	0x14
ARM GAS  /tmp/ccbn8P5c.s 			page 4


 172 0004 0200     		.2byte	0x2
 173 0006 00000000 		.4byte	.Ldebug_info0
 174 000a 04       		.byte	0x4
 175 000b 00       		.byte	0
 176 000c 0000     		.2byte	0
 177 000e 0000     		.2byte	0
 178 0010 00000000 		.4byte	0
 179 0014 00000000 		.4byte	0
 180              		.section	.debug_line,"",%progbits
 181              	.Ldebug_line0:
 182 0000 D9000000 		.section	.debug_str,"MS",%progbits,1
 182      0200D300 
 182      00000201 
 182      FB0E0D00 
 182      01010101 
 183              	.LASF7:
 184 0000 6C6F6E67 		.ascii	"long long int\000"
 184      206C6F6E 
 184      6720696E 
 184      7400
 185              	.LASF4:
 186 000e 73686F72 		.ascii	"short unsigned int\000"
 186      7420756E 
 186      7369676E 
 186      65642069 
 186      6E7400
 187              	.LASF0:
 188 0021 756E7369 		.ascii	"unsigned int\000"
 188      676E6564 
 188      20696E74 
 188      00
 189              	.LASF11:
 190 002e 474E5520 		.ascii	"GNU C 4.7.3 20130312 (release) [ARM/embedded-4_7-br"
 190      4320342E 
 190      372E3320 
 190      32303133 
 190      30333132 
 191 0061 616E6368 		.ascii	"anch revision 196615]\000"
 191      20726576 
 191      6973696F 
 191      6E203139 
 191      36363135 
 192              	.LASF6:
 193 0077 6C6F6E67 		.ascii	"long unsigned int\000"
 193      20756E73 
 193      69676E65 
 193      6420696E 
 193      7400
 194              	.LASF8:
 195 0089 6C6F6E67 		.ascii	"long long unsigned int\000"
 195      206C6F6E 
 195      6720756E 
 195      7369676E 
 195      65642069 
 196              	.LASF12:
 197 00a0 2F686F6D 		.ascii	"/home/gokul/ChibiOS_2.5.0/os/hal/src/mmcsd.c\000"
 197      652F676F 
ARM GAS  /tmp/ccbn8P5c.s 			page 5


 197      6B756C2F 
 197      43686962 
 197      694F535F 
 198              	.LASF2:
 199 00cd 756E7369 		.ascii	"unsigned char\000"
 199      676E6564 
 199      20636861 
 199      7200
 200              	.LASF10:
 201 00db 63686172 		.ascii	"char\000"
 201      00
 202              	.LASF5:
 203 00e0 6C6F6E67 		.ascii	"long int\000"
 203      20696E74 
 203      00
 204              	.LASF14:
 205 00e9 49544D5F 		.ascii	"ITM_RxBuffer\000"
 205      52784275 
 205      66666572 
 205      00
 206              	.LASF1:
 207 00f6 7369676E 		.ascii	"signed char\000"
 207      65642063 
 207      68617200 
 208              	.LASF3:
 209 0102 73686F72 		.ascii	"short int\000"
 209      7420696E 
 209      7400
 210              	.LASF13:
 211 010c 696E7433 		.ascii	"int32_t\000"
 211      325F7400 
 212              	.LASF9:
 213 0114 73697A65 		.ascii	"sizetype\000"
 213      74797065 
 213      00
 214              		.ident	"GCC: (GNU Tools for ARM Embedded Processors) 4.7.3 20130312 (release) [ARM/embedded-4_7-br
ARM GAS  /tmp/ccbn8P5c.s 			page 6


DEFINED SYMBOLS
                            *ABS*:00000000 mmcsd.c

NO UNDEFINED SYMBOLS
