ARM GAS  /tmp/cczDT60h.s 			page 1


   1              		.syntax unified
   2              		.cpu cortex-m4
   3              		.fpu softvfp
   4              		.eabi_attribute 20, 1
   5              		.eabi_attribute 21, 1
   6              		.eabi_attribute 23, 3
   7              		.eabi_attribute 24, 1
   8              		.eabi_attribute 25, 1
   9              		.eabi_attribute 26, 1
  10              		.eabi_attribute 30, 2
  11              		.eabi_attribute 34, 1
  12              		.eabi_attribute 18, 4
  13              		.thumb
  14              		.file	"pal.c"
  15              		.text
  16              	.Ltext0:
  17              		.cfi_sections	.debug_frame
  18              		.section	.text.palReadBus,"ax",%progbits
  19              		.align	2
  20              		.p2align 4,,15
  21              		.global	palReadBus
  22              		.thumb
  23              		.thumb_func
  24              		.type	palReadBus, %function
  25              	palReadBus:
  26              	.LFB118:
  27              		.file 1 "/home/gokul/ChibiOS_2.5.0/os/hal/src/pal.c"
  28              		.loc 1 69 0
  29              		.cfi_startproc
  30              		@ args = 0, pretend = 0, frame = 0
  31              		@ frame_needed = 0, uses_anonymous_args = 0
  32              	.LVL0:
  33 0000 10B5     		push	{r4, lr}
  34              	.LCFI0:
  35              		.cfi_def_cfa_offset 8
  36              		.cfi_offset 4, -8
  37              		.cfi_offset 14, -4
  38              		.loc 1 71 0
  39 0002 0446     		mov	r4, r0
  40 0004 10B1     		cbz	r0, .L2
  41              		.loc 1 71 0 is_stmt 0 discriminator 2
  42 0006 8368     		ldr	r3, [r0, #8]
  43 0008 0F2B     		cmp	r3, #15
  44 000a 03D9     		bls	.L3
  45              	.L2:
  46              		.loc 1 71 0 discriminator 1
  47 000c 0548     		ldr	r0, .L8
  48              	.LVL1:
  49 000e FFF7FEFF 		bl	chDbgPanic
  50              	.LVL2:
  51 0012 A368     		ldr	r3, [r4, #8]
  52              	.L3:
  53              		.loc 1 74 0 is_stmt 1
  54 0014 2168     		ldr	r1, [r4, #0]
  55 0016 6068     		ldr	r0, [r4, #4]
  56 0018 0A69     		ldr	r2, [r1, #16]
  57 001a 22FA03F3 		lsr	r3, r2, r3
ARM GAS  /tmp/cczDT60h.s 			page 2


  58              		.loc 1 75 0
  59 001e 1840     		ands	r0, r0, r3
  60 0020 10BD     		pop	{r4, pc}
  61              	.L9:
  62 0022 00BF     		.align	2
  63              	.L8:
  64 0024 00000000 		.word	.LC0
  65              		.cfi_endproc
  66              	.LFE118:
  67              		.size	palReadBus, .-palReadBus
  68 0028 AFF30080 		.section	.text.palWriteBus,"ax",%progbits
  68      AFF30080 
  69              		.align	2
  70              		.p2align 4,,15
  71              		.global	palWriteBus
  72              		.thumb
  73              		.thumb_func
  74              		.type	palWriteBus, %function
  75              	palWriteBus:
  76              	.LFB119:
  77              		.loc 1 94 0
  78              		.cfi_startproc
  79              		@ args = 0, pretend = 0, frame = 0
  80              		@ frame_needed = 0, uses_anonymous_args = 0
  81              	.LVL3:
  82 0000 38B5     		push	{r3, r4, r5, lr}
  83              	.LCFI1:
  84              		.cfi_def_cfa_offset 16
  85              		.cfi_offset 3, -16
  86              		.cfi_offset 4, -12
  87              		.cfi_offset 5, -8
  88              		.cfi_offset 14, -4
  89              		.loc 1 96 0
  90 0002 0446     		mov	r4, r0
  91              		.loc 1 94 0
  92 0004 0D46     		mov	r5, r1
  93              		.loc 1 96 0
  94 0006 10B1     		cbz	r0, .L11
  95              		.loc 1 96 0 is_stmt 0 discriminator 2
  96 0008 8368     		ldr	r3, [r0, #8]
  97 000a 0F2B     		cmp	r3, #15
  98 000c 03D9     		bls	.L12
  99              	.L11:
 100              		.loc 1 96 0 discriminator 1
 101 000e 0948     		ldr	r0, .L16
 102              	.LVL4:
 103 0010 FFF7FEFF 		bl	chDbgPanic
 104              	.LVL5:
 105 0014 A368     		ldr	r3, [r4, #8]
 106              	.L12:
 107              		.loc 1 99 0 is_stmt 1
 108 0016 94E80600 		ldmia	r4, {r1, r2}
 109 001a 03F11000 		add	r0, r3, #16
 110 001e 22EA0504 		bic	r4, r2, r5
 111              	.LVL6:
 112 0022 1540     		ands	r5, r5, r2
 113              	.LVL7:
ARM GAS  /tmp/cczDT60h.s 			page 3


 114 0024 05FA03F3 		lsl	r3, r5, r3
 115 0028 04FA00F2 		lsl	r2, r4, r0
 116 002c 42EA0300 		orr	r0, r2, r3
 117 0030 8861     		str	r0, [r1, #24]
 118 0032 38BD     		pop	{r3, r4, r5, pc}
 119              	.L17:
 120              		.align	2
 121              	.L16:
 122 0034 10000000 		.word	.LC1
 123              		.cfi_endproc
 124              	.LFE119:
 125              		.size	palWriteBus, .-palWriteBus
 126 0038 AFF30080 		.section	.text.palSetBusMode,"ax",%progbits
 126      AFF30080 
 127              		.align	2
 128              		.p2align 4,,15
 129              		.global	palSetBusMode
 130              		.thumb
 131              		.thumb_func
 132              		.type	palSetBusMode, %function
 133              	palSetBusMode:
 134              	.LFB120:
 135              		.loc 1 117 0
 136              		.cfi_startproc
 137              		@ args = 0, pretend = 0, frame = 0
 138              		@ frame_needed = 0, uses_anonymous_args = 0
 139              	.LVL8:
 140 0000 38B5     		push	{r3, r4, r5, lr}
 141              	.LCFI2:
 142              		.cfi_def_cfa_offset 16
 143              		.cfi_offset 3, -16
 144              		.cfi_offset 4, -12
 145              		.cfi_offset 5, -8
 146              		.cfi_offset 14, -4
 147              		.loc 1 119 0
 148 0002 0446     		mov	r4, r0
 149              		.loc 1 117 0
 150 0004 0D46     		mov	r5, r1
 151              		.loc 1 119 0
 152 0006 10B1     		cbz	r0, .L19
 153              		.loc 1 119 0 is_stmt 0 discriminator 2
 154 0008 8368     		ldr	r3, [r0, #8]
 155 000a 0F2B     		cmp	r3, #15
 156 000c 03D9     		bls	.L20
 157              	.L19:
 158              		.loc 1 119 0 discriminator 1
 159 000e 0648     		ldr	r0, .L24
 160              	.LVL9:
 161 0010 FFF7FEFF 		bl	chDbgPanic
 162              	.LVL10:
 163 0014 A368     		ldr	r3, [r4, #8]
 164              	.L20:
 165              		.loc 1 122 0 is_stmt 1
 166 0016 94E80300 		ldmia	r4, {r0, r1}
 167 001a 2A46     		mov	r2, r5
 168 001c 01FA03F1 		lsl	r1, r1, r3
 169              		.loc 1 123 0
ARM GAS  /tmp/cczDT60h.s 			page 4


 170 0020 BDE83840 		pop	{r3, r4, r5, lr}
 171              		.loc 1 122 0
 172 0024 FFF7FEBF 		b	_pal_lld_setgroupmode
 173              	.LVL11:
 174              	.L25:
 175              		.align	2
 176              	.L24:
 177 0028 20000000 		.word	.LC2
 178              		.cfi_endproc
 179              	.LFE120:
 180              		.size	palSetBusMode, .-palSetBusMode
 181 002c AFF30080 		.section	.rodata.str1.4,"aMS",%progbits,1
 182              		.align	2
 183              	.LC0:
 184 0000 2270616C 		.ascii	"\"palReadBus\"()\000"
 184      52656164 
 184      42757322 
 184      282900
 185 000f 00       		.space	1
 186              	.LC1:
 187 0010 2270616C 		.ascii	"\"palWriteBus\"()\000"
 187      57726974 
 187      65427573 
 187      22282900 
 188              	.LC2:
 189 0020 2270616C 		.ascii	"\"palSetBusMode\"()\000"
 189      53657442 
 189      75734D6F 
 189      64652228 
 189      2900
 190 0032 0000     		.text
 191              	.Letext0:
 192              		.file 2 "/opt/gcc-arm-none-eabi-4_7-2013q1/bin/../lib/gcc/arm-none-eabi/4.7.3/../../../../arm-none
 193              		.file 3 "/home/gokul/ChibiOS_2.5.0/os/hal/platforms/STM32/GPIOv2/pal_lld.h"
 194              		.file 4 "/home/gokul/ChibiOS_2.5.0/os/hal/include/pal.h"
 195              		.file 5 "/home/gokul/ChibiOS_2.5.0/os/ports/common/ARMCMx/CMSIS/include/core_cm4.h"
 196              		.file 6 "/home/gokul/ChibiOS_2.5.0/os/kernel/include/chdebug.h"
 197              		.section	.debug_info,"",%progbits
 198              	.Ldebug_info0:
 199 0000 32030000 		.4byte	0x332
 200 0004 0200     		.2byte	0x2
 201 0006 00000000 		.4byte	.Ldebug_abbrev0
 202 000a 04       		.byte	0x4
 203 000b 01       		.uleb128 0x1
 204 000c 5B010000 		.4byte	.LASF36
 205 0010 01       		.byte	0x1
 206 0011 A4010000 		.4byte	.LASF37
 207 0015 00000000 		.4byte	.Ldebug_ranges0+0
 208 0019 00000000 		.4byte	0
 209 001d 00000000 		.4byte	0
 210 0021 00000000 		.4byte	.Ldebug_line0
 211 0025 02       		.uleb128 0x2
 212 0026 04       		.byte	0x4
 213 0027 05       		.byte	0x5
 214 0028 696E7400 		.ascii	"int\000"
 215 002c 03       		.uleb128 0x3
 216 002d 04       		.byte	0x4
ARM GAS  /tmp/cczDT60h.s 			page 5


 217 002e 07       		.byte	0x7
 218 002f E7000000 		.4byte	.LASF0
 219 0033 03       		.uleb128 0x3
 220 0034 01       		.byte	0x1
 221 0035 06       		.byte	0x6
 222 0036 DD010000 		.4byte	.LASF1
 223 003a 03       		.uleb128 0x3
 224 003b 01       		.byte	0x1
 225 003c 08       		.byte	0x8
 226 003d 6C000000 		.4byte	.LASF2
 227 0041 03       		.uleb128 0x3
 228 0042 02       		.byte	0x2
 229 0043 05       		.byte	0x5
 230 0044 BF000000 		.4byte	.LASF3
 231 0048 04       		.uleb128 0x4
 232 0049 52010000 		.4byte	.LASF5
 233 004d 02       		.byte	0x2
 234 004e 36       		.byte	0x36
 235 004f 53000000 		.4byte	0x53
 236 0053 03       		.uleb128 0x3
 237 0054 02       		.byte	0x2
 238 0055 07       		.byte	0x7
 239 0056 91000000 		.4byte	.LASF4
 240 005a 04       		.uleb128 0x4
 241 005b 0B010000 		.4byte	.LASF6
 242 005f 02       		.byte	0x2
 243 0060 4F       		.byte	0x4f
 244 0061 65000000 		.4byte	0x65
 245 0065 03       		.uleb128 0x3
 246 0066 04       		.byte	0x4
 247 0067 05       		.byte	0x5
 248 0068 CF010000 		.4byte	.LASF7
 249 006c 04       		.uleb128 0x4
 250 006d A9000000 		.4byte	.LASF8
 251 0071 02       		.byte	0x2
 252 0072 50       		.byte	0x50
 253 0073 77000000 		.4byte	0x77
 254 0077 03       		.uleb128 0x3
 255 0078 04       		.byte	0x4
 256 0079 07       		.byte	0x7
 257 007a 7F000000 		.4byte	.LASF9
 258 007e 03       		.uleb128 0x3
 259 007f 08       		.byte	0x8
 260 0080 05       		.byte	0x5
 261 0081 22010000 		.4byte	.LASF10
 262 0085 03       		.uleb128 0x3
 263 0086 08       		.byte	0x8
 264 0087 07       		.byte	0x7
 265 0088 E9010000 		.4byte	.LASF11
 266 008c 04       		.uleb128 0x4
 267 008d 1C000000 		.4byte	.LASF12
 268 0091 02       		.byte	0x2
 269 0092 A0       		.byte	0xa0
 270 0093 2C000000 		.4byte	0x2c
 271 0097 05       		.uleb128 0x5
 272 0098 6C000000 		.4byte	0x6c
 273 009c 03       		.uleb128 0x3
ARM GAS  /tmp/cczDT60h.s 			page 6


 274 009d 04       		.byte	0x4
 275 009e 07       		.byte	0x7
 276 009f 13010000 		.4byte	.LASF13
 277 00a3 06       		.uleb128 0x6
 278 00a4 04       		.byte	0x4
 279 00a5 A9000000 		.4byte	0xa9
 280 00a9 07       		.uleb128 0x7
 281 00aa AE000000 		.4byte	0xae
 282 00ae 03       		.uleb128 0x3
 283 00af 01       		.byte	0x1
 284 00b0 08       		.byte	0x8
 285 00b1 01010000 		.4byte	.LASF14
 286 00b5 05       		.uleb128 0x5
 287 00b6 5A000000 		.4byte	0x5a
 288 00ba 08       		.uleb128 0x8
 289 00bb 04       		.byte	0x4
 290 00bc 03       		.byte	0x3
 291 00bd 96       		.byte	0x96
 292 00be DF000000 		.4byte	0xdf
 293 00c2 09       		.uleb128 0x9
 294 00c3 73657400 		.ascii	"set\000"
 295 00c7 03       		.byte	0x3
 296 00c8 97       		.byte	0x97
 297 00c9 48000000 		.4byte	0x48
 298 00cd 02       		.byte	0x2
 299 00ce 23       		.byte	0x23
 300 00cf 00       		.uleb128 0
 301 00d0 0A       		.uleb128 0xa
 302 00d1 05000000 		.4byte	.LASF15
 303 00d5 03       		.byte	0x3
 304 00d6 98       		.byte	0x98
 305 00d7 48000000 		.4byte	0x48
 306 00db 02       		.byte	0x2
 307 00dc 23       		.byte	0x23
 308 00dd 02       		.uleb128 0x2
 309 00de 00       		.byte	0
 310 00df 0B       		.uleb128 0xb
 311 00e0 04       		.byte	0x4
 312 00e1 03       		.byte	0x3
 313 00e2 94       		.byte	0x94
 314 00e3 FA000000 		.4byte	0xfa
 315 00e7 0C       		.uleb128 0xc
 316 00e8 5700     		.ascii	"W\000"
 317 00ea 03       		.byte	0x3
 318 00eb 95       		.byte	0x95
 319 00ec 6C000000 		.4byte	0x6c
 320 00f0 0C       		.uleb128 0xc
 321 00f1 4800     		.ascii	"H\000"
 322 00f3 03       		.byte	0x3
 323 00f4 99       		.byte	0x99
 324 00f5 BA000000 		.4byte	0xba
 325 00f9 00       		.byte	0
 326 00fa 08       		.uleb128 0x8
 327 00fb 28       		.byte	0x28
 328 00fc 03       		.byte	0x3
 329 00fd 8C       		.byte	0x8c
 330 00fe 8F010000 		.4byte	0x18f
ARM GAS  /tmp/cczDT60h.s 			page 7


 331 0102 0A       		.uleb128 0xa
 332 0103 0B000000 		.4byte	.LASF16
 333 0107 03       		.byte	0x3
 334 0108 8E       		.byte	0x8e
 335 0109 97000000 		.4byte	0x97
 336 010d 02       		.byte	0x2
 337 010e 23       		.byte	0x23
 338 010f 00       		.uleb128 0
 339 0110 0A       		.uleb128 0xa
 340 0111 5C000000 		.4byte	.LASF17
 341 0115 03       		.byte	0x3
 342 0116 8F       		.byte	0x8f
 343 0117 97000000 		.4byte	0x97
 344 011b 02       		.byte	0x2
 345 011c 23       		.byte	0x23
 346 011d 04       		.uleb128 0x4
 347 011e 0A       		.uleb128 0xa
 348 011f C9000000 		.4byte	.LASF18
 349 0123 03       		.byte	0x3
 350 0124 90       		.byte	0x90
 351 0125 97000000 		.4byte	0x97
 352 0129 02       		.byte	0x2
 353 012a 23       		.byte	0x23
 354 012b 08       		.uleb128 0x8
 355 012c 0A       		.uleb128 0xa
 356 012d 1C010000 		.4byte	.LASF19
 357 0131 03       		.byte	0x3
 358 0132 91       		.byte	0x91
 359 0133 97000000 		.4byte	0x97
 360 0137 02       		.byte	0x2
 361 0138 23       		.byte	0x23
 362 0139 0C       		.uleb128 0xc
 363 013a 09       		.uleb128 0x9
 364 013b 49445200 		.ascii	"IDR\000"
 365 013f 03       		.byte	0x3
 366 0140 92       		.byte	0x92
 367 0141 97000000 		.4byte	0x97
 368 0145 02       		.byte	0x2
 369 0146 23       		.byte	0x23
 370 0147 10       		.uleb128 0x10
 371 0148 09       		.uleb128 0x9
 372 0149 4F445200 		.ascii	"ODR\000"
 373 014d 03       		.byte	0x3
 374 014e 93       		.byte	0x93
 375 014f 97000000 		.4byte	0x97
 376 0153 02       		.byte	0x2
 377 0154 23       		.byte	0x23
 378 0155 14       		.uleb128 0x14
 379 0156 0A       		.uleb128 0xa
 380 0157 29000000 		.4byte	.LASF20
 381 015b 03       		.byte	0x3
 382 015c 9A       		.byte	0x9a
 383 015d 8F010000 		.4byte	0x18f
 384 0161 02       		.byte	0x2
 385 0162 23       		.byte	0x23
 386 0163 18       		.uleb128 0x18
 387 0164 0A       		.uleb128 0xa
ARM GAS  /tmp/cczDT60h.s 			page 8


 388 0165 00000000 		.4byte	.LASF21
 389 0169 03       		.byte	0x3
 390 016a 9B       		.byte	0x9b
 391 016b 97000000 		.4byte	0x97
 392 016f 02       		.byte	0x2
 393 0170 23       		.byte	0x23
 394 0171 1C       		.uleb128 0x1c
 395 0172 0A       		.uleb128 0xa
 396 0173 A4000000 		.4byte	.LASF22
 397 0177 03       		.byte	0x3
 398 0178 9C       		.byte	0x9c
 399 0179 97000000 		.4byte	0x97
 400 017d 02       		.byte	0x2
 401 017e 23       		.byte	0x23
 402 017f 20       		.uleb128 0x20
 403 0180 0A       		.uleb128 0xa
 404 0181 7A000000 		.4byte	.LASF23
 405 0185 03       		.byte	0x3
 406 0186 9D       		.byte	0x9d
 407 0187 97000000 		.4byte	0x97
 408 018b 02       		.byte	0x2
 409 018c 23       		.byte	0x23
 410 018d 24       		.uleb128 0x24
 411 018e 00       		.byte	0
 412 018f 05       		.uleb128 0x5
 413 0190 DF000000 		.4byte	0xdf
 414 0194 04       		.uleb128 0x4
 415 0195 F4000000 		.4byte	.LASF24
 416 0199 03       		.byte	0x3
 417 019a 9E       		.byte	0x9e
 418 019b FA000000 		.4byte	0xfa
 419 019f 04       		.uleb128 0x4
 420 01a0 4F000000 		.4byte	.LASF25
 421 01a4 03       		.byte	0x3
 422 01a5 E8       		.byte	0xe8
 423 01a6 6C000000 		.4byte	0x6c
 424 01aa 04       		.uleb128 0x4
 425 01ab 63000000 		.4byte	.LASF26
 426 01af 03       		.byte	0x3
 427 01b0 ED       		.byte	0xed
 428 01b1 6C000000 		.4byte	0x6c
 429 01b5 04       		.uleb128 0x4
 430 01b6 47010000 		.4byte	.LASF27
 431 01ba 03       		.byte	0x3
 432 01bb F5       		.byte	0xf5
 433 01bc C0010000 		.4byte	0x1c0
 434 01c0 06       		.uleb128 0x6
 435 01c1 04       		.byte	0x4
 436 01c2 94010000 		.4byte	0x194
 437 01c6 08       		.uleb128 0x8
 438 01c7 0C       		.byte	0xc
 439 01c8 04       		.byte	0x4
 440 01c9 7E       		.byte	0x7e
 441 01ca F9010000 		.4byte	0x1f9
 442 01ce 0A       		.uleb128 0xa
 443 01cf 48000000 		.4byte	.LASF28
 444 01d3 04       		.byte	0x4
ARM GAS  /tmp/cczDT60h.s 			page 9


 445 01d4 82       		.byte	0x82
 446 01d5 B5010000 		.4byte	0x1b5
 447 01d9 02       		.byte	0x2
 448 01da 23       		.byte	0x23
 449 01db 00       		.uleb128 0
 450 01dc 0A       		.uleb128 0xa
 451 01dd 30010000 		.4byte	.LASF29
 452 01e1 04       		.byte	0x4
 453 01e2 88       		.byte	0x88
 454 01e3 9F010000 		.4byte	0x19f
 455 01e7 02       		.byte	0x2
 456 01e8 23       		.byte	0x23
 457 01e9 04       		.uleb128 0x4
 458 01ea 0A       		.uleb128 0xa
 459 01eb 40010000 		.4byte	.LASF30
 460 01ef 04       		.byte	0x4
 461 01f0 8C       		.byte	0x8c
 462 01f1 8C000000 		.4byte	0x8c
 463 01f5 02       		.byte	0x2
 464 01f6 23       		.byte	0x23
 465 01f7 08       		.uleb128 0x8
 466 01f8 00       		.byte	0
 467 01f9 04       		.uleb128 0x4
 468 01fa 00020000 		.4byte	.LASF31
 469 01fe 04       		.byte	0x4
 470 01ff 8D       		.byte	0x8d
 471 0200 C6010000 		.4byte	0x1c6
 472 0204 0D       		.uleb128 0xd
 473 0205 01       		.byte	0x1
 474 0206 11000000 		.4byte	.LASF38
 475 020a 01       		.byte	0x1
 476 020b 45       		.byte	0x45
 477 020c 01       		.byte	0x1
 478 020d 9F010000 		.4byte	0x19f
 479 0211 00000000 		.4byte	.LFB118
 480 0215 28000000 		.4byte	.LFE118
 481 0219 00000000 		.4byte	.LLST0
 482 021d 01       		.byte	0x1
 483 021e 45020000 		.4byte	0x245
 484 0222 0E       		.uleb128 0xe
 485 0223 62757300 		.ascii	"bus\000"
 486 0227 01       		.byte	0x1
 487 0228 45       		.byte	0x45
 488 0229 45020000 		.4byte	0x245
 489 022d 20000000 		.4byte	.LLST1
 490 0231 0F       		.uleb128 0xf
 491 0232 12000000 		.4byte	.LVL2
 492 0236 06030000 		.4byte	0x306
 493 023a 10       		.uleb128 0x10
 494 023b 01       		.byte	0x1
 495 023c 50       		.byte	0x50
 496 023d 05       		.byte	0x5
 497 023e 03       		.byte	0x3
 498 023f 00000000 		.4byte	.LC0
 499 0243 00       		.byte	0
 500 0244 00       		.byte	0
 501 0245 06       		.uleb128 0x6
ARM GAS  /tmp/cczDT60h.s 			page 10


 502 0246 04       		.byte	0x4
 503 0247 F9010000 		.4byte	0x1f9
 504 024b 11       		.uleb128 0x11
 505 024c 01       		.byte	0x1
 506 024d 2E000000 		.4byte	.LASF33
 507 0251 01       		.byte	0x1
 508 0252 5E       		.byte	0x5e
 509 0253 01       		.byte	0x1
 510 0254 00000000 		.4byte	.LFB119
 511 0258 38000000 		.4byte	.LFE119
 512 025c 3E000000 		.4byte	.LLST2
 513 0260 01       		.byte	0x1
 514 0261 97020000 		.4byte	0x297
 515 0265 0E       		.uleb128 0xe
 516 0266 62757300 		.ascii	"bus\000"
 517 026a 01       		.byte	0x1
 518 026b 5E       		.byte	0x5e
 519 026c 45020000 		.4byte	0x245
 520 0270 5E000000 		.4byte	.LLST3
 521 0274 12       		.uleb128 0x12
 522 0275 D8010000 		.4byte	.LASF32
 523 0279 01       		.byte	0x1
 524 027a 5E       		.byte	0x5e
 525 027b 9F010000 		.4byte	0x19f
 526 027f 8A000000 		.4byte	.LLST4
 527 0283 0F       		.uleb128 0xf
 528 0284 14000000 		.4byte	.LVL5
 529 0288 06030000 		.4byte	0x306
 530 028c 10       		.uleb128 0x10
 531 028d 01       		.byte	0x1
 532 028e 50       		.byte	0x50
 533 028f 05       		.byte	0x5
 534 0290 03       		.byte	0x3
 535 0291 10000000 		.4byte	.LC1
 536 0295 00       		.byte	0
 537 0296 00       		.byte	0
 538 0297 11       		.uleb128 0x11
 539 0298 01       		.byte	0x1
 540 0299 3A000000 		.4byte	.LASF34
 541 029d 01       		.byte	0x1
 542 029e 75       		.byte	0x75
 543 029f 01       		.byte	0x1
 544 02a0 00000000 		.4byte	.LFB120
 545 02a4 2C000000 		.4byte	.LFE120
 546 02a8 B6000000 		.4byte	.LLST5
 547 02ac 01       		.byte	0x1
 548 02ad F8020000 		.4byte	0x2f8
 549 02b1 0E       		.uleb128 0xe
 550 02b2 62757300 		.ascii	"bus\000"
 551 02b6 01       		.byte	0x1
 552 02b7 75       		.byte	0x75
 553 02b8 45020000 		.4byte	0x245
 554 02bc D6000000 		.4byte	.LLST6
 555 02c0 12       		.uleb128 0x12
 556 02c1 06010000 		.4byte	.LASF35
 557 02c5 01       		.byte	0x1
 558 02c6 75       		.byte	0x75
ARM GAS  /tmp/cczDT60h.s 			page 11


 559 02c7 AA010000 		.4byte	0x1aa
 560 02cb F4000000 		.4byte	.LLST7
 561 02cf 13       		.uleb128 0x13
 562 02d0 14000000 		.4byte	.LVL10
 563 02d4 06030000 		.4byte	0x306
 564 02d8 E6020000 		.4byte	0x2e6
 565 02dc 10       		.uleb128 0x10
 566 02dd 01       		.byte	0x1
 567 02de 50       		.byte	0x50
 568 02df 05       		.byte	0x5
 569 02e0 03       		.byte	0x3
 570 02e1 20000000 		.4byte	.LC2
 571 02e5 00       		.byte	0
 572 02e6 14       		.uleb128 0x14
 573 02e7 28000000 		.4byte	.LVL11
 574 02eb 01       		.byte	0x1
 575 02ec 1A030000 		.4byte	0x31a
 576 02f0 10       		.uleb128 0x10
 577 02f1 01       		.byte	0x1
 578 02f2 52       		.byte	0x52
 579 02f3 02       		.byte	0x2
 580 02f4 75       		.byte	0x75
 581 02f5 00       		.sleb128 0
 582 02f6 00       		.byte	0
 583 02f7 00       		.byte	0
 584 02f8 15       		.uleb128 0x15
 585 02f9 B2000000 		.4byte	.LASF39
 586 02fd 05       		.byte	0x5
 587 02fe 9806     		.2byte	0x698
 588 0300 B5000000 		.4byte	0xb5
 589 0304 01       		.byte	0x1
 590 0305 01       		.byte	0x1
 591 0306 16       		.uleb128 0x16
 592 0307 01       		.byte	0x1
 593 0308 35010000 		.4byte	.LASF40
 594 030c 06       		.byte	0x6
 595 030d EF       		.byte	0xef
 596 030e 01       		.byte	0x1
 597 030f 01       		.byte	0x1
 598 0310 1A030000 		.4byte	0x31a
 599 0314 17       		.uleb128 0x17
 600 0315 A3000000 		.4byte	0xa3
 601 0319 00       		.byte	0
 602 031a 18       		.uleb128 0x18
 603 031b 01       		.byte	0x1
 604 031c D1000000 		.4byte	.LASF41
 605 0320 03       		.byte	0x3
 606 0321 BA01     		.2byte	0x1ba
 607 0323 01       		.byte	0x1
 608 0324 01       		.byte	0x1
 609 0325 17       		.uleb128 0x17
 610 0326 B5010000 		.4byte	0x1b5
 611 032a 17       		.uleb128 0x17
 612 032b 9F010000 		.4byte	0x19f
 613 032f 17       		.uleb128 0x17
 614 0330 AA010000 		.4byte	0x1aa
 615 0334 00       		.byte	0
ARM GAS  /tmp/cczDT60h.s 			page 12


 616 0335 00       		.byte	0
 617              		.section	.debug_abbrev,"",%progbits
 618              	.Ldebug_abbrev0:
 619 0000 01       		.uleb128 0x1
 620 0001 11       		.uleb128 0x11
 621 0002 01       		.byte	0x1
 622 0003 25       		.uleb128 0x25
 623 0004 0E       		.uleb128 0xe
 624 0005 13       		.uleb128 0x13
 625 0006 0B       		.uleb128 0xb
 626 0007 03       		.uleb128 0x3
 627 0008 0E       		.uleb128 0xe
 628 0009 55       		.uleb128 0x55
 629 000a 06       		.uleb128 0x6
 630 000b 11       		.uleb128 0x11
 631 000c 01       		.uleb128 0x1
 632 000d 52       		.uleb128 0x52
 633 000e 01       		.uleb128 0x1
 634 000f 10       		.uleb128 0x10
 635 0010 06       		.uleb128 0x6
 636 0011 00       		.byte	0
 637 0012 00       		.byte	0
 638 0013 02       		.uleb128 0x2
 639 0014 24       		.uleb128 0x24
 640 0015 00       		.byte	0
 641 0016 0B       		.uleb128 0xb
 642 0017 0B       		.uleb128 0xb
 643 0018 3E       		.uleb128 0x3e
 644 0019 0B       		.uleb128 0xb
 645 001a 03       		.uleb128 0x3
 646 001b 08       		.uleb128 0x8
 647 001c 00       		.byte	0
 648 001d 00       		.byte	0
 649 001e 03       		.uleb128 0x3
 650 001f 24       		.uleb128 0x24
 651 0020 00       		.byte	0
 652 0021 0B       		.uleb128 0xb
 653 0022 0B       		.uleb128 0xb
 654 0023 3E       		.uleb128 0x3e
 655 0024 0B       		.uleb128 0xb
 656 0025 03       		.uleb128 0x3
 657 0026 0E       		.uleb128 0xe
 658 0027 00       		.byte	0
 659 0028 00       		.byte	0
 660 0029 04       		.uleb128 0x4
 661 002a 16       		.uleb128 0x16
 662 002b 00       		.byte	0
 663 002c 03       		.uleb128 0x3
 664 002d 0E       		.uleb128 0xe
 665 002e 3A       		.uleb128 0x3a
 666 002f 0B       		.uleb128 0xb
 667 0030 3B       		.uleb128 0x3b
 668 0031 0B       		.uleb128 0xb
 669 0032 49       		.uleb128 0x49
 670 0033 13       		.uleb128 0x13
 671 0034 00       		.byte	0
 672 0035 00       		.byte	0
ARM GAS  /tmp/cczDT60h.s 			page 13


 673 0036 05       		.uleb128 0x5
 674 0037 35       		.uleb128 0x35
 675 0038 00       		.byte	0
 676 0039 49       		.uleb128 0x49
 677 003a 13       		.uleb128 0x13
 678 003b 00       		.byte	0
 679 003c 00       		.byte	0
 680 003d 06       		.uleb128 0x6
 681 003e 0F       		.uleb128 0xf
 682 003f 00       		.byte	0
 683 0040 0B       		.uleb128 0xb
 684 0041 0B       		.uleb128 0xb
 685 0042 49       		.uleb128 0x49
 686 0043 13       		.uleb128 0x13
 687 0044 00       		.byte	0
 688 0045 00       		.byte	0
 689 0046 07       		.uleb128 0x7
 690 0047 26       		.uleb128 0x26
 691 0048 00       		.byte	0
 692 0049 49       		.uleb128 0x49
 693 004a 13       		.uleb128 0x13
 694 004b 00       		.byte	0
 695 004c 00       		.byte	0
 696 004d 08       		.uleb128 0x8
 697 004e 13       		.uleb128 0x13
 698 004f 01       		.byte	0x1
 699 0050 0B       		.uleb128 0xb
 700 0051 0B       		.uleb128 0xb
 701 0052 3A       		.uleb128 0x3a
 702 0053 0B       		.uleb128 0xb
 703 0054 3B       		.uleb128 0x3b
 704 0055 0B       		.uleb128 0xb
 705 0056 01       		.uleb128 0x1
 706 0057 13       		.uleb128 0x13
 707 0058 00       		.byte	0
 708 0059 00       		.byte	0
 709 005a 09       		.uleb128 0x9
 710 005b 0D       		.uleb128 0xd
 711 005c 00       		.byte	0
 712 005d 03       		.uleb128 0x3
 713 005e 08       		.uleb128 0x8
 714 005f 3A       		.uleb128 0x3a
 715 0060 0B       		.uleb128 0xb
 716 0061 3B       		.uleb128 0x3b
 717 0062 0B       		.uleb128 0xb
 718 0063 49       		.uleb128 0x49
 719 0064 13       		.uleb128 0x13
 720 0065 38       		.uleb128 0x38
 721 0066 0A       		.uleb128 0xa
 722 0067 00       		.byte	0
 723 0068 00       		.byte	0
 724 0069 0A       		.uleb128 0xa
 725 006a 0D       		.uleb128 0xd
 726 006b 00       		.byte	0
 727 006c 03       		.uleb128 0x3
 728 006d 0E       		.uleb128 0xe
 729 006e 3A       		.uleb128 0x3a
ARM GAS  /tmp/cczDT60h.s 			page 14


 730 006f 0B       		.uleb128 0xb
 731 0070 3B       		.uleb128 0x3b
 732 0071 0B       		.uleb128 0xb
 733 0072 49       		.uleb128 0x49
 734 0073 13       		.uleb128 0x13
 735 0074 38       		.uleb128 0x38
 736 0075 0A       		.uleb128 0xa
 737 0076 00       		.byte	0
 738 0077 00       		.byte	0
 739 0078 0B       		.uleb128 0xb
 740 0079 17       		.uleb128 0x17
 741 007a 01       		.byte	0x1
 742 007b 0B       		.uleb128 0xb
 743 007c 0B       		.uleb128 0xb
 744 007d 3A       		.uleb128 0x3a
 745 007e 0B       		.uleb128 0xb
 746 007f 3B       		.uleb128 0x3b
 747 0080 0B       		.uleb128 0xb
 748 0081 01       		.uleb128 0x1
 749 0082 13       		.uleb128 0x13
 750 0083 00       		.byte	0
 751 0084 00       		.byte	0
 752 0085 0C       		.uleb128 0xc
 753 0086 0D       		.uleb128 0xd
 754 0087 00       		.byte	0
 755 0088 03       		.uleb128 0x3
 756 0089 08       		.uleb128 0x8
 757 008a 3A       		.uleb128 0x3a
 758 008b 0B       		.uleb128 0xb
 759 008c 3B       		.uleb128 0x3b
 760 008d 0B       		.uleb128 0xb
 761 008e 49       		.uleb128 0x49
 762 008f 13       		.uleb128 0x13
 763 0090 00       		.byte	0
 764 0091 00       		.byte	0
 765 0092 0D       		.uleb128 0xd
 766 0093 2E       		.uleb128 0x2e
 767 0094 01       		.byte	0x1
 768 0095 3F       		.uleb128 0x3f
 769 0096 0C       		.uleb128 0xc
 770 0097 03       		.uleb128 0x3
 771 0098 0E       		.uleb128 0xe
 772 0099 3A       		.uleb128 0x3a
 773 009a 0B       		.uleb128 0xb
 774 009b 3B       		.uleb128 0x3b
 775 009c 0B       		.uleb128 0xb
 776 009d 27       		.uleb128 0x27
 777 009e 0C       		.uleb128 0xc
 778 009f 49       		.uleb128 0x49
 779 00a0 13       		.uleb128 0x13
 780 00a1 11       		.uleb128 0x11
 781 00a2 01       		.uleb128 0x1
 782 00a3 12       		.uleb128 0x12
 783 00a4 01       		.uleb128 0x1
 784 00a5 40       		.uleb128 0x40
 785 00a6 06       		.uleb128 0x6
 786 00a7 9742     		.uleb128 0x2117
ARM GAS  /tmp/cczDT60h.s 			page 15


 787 00a9 0C       		.uleb128 0xc
 788 00aa 01       		.uleb128 0x1
 789 00ab 13       		.uleb128 0x13
 790 00ac 00       		.byte	0
 791 00ad 00       		.byte	0
 792 00ae 0E       		.uleb128 0xe
 793 00af 05       		.uleb128 0x5
 794 00b0 00       		.byte	0
 795 00b1 03       		.uleb128 0x3
 796 00b2 08       		.uleb128 0x8
 797 00b3 3A       		.uleb128 0x3a
 798 00b4 0B       		.uleb128 0xb
 799 00b5 3B       		.uleb128 0x3b
 800 00b6 0B       		.uleb128 0xb
 801 00b7 49       		.uleb128 0x49
 802 00b8 13       		.uleb128 0x13
 803 00b9 02       		.uleb128 0x2
 804 00ba 06       		.uleb128 0x6
 805 00bb 00       		.byte	0
 806 00bc 00       		.byte	0
 807 00bd 0F       		.uleb128 0xf
 808 00be 898201   		.uleb128 0x4109
 809 00c1 01       		.byte	0x1
 810 00c2 11       		.uleb128 0x11
 811 00c3 01       		.uleb128 0x1
 812 00c4 31       		.uleb128 0x31
 813 00c5 13       		.uleb128 0x13
 814 00c6 00       		.byte	0
 815 00c7 00       		.byte	0
 816 00c8 10       		.uleb128 0x10
 817 00c9 8A8201   		.uleb128 0x410a
 818 00cc 00       		.byte	0
 819 00cd 02       		.uleb128 0x2
 820 00ce 0A       		.uleb128 0xa
 821 00cf 9142     		.uleb128 0x2111
 822 00d1 0A       		.uleb128 0xa
 823 00d2 00       		.byte	0
 824 00d3 00       		.byte	0
 825 00d4 11       		.uleb128 0x11
 826 00d5 2E       		.uleb128 0x2e
 827 00d6 01       		.byte	0x1
 828 00d7 3F       		.uleb128 0x3f
 829 00d8 0C       		.uleb128 0xc
 830 00d9 03       		.uleb128 0x3
 831 00da 0E       		.uleb128 0xe
 832 00db 3A       		.uleb128 0x3a
 833 00dc 0B       		.uleb128 0xb
 834 00dd 3B       		.uleb128 0x3b
 835 00de 0B       		.uleb128 0xb
 836 00df 27       		.uleb128 0x27
 837 00e0 0C       		.uleb128 0xc
 838 00e1 11       		.uleb128 0x11
 839 00e2 01       		.uleb128 0x1
 840 00e3 12       		.uleb128 0x12
 841 00e4 01       		.uleb128 0x1
 842 00e5 40       		.uleb128 0x40
 843 00e6 06       		.uleb128 0x6
ARM GAS  /tmp/cczDT60h.s 			page 16


 844 00e7 9742     		.uleb128 0x2117
 845 00e9 0C       		.uleb128 0xc
 846 00ea 01       		.uleb128 0x1
 847 00eb 13       		.uleb128 0x13
 848 00ec 00       		.byte	0
 849 00ed 00       		.byte	0
 850 00ee 12       		.uleb128 0x12
 851 00ef 05       		.uleb128 0x5
 852 00f0 00       		.byte	0
 853 00f1 03       		.uleb128 0x3
 854 00f2 0E       		.uleb128 0xe
 855 00f3 3A       		.uleb128 0x3a
 856 00f4 0B       		.uleb128 0xb
 857 00f5 3B       		.uleb128 0x3b
 858 00f6 0B       		.uleb128 0xb
 859 00f7 49       		.uleb128 0x49
 860 00f8 13       		.uleb128 0x13
 861 00f9 02       		.uleb128 0x2
 862 00fa 06       		.uleb128 0x6
 863 00fb 00       		.byte	0
 864 00fc 00       		.byte	0
 865 00fd 13       		.uleb128 0x13
 866 00fe 898201   		.uleb128 0x4109
 867 0101 01       		.byte	0x1
 868 0102 11       		.uleb128 0x11
 869 0103 01       		.uleb128 0x1
 870 0104 31       		.uleb128 0x31
 871 0105 13       		.uleb128 0x13
 872 0106 01       		.uleb128 0x1
 873 0107 13       		.uleb128 0x13
 874 0108 00       		.byte	0
 875 0109 00       		.byte	0
 876 010a 14       		.uleb128 0x14
 877 010b 898201   		.uleb128 0x4109
 878 010e 01       		.byte	0x1
 879 010f 11       		.uleb128 0x11
 880 0110 01       		.uleb128 0x1
 881 0111 9542     		.uleb128 0x2115
 882 0113 0C       		.uleb128 0xc
 883 0114 31       		.uleb128 0x31
 884 0115 13       		.uleb128 0x13
 885 0116 00       		.byte	0
 886 0117 00       		.byte	0
 887 0118 15       		.uleb128 0x15
 888 0119 34       		.uleb128 0x34
 889 011a 00       		.byte	0
 890 011b 03       		.uleb128 0x3
 891 011c 0E       		.uleb128 0xe
 892 011d 3A       		.uleb128 0x3a
 893 011e 0B       		.uleb128 0xb
 894 011f 3B       		.uleb128 0x3b
 895 0120 05       		.uleb128 0x5
 896 0121 49       		.uleb128 0x49
 897 0122 13       		.uleb128 0x13
 898 0123 3F       		.uleb128 0x3f
 899 0124 0C       		.uleb128 0xc
 900 0125 3C       		.uleb128 0x3c
ARM GAS  /tmp/cczDT60h.s 			page 17


 901 0126 0C       		.uleb128 0xc
 902 0127 00       		.byte	0
 903 0128 00       		.byte	0
 904 0129 16       		.uleb128 0x16
 905 012a 2E       		.uleb128 0x2e
 906 012b 01       		.byte	0x1
 907 012c 3F       		.uleb128 0x3f
 908 012d 0C       		.uleb128 0xc
 909 012e 03       		.uleb128 0x3
 910 012f 0E       		.uleb128 0xe
 911 0130 3A       		.uleb128 0x3a
 912 0131 0B       		.uleb128 0xb
 913 0132 3B       		.uleb128 0x3b
 914 0133 0B       		.uleb128 0xb
 915 0134 27       		.uleb128 0x27
 916 0135 0C       		.uleb128 0xc
 917 0136 3C       		.uleb128 0x3c
 918 0137 0C       		.uleb128 0xc
 919 0138 01       		.uleb128 0x1
 920 0139 13       		.uleb128 0x13
 921 013a 00       		.byte	0
 922 013b 00       		.byte	0
 923 013c 17       		.uleb128 0x17
 924 013d 05       		.uleb128 0x5
 925 013e 00       		.byte	0
 926 013f 49       		.uleb128 0x49
 927 0140 13       		.uleb128 0x13
 928 0141 00       		.byte	0
 929 0142 00       		.byte	0
 930 0143 18       		.uleb128 0x18
 931 0144 2E       		.uleb128 0x2e
 932 0145 01       		.byte	0x1
 933 0146 3F       		.uleb128 0x3f
 934 0147 0C       		.uleb128 0xc
 935 0148 03       		.uleb128 0x3
 936 0149 0E       		.uleb128 0xe
 937 014a 3A       		.uleb128 0x3a
 938 014b 0B       		.uleb128 0xb
 939 014c 3B       		.uleb128 0x3b
 940 014d 05       		.uleb128 0x5
 941 014e 27       		.uleb128 0x27
 942 014f 0C       		.uleb128 0xc
 943 0150 3C       		.uleb128 0x3c
 944 0151 0C       		.uleb128 0xc
 945 0152 00       		.byte	0
 946 0153 00       		.byte	0
 947 0154 00       		.byte	0
 948              		.section	.debug_loc,"",%progbits
 949              	.Ldebug_loc0:
 950              	.LLST0:
 951 0000 00000000 		.4byte	.LFB118
 952 0004 02000000 		.4byte	.LCFI0
 953 0008 0200     		.2byte	0x2
 954 000a 7D       		.byte	0x7d
 955 000b 00       		.sleb128 0
 956 000c 02000000 		.4byte	.LCFI0
 957 0010 28000000 		.4byte	.LFE118
ARM GAS  /tmp/cczDT60h.s 			page 18


 958 0014 0200     		.2byte	0x2
 959 0016 7D       		.byte	0x7d
 960 0017 08       		.sleb128 8
 961 0018 00000000 		.4byte	0
 962 001c 00000000 		.4byte	0
 963              	.LLST1:
 964 0020 00000000 		.4byte	.LVL0
 965 0024 0E000000 		.4byte	.LVL1
 966 0028 0100     		.2byte	0x1
 967 002a 50       		.byte	0x50
 968 002b 0E000000 		.4byte	.LVL1
 969 002f 28000000 		.4byte	.LFE118
 970 0033 0100     		.2byte	0x1
 971 0035 54       		.byte	0x54
 972 0036 00000000 		.4byte	0
 973 003a 00000000 		.4byte	0
 974              	.LLST2:
 975 003e 00000000 		.4byte	.LFB119
 976 0042 02000000 		.4byte	.LCFI1
 977 0046 0200     		.2byte	0x2
 978 0048 7D       		.byte	0x7d
 979 0049 00       		.sleb128 0
 980 004a 02000000 		.4byte	.LCFI1
 981 004e 38000000 		.4byte	.LFE119
 982 0052 0200     		.2byte	0x2
 983 0054 7D       		.byte	0x7d
 984 0055 10       		.sleb128 16
 985 0056 00000000 		.4byte	0
 986 005a 00000000 		.4byte	0
 987              	.LLST3:
 988 005e 00000000 		.4byte	.LVL3
 989 0062 10000000 		.4byte	.LVL4
 990 0066 0100     		.2byte	0x1
 991 0068 50       		.byte	0x50
 992 0069 10000000 		.4byte	.LVL4
 993 006d 22000000 		.4byte	.LVL6
 994 0071 0100     		.2byte	0x1
 995 0073 54       		.byte	0x54
 996 0074 22000000 		.4byte	.LVL6
 997 0078 38000000 		.4byte	.LFE119
 998 007c 0400     		.2byte	0x4
 999 007e F3       		.byte	0xf3
 1000 007f 01       		.uleb128 0x1
 1001 0080 50       		.byte	0x50
 1002 0081 9F       		.byte	0x9f
 1003 0082 00000000 		.4byte	0
 1004 0086 00000000 		.4byte	0
 1005              	.LLST4:
 1006 008a 00000000 		.4byte	.LVL3
 1007 008e 13000000 		.4byte	.LVL5-1
 1008 0092 0100     		.2byte	0x1
 1009 0094 51       		.byte	0x51
 1010 0095 13000000 		.4byte	.LVL5-1
 1011 0099 24000000 		.4byte	.LVL7
 1012 009d 0100     		.2byte	0x1
 1013 009f 55       		.byte	0x55
 1014 00a0 24000000 		.4byte	.LVL7
ARM GAS  /tmp/cczDT60h.s 			page 19


 1015 00a4 38000000 		.4byte	.LFE119
 1016 00a8 0400     		.2byte	0x4
 1017 00aa F3       		.byte	0xf3
 1018 00ab 01       		.uleb128 0x1
 1019 00ac 51       		.byte	0x51
 1020 00ad 9F       		.byte	0x9f
 1021 00ae 00000000 		.4byte	0
 1022 00b2 00000000 		.4byte	0
 1023              	.LLST5:
 1024 00b6 00000000 		.4byte	.LFB120
 1025 00ba 02000000 		.4byte	.LCFI2
 1026 00be 0200     		.2byte	0x2
 1027 00c0 7D       		.byte	0x7d
 1028 00c1 00       		.sleb128 0
 1029 00c2 02000000 		.4byte	.LCFI2
 1030 00c6 2C000000 		.4byte	.LFE120
 1031 00ca 0200     		.2byte	0x2
 1032 00cc 7D       		.byte	0x7d
 1033 00cd 10       		.sleb128 16
 1034 00ce 00000000 		.4byte	0
 1035 00d2 00000000 		.4byte	0
 1036              	.LLST6:
 1037 00d6 00000000 		.4byte	.LVL8
 1038 00da 10000000 		.4byte	.LVL9
 1039 00de 0100     		.2byte	0x1
 1040 00e0 50       		.byte	0x50
 1041 00e1 10000000 		.4byte	.LVL9
 1042 00e5 2C000000 		.4byte	.LFE120
 1043 00e9 0100     		.2byte	0x1
 1044 00eb 54       		.byte	0x54
 1045 00ec 00000000 		.4byte	0
 1046 00f0 00000000 		.4byte	0
 1047              	.LLST7:
 1048 00f4 00000000 		.4byte	.LVL8
 1049 00f8 13000000 		.4byte	.LVL10-1
 1050 00fc 0100     		.2byte	0x1
 1051 00fe 51       		.byte	0x51
 1052 00ff 13000000 		.4byte	.LVL10-1
 1053 0103 2C000000 		.4byte	.LFE120
 1054 0107 0100     		.2byte	0x1
 1055 0109 55       		.byte	0x55
 1056 010a 00000000 		.4byte	0
 1057 010e 00000000 		.4byte	0
 1058              		.section	.debug_aranges,"",%progbits
 1059 0000 2C000000 		.4byte	0x2c
 1060 0004 0200     		.2byte	0x2
 1061 0006 00000000 		.4byte	.Ldebug_info0
 1062 000a 04       		.byte	0x4
 1063 000b 00       		.byte	0
 1064 000c 0000     		.2byte	0
 1065 000e 0000     		.2byte	0
 1066 0010 00000000 		.4byte	.LFB118
 1067 0014 28000000 		.4byte	.LFE118-.LFB118
 1068 0018 00000000 		.4byte	.LFB119
 1069 001c 38000000 		.4byte	.LFE119-.LFB119
 1070 0020 00000000 		.4byte	.LFB120
 1071 0024 2C000000 		.4byte	.LFE120-.LFB120
ARM GAS  /tmp/cczDT60h.s 			page 20


 1072 0028 00000000 		.4byte	0
 1073 002c 00000000 		.4byte	0
 1074              		.section	.debug_ranges,"",%progbits
 1075              	.Ldebug_ranges0:
 1076 0000 00000000 		.4byte	.LFB118
 1077 0004 28000000 		.4byte	.LFE118
 1078 0008 00000000 		.4byte	.LFB119
 1079 000c 38000000 		.4byte	.LFE119
 1080 0010 00000000 		.4byte	.LFB120
 1081 0014 2C000000 		.4byte	.LFE120
 1082 0018 00000000 		.4byte	0
 1083 001c 00000000 		.4byte	0
 1084              		.section	.debug_line,"",%progbits
 1085              	.Ldebug_line0:
 1086 0000 17020000 		.section	.debug_str,"MS",%progbits,1
 1086      0200B101 
 1086      00000201 
 1086      FB0E0D00 
 1086      01010101 
 1087              	.LASF21:
 1088 0000 4C434B52 		.ascii	"LCKR\000"
 1088      00
 1089              	.LASF15:
 1090 0005 636C6561 		.ascii	"clear\000"
 1090      7200
 1091              	.LASF16:
 1092 000b 4D4F4445 		.ascii	"MODER\000"
 1092      5200
 1093              	.LASF38:
 1094 0011 70616C52 		.ascii	"palReadBus\000"
 1094      65616442 
 1094      757300
 1095              	.LASF12:
 1096 001c 75696E74 		.ascii	"uint_fast8_t\000"
 1096      5F666173 
 1096      74385F74 
 1096      00
 1097              	.LASF20:
 1098 0029 42535252 		.ascii	"BSRR\000"
 1098      00
 1099              	.LASF33:
 1100 002e 70616C57 		.ascii	"palWriteBus\000"
 1100      72697465 
 1100      42757300 
 1101              	.LASF34:
 1102 003a 70616C53 		.ascii	"palSetBusMode\000"
 1102      65744275 
 1102      734D6F64 
 1102      6500
 1103              	.LASF28:
 1104 0048 706F7274 		.ascii	"portid\000"
 1104      696400
 1105              	.LASF25:
 1106 004f 696F706F 		.ascii	"ioportmask_t\000"
 1106      72746D61 
 1106      736B5F74 
 1106      00
ARM GAS  /tmp/cczDT60h.s 			page 21


 1107              	.LASF17:
 1108 005c 4F545950 		.ascii	"OTYPER\000"
 1108      455200
 1109              	.LASF26:
 1110 0063 696F6D6F 		.ascii	"iomode_t\000"
 1110      64655F74 
 1110      00
 1111              	.LASF2:
 1112 006c 756E7369 		.ascii	"unsigned char\000"
 1112      676E6564 
 1112      20636861 
 1112      7200
 1113              	.LASF23:
 1114 007a 41465248 		.ascii	"AFRH\000"
 1114      00
 1115              	.LASF9:
 1116 007f 6C6F6E67 		.ascii	"long unsigned int\000"
 1116      20756E73 
 1116      69676E65 
 1116      6420696E 
 1116      7400
 1117              	.LASF4:
 1118 0091 73686F72 		.ascii	"short unsigned int\000"
 1118      7420756E 
 1118      7369676E 
 1118      65642069 
 1118      6E7400
 1119              	.LASF22:
 1120 00a4 4146524C 		.ascii	"AFRL\000"
 1120      00
 1121              	.LASF8:
 1122 00a9 75696E74 		.ascii	"uint32_t\000"
 1122      33325F74 
 1122      00
 1123              	.LASF39:
 1124 00b2 49544D5F 		.ascii	"ITM_RxBuffer\000"
 1124      52784275 
 1124      66666572 
 1124      00
 1125              	.LASF3:
 1126 00bf 73686F72 		.ascii	"short int\000"
 1126      7420696E 
 1126      7400
 1127              	.LASF18:
 1128 00c9 4F535045 		.ascii	"OSPEEDR\000"
 1128      45445200 
 1129              	.LASF41:
 1130 00d1 5F70616C 		.ascii	"_pal_lld_setgroupmode\000"
 1130      5F6C6C64 
 1130      5F736574 
 1130      67726F75 
 1130      706D6F64 
 1131              	.LASF0:
 1132 00e7 756E7369 		.ascii	"unsigned int\000"
 1132      676E6564 
 1132      20696E74 
 1132      00
ARM GAS  /tmp/cczDT60h.s 			page 22


 1133              	.LASF24:
 1134 00f4 4750494F 		.ascii	"GPIO_TypeDef\000"
 1134      5F547970 
 1134      65446566 
 1134      00
 1135              	.LASF14:
 1136 0101 63686172 		.ascii	"char\000"
 1136      00
 1137              	.LASF35:
 1138 0106 6D6F6465 		.ascii	"mode\000"
 1138      00
 1139              	.LASF6:
 1140 010b 696E7433 		.ascii	"int32_t\000"
 1140      325F7400 
 1141              	.LASF13:
 1142 0113 73697A65 		.ascii	"sizetype\000"
 1142      74797065 
 1142      00
 1143              	.LASF19:
 1144 011c 50555044 		.ascii	"PUPDR\000"
 1144      5200
 1145              	.LASF10:
 1146 0122 6C6F6E67 		.ascii	"long long int\000"
 1146      206C6F6E 
 1146      6720696E 
 1146      7400
 1147              	.LASF29:
 1148 0130 6D61736B 		.ascii	"mask\000"
 1148      00
 1149              	.LASF40:
 1150 0135 63684462 		.ascii	"chDbgPanic\000"
 1150      6750616E 
 1150      696300
 1151              	.LASF30:
 1152 0140 6F666673 		.ascii	"offset\000"
 1152      657400
 1153              	.LASF27:
 1154 0147 696F706F 		.ascii	"ioportid_t\000"
 1154      72746964 
 1154      5F7400
 1155              	.LASF5:
 1156 0152 75696E74 		.ascii	"uint16_t\000"
 1156      31365F74 
 1156      00
 1157              	.LASF36:
 1158 015b 474E5520 		.ascii	"GNU C 4.7.3 20130312 (release) [ARM/embedded-4_7-br"
 1158      4320342E 
 1158      372E3320 
 1158      32303133 
 1158      30333132 
 1159 018e 616E6368 		.ascii	"anch revision 196615]\000"
 1159      20726576 
 1159      6973696F 
 1159      6E203139 
 1159      36363135 
 1160              	.LASF37:
 1161 01a4 2F686F6D 		.ascii	"/home/gokul/ChibiOS_2.5.0/os/hal/src/pal.c\000"
ARM GAS  /tmp/cczDT60h.s 			page 23


 1161      652F676F 
 1161      6B756C2F 
 1161      43686962 
 1161      694F535F 
 1162              	.LASF7:
 1163 01cf 6C6F6E67 		.ascii	"long int\000"
 1163      20696E74 
 1163      00
 1164              	.LASF32:
 1165 01d8 62697473 		.ascii	"bits\000"
 1165      00
 1166              	.LASF1:
 1167 01dd 7369676E 		.ascii	"signed char\000"
 1167      65642063 
 1167      68617200 
 1168              	.LASF11:
 1169 01e9 6C6F6E67 		.ascii	"long long unsigned int\000"
 1169      206C6F6E 
 1169      6720756E 
 1169      7369676E 
 1169      65642069 
 1170              	.LASF31:
 1171 0200 494F4275 		.ascii	"IOBus\000"
 1171      7300
 1172              		.ident	"GCC: (GNU Tools for ARM Embedded Processors) 4.7.3 20130312 (release) [ARM/embedded-4_7-br
ARM GAS  /tmp/cczDT60h.s 			page 24


DEFINED SYMBOLS
                            *ABS*:00000000 pal.c
     /tmp/cczDT60h.s:19     .text.palReadBus:00000000 $t
     /tmp/cczDT60h.s:25     .text.palReadBus:00000000 palReadBus
     /tmp/cczDT60h.s:64     .text.palReadBus:00000024 $d
     /tmp/cczDT60h.s:69     .text.palWriteBus:00000000 $t
     /tmp/cczDT60h.s:75     .text.palWriteBus:00000000 palWriteBus
     /tmp/cczDT60h.s:122    .text.palWriteBus:00000034 $d
     /tmp/cczDT60h.s:127    .text.palSetBusMode:00000000 $t
     /tmp/cczDT60h.s:133    .text.palSetBusMode:00000000 palSetBusMode
     /tmp/cczDT60h.s:177    .text.palSetBusMode:00000028 $d
     /tmp/cczDT60h.s:182    .rodata.str1.4:00000000 $d
                     .debug_frame:00000010 $d
     /tmp/cczDT60h.s:68     .text.palReadBus:00000028 $t
     /tmp/cczDT60h.s:126    .text.palWriteBus:00000038 $t
     /tmp/cczDT60h.s:181    .text.palSetBusMode:0000002c $t

UNDEFINED SYMBOLS
chDbgPanic
_pal_lld_setgroupmode
