ARM GAS  /tmp/ccRUzTJM.s 			page 1


   1              		.syntax unified
   2              		.cpu cortex-m4
   3              		.fpu softvfp
   4              		.eabi_attribute 20, 1
   5              		.eabi_attribute 21, 1
   6              		.eabi_attribute 23, 3
   7              		.eabi_attribute 24, 1
   8              		.eabi_attribute 25, 1
   9              		.eabi_attribute 26, 1
  10              		.eabi_attribute 30, 2
  11              		.eabi_attribute 34, 1
  12              		.eabi_attribute 18, 4
  13              		.thumb
  14              		.file	"pal_lld.c"
  15              		.text
  16              	.Ltext0:
  17              		.cfi_sections	.debug_frame
  18              		.section	.text._pal_lld_init,"ax",%progbits
  19              		.align	2
  20              		.p2align 4,,15
  21              		.global	_pal_lld_init
  22              		.thumb
  23              		.thumb_func
  24              		.type	_pal_lld_init, %function
  25              	_pal_lld_init:
  26              	.LFB119:
  27              		.file 1 "/home/gokul/ChibiOS_2.5.0/os/hal/platforms/STM32/GPIOv2/pal_lld.c"
  28              		.loc 1 100 0
  29              		.cfi_startproc
  30              		@ args = 0, pretend = 0, frame = 0
  31              		@ frame_needed = 0, uses_anonymous_args = 0
  32              		@ link register save eliminated.
  33              	.LVL0:
  34              		.loc 1 111 0
  35 0000 4FF46053 		mov	r3, #14336
  36 0004 C4F20203 		movt	r3, 16386
  37 0008 1A6B     		ldr	r2, [r3, #48]
  38 000a 6FEA5221 		mvn	r1, r2, lsr #9
  39 000e 6FEA4122 		mvn	r2, r1, lsl #9
  40 0012 1A63     		str	r2, [r3, #48]
  41              		.loc 1 112 0
  42 0014 196D     		ldr	r1, [r3, #80]
  43 0016 6FEA5122 		mvn	r2, r1, lsr #9
  44 001a 6FEA4221 		mvn	r1, r2, lsl #9
  45 001e 1965     		str	r1, [r3, #80]
  46              	.LVL1:
  47              	.LBB20:
  48              	.LBB21:
  49              		.loc 1 75 0
  50 0020 0023     		movs	r3, #0
  51 0022 0168     		ldr	r1, [r0, #0]
  52 0024 C4F20203 		movt	r3, 16386
  53              	.LBE21:
  54              	.LBE20:
  55              	.LBB23:
  56              	.LBB24:
  57 0028 4FF48062 		mov	r2, #1024
ARM GAS  /tmp/ccRUzTJM.s 			page 2


  58              	.LBE24:
  59              	.LBE23:
  60              	.LBB27:
  61              	.LBB22:
  62 002c 1960     		str	r1, [r3, #0]
  63              		.loc 1 76 0
  64 002e 4168     		ldr	r1, [r0, #4]
  65 0030 5960     		str	r1, [r3, #4]
  66              		.loc 1 77 0
  67 0032 8168     		ldr	r1, [r0, #8]
  68 0034 9960     		str	r1, [r3, #8]
  69              		.loc 1 78 0
  70 0036 C168     		ldr	r1, [r0, #12]
  71 0038 D960     		str	r1, [r3, #12]
  72              		.loc 1 79 0
  73 003a 0169     		ldr	r1, [r0, #16]
  74 003c 5961     		str	r1, [r3, #20]
  75              		.loc 1 80 0
  76 003e 4169     		ldr	r1, [r0, #20]
  77 0040 1962     		str	r1, [r3, #32]
  78              		.loc 1 81 0
  79 0042 8169     		ldr	r1, [r0, #24]
  80 0044 5962     		str	r1, [r3, #36]
  81              	.LVL2:
  82              	.LBE22:
  83              	.LBE27:
  84              	.LBB28:
  85              	.LBB25:
  86              		.loc 1 75 0
  87 0046 C169     		ldr	r1, [r0, #28]
  88 0048 C4F20202 		movt	r2, 16386
  89              	.LBE25:
  90              	.LBE28:
  91              	.LBB29:
  92              	.LBB30:
  93 004c 4FF40063 		mov	r3, #2048
  94              	.LBE30:
  95              	.LBE29:
  96              	.LBB33:
  97              	.LBB26:
  98 0050 1160     		str	r1, [r2, #0]
  99              		.loc 1 76 0
 100 0052 016A     		ldr	r1, [r0, #32]
 101 0054 5160     		str	r1, [r2, #4]
 102              		.loc 1 77 0
 103 0056 416A     		ldr	r1, [r0, #36]
 104 0058 9160     		str	r1, [r2, #8]
 105              		.loc 1 78 0
 106 005a 816A     		ldr	r1, [r0, #40]
 107 005c D160     		str	r1, [r2, #12]
 108              		.loc 1 79 0
 109 005e C16A     		ldr	r1, [r0, #44]
 110 0060 5161     		str	r1, [r2, #20]
 111              		.loc 1 80 0
 112 0062 016B     		ldr	r1, [r0, #48]
 113 0064 1162     		str	r1, [r2, #32]
 114              		.loc 1 81 0
ARM GAS  /tmp/ccRUzTJM.s 			page 3


 115 0066 416B     		ldr	r1, [r0, #52]
 116 0068 5162     		str	r1, [r2, #36]
 117              	.LVL3:
 118              	.LBE26:
 119              	.LBE33:
 120              	.LBB34:
 121              	.LBB31:
 122              		.loc 1 75 0
 123 006a C4F20203 		movt	r3, 16386
 124 006e 826B     		ldr	r2, [r0, #56]
 125 0070 1A60     		str	r2, [r3, #0]
 126              		.loc 1 76 0
 127 0072 C16B     		ldr	r1, [r0, #60]
 128 0074 5960     		str	r1, [r3, #4]
 129              		.loc 1 77 0
 130 0076 026C     		ldr	r2, [r0, #64]
 131 0078 9A60     		str	r2, [r3, #8]
 132              		.loc 1 78 0
 133 007a 416C     		ldr	r1, [r0, #68]
 134 007c D960     		str	r1, [r3, #12]
 135              		.loc 1 79 0
 136 007e 826C     		ldr	r2, [r0, #72]
 137 0080 5A61     		str	r2, [r3, #20]
 138              		.loc 1 80 0
 139 0082 C16C     		ldr	r1, [r0, #76]
 140 0084 1962     		str	r1, [r3, #32]
 141              		.loc 1 81 0
 142 0086 016D     		ldr	r1, [r0, #80]
 143              	.LBE31:
 144              	.LBE34:
 145              	.LBB35:
 146              	.LBB36:
 147              		.loc 1 75 0
 148 0088 4FF44062 		mov	r2, #3072
 149              	.LBE36:
 150              	.LBE35:
 151              	.LBB39:
 152              	.LBB32:
 153              		.loc 1 81 0
 154 008c 5962     		str	r1, [r3, #36]
 155              	.LVL4:
 156              	.LBE32:
 157              	.LBE39:
 158              	.LBB40:
 159              	.LBB37:
 160              		.loc 1 75 0
 161 008e 416D     		ldr	r1, [r0, #84]
 162 0090 C4F20202 		movt	r2, 16386
 163              	.LBE37:
 164              	.LBE40:
 165              	.LBB41:
 166              	.LBB42:
 167 0094 4FF48053 		mov	r3, #4096
 168              	.LBE42:
 169              	.LBE41:
 170              	.LBB45:
 171              	.LBB38:
ARM GAS  /tmp/ccRUzTJM.s 			page 4


 172 0098 1160     		str	r1, [r2, #0]
 173              		.loc 1 76 0
 174 009a 816D     		ldr	r1, [r0, #88]
 175 009c 5160     		str	r1, [r2, #4]
 176              		.loc 1 77 0
 177 009e C16D     		ldr	r1, [r0, #92]
 178 00a0 9160     		str	r1, [r2, #8]
 179              		.loc 1 78 0
 180 00a2 016E     		ldr	r1, [r0, #96]
 181 00a4 D160     		str	r1, [r2, #12]
 182              		.loc 1 79 0
 183 00a6 416E     		ldr	r1, [r0, #100]
 184 00a8 5161     		str	r1, [r2, #20]
 185              		.loc 1 80 0
 186 00aa 816E     		ldr	r1, [r0, #104]
 187 00ac 1162     		str	r1, [r2, #32]
 188              		.loc 1 81 0
 189 00ae C16E     		ldr	r1, [r0, #108]
 190 00b0 5162     		str	r1, [r2, #36]
 191              	.LVL5:
 192              	.LBE38:
 193              	.LBE45:
 194              	.LBB46:
 195              	.LBB43:
 196              		.loc 1 75 0
 197 00b2 C4F20203 		movt	r3, 16386
 198 00b6 026F     		ldr	r2, [r0, #112]
 199 00b8 1A60     		str	r2, [r3, #0]
 200              		.loc 1 76 0
 201 00ba 416F     		ldr	r1, [r0, #116]
 202 00bc 5960     		str	r1, [r3, #4]
 203              		.loc 1 77 0
 204 00be 826F     		ldr	r2, [r0, #120]
 205 00c0 9A60     		str	r2, [r3, #8]
 206              		.loc 1 78 0
 207 00c2 C16F     		ldr	r1, [r0, #124]
 208 00c4 D960     		str	r1, [r3, #12]
 209              		.loc 1 79 0
 210 00c6 D0F88020 		ldr	r2, [r0, #128]
 211 00ca 5A61     		str	r2, [r3, #20]
 212              		.loc 1 80 0
 213 00cc D0F88410 		ldr	r1, [r0, #132]
 214 00d0 1962     		str	r1, [r3, #32]
 215              		.loc 1 81 0
 216 00d2 D0F88810 		ldr	r1, [r0, #136]
 217              	.LBE43:
 218              	.LBE46:
 219              	.LBB47:
 220              	.LBB48:
 221              		.loc 1 75 0
 222 00d6 4FF4A052 		mov	r2, #5120
 223              	.LBE48:
 224              	.LBE47:
 225              	.LBB51:
 226              	.LBB44:
 227              		.loc 1 81 0
 228 00da 5962     		str	r1, [r3, #36]
ARM GAS  /tmp/ccRUzTJM.s 			page 5


 229              	.LVL6:
 230              	.LBE44:
 231              	.LBE51:
 232              	.LBB52:
 233              	.LBB49:
 234              		.loc 1 75 0
 235 00dc D0F88C10 		ldr	r1, [r0, #140]
 236 00e0 C4F20202 		movt	r2, 16386
 237              	.LBE49:
 238              	.LBE52:
 239              	.LBB53:
 240              	.LBB54:
 241 00e4 4FF4C053 		mov	r3, #6144
 242              	.LBE54:
 243              	.LBE53:
 244              	.LBB58:
 245              	.LBB50:
 246 00e8 1160     		str	r1, [r2, #0]
 247              		.loc 1 76 0
 248 00ea D0F89010 		ldr	r1, [r0, #144]
 249 00ee 5160     		str	r1, [r2, #4]
 250              		.loc 1 77 0
 251 00f0 D0F89410 		ldr	r1, [r0, #148]
 252 00f4 9160     		str	r1, [r2, #8]
 253              		.loc 1 78 0
 254 00f6 D0F89810 		ldr	r1, [r0, #152]
 255 00fa D160     		str	r1, [r2, #12]
 256              		.loc 1 79 0
 257 00fc D0F89C10 		ldr	r1, [r0, #156]
 258 0100 5161     		str	r1, [r2, #20]
 259              		.loc 1 80 0
 260 0102 D0F8A010 		ldr	r1, [r0, #160]
 261 0106 1162     		str	r1, [r2, #32]
 262              		.loc 1 81 0
 263 0108 D0F8A410 		ldr	r1, [r0, #164]
 264 010c 5162     		str	r1, [r2, #36]
 265              	.LVL7:
 266              	.LBE50:
 267              	.LBE58:
 268              	.LBB59:
 269              	.LBB55:
 270              		.loc 1 75 0
 271 010e D0F8A810 		ldr	r1, [r0, #168]
 272 0112 C4F20203 		movt	r3, 16386
 273              	.LBE55:
 274              	.LBE59:
 275              	.LBB60:
 276              	.LBB61:
 277 0116 4FF4E052 		mov	r2, #7168
 278              	.LBE61:
 279              	.LBE60:
 280              	.LBB65:
 281              	.LBB56:
 282 011a 1960     		str	r1, [r3, #0]
 283              		.loc 1 76 0
 284 011c D0F8AC10 		ldr	r1, [r0, #172]
 285 0120 5960     		str	r1, [r3, #4]
ARM GAS  /tmp/ccRUzTJM.s 			page 6


 286              		.loc 1 77 0
 287 0122 D0F8B010 		ldr	r1, [r0, #176]
 288 0126 9960     		str	r1, [r3, #8]
 289              		.loc 1 78 0
 290 0128 D0F8B410 		ldr	r1, [r0, #180]
 291 012c D960     		str	r1, [r3, #12]
 292              		.loc 1 79 0
 293 012e D0F8B810 		ldr	r1, [r0, #184]
 294 0132 5961     		str	r1, [r3, #20]
 295              		.loc 1 80 0
 296 0134 D0F8BC10 		ldr	r1, [r0, #188]
 297 0138 1962     		str	r1, [r3, #32]
 298              		.loc 1 81 0
 299 013a D0F8C010 		ldr	r1, [r0, #192]
 300              	.LBE56:
 301              	.LBE65:
 302              	.LBB66:
 303              	.LBB62:
 304              		.loc 1 75 0
 305 013e C4F20202 		movt	r2, 16386
 306              	.LBE62:
 307              	.LBE66:
 308              	.LBB67:
 309              	.LBB57:
 310              		.loc 1 81 0
 311 0142 5962     		str	r1, [r3, #36]
 312              	.LVL8:
 313              	.LBE57:
 314              	.LBE67:
 315              	.LBB68:
 316              	.LBB63:
 317              		.loc 1 75 0
 318 0144 D0F8C430 		ldr	r3, [r0, #196]
 319 0148 1360     		str	r3, [r2, #0]
 320              		.loc 1 76 0
 321 014a D0F8C810 		ldr	r1, [r0, #200]
 322 014e 5160     		str	r1, [r2, #4]
 323              		.loc 1 77 0
 324 0150 D0F8CC30 		ldr	r3, [r0, #204]
 325 0154 9360     		str	r3, [r2, #8]
 326              		.loc 1 78 0
 327 0156 D0F8D010 		ldr	r1, [r0, #208]
 328 015a D160     		str	r1, [r2, #12]
 329              		.loc 1 79 0
 330 015c D0F8D430 		ldr	r3, [r0, #212]
 331 0160 5361     		str	r3, [r2, #20]
 332              		.loc 1 80 0
 333 0162 D0F8D810 		ldr	r1, [r0, #216]
 334 0166 1162     		str	r1, [r2, #32]
 335              		.loc 1 81 0
 336 0168 D0F8DC10 		ldr	r1, [r0, #220]
 337              	.LBE63:
 338              	.LBE68:
 339              	.LBB69:
 340              	.LBB70:
 341              		.loc 1 75 0
 342 016c 4FF40053 		mov	r3, #8192
ARM GAS  /tmp/ccRUzTJM.s 			page 7


 343              	.LBE70:
 344              	.LBE69:
 345              	.LBB72:
 346              	.LBB64:
 347              		.loc 1 81 0
 348 0170 5162     		str	r1, [r2, #36]
 349              	.LVL9:
 350              	.LBE64:
 351              	.LBE72:
 352              	.LBB73:
 353              	.LBB71:
 354              		.loc 1 75 0
 355 0172 D0F8E020 		ldr	r2, [r0, #224]
 356 0176 C4F20203 		movt	r3, 16386
 357 017a 1A60     		str	r2, [r3, #0]
 358              		.loc 1 76 0
 359 017c D0F8E410 		ldr	r1, [r0, #228]
 360 0180 5960     		str	r1, [r3, #4]
 361              		.loc 1 77 0
 362 0182 D0F8E820 		ldr	r2, [r0, #232]
 363 0186 9A60     		str	r2, [r3, #8]
 364              		.loc 1 78 0
 365 0188 D0F8EC10 		ldr	r1, [r0, #236]
 366 018c D960     		str	r1, [r3, #12]
 367              		.loc 1 79 0
 368 018e D0F8F020 		ldr	r2, [r0, #240]
 369 0192 5A61     		str	r2, [r3, #20]
 370              		.loc 1 80 0
 371 0194 D0F8F410 		ldr	r1, [r0, #244]
 372 0198 1962     		str	r1, [r3, #32]
 373              		.loc 1 81 0
 374 019a D0F8F800 		ldr	r0, [r0, #248]
 375              	.LVL10:
 376 019e 5862     		str	r0, [r3, #36]
 377 01a0 7047     		bx	lr
 378              	.LBE71:
 379              	.LBE73:
 380              		.cfi_endproc
 381              	.LFE119:
 382              		.size	_pal_lld_init, .-_pal_lld_init
 383 01a2 00BFAFF3 		.section	.text._pal_lld_setgroupmode,"ax",%progbits
 383      0080AFF3 
 383      0080AFF3 
 383      0080
 384              		.align	2
 385              		.p2align 4,,15
 386              		.global	_pal_lld_setgroupmode
 387              		.thumb
 388              		.thumb_func
 389              		.type	_pal_lld_setgroupmode, %function
 390              	_pal_lld_setgroupmode:
 391              	.LFB120:
 392              		.loc 1 155 0
 393              		.cfi_startproc
 394              		@ args = 0, pretend = 0, frame = 0
 395              		@ frame_needed = 0, uses_anonymous_args = 0
 396              		@ link register save eliminated.
ARM GAS  /tmp/ccRUzTJM.s 			page 8


 397              	.LVL11:
 398 0000 2DE9F00F 		push	{r4, r5, r6, r7, r8, r9, sl, fp}
 399              	.LCFI0:
 400              		.cfi_def_cfa_offset 32
 401              		.cfi_offset 4, -32
 402              		.cfi_offset 5, -28
 403              		.cfi_offset 6, -24
 404              		.cfi_offset 7, -20
 405              		.cfi_offset 8, -16
 406              		.cfi_offset 9, -12
 407              		.cfi_offset 10, -8
 408              		.cfi_offset 11, -4
 409              		.loc 1 162 0
 410 0004 0023     		movs	r3, #0
 411              		.loc 1 157 0
 412 0006 02F00307 		and	r7, r2, #3
 413              	.LVL12:
 414              		.loc 1 158 0
 415 000a C2F38006 		ubfx	r6, r2, #2, #1
 416              	.LVL13:
 417              		.loc 1 159 0
 418 000e C2F3C105 		ubfx	r5, r2, #3, #2
 419              	.LVL14:
 420              		.loc 1 160 0
 421 0012 C2F34114 		ubfx	r4, r2, #5, #2
 422              	.LVL15:
 423              	.LBB74:
 424              		.loc 1 168 0
 425 0016 4FF00F09 		mov	r9, #15
 426              	.LBE74:
 427              		.loc 1 161 0
 428 001a C2F3C312 		ubfx	r2, r2, #7, #4
 429              	.LVL16:
 430              	.LBB75:
 431              		.loc 1 173 0
 432 001e 4FF0010A 		mov	sl, #1
 433 0022 38E0     		b	.L7
 434              	.LVL17:
 435              	.L12:
 436              		.loc 1 170 0
 437 0024 D0F820B0 		ldr	fp, [r0, #32]
 438 0028 2BEA0C0C 		bic	ip, fp, ip
 439              	.LVL18:
 440 002c 4CEA0808 		orr	r8, ip, r8
 441              	.LVL19:
 442 0030 C0F82080 		str	r8, [r0, #32]
 443              	.L5:
 444              	.LVL20:
 445              		.loc 1 174 0
 446 0034 D0F804B0 		ldr	fp, [r0, #4]
 447              		.loc 1 173 0
 448 0038 0AFA03FC 		lsl	ip, sl, r3
 449              		.loc 1 174 0
 450 003c 2BEA0C08 		bic	r8, fp, ip
 451 0040 48EA060B 		orr	fp, r8, r6
 452 0044 C0F804B0 		str	fp, [r0, #4]
 453              	.LVL21:
ARM GAS  /tmp/ccRUzTJM.s 			page 9


 454              		.loc 1 153 0
 455 0048 4FEA430C 		lsl	ip, r3, #1
 456              		.loc 1 175 0
 457 004c 4FF0030B 		mov	fp, #3
 458              		.loc 1 176 0
 459 0050 D0F80880 		ldr	r8, [r0, #8]
 460              		.loc 1 175 0
 461 0054 0BFA0CFC 		lsl	ip, fp, ip
 462              	.LVL22:
 463              		.loc 1 176 0
 464 0058 6FEA0C0C 		mvn	ip, ip
 465              	.LVL23:
 466 005c 0CEA0808 		and	r8, ip, r8
 467 0060 48EA0508 		orr	r8, r8, r5
 468 0064 C0F80880 		str	r8, [r0, #8]
 469              		.loc 1 177 0
 470 0068 D0F80C80 		ldr	r8, [r0, #12]
 471 006c 0CEA0808 		and	r8, ip, r8
 472 0070 48EA0408 		orr	r8, r8, r4
 473 0074 C0F80C80 		str	r8, [r0, #12]
 474              		.loc 1 178 0
 475 0078 D0F80080 		ldr	r8, [r0, #0]
 476 007c 0CEA080C 		and	ip, ip, r8
 477              	.LVL24:
 478 0080 4CEA070C 		orr	ip, ip, r7
 479 0084 C0F800C0 		str	ip, [r0, #0]
 480              	.LVL25:
 481              	.L3:
 482              	.LBE75:
 483              		.loc 1 181 0
 484 0088 4908     		lsrs	r1, r1, #1
 485              	.LVL26:
 486 008a 1AD0     		beq	.L2
 487              		.loc 1 183 0
 488 008c 7600     		lsls	r6, r6, #1
 489              	.LVL27:
 490              		.loc 1 184 0
 491 008e AD00     		lsls	r5, r5, #2
 492              	.LVL28:
 493              		.loc 1 185 0
 494 0090 A400     		lsls	r4, r4, #2
 495              	.LVL29:
 496              		.loc 1 186 0
 497 0092 BF00     		lsls	r7, r7, #2
 498              	.LVL30:
 499              		.loc 1 187 0
 500 0094 0133     		adds	r3, r3, #1
 501              	.LVL31:
 502              	.L7:
 503              	.LBB76:
 504              		.loc 1 167 0
 505 0096 03F0070C 		and	ip, r3, #7
 506 009a 4FEA8C0C 		lsl	ip, ip, #2
 507              	.LBE76:
 508              		.loc 1 164 0
 509 009e 11F0010F 		tst	r1, #1
 510              	.LBB77:
ARM GAS  /tmp/ccRUzTJM.s 			page 10


 511              		.loc 1 167 0
 512 00a2 02FA0CF8 		lsl	r8, r2, ip
 513              	.LVL32:
 514              		.loc 1 168 0
 515 00a6 09FA0CFC 		lsl	ip, r9, ip
 516              	.LVL33:
 517              	.LBE77:
 518              		.loc 1 164 0
 519 00aa EDD0     		beq	.L3
 520              	.LBB78:
 521              		.loc 1 169 0
 522 00ac 072B     		cmp	r3, #7
 523 00ae B9D9     		bls	.L12
 524              		.loc 1 172 0
 525 00b0 D0F824B0 		ldr	fp, [r0, #36]
 526 00b4 2BEA0C0C 		bic	ip, fp, ip
 527              	.LVL34:
 528 00b8 4CEA0808 		orr	r8, ip, r8
 529              	.LVL35:
 530 00bc C0F82480 		str	r8, [r0, #36]
 531 00c0 B8E7     		b	.L5
 532              	.L2:
 533              	.LBE78:
 534              		.loc 1 189 0
 535 00c2 BDE8F00F 		pop	{r4, r5, r6, r7, r8, r9, sl, fp}
 536 00c6 7047     		bx	lr
 537              		.cfi_endproc
 538              	.LFE120:
 539              		.size	_pal_lld_setgroupmode, .-_pal_lld_setgroupmode
 540 00c8 AFF30080 		.text
 540      AFF30080 
 541              	.Letext0:
 542              		.file 2 "/opt/gcc-arm-none-eabi-4_7-2013q1/bin/../lib/gcc/arm-none-eabi/4.7.3/../../../../arm-none
 543              		.file 3 "/home/gokul/ChibiOS_2.5.0/os/hal/platforms/STM32F4xx/stm32f4xx.h"
 544              		.file 4 "/home/gokul/ChibiOS_2.5.0/os/hal/platforms/STM32/GPIOv2/pal_lld.h"
 545              		.file 5 "/home/gokul/ChibiOS_2.5.0/os/ports/common/ARMCMx/CMSIS/include/core_cm4.h"
 546              		.section	.debug_info,"",%progbits
 547              	.Ldebug_info0:
 548 0000 3A070000 		.4byte	0x73a
 549 0004 0200     		.2byte	0x2
 550 0006 00000000 		.4byte	.Ldebug_abbrev0
 551 000a 04       		.byte	0x4
 552 000b 01       		.uleb128 0x1
 553 000c 82010000 		.4byte	.LASF81
 554 0010 01       		.byte	0x1
 555 0011 D5000000 		.4byte	.LASF82
 556 0015 50010000 		.4byte	.Ldebug_ranges0+0x150
 557 0019 00000000 		.4byte	0
 558 001d 00000000 		.4byte	0
 559 0021 00000000 		.4byte	.Ldebug_line0
 560 0025 02       		.uleb128 0x2
 561 0026 04       		.byte	0x4
 562 0027 05       		.byte	0x5
 563 0028 696E7400 		.ascii	"int\000"
 564 002c 03       		.uleb128 0x3
 565 002d 04       		.byte	0x4
 566 002e 07       		.byte	0x7
ARM GAS  /tmp/ccRUzTJM.s 			page 11


 567 002f 55030000 		.4byte	.LASF0
 568 0033 03       		.uleb128 0x3
 569 0034 01       		.byte	0x1
 570 0035 06       		.byte	0x6
 571 0036 F3010000 		.4byte	.LASF1
 572 003a 03       		.uleb128 0x3
 573 003b 01       		.byte	0x1
 574 003c 08       		.byte	0x8
 575 003d DD010000 		.4byte	.LASF2
 576 0041 03       		.uleb128 0x3
 577 0042 02       		.byte	0x2
 578 0043 05       		.byte	0x5
 579 0044 60000000 		.4byte	.LASF3
 580 0048 04       		.uleb128 0x4
 581 0049 2F020000 		.4byte	.LASF5
 582 004d 02       		.byte	0x2
 583 004e 36       		.byte	0x36
 584 004f 53000000 		.4byte	0x53
 585 0053 03       		.uleb128 0x3
 586 0054 02       		.byte	0x2
 587 0055 07       		.byte	0x7
 588 0056 5C020000 		.4byte	.LASF4
 589 005a 04       		.uleb128 0x4
 590 005b 7E020000 		.4byte	.LASF6
 591 005f 02       		.byte	0x2
 592 0060 4F       		.byte	0x4f
 593 0061 65000000 		.4byte	0x65
 594 0065 03       		.uleb128 0x3
 595 0066 04       		.byte	0x4
 596 0067 05       		.byte	0x5
 597 0068 4A010000 		.4byte	.LASF7
 598 006c 04       		.uleb128 0x4
 599 006d 16020000 		.4byte	.LASF8
 600 0071 02       		.byte	0x2
 601 0072 50       		.byte	0x50
 602 0073 77000000 		.4byte	0x77
 603 0077 03       		.uleb128 0x3
 604 0078 04       		.byte	0x4
 605 0079 07       		.byte	0x7
 606 007a 38020000 		.4byte	.LASF9
 607 007e 03       		.uleb128 0x3
 608 007f 08       		.byte	0x8
 609 0080 05       		.byte	0x5
 610 0081 2E010000 		.4byte	.LASF10
 611 0085 03       		.uleb128 0x3
 612 0086 08       		.byte	0x8
 613 0087 07       		.byte	0x7
 614 0088 FF010000 		.4byte	.LASF11
 615 008c 05       		.uleb128 0x5
 616 008d 6C000000 		.4byte	0x6c
 617 0091 03       		.uleb128 0x3
 618 0092 04       		.byte	0x4
 619 0093 07       		.byte	0x7
 620 0094 73000000 		.4byte	.LASF12
 621 0098 03       		.uleb128 0x3
 622 0099 01       		.byte	0x1
 623 009a 08       		.byte	0x8
ARM GAS  /tmp/ccRUzTJM.s 			page 12


 624 009b 79020000 		.4byte	.LASF13
 625 009f 06       		.uleb128 0x6
 626 00a0 6C000000 		.4byte	0x6c
 627 00a4 AF000000 		.4byte	0xaf
 628 00a8 07       		.uleb128 0x7
 629 00a9 91000000 		.4byte	0x91
 630 00ad 01       		.byte	0x1
 631 00ae 00       		.byte	0
 632 00af 05       		.uleb128 0x5
 633 00b0 5A000000 		.4byte	0x5a
 634 00b4 08       		.uleb128 0x8
 635 00b5 88       		.byte	0x88
 636 00b6 03       		.byte	0x3
 637 00b7 DB02     		.2byte	0x2db
 638 00b9 81020000 		.4byte	0x281
 639 00bd 09       		.uleb128 0x9
 640 00be 435200   		.ascii	"CR\000"
 641 00c1 03       		.byte	0x3
 642 00c2 DD02     		.2byte	0x2dd
 643 00c4 8C000000 		.4byte	0x8c
 644 00c8 02       		.byte	0x2
 645 00c9 23       		.byte	0x23
 646 00ca 00       		.uleb128 0
 647 00cb 0A       		.uleb128 0xa
 648 00cc 4F020000 		.4byte	.LASF14
 649 00d0 03       		.byte	0x3
 650 00d1 DE02     		.2byte	0x2de
 651 00d3 8C000000 		.4byte	0x8c
 652 00d7 02       		.byte	0x2
 653 00d8 23       		.byte	0x23
 654 00d9 04       		.uleb128 0x4
 655 00da 0A       		.uleb128 0xa
 656 00db 62030000 		.4byte	.LASF15
 657 00df 03       		.byte	0x3
 658 00e0 DF02     		.2byte	0x2df
 659 00e2 8C000000 		.4byte	0x8c
 660 00e6 02       		.byte	0x2
 661 00e7 23       		.byte	0x23
 662 00e8 08       		.uleb128 0x8
 663 00e9 09       		.uleb128 0x9
 664 00ea 43495200 		.ascii	"CIR\000"
 665 00ee 03       		.byte	0x3
 666 00ef E002     		.2byte	0x2e0
 667 00f1 8C000000 		.4byte	0x8c
 668 00f5 02       		.byte	0x2
 669 00f6 23       		.byte	0x23
 670 00f7 0C       		.uleb128 0xc
 671 00f8 0A       		.uleb128 0xa
 672 00f9 1B030000 		.4byte	.LASF16
 673 00fd 03       		.byte	0x3
 674 00fe E102     		.2byte	0x2e1
 675 0100 8C000000 		.4byte	0x8c
 676 0104 02       		.byte	0x2
 677 0105 23       		.byte	0x23
 678 0106 10       		.uleb128 0x10
 679 0107 0A       		.uleb128 0xa
 680 0108 26020000 		.4byte	.LASF17
ARM GAS  /tmp/ccRUzTJM.s 			page 13


 681 010c 03       		.byte	0x3
 682 010d E202     		.2byte	0x2e2
 683 010f 8C000000 		.4byte	0x8c
 684 0113 02       		.byte	0x2
 685 0114 23       		.byte	0x23
 686 0115 14       		.uleb128 0x14
 687 0116 0A       		.uleb128 0xa
 688 0117 31030000 		.4byte	.LASF18
 689 011b 03       		.byte	0x3
 690 011c E302     		.2byte	0x2e3
 691 011e 8C000000 		.4byte	0x8c
 692 0122 02       		.byte	0x2
 693 0123 23       		.byte	0x23
 694 0124 18       		.uleb128 0x18
 695 0125 0A       		.uleb128 0xa
 696 0126 AB020000 		.4byte	.LASF19
 697 012a 03       		.byte	0x3
 698 012b E402     		.2byte	0x2e4
 699 012d 6C000000 		.4byte	0x6c
 700 0131 02       		.byte	0x2
 701 0132 23       		.byte	0x23
 702 0133 1C       		.uleb128 0x1c
 703 0134 0A       		.uleb128 0xa
 704 0135 27000000 		.4byte	.LASF20
 705 0139 03       		.byte	0x3
 706 013a E502     		.2byte	0x2e5
 707 013c 8C000000 		.4byte	0x8c
 708 0140 02       		.byte	0x2
 709 0141 23       		.byte	0x23
 710 0142 20       		.uleb128 0x20
 711 0143 0A       		.uleb128 0xa
 712 0144 6C010000 		.4byte	.LASF21
 713 0148 03       		.byte	0x3
 714 0149 E602     		.2byte	0x2e6
 715 014b 8C000000 		.4byte	0x8c
 716 014f 02       		.byte	0x2
 717 0150 23       		.byte	0x23
 718 0151 24       		.uleb128 0x24
 719 0152 0A       		.uleb128 0xa
 720 0153 B5020000 		.4byte	.LASF22
 721 0157 03       		.byte	0x3
 722 0158 E702     		.2byte	0x2e7
 723 015a 9F000000 		.4byte	0x9f
 724 015e 02       		.byte	0x2
 725 015f 23       		.byte	0x23
 726 0160 28       		.uleb128 0x28
 727 0161 0A       		.uleb128 0xa
 728 0162 F8020000 		.4byte	.LASF23
 729 0166 03       		.byte	0x3
 730 0167 E802     		.2byte	0x2e8
 731 0169 8C000000 		.4byte	0x8c
 732 016d 02       		.byte	0x2
 733 016e 23       		.byte	0x23
 734 016f 30       		.uleb128 0x30
 735 0170 0A       		.uleb128 0xa
 736 0171 30000000 		.4byte	.LASF24
 737 0175 03       		.byte	0x3
ARM GAS  /tmp/ccRUzTJM.s 			page 14


 738 0176 E902     		.2byte	0x2e9
 739 0178 8C000000 		.4byte	0x8c
 740 017c 02       		.byte	0x2
 741 017d 23       		.byte	0x23
 742 017e 34       		.uleb128 0x34
 743 017f 0A       		.uleb128 0xa
 744 0180 1E010000 		.4byte	.LASF25
 745 0184 03       		.byte	0x3
 746 0185 EA02     		.2byte	0x2ea
 747 0187 8C000000 		.4byte	0x8c
 748 018b 02       		.byte	0x2
 749 018c 23       		.byte	0x23
 750 018d 38       		.uleb128 0x38
 751 018e 0A       		.uleb128 0xa
 752 018f BF020000 		.4byte	.LASF26
 753 0193 03       		.byte	0x3
 754 0194 EB02     		.2byte	0x2eb
 755 0196 6C000000 		.4byte	0x6c
 756 019a 02       		.byte	0x2
 757 019b 23       		.byte	0x23
 758 019c 3C       		.uleb128 0x3c
 759 019d 0A       		.uleb128 0xa
 760 019e C0000000 		.4byte	.LASF27
 761 01a2 03       		.byte	0x3
 762 01a3 EC02     		.2byte	0x2ec
 763 01a5 8C000000 		.4byte	0x8c
 764 01a9 02       		.byte	0x2
 765 01aa 23       		.byte	0x23
 766 01ab 40       		.uleb128 0x40
 767 01ac 0A       		.uleb128 0xa
 768 01ad EB010000 		.4byte	.LASF28
 769 01b1 03       		.byte	0x3
 770 01b2 ED02     		.2byte	0x2ed
 771 01b4 8C000000 		.4byte	0x8c
 772 01b8 02       		.byte	0x2
 773 01b9 23       		.byte	0x23
 774 01ba 44       		.uleb128 0x44
 775 01bb 0A       		.uleb128 0xa
 776 01bc C9020000 		.4byte	.LASF29
 777 01c0 03       		.byte	0x3
 778 01c1 EE02     		.2byte	0x2ee
 779 01c3 9F000000 		.4byte	0x9f
 780 01c7 02       		.byte	0x2
 781 01c8 23       		.byte	0x23
 782 01c9 48       		.uleb128 0x48
 783 01ca 0A       		.uleb128 0xa
 784 01cb 00000000 		.4byte	.LASF30
 785 01cf 03       		.byte	0x3
 786 01d0 EF02     		.2byte	0x2ef
 787 01d2 8C000000 		.4byte	0x8c
 788 01d6 02       		.byte	0x2
 789 01d7 23       		.byte	0x23
 790 01d8 50       		.uleb128 0x50
 791 01d9 0A       		.uleb128 0xa
 792 01da 95020000 		.4byte	.LASF31
 793 01de 03       		.byte	0x3
 794 01df F002     		.2byte	0x2f0
ARM GAS  /tmp/ccRUzTJM.s 			page 15


 795 01e1 8C000000 		.4byte	0x8c
 796 01e5 02       		.byte	0x2
 797 01e6 23       		.byte	0x23
 798 01e7 54       		.uleb128 0x54
 799 01e8 0A       		.uleb128 0xa
 800 01e9 A6000000 		.4byte	.LASF32
 801 01ed 03       		.byte	0x3
 802 01ee F102     		.2byte	0x2f1
 803 01f0 8C000000 		.4byte	0x8c
 804 01f4 02       		.byte	0x2
 805 01f5 23       		.byte	0x23
 806 01f6 58       		.uleb128 0x58
 807 01f7 0A       		.uleb128 0xa
 808 01f8 D3020000 		.4byte	.LASF33
 809 01fc 03       		.byte	0x3
 810 01fd F202     		.2byte	0x2f2
 811 01ff 6C000000 		.4byte	0x6c
 812 0203 02       		.byte	0x2
 813 0204 23       		.byte	0x23
 814 0205 5C       		.uleb128 0x5c
 815 0206 0A       		.uleb128 0xa
 816 0207 6F020000 		.4byte	.LASF34
 817 020b 03       		.byte	0x3
 818 020c F302     		.2byte	0x2f3
 819 020e 8C000000 		.4byte	0x8c
 820 0212 02       		.byte	0x2
 821 0213 23       		.byte	0x23
 822 0214 60       		.uleb128 0x60
 823 0215 0A       		.uleb128 0xa
 824 0216 6C030000 		.4byte	.LASF35
 825 021a 03       		.byte	0x3
 826 021b F402     		.2byte	0x2f4
 827 021d 8C000000 		.4byte	0x8c
 828 0221 02       		.byte	0x2
 829 0222 23       		.byte	0x23
 830 0223 64       		.uleb128 0x64
 831 0224 0A       		.uleb128 0xa
 832 0225 DD020000 		.4byte	.LASF36
 833 0229 03       		.byte	0x3
 834 022a F502     		.2byte	0x2f5
 835 022c 9F000000 		.4byte	0x9f
 836 0230 02       		.byte	0x2
 837 0231 23       		.byte	0x23
 838 0232 68       		.uleb128 0x68
 839 0233 0A       		.uleb128 0xa
 840 0234 7C000000 		.4byte	.LASF37
 841 0238 03       		.byte	0x3
 842 0239 F602     		.2byte	0x2f6
 843 023b 8C000000 		.4byte	0x8c
 844 023f 02       		.byte	0x2
 845 0240 23       		.byte	0x23
 846 0241 70       		.uleb128 0x70
 847 0242 09       		.uleb128 0x9
 848 0243 43535200 		.ascii	"CSR\000"
 849 0247 03       		.byte	0x3
 850 0248 F702     		.2byte	0x2f7
 851 024a 8C000000 		.4byte	0x8c
ARM GAS  /tmp/ccRUzTJM.s 			page 16


 852 024e 02       		.byte	0x2
 853 024f 23       		.byte	0x23
 854 0250 74       		.uleb128 0x74
 855 0251 0A       		.uleb128 0xa
 856 0252 E7020000 		.4byte	.LASF38
 857 0256 03       		.byte	0x3
 858 0257 F802     		.2byte	0x2f8
 859 0259 9F000000 		.4byte	0x9f
 860 025d 02       		.byte	0x2
 861 025e 23       		.byte	0x23
 862 025f 78       		.uleb128 0x78
 863 0260 0A       		.uleb128 0xa
 864 0261 99000000 		.4byte	.LASF39
 865 0265 03       		.byte	0x3
 866 0266 F902     		.2byte	0x2f9
 867 0268 8C000000 		.4byte	0x8c
 868 026c 03       		.byte	0x3
 869 026d 23       		.byte	0x23
 870 026e 8001     		.uleb128 0x80
 871 0270 0A       		.uleb128 0xa
 872 0271 88000000 		.4byte	.LASF40
 873 0275 03       		.byte	0x3
 874 0276 FA02     		.2byte	0x2fa
 875 0278 8C000000 		.4byte	0x8c
 876 027c 03       		.byte	0x3
 877 027d 23       		.byte	0x23
 878 027e 8401     		.uleb128 0x84
 879 0280 00       		.byte	0
 880 0281 0B       		.uleb128 0xb
 881 0282 5A010000 		.4byte	.LASF41
 882 0286 03       		.byte	0x3
 883 0287 FB02     		.2byte	0x2fb
 884 0289 B4000000 		.4byte	0xb4
 885 028d 0C       		.uleb128 0xc
 886 028e 04       		.byte	0x4
 887 028f 04       		.byte	0x4
 888 0290 96       		.byte	0x96
 889 0291 B2020000 		.4byte	0x2b2
 890 0295 0D       		.uleb128 0xd
 891 0296 73657400 		.ascii	"set\000"
 892 029a 04       		.byte	0x4
 893 029b 97       		.byte	0x97
 894 029c 48000000 		.4byte	0x48
 895 02a0 02       		.byte	0x2
 896 02a1 23       		.byte	0x23
 897 02a2 00       		.uleb128 0
 898 02a3 0E       		.uleb128 0xe
 899 02a4 75010000 		.4byte	.LASF42
 900 02a8 04       		.byte	0x4
 901 02a9 98       		.byte	0x98
 902 02aa 48000000 		.4byte	0x48
 903 02ae 02       		.byte	0x2
 904 02af 23       		.byte	0x23
 905 02b0 02       		.uleb128 0x2
 906 02b1 00       		.byte	0
 907 02b2 0F       		.uleb128 0xf
 908 02b3 04       		.byte	0x4
ARM GAS  /tmp/ccRUzTJM.s 			page 17


 909 02b4 04       		.byte	0x4
 910 02b5 94       		.byte	0x94
 911 02b6 CD020000 		.4byte	0x2cd
 912 02ba 10       		.uleb128 0x10
 913 02bb 5700     		.ascii	"W\000"
 914 02bd 04       		.byte	0x4
 915 02be 95       		.byte	0x95
 916 02bf 6C000000 		.4byte	0x6c
 917 02c3 10       		.uleb128 0x10
 918 02c4 4800     		.ascii	"H\000"
 919 02c6 04       		.byte	0x4
 920 02c7 99       		.byte	0x99
 921 02c8 8D020000 		.4byte	0x28d
 922 02cc 00       		.byte	0
 923 02cd 0C       		.uleb128 0xc
 924 02ce 28       		.byte	0x28
 925 02cf 04       		.byte	0x4
 926 02d0 8C       		.byte	0x8c
 927 02d1 62030000 		.4byte	0x362
 928 02d5 0E       		.uleb128 0xe
 929 02d6 66010000 		.4byte	.LASF43
 930 02da 04       		.byte	0x4
 931 02db 8E       		.byte	0x8e
 932 02dc 8C000000 		.4byte	0x8c
 933 02e0 02       		.byte	0x2
 934 02e1 23       		.byte	0x23
 935 02e2 00       		.uleb128 0
 936 02e3 0E       		.uleb128 0xe
 937 02e4 17010000 		.4byte	.LASF44
 938 02e8 04       		.byte	0x4
 939 02e9 8F       		.byte	0x8f
 940 02ea 8C000000 		.4byte	0x8c
 941 02ee 02       		.byte	0x2
 942 02ef 23       		.byte	0x23
 943 02f0 04       		.uleb128 0x4
 944 02f1 0E       		.uleb128 0xe
 945 02f2 26010000 		.4byte	.LASF45
 946 02f6 04       		.byte	0x4
 947 02f7 90       		.byte	0x90
 948 02f8 8C000000 		.4byte	0x8c
 949 02fc 02       		.byte	0x2
 950 02fd 23       		.byte	0x23
 951 02fe 08       		.uleb128 0x8
 952 02ff 0E       		.uleb128 0xe
 953 0300 3C010000 		.4byte	.LASF46
 954 0304 04       		.byte	0x4
 955 0305 91       		.byte	0x91
 956 0306 8C000000 		.4byte	0x8c
 957 030a 02       		.byte	0x2
 958 030b 23       		.byte	0x23
 959 030c 0C       		.uleb128 0xc
 960 030d 0D       		.uleb128 0xd
 961 030e 49445200 		.ascii	"IDR\000"
 962 0312 04       		.byte	0x4
 963 0313 92       		.byte	0x92
 964 0314 8C000000 		.4byte	0x8c
 965 0318 02       		.byte	0x2
ARM GAS  /tmp/ccRUzTJM.s 			page 18


 966 0319 23       		.byte	0x23
 967 031a 10       		.uleb128 0x10
 968 031b 0D       		.uleb128 0xd
 969 031c 4F445200 		.ascii	"ODR\000"
 970 0320 04       		.byte	0x4
 971 0321 93       		.byte	0x93
 972 0322 8C000000 		.4byte	0x8c
 973 0326 02       		.byte	0x2
 974 0327 23       		.byte	0x23
 975 0328 14       		.uleb128 0x14
 976 0329 0E       		.uleb128 0xe
 977 032a 76030000 		.4byte	.LASF47
 978 032e 04       		.byte	0x4
 979 032f 9A       		.byte	0x9a
 980 0330 62030000 		.4byte	0x362
 981 0334 02       		.byte	0x2
 982 0335 23       		.byte	0x23
 983 0336 18       		.uleb128 0x18
 984 0337 0E       		.uleb128 0xe
 985 0338 67030000 		.4byte	.LASF48
 986 033c 04       		.byte	0x4
 987 033d 9B       		.byte	0x9b
 988 033e 8C000000 		.4byte	0x8c
 989 0342 02       		.byte	0x2
 990 0343 23       		.byte	0x23
 991 0344 1C       		.uleb128 0x1c
 992 0345 0E       		.uleb128 0xe
 993 0346 57020000 		.4byte	.LASF49
 994 034a 04       		.byte	0x4
 995 034b 9C       		.byte	0x9c
 996 034c 8C000000 		.4byte	0x8c
 997 0350 02       		.byte	0x2
 998 0351 23       		.byte	0x23
 999 0352 20       		.uleb128 0x20
 1000 0353 0E       		.uleb128 0xe
 1001 0354 4A020000 		.4byte	.LASF50
 1002 0358 04       		.byte	0x4
 1003 0359 9D       		.byte	0x9d
 1004 035a 8C000000 		.4byte	0x8c
 1005 035e 02       		.byte	0x2
 1006 035f 23       		.byte	0x23
 1007 0360 24       		.uleb128 0x24
 1008 0361 00       		.byte	0
 1009 0362 05       		.uleb128 0x5
 1010 0363 B2020000 		.4byte	0x2b2
 1011 0367 04       		.uleb128 0x4
 1012 0368 24030000 		.4byte	.LASF51
 1013 036c 04       		.byte	0x4
 1014 036d 9E       		.byte	0x9e
 1015 036e CD020000 		.4byte	0x2cd
 1016 0372 0C       		.uleb128 0xc
 1017 0373 1C       		.byte	0x1c
 1018 0374 04       		.byte	0x4
 1019 0375 A3       		.byte	0xa3
 1020 0376 DD030000 		.4byte	0x3dd
 1021 037a 0E       		.uleb128 0xe
 1022 037b 15030000 		.4byte	.LASF52
ARM GAS  /tmp/ccRUzTJM.s 			page 19


 1023 037f 04       		.byte	0x4
 1024 0380 A5       		.byte	0xa5
 1025 0381 6C000000 		.4byte	0x6c
 1026 0385 02       		.byte	0x2
 1027 0386 23       		.byte	0x23
 1028 0387 00       		.uleb128 0
 1029 0388 0E       		.uleb128 0xe
 1030 0389 1F020000 		.4byte	.LASF53
 1031 038d 04       		.byte	0x4
 1032 038e A7       		.byte	0xa7
 1033 038f 6C000000 		.4byte	0x6c
 1034 0393 02       		.byte	0x2
 1035 0394 23       		.byte	0x23
 1036 0395 04       		.uleb128 0x4
 1037 0396 0E       		.uleb128 0xe
 1038 0397 42010000 		.4byte	.LASF54
 1039 039b 04       		.byte	0x4
 1040 039c A9       		.byte	0xa9
 1041 039d 6C000000 		.4byte	0x6c
 1042 03a1 02       		.byte	0x2
 1043 03a2 23       		.byte	0x23
 1044 03a3 08       		.uleb128 0x8
 1045 03a4 0E       		.uleb128 0xe
 1046 03a5 05030000 		.4byte	.LASF55
 1047 03a9 04       		.byte	0x4
 1048 03aa AB       		.byte	0xab
 1049 03ab 6C000000 		.4byte	0x6c
 1050 03af 02       		.byte	0x2
 1051 03b0 23       		.byte	0x23
 1052 03b1 0C       		.uleb128 0xc
 1053 03b2 0D       		.uleb128 0xd
 1054 03b3 6F647200 		.ascii	"odr\000"
 1055 03b7 04       		.byte	0x4
 1056 03b8 AD       		.byte	0xad
 1057 03b9 6C000000 		.4byte	0x6c
 1058 03bd 02       		.byte	0x2
 1059 03be 23       		.byte	0x23
 1060 03bf 10       		.uleb128 0x10
 1061 03c0 0E       		.uleb128 0xe
 1062 03c1 10030000 		.4byte	.LASF56
 1063 03c5 04       		.byte	0x4
 1064 03c6 AF       		.byte	0xaf
 1065 03c7 6C000000 		.4byte	0x6c
 1066 03cb 02       		.byte	0x2
 1067 03cc 23       		.byte	0x23
 1068 03cd 14       		.uleb128 0x14
 1069 03ce 0E       		.uleb128 0xe
 1070 03cf 0B030000 		.4byte	.LASF57
 1071 03d3 04       		.byte	0x4
 1072 03d4 B1       		.byte	0xb1
 1073 03d5 6C000000 		.4byte	0x6c
 1074 03d9 02       		.byte	0x2
 1075 03da 23       		.byte	0x23
 1076 03db 18       		.uleb128 0x18
 1077 03dc 00       		.byte	0
 1078 03dd 04       		.uleb128 0x4
 1079 03de 38000000 		.4byte	.LASF58
ARM GAS  /tmp/ccRUzTJM.s 			page 20


 1080 03e2 04       		.byte	0x4
 1081 03e3 B2       		.byte	0xb2
 1082 03e4 72030000 		.4byte	0x372
 1083 03e8 0C       		.uleb128 0xc
 1084 03e9 FC       		.byte	0xfc
 1085 03ea 04       		.byte	0x4
 1086 03eb BB       		.byte	0xbb
 1087 03ec 73040000 		.4byte	0x473
 1088 03f0 0E       		.uleb128 0xe
 1089 03f1 CB010000 		.4byte	.LASF59
 1090 03f5 04       		.byte	0x4
 1091 03f6 BD       		.byte	0xbd
 1092 03f7 DD030000 		.4byte	0x3dd
 1093 03fb 02       		.byte	0x2
 1094 03fc 23       		.byte	0x23
 1095 03fd 00       		.uleb128 0
 1096 03fe 0E       		.uleb128 0xe
 1097 03ff 9F000000 		.4byte	.LASF60
 1098 0403 04       		.byte	0x4
 1099 0404 BF       		.byte	0xbf
 1100 0405 DD030000 		.4byte	0x3dd
 1101 0409 02       		.byte	0x2
 1102 040a 23       		.byte	0x23
 1103 040b 1C       		.uleb128 0x1c
 1104 040c 0E       		.uleb128 0xe
 1105 040d 0A000000 		.4byte	.LASF61
 1106 0411 04       		.byte	0x4
 1107 0412 C1       		.byte	0xc1
 1108 0413 DD030000 		.4byte	0x3dd
 1109 0417 02       		.byte	0x2
 1110 0418 23       		.byte	0x23
 1111 0419 38       		.uleb128 0x38
 1112 041a 0E       		.uleb128 0xe
 1113 041b 53010000 		.4byte	.LASF62
 1114 041f 04       		.byte	0x4
 1115 0420 C3       		.byte	0xc3
 1116 0421 DD030000 		.4byte	0x3dd
 1117 0425 02       		.byte	0x2
 1118 0426 23       		.byte	0x23
 1119 0427 54       		.uleb128 0x54
 1120 0428 0E       		.uleb128 0xe
 1121 0429 A4020000 		.4byte	.LASF63
 1122 042d 04       		.byte	0x4
 1123 042e C6       		.byte	0xc6
 1124 042f DD030000 		.4byte	0x3dd
 1125 0433 02       		.byte	0x2
 1126 0434 23       		.byte	0x23
 1127 0435 70       		.uleb128 0x70
 1128 0436 0E       		.uleb128 0xe
 1129 0437 4B000000 		.4byte	.LASF64
 1130 043b 04       		.byte	0x4
 1131 043c CA       		.byte	0xca
 1132 043d DD030000 		.4byte	0x3dd
 1133 0441 03       		.byte	0x3
 1134 0442 23       		.byte	0x23
 1135 0443 8C01     		.uleb128 0x8c
 1136 0445 0E       		.uleb128 0xe
ARM GAS  /tmp/ccRUzTJM.s 			page 21


 1137 0446 7B010000 		.4byte	.LASF65
 1138 044a 04       		.byte	0x4
 1139 044b CE       		.byte	0xce
 1140 044c DD030000 		.4byte	0x3dd
 1141 0450 03       		.byte	0x3
 1142 0451 23       		.byte	0x23
 1143 0452 A801     		.uleb128 0xa8
 1144 0454 0E       		.uleb128 0xe
 1145 0455 F1020000 		.4byte	.LASF66
 1146 0459 04       		.byte	0x4
 1147 045a D2       		.byte	0xd2
 1148 045b DD030000 		.4byte	0x3dd
 1149 045f 03       		.byte	0x3
 1150 0460 23       		.byte	0x23
 1151 0461 C401     		.uleb128 0xc4
 1152 0463 0E       		.uleb128 0xe
 1153 0464 81000000 		.4byte	.LASF67
 1154 0468 04       		.byte	0x4
 1155 0469 D6       		.byte	0xd6
 1156 046a DD030000 		.4byte	0x3dd
 1157 046e 03       		.byte	0x3
 1158 046f 23       		.byte	0x23
 1159 0470 E001     		.uleb128 0xe0
 1160 0472 00       		.byte	0
 1161 0473 04       		.uleb128 0x4
 1162 0474 86020000 		.4byte	.LASF68
 1163 0478 04       		.byte	0x4
 1164 0479 D8       		.byte	0xd8
 1165 047a E8030000 		.4byte	0x3e8
 1166 047e 04       		.uleb128 0x4
 1167 047f C8000000 		.4byte	.LASF69
 1168 0483 04       		.byte	0x4
 1169 0484 E8       		.byte	0xe8
 1170 0485 6C000000 		.4byte	0x6c
 1171 0489 04       		.uleb128 0x4
 1172 048a B7000000 		.4byte	.LASF70
 1173 048e 04       		.byte	0x4
 1174 048f ED       		.byte	0xed
 1175 0490 6C000000 		.4byte	0x6c
 1176 0494 04       		.uleb128 0x4
 1177 0495 D2010000 		.4byte	.LASF71
 1178 0499 04       		.byte	0x4
 1179 049a F5       		.byte	0xf5
 1180 049b 9F040000 		.4byte	0x49f
 1181 049f 11       		.uleb128 0x11
 1182 04a0 04       		.byte	0x4
 1183 04a1 67030000 		.4byte	0x367
 1184 04a5 12       		.uleb128 0x12
 1185 04a6 6A000000 		.4byte	.LASF83
 1186 04aa 01       		.byte	0x1
 1187 04ab 49       		.byte	0x49
 1188 04ac 01       		.byte	0x1
 1189 04ad 01       		.byte	0x1
 1190 04ae C9040000 		.4byte	0x4c9
 1191 04b2 13       		.uleb128 0x13
 1192 04b3 93000000 		.4byte	.LASF72
 1193 04b7 01       		.byte	0x1
ARM GAS  /tmp/ccRUzTJM.s 			page 22


 1194 04b8 49       		.byte	0x49
 1195 04b9 9F040000 		.4byte	0x49f
 1196 04bd 13       		.uleb128 0x13
 1197 04be B0000000 		.4byte	.LASF73
 1198 04c2 01       		.byte	0x1
 1199 04c3 49       		.byte	0x49
 1200 04c4 C9040000 		.4byte	0x4c9
 1201 04c8 00       		.byte	0
 1202 04c9 11       		.uleb128 0x11
 1203 04ca 04       		.byte	0x4
 1204 04cb CF040000 		.4byte	0x4cf
 1205 04cf 14       		.uleb128 0x14
 1206 04d0 DD030000 		.4byte	0x3dd
 1207 04d4 15       		.uleb128 0x15
 1208 04d5 01       		.byte	0x1
 1209 04d6 52000000 		.4byte	.LASF74
 1210 04da 01       		.byte	0x1
 1211 04db 64       		.byte	0x64
 1212 04dc 01       		.byte	0x1
 1213 04dd 00000000 		.4byte	.LFB119
 1214 04e1 A2010000 		.4byte	.LFE119
 1215 04e5 02       		.byte	0x2
 1216 04e6 7D       		.byte	0x7d
 1217 04e7 00       		.sleb128 0
 1218 04e8 01       		.byte	0x1
 1219 04e9 4F060000 		.4byte	0x64f
 1220 04ed 16       		.uleb128 0x16
 1221 04ee B0000000 		.4byte	.LASF73
 1222 04f2 01       		.byte	0x1
 1223 04f3 64       		.byte	0x64
 1224 04f4 4F060000 		.4byte	0x64f
 1225 04f8 00000000 		.4byte	.LLST0
 1226 04fc 17       		.uleb128 0x17
 1227 04fd A5040000 		.4byte	0x4a5
 1228 0501 20000000 		.4byte	.LBB20
 1229 0505 00000000 		.4byte	.Ldebug_ranges0+0
 1230 0509 01       		.byte	0x1
 1231 050a 76       		.byte	0x76
 1232 050b 22050000 		.4byte	0x522
 1233 050f 18       		.uleb128 0x18
 1234 0510 BD040000 		.4byte	0x4bd
 1235 0514 21000000 		.4byte	.LLST1
 1236 0518 19       		.uleb128 0x19
 1237 0519 B2040000 		.4byte	0x4b2
 1238 051d 00000240 		.4byte	0x40020000
 1239 0521 00       		.byte	0
 1240 0522 17       		.uleb128 0x17
 1241 0523 A5040000 		.4byte	0x4a5
 1242 0527 28000000 		.4byte	.LBB23
 1243 052b 18000000 		.4byte	.Ldebug_ranges0+0x18
 1244 052f 01       		.byte	0x1
 1245 0530 77       		.byte	0x77
 1246 0531 48050000 		.4byte	0x548
 1247 0535 18       		.uleb128 0x18
 1248 0536 BD040000 		.4byte	0x4bd
 1249 053a 42000000 		.4byte	.LLST2
 1250 053e 19       		.uleb128 0x19
ARM GAS  /tmp/ccRUzTJM.s 			page 23


 1251 053f B2040000 		.4byte	0x4b2
 1252 0543 00040240 		.4byte	0x40020400
 1253 0547 00       		.byte	0
 1254 0548 17       		.uleb128 0x17
 1255 0549 A5040000 		.4byte	0x4a5
 1256 054d 4C000000 		.4byte	.LBB29
 1257 0551 38000000 		.4byte	.Ldebug_ranges0+0x38
 1258 0555 01       		.byte	0x1
 1259 0556 78       		.byte	0x78
 1260 0557 6E050000 		.4byte	0x56e
 1261 055b 18       		.uleb128 0x18
 1262 055c BD040000 		.4byte	0x4bd
 1263 0560 67000000 		.4byte	.LLST3
 1264 0564 19       		.uleb128 0x19
 1265 0565 B2040000 		.4byte	0x4b2
 1266 0569 00080240 		.4byte	0x40020800
 1267 056d 00       		.byte	0
 1268 056e 17       		.uleb128 0x17
 1269 056f A5040000 		.4byte	0x4a5
 1270 0573 88000000 		.4byte	.LBB35
 1271 0577 58000000 		.4byte	.Ldebug_ranges0+0x58
 1272 057b 01       		.byte	0x1
 1273 057c 79       		.byte	0x79
 1274 057d 94050000 		.4byte	0x594
 1275 0581 18       		.uleb128 0x18
 1276 0582 BD040000 		.4byte	0x4bd
 1277 0586 8C000000 		.4byte	.LLST4
 1278 058a 19       		.uleb128 0x19
 1279 058b B2040000 		.4byte	0x4b2
 1280 058f 000C0240 		.4byte	0x40020c00
 1281 0593 00       		.byte	0
 1282 0594 17       		.uleb128 0x17
 1283 0595 A5040000 		.4byte	0x4a5
 1284 0599 94000000 		.4byte	.LBB41
 1285 059d 78000000 		.4byte	.Ldebug_ranges0+0x78
 1286 05a1 01       		.byte	0x1
 1287 05a2 7B       		.byte	0x7b
 1288 05a3 BA050000 		.4byte	0x5ba
 1289 05a7 18       		.uleb128 0x18
 1290 05a8 BD040000 		.4byte	0x4bd
 1291 05ac B2000000 		.4byte	.LLST5
 1292 05b0 19       		.uleb128 0x19
 1293 05b1 B2040000 		.4byte	0x4b2
 1294 05b5 00100240 		.4byte	0x40021000
 1295 05b9 00       		.byte	0
 1296 05ba 17       		.uleb128 0x17
 1297 05bb A5040000 		.4byte	0x4a5
 1298 05bf D6000000 		.4byte	.LBB47
 1299 05c3 98000000 		.4byte	.Ldebug_ranges0+0x98
 1300 05c7 01       		.byte	0x1
 1301 05c8 7E       		.byte	0x7e
 1302 05c9 E0050000 		.4byte	0x5e0
 1303 05cd 18       		.uleb128 0x18
 1304 05ce BD040000 		.4byte	0x4bd
 1305 05d2 D8000000 		.4byte	.LLST6
 1306 05d6 19       		.uleb128 0x19
 1307 05d7 B2040000 		.4byte	0x4b2
ARM GAS  /tmp/ccRUzTJM.s 			page 24


 1308 05db 00140240 		.4byte	0x40021400
 1309 05df 00       		.byte	0
 1310 05e0 17       		.uleb128 0x17
 1311 05e1 A5040000 		.4byte	0x4a5
 1312 05e5 E4000000 		.4byte	.LBB53
 1313 05e9 B8000000 		.4byte	.Ldebug_ranges0+0xb8
 1314 05ed 01       		.byte	0x1
 1315 05ee 81       		.byte	0x81
 1316 05ef 06060000 		.4byte	0x606
 1317 05f3 18       		.uleb128 0x18
 1318 05f4 BD040000 		.4byte	0x4bd
 1319 05f8 FF000000 		.4byte	.LLST7
 1320 05fc 19       		.uleb128 0x19
 1321 05fd B2040000 		.4byte	0x4b2
 1322 0601 00180240 		.4byte	0x40021800
 1323 0605 00       		.byte	0
 1324 0606 17       		.uleb128 0x17
 1325 0607 A5040000 		.4byte	0x4a5
 1326 060b 16010000 		.4byte	.LBB60
 1327 060f E0000000 		.4byte	.Ldebug_ranges0+0xe0
 1328 0613 01       		.byte	0x1
 1329 0614 84       		.byte	0x84
 1330 0615 2C060000 		.4byte	0x62c
 1331 0619 18       		.uleb128 0x18
 1332 061a BD040000 		.4byte	0x4bd
 1333 061e 26010000 		.4byte	.LLST8
 1334 0622 19       		.uleb128 0x19
 1335 0623 B2040000 		.4byte	0x4b2
 1336 0627 001C0240 		.4byte	0x40021c00
 1337 062b 00       		.byte	0
 1338 062c 1A       		.uleb128 0x1a
 1339 062d A5040000 		.4byte	0x4a5
 1340 0631 6C010000 		.4byte	.LBB69
 1341 0635 08010000 		.4byte	.Ldebug_ranges0+0x108
 1342 0639 01       		.byte	0x1
 1343 063a 87       		.byte	0x87
 1344 063b 18       		.uleb128 0x18
 1345 063c BD040000 		.4byte	0x4bd
 1346 0640 4D010000 		.4byte	.LLST9
 1347 0644 19       		.uleb128 0x19
 1348 0645 B2040000 		.4byte	0x4b2
 1349 0649 00200240 		.4byte	0x40022000
 1350 064d 00       		.byte	0
 1351 064e 00       		.byte	0
 1352 064f 11       		.uleb128 0x11
 1353 0650 04       		.byte	0x4
 1354 0651 55060000 		.4byte	0x655
 1355 0655 14       		.uleb128 0x14
 1356 0656 73040000 		.4byte	0x473
 1357 065a 1B       		.uleb128 0x1b
 1358 065b 01       		.byte	0x1
 1359 065c 11000000 		.4byte	.LASF75
 1360 0660 01       		.byte	0x1
 1361 0661 99       		.byte	0x99
 1362 0662 01       		.byte	0x1
 1363 0663 00000000 		.4byte	.LFB120
 1364 0667 C8000000 		.4byte	.LFE120
ARM GAS  /tmp/ccRUzTJM.s 			page 25


 1365 066b 74010000 		.4byte	.LLST10
 1366 066f 01       		.byte	0x1
 1367 0670 2F070000 		.4byte	0x72f
 1368 0674 1C       		.uleb128 0x1c
 1369 0675 9F020000 		.4byte	.LASF76
 1370 0679 01       		.byte	0x1
 1371 067a 99       		.byte	0x99
 1372 067b 94040000 		.4byte	0x494
 1373 067f 01       		.byte	0x1
 1374 0680 50       		.byte	0x50
 1375 0681 16       		.uleb128 0x16
 1376 0682 00030000 		.4byte	.LASF77
 1377 0686 01       		.byte	0x1
 1378 0687 9A       		.byte	0x9a
 1379 0688 7E040000 		.4byte	0x47e
 1380 068c 94010000 		.4byte	.LLST11
 1381 0690 16       		.uleb128 0x16
 1382 0691 90020000 		.4byte	.LASF78
 1383 0695 01       		.byte	0x1
 1384 0696 9B       		.byte	0x9b
 1385 0697 89040000 		.4byte	0x489
 1386 069b C1010000 		.4byte	.LLST12
 1387 069f 1D       		.uleb128 0x1d
 1388 06a0 15030000 		.4byte	.LASF52
 1389 06a4 01       		.byte	0x1
 1390 06a5 9D       		.byte	0x9d
 1391 06a6 6C000000 		.4byte	0x6c
 1392 06aa 01       		.byte	0x1
 1393 06ab 57       		.byte	0x57
 1394 06ac 1D       		.uleb128 0x1d
 1395 06ad 1F020000 		.4byte	.LASF53
 1396 06b1 01       		.byte	0x1
 1397 06b2 9E       		.byte	0x9e
 1398 06b3 6C000000 		.4byte	0x6c
 1399 06b7 01       		.byte	0x1
 1400 06b8 56       		.byte	0x56
 1401 06b9 1D       		.uleb128 0x1d
 1402 06ba 42010000 		.4byte	.LASF54
 1403 06be 01       		.byte	0x1
 1404 06bf 9F       		.byte	0x9f
 1405 06c0 6C000000 		.4byte	0x6c
 1406 06c4 01       		.byte	0x1
 1407 06c5 55       		.byte	0x55
 1408 06c6 1D       		.uleb128 0x1d
 1409 06c7 05030000 		.4byte	.LASF55
 1410 06cb 01       		.byte	0x1
 1411 06cc A0       		.byte	0xa0
 1412 06cd 6C000000 		.4byte	0x6c
 1413 06d1 01       		.byte	0x1
 1414 06d2 54       		.byte	0x54
 1415 06d3 1D       		.uleb128 0x1d
 1416 06d4 3A030000 		.4byte	.LASF79
 1417 06d8 01       		.byte	0x1
 1418 06d9 A1       		.byte	0xa1
 1419 06da 6C000000 		.4byte	0x6c
 1420 06de 01       		.byte	0x1
 1421 06df 52       		.byte	0x52
ARM GAS  /tmp/ccRUzTJM.s 			page 26


 1422 06e0 1E       		.uleb128 0x1e
 1423 06e1 62697400 		.ascii	"bit\000"
 1424 06e5 01       		.byte	0x1
 1425 06e6 A2       		.byte	0xa2
 1426 06e7 6C000000 		.4byte	0x6c
 1427 06eb E2010000 		.4byte	.LLST13
 1428 06ef 1F       		.uleb128 0x1f
 1429 06f0 20010000 		.4byte	.Ldebug_ranges0+0x120
 1430 06f4 20       		.uleb128 0x20
 1431 06f5 4C030000 		.4byte	.LASF80
 1432 06f9 01       		.byte	0x1
 1433 06fa A5       		.byte	0xa5
 1434 06fb 6C000000 		.4byte	0x6c
 1435 06ff 01020000 		.4byte	.LLST14
 1436 0703 1E       		.uleb128 0x1e
 1437 0704 6D3100   		.ascii	"m1\000"
 1438 0707 01       		.byte	0x1
 1439 0708 A5       		.byte	0xa5
 1440 0709 6C000000 		.4byte	0x6c
 1441 070d 47020000 		.4byte	.LLST15
 1442 0711 1E       		.uleb128 0x1e
 1443 0712 6D3200   		.ascii	"m2\000"
 1444 0715 01       		.byte	0x1
 1445 0716 A5       		.byte	0xa5
 1446 0717 6C000000 		.4byte	0x6c
 1447 071b 5E020000 		.4byte	.LLST16
 1448 071f 1E       		.uleb128 0x1e
 1449 0720 6D3400   		.ascii	"m4\000"
 1450 0723 01       		.byte	0x1
 1451 0724 A5       		.byte	0xa5
 1452 0725 6C000000 		.4byte	0x6c
 1453 0729 A1020000 		.4byte	.LLST17
 1454 072d 00       		.byte	0
 1455 072e 00       		.byte	0
 1456 072f 21       		.uleb128 0x21
 1457 0730 3F030000 		.4byte	.LASF84
 1458 0734 05       		.byte	0x5
 1459 0735 9806     		.2byte	0x698
 1460 0737 AF000000 		.4byte	0xaf
 1461 073b 01       		.byte	0x1
 1462 073c 01       		.byte	0x1
 1463 073d 00       		.byte	0
 1464              		.section	.debug_abbrev,"",%progbits
 1465              	.Ldebug_abbrev0:
 1466 0000 01       		.uleb128 0x1
 1467 0001 11       		.uleb128 0x11
 1468 0002 01       		.byte	0x1
 1469 0003 25       		.uleb128 0x25
 1470 0004 0E       		.uleb128 0xe
 1471 0005 13       		.uleb128 0x13
 1472 0006 0B       		.uleb128 0xb
 1473 0007 03       		.uleb128 0x3
 1474 0008 0E       		.uleb128 0xe
 1475 0009 55       		.uleb128 0x55
 1476 000a 06       		.uleb128 0x6
 1477 000b 11       		.uleb128 0x11
 1478 000c 01       		.uleb128 0x1
ARM GAS  /tmp/ccRUzTJM.s 			page 27


 1479 000d 52       		.uleb128 0x52
 1480 000e 01       		.uleb128 0x1
 1481 000f 10       		.uleb128 0x10
 1482 0010 06       		.uleb128 0x6
 1483 0011 00       		.byte	0
 1484 0012 00       		.byte	0
 1485 0013 02       		.uleb128 0x2
 1486 0014 24       		.uleb128 0x24
 1487 0015 00       		.byte	0
 1488 0016 0B       		.uleb128 0xb
 1489 0017 0B       		.uleb128 0xb
 1490 0018 3E       		.uleb128 0x3e
 1491 0019 0B       		.uleb128 0xb
 1492 001a 03       		.uleb128 0x3
 1493 001b 08       		.uleb128 0x8
 1494 001c 00       		.byte	0
 1495 001d 00       		.byte	0
 1496 001e 03       		.uleb128 0x3
 1497 001f 24       		.uleb128 0x24
 1498 0020 00       		.byte	0
 1499 0021 0B       		.uleb128 0xb
 1500 0022 0B       		.uleb128 0xb
 1501 0023 3E       		.uleb128 0x3e
 1502 0024 0B       		.uleb128 0xb
 1503 0025 03       		.uleb128 0x3
 1504 0026 0E       		.uleb128 0xe
 1505 0027 00       		.byte	0
 1506 0028 00       		.byte	0
 1507 0029 04       		.uleb128 0x4
 1508 002a 16       		.uleb128 0x16
 1509 002b 00       		.byte	0
 1510 002c 03       		.uleb128 0x3
 1511 002d 0E       		.uleb128 0xe
 1512 002e 3A       		.uleb128 0x3a
 1513 002f 0B       		.uleb128 0xb
 1514 0030 3B       		.uleb128 0x3b
 1515 0031 0B       		.uleb128 0xb
 1516 0032 49       		.uleb128 0x49
 1517 0033 13       		.uleb128 0x13
 1518 0034 00       		.byte	0
 1519 0035 00       		.byte	0
 1520 0036 05       		.uleb128 0x5
 1521 0037 35       		.uleb128 0x35
 1522 0038 00       		.byte	0
 1523 0039 49       		.uleb128 0x49
 1524 003a 13       		.uleb128 0x13
 1525 003b 00       		.byte	0
 1526 003c 00       		.byte	0
 1527 003d 06       		.uleb128 0x6
 1528 003e 01       		.uleb128 0x1
 1529 003f 01       		.byte	0x1
 1530 0040 49       		.uleb128 0x49
 1531 0041 13       		.uleb128 0x13
 1532 0042 01       		.uleb128 0x1
 1533 0043 13       		.uleb128 0x13
 1534 0044 00       		.byte	0
 1535 0045 00       		.byte	0
ARM GAS  /tmp/ccRUzTJM.s 			page 28


 1536 0046 07       		.uleb128 0x7
 1537 0047 21       		.uleb128 0x21
 1538 0048 00       		.byte	0
 1539 0049 49       		.uleb128 0x49
 1540 004a 13       		.uleb128 0x13
 1541 004b 2F       		.uleb128 0x2f
 1542 004c 0B       		.uleb128 0xb
 1543 004d 00       		.byte	0
 1544 004e 00       		.byte	0
 1545 004f 08       		.uleb128 0x8
 1546 0050 13       		.uleb128 0x13
 1547 0051 01       		.byte	0x1
 1548 0052 0B       		.uleb128 0xb
 1549 0053 0B       		.uleb128 0xb
 1550 0054 3A       		.uleb128 0x3a
 1551 0055 0B       		.uleb128 0xb
 1552 0056 3B       		.uleb128 0x3b
 1553 0057 05       		.uleb128 0x5
 1554 0058 01       		.uleb128 0x1
 1555 0059 13       		.uleb128 0x13
 1556 005a 00       		.byte	0
 1557 005b 00       		.byte	0
 1558 005c 09       		.uleb128 0x9
 1559 005d 0D       		.uleb128 0xd
 1560 005e 00       		.byte	0
 1561 005f 03       		.uleb128 0x3
 1562 0060 08       		.uleb128 0x8
 1563 0061 3A       		.uleb128 0x3a
 1564 0062 0B       		.uleb128 0xb
 1565 0063 3B       		.uleb128 0x3b
 1566 0064 05       		.uleb128 0x5
 1567 0065 49       		.uleb128 0x49
 1568 0066 13       		.uleb128 0x13
 1569 0067 38       		.uleb128 0x38
 1570 0068 0A       		.uleb128 0xa
 1571 0069 00       		.byte	0
 1572 006a 00       		.byte	0
 1573 006b 0A       		.uleb128 0xa
 1574 006c 0D       		.uleb128 0xd
 1575 006d 00       		.byte	0
 1576 006e 03       		.uleb128 0x3
 1577 006f 0E       		.uleb128 0xe
 1578 0070 3A       		.uleb128 0x3a
 1579 0071 0B       		.uleb128 0xb
 1580 0072 3B       		.uleb128 0x3b
 1581 0073 05       		.uleb128 0x5
 1582 0074 49       		.uleb128 0x49
 1583 0075 13       		.uleb128 0x13
 1584 0076 38       		.uleb128 0x38
 1585 0077 0A       		.uleb128 0xa
 1586 0078 00       		.byte	0
 1587 0079 00       		.byte	0
 1588 007a 0B       		.uleb128 0xb
 1589 007b 16       		.uleb128 0x16
 1590 007c 00       		.byte	0
 1591 007d 03       		.uleb128 0x3
 1592 007e 0E       		.uleb128 0xe
ARM GAS  /tmp/ccRUzTJM.s 			page 29


 1593 007f 3A       		.uleb128 0x3a
 1594 0080 0B       		.uleb128 0xb
 1595 0081 3B       		.uleb128 0x3b
 1596 0082 05       		.uleb128 0x5
 1597 0083 49       		.uleb128 0x49
 1598 0084 13       		.uleb128 0x13
 1599 0085 00       		.byte	0
 1600 0086 00       		.byte	0
 1601 0087 0C       		.uleb128 0xc
 1602 0088 13       		.uleb128 0x13
 1603 0089 01       		.byte	0x1
 1604 008a 0B       		.uleb128 0xb
 1605 008b 0B       		.uleb128 0xb
 1606 008c 3A       		.uleb128 0x3a
 1607 008d 0B       		.uleb128 0xb
 1608 008e 3B       		.uleb128 0x3b
 1609 008f 0B       		.uleb128 0xb
 1610 0090 01       		.uleb128 0x1
 1611 0091 13       		.uleb128 0x13
 1612 0092 00       		.byte	0
 1613 0093 00       		.byte	0
 1614 0094 0D       		.uleb128 0xd
 1615 0095 0D       		.uleb128 0xd
 1616 0096 00       		.byte	0
 1617 0097 03       		.uleb128 0x3
 1618 0098 08       		.uleb128 0x8
 1619 0099 3A       		.uleb128 0x3a
 1620 009a 0B       		.uleb128 0xb
 1621 009b 3B       		.uleb128 0x3b
 1622 009c 0B       		.uleb128 0xb
 1623 009d 49       		.uleb128 0x49
 1624 009e 13       		.uleb128 0x13
 1625 009f 38       		.uleb128 0x38
 1626 00a0 0A       		.uleb128 0xa
 1627 00a1 00       		.byte	0
 1628 00a2 00       		.byte	0
 1629 00a3 0E       		.uleb128 0xe
 1630 00a4 0D       		.uleb128 0xd
 1631 00a5 00       		.byte	0
 1632 00a6 03       		.uleb128 0x3
 1633 00a7 0E       		.uleb128 0xe
 1634 00a8 3A       		.uleb128 0x3a
 1635 00a9 0B       		.uleb128 0xb
 1636 00aa 3B       		.uleb128 0x3b
 1637 00ab 0B       		.uleb128 0xb
 1638 00ac 49       		.uleb128 0x49
 1639 00ad 13       		.uleb128 0x13
 1640 00ae 38       		.uleb128 0x38
 1641 00af 0A       		.uleb128 0xa
 1642 00b0 00       		.byte	0
 1643 00b1 00       		.byte	0
 1644 00b2 0F       		.uleb128 0xf
 1645 00b3 17       		.uleb128 0x17
 1646 00b4 01       		.byte	0x1
 1647 00b5 0B       		.uleb128 0xb
 1648 00b6 0B       		.uleb128 0xb
 1649 00b7 3A       		.uleb128 0x3a
ARM GAS  /tmp/ccRUzTJM.s 			page 30


 1650 00b8 0B       		.uleb128 0xb
 1651 00b9 3B       		.uleb128 0x3b
 1652 00ba 0B       		.uleb128 0xb
 1653 00bb 01       		.uleb128 0x1
 1654 00bc 13       		.uleb128 0x13
 1655 00bd 00       		.byte	0
 1656 00be 00       		.byte	0
 1657 00bf 10       		.uleb128 0x10
 1658 00c0 0D       		.uleb128 0xd
 1659 00c1 00       		.byte	0
 1660 00c2 03       		.uleb128 0x3
 1661 00c3 08       		.uleb128 0x8
 1662 00c4 3A       		.uleb128 0x3a
 1663 00c5 0B       		.uleb128 0xb
 1664 00c6 3B       		.uleb128 0x3b
 1665 00c7 0B       		.uleb128 0xb
 1666 00c8 49       		.uleb128 0x49
 1667 00c9 13       		.uleb128 0x13
 1668 00ca 00       		.byte	0
 1669 00cb 00       		.byte	0
 1670 00cc 11       		.uleb128 0x11
 1671 00cd 0F       		.uleb128 0xf
 1672 00ce 00       		.byte	0
 1673 00cf 0B       		.uleb128 0xb
 1674 00d0 0B       		.uleb128 0xb
 1675 00d1 49       		.uleb128 0x49
 1676 00d2 13       		.uleb128 0x13
 1677 00d3 00       		.byte	0
 1678 00d4 00       		.byte	0
 1679 00d5 12       		.uleb128 0x12
 1680 00d6 2E       		.uleb128 0x2e
 1681 00d7 01       		.byte	0x1
 1682 00d8 03       		.uleb128 0x3
 1683 00d9 0E       		.uleb128 0xe
 1684 00da 3A       		.uleb128 0x3a
 1685 00db 0B       		.uleb128 0xb
 1686 00dc 3B       		.uleb128 0x3b
 1687 00dd 0B       		.uleb128 0xb
 1688 00de 27       		.uleb128 0x27
 1689 00df 0C       		.uleb128 0xc
 1690 00e0 20       		.uleb128 0x20
 1691 00e1 0B       		.uleb128 0xb
 1692 00e2 01       		.uleb128 0x1
 1693 00e3 13       		.uleb128 0x13
 1694 00e4 00       		.byte	0
 1695 00e5 00       		.byte	0
 1696 00e6 13       		.uleb128 0x13
 1697 00e7 05       		.uleb128 0x5
 1698 00e8 00       		.byte	0
 1699 00e9 03       		.uleb128 0x3
 1700 00ea 0E       		.uleb128 0xe
 1701 00eb 3A       		.uleb128 0x3a
 1702 00ec 0B       		.uleb128 0xb
 1703 00ed 3B       		.uleb128 0x3b
 1704 00ee 0B       		.uleb128 0xb
 1705 00ef 49       		.uleb128 0x49
 1706 00f0 13       		.uleb128 0x13
ARM GAS  /tmp/ccRUzTJM.s 			page 31


 1707 00f1 00       		.byte	0
 1708 00f2 00       		.byte	0
 1709 00f3 14       		.uleb128 0x14
 1710 00f4 26       		.uleb128 0x26
 1711 00f5 00       		.byte	0
 1712 00f6 49       		.uleb128 0x49
 1713 00f7 13       		.uleb128 0x13
 1714 00f8 00       		.byte	0
 1715 00f9 00       		.byte	0
 1716 00fa 15       		.uleb128 0x15
 1717 00fb 2E       		.uleb128 0x2e
 1718 00fc 01       		.byte	0x1
 1719 00fd 3F       		.uleb128 0x3f
 1720 00fe 0C       		.uleb128 0xc
 1721 00ff 03       		.uleb128 0x3
 1722 0100 0E       		.uleb128 0xe
 1723 0101 3A       		.uleb128 0x3a
 1724 0102 0B       		.uleb128 0xb
 1725 0103 3B       		.uleb128 0x3b
 1726 0104 0B       		.uleb128 0xb
 1727 0105 27       		.uleb128 0x27
 1728 0106 0C       		.uleb128 0xc
 1729 0107 11       		.uleb128 0x11
 1730 0108 01       		.uleb128 0x1
 1731 0109 12       		.uleb128 0x12
 1732 010a 01       		.uleb128 0x1
 1733 010b 40       		.uleb128 0x40
 1734 010c 0A       		.uleb128 0xa
 1735 010d 9742     		.uleb128 0x2117
 1736 010f 0C       		.uleb128 0xc
 1737 0110 01       		.uleb128 0x1
 1738 0111 13       		.uleb128 0x13
 1739 0112 00       		.byte	0
 1740 0113 00       		.byte	0
 1741 0114 16       		.uleb128 0x16
 1742 0115 05       		.uleb128 0x5
 1743 0116 00       		.byte	0
 1744 0117 03       		.uleb128 0x3
 1745 0118 0E       		.uleb128 0xe
 1746 0119 3A       		.uleb128 0x3a
 1747 011a 0B       		.uleb128 0xb
 1748 011b 3B       		.uleb128 0x3b
 1749 011c 0B       		.uleb128 0xb
 1750 011d 49       		.uleb128 0x49
 1751 011e 13       		.uleb128 0x13
 1752 011f 02       		.uleb128 0x2
 1753 0120 06       		.uleb128 0x6
 1754 0121 00       		.byte	0
 1755 0122 00       		.byte	0
 1756 0123 17       		.uleb128 0x17
 1757 0124 1D       		.uleb128 0x1d
 1758 0125 01       		.byte	0x1
 1759 0126 31       		.uleb128 0x31
 1760 0127 13       		.uleb128 0x13
 1761 0128 52       		.uleb128 0x52
 1762 0129 01       		.uleb128 0x1
 1763 012a 55       		.uleb128 0x55
ARM GAS  /tmp/ccRUzTJM.s 			page 32


 1764 012b 06       		.uleb128 0x6
 1765 012c 58       		.uleb128 0x58
 1766 012d 0B       		.uleb128 0xb
 1767 012e 59       		.uleb128 0x59
 1768 012f 0B       		.uleb128 0xb
 1769 0130 01       		.uleb128 0x1
 1770 0131 13       		.uleb128 0x13
 1771 0132 00       		.byte	0
 1772 0133 00       		.byte	0
 1773 0134 18       		.uleb128 0x18
 1774 0135 05       		.uleb128 0x5
 1775 0136 00       		.byte	0
 1776 0137 31       		.uleb128 0x31
 1777 0138 13       		.uleb128 0x13
 1778 0139 02       		.uleb128 0x2
 1779 013a 06       		.uleb128 0x6
 1780 013b 00       		.byte	0
 1781 013c 00       		.byte	0
 1782 013d 19       		.uleb128 0x19
 1783 013e 05       		.uleb128 0x5
 1784 013f 00       		.byte	0
 1785 0140 31       		.uleb128 0x31
 1786 0141 13       		.uleb128 0x13
 1787 0142 1C       		.uleb128 0x1c
 1788 0143 06       		.uleb128 0x6
 1789 0144 00       		.byte	0
 1790 0145 00       		.byte	0
 1791 0146 1A       		.uleb128 0x1a
 1792 0147 1D       		.uleb128 0x1d
 1793 0148 01       		.byte	0x1
 1794 0149 31       		.uleb128 0x31
 1795 014a 13       		.uleb128 0x13
 1796 014b 52       		.uleb128 0x52
 1797 014c 01       		.uleb128 0x1
 1798 014d 55       		.uleb128 0x55
 1799 014e 06       		.uleb128 0x6
 1800 014f 58       		.uleb128 0x58
 1801 0150 0B       		.uleb128 0xb
 1802 0151 59       		.uleb128 0x59
 1803 0152 0B       		.uleb128 0xb
 1804 0153 00       		.byte	0
 1805 0154 00       		.byte	0
 1806 0155 1B       		.uleb128 0x1b
 1807 0156 2E       		.uleb128 0x2e
 1808 0157 01       		.byte	0x1
 1809 0158 3F       		.uleb128 0x3f
 1810 0159 0C       		.uleb128 0xc
 1811 015a 03       		.uleb128 0x3
 1812 015b 0E       		.uleb128 0xe
 1813 015c 3A       		.uleb128 0x3a
 1814 015d 0B       		.uleb128 0xb
 1815 015e 3B       		.uleb128 0x3b
 1816 015f 0B       		.uleb128 0xb
 1817 0160 27       		.uleb128 0x27
 1818 0161 0C       		.uleb128 0xc
 1819 0162 11       		.uleb128 0x11
 1820 0163 01       		.uleb128 0x1
ARM GAS  /tmp/ccRUzTJM.s 			page 33


 1821 0164 12       		.uleb128 0x12
 1822 0165 01       		.uleb128 0x1
 1823 0166 40       		.uleb128 0x40
 1824 0167 06       		.uleb128 0x6
 1825 0168 9742     		.uleb128 0x2117
 1826 016a 0C       		.uleb128 0xc
 1827 016b 01       		.uleb128 0x1
 1828 016c 13       		.uleb128 0x13
 1829 016d 00       		.byte	0
 1830 016e 00       		.byte	0
 1831 016f 1C       		.uleb128 0x1c
 1832 0170 05       		.uleb128 0x5
 1833 0171 00       		.byte	0
 1834 0172 03       		.uleb128 0x3
 1835 0173 0E       		.uleb128 0xe
 1836 0174 3A       		.uleb128 0x3a
 1837 0175 0B       		.uleb128 0xb
 1838 0176 3B       		.uleb128 0x3b
 1839 0177 0B       		.uleb128 0xb
 1840 0178 49       		.uleb128 0x49
 1841 0179 13       		.uleb128 0x13
 1842 017a 02       		.uleb128 0x2
 1843 017b 0A       		.uleb128 0xa
 1844 017c 00       		.byte	0
 1845 017d 00       		.byte	0
 1846 017e 1D       		.uleb128 0x1d
 1847 017f 34       		.uleb128 0x34
 1848 0180 00       		.byte	0
 1849 0181 03       		.uleb128 0x3
 1850 0182 0E       		.uleb128 0xe
 1851 0183 3A       		.uleb128 0x3a
 1852 0184 0B       		.uleb128 0xb
 1853 0185 3B       		.uleb128 0x3b
 1854 0186 0B       		.uleb128 0xb
 1855 0187 49       		.uleb128 0x49
 1856 0188 13       		.uleb128 0x13
 1857 0189 02       		.uleb128 0x2
 1858 018a 0A       		.uleb128 0xa
 1859 018b 00       		.byte	0
 1860 018c 00       		.byte	0
 1861 018d 1E       		.uleb128 0x1e
 1862 018e 34       		.uleb128 0x34
 1863 018f 00       		.byte	0
 1864 0190 03       		.uleb128 0x3
 1865 0191 08       		.uleb128 0x8
 1866 0192 3A       		.uleb128 0x3a
 1867 0193 0B       		.uleb128 0xb
 1868 0194 3B       		.uleb128 0x3b
 1869 0195 0B       		.uleb128 0xb
 1870 0196 49       		.uleb128 0x49
 1871 0197 13       		.uleb128 0x13
 1872 0198 02       		.uleb128 0x2
 1873 0199 06       		.uleb128 0x6
 1874 019a 00       		.byte	0
 1875 019b 00       		.byte	0
 1876 019c 1F       		.uleb128 0x1f
 1877 019d 0B       		.uleb128 0xb
ARM GAS  /tmp/ccRUzTJM.s 			page 34


 1878 019e 01       		.byte	0x1
 1879 019f 55       		.uleb128 0x55
 1880 01a0 06       		.uleb128 0x6
 1881 01a1 00       		.byte	0
 1882 01a2 00       		.byte	0
 1883 01a3 20       		.uleb128 0x20
 1884 01a4 34       		.uleb128 0x34
 1885 01a5 00       		.byte	0
 1886 01a6 03       		.uleb128 0x3
 1887 01a7 0E       		.uleb128 0xe
 1888 01a8 3A       		.uleb128 0x3a
 1889 01a9 0B       		.uleb128 0xb
 1890 01aa 3B       		.uleb128 0x3b
 1891 01ab 0B       		.uleb128 0xb
 1892 01ac 49       		.uleb128 0x49
 1893 01ad 13       		.uleb128 0x13
 1894 01ae 02       		.uleb128 0x2
 1895 01af 06       		.uleb128 0x6
 1896 01b0 00       		.byte	0
 1897 01b1 00       		.byte	0
 1898 01b2 21       		.uleb128 0x21
 1899 01b3 34       		.uleb128 0x34
 1900 01b4 00       		.byte	0
 1901 01b5 03       		.uleb128 0x3
 1902 01b6 0E       		.uleb128 0xe
 1903 01b7 3A       		.uleb128 0x3a
 1904 01b8 0B       		.uleb128 0xb
 1905 01b9 3B       		.uleb128 0x3b
 1906 01ba 05       		.uleb128 0x5
 1907 01bb 49       		.uleb128 0x49
 1908 01bc 13       		.uleb128 0x13
 1909 01bd 3F       		.uleb128 0x3f
 1910 01be 0C       		.uleb128 0xc
 1911 01bf 3C       		.uleb128 0x3c
 1912 01c0 0C       		.uleb128 0xc
 1913 01c1 00       		.byte	0
 1914 01c2 00       		.byte	0
 1915 01c3 00       		.byte	0
 1916              		.section	.debug_loc,"",%progbits
 1917              	.Ldebug_loc0:
 1918              	.LLST0:
 1919 0000 00000000 		.4byte	.LVL0
 1920 0004 9E010000 		.4byte	.LVL10
 1921 0008 0100     		.2byte	0x1
 1922 000a 50       		.byte	0x50
 1923 000b 9E010000 		.4byte	.LVL10
 1924 000f A2010000 		.4byte	.LFE119
 1925 0013 0400     		.2byte	0x4
 1926 0015 F3       		.byte	0xf3
 1927 0016 01       		.uleb128 0x1
 1928 0017 50       		.byte	0x50
 1929 0018 9F       		.byte	0x9f
 1930 0019 00000000 		.4byte	0
 1931 001d 00000000 		.4byte	0
 1932              	.LLST1:
 1933 0021 20000000 		.4byte	.LVL1
 1934 0025 9E010000 		.4byte	.LVL10
ARM GAS  /tmp/ccRUzTJM.s 			page 35


 1935 0029 0100     		.2byte	0x1
 1936 002b 50       		.byte	0x50
 1937 002c 9E010000 		.4byte	.LVL10
 1938 0030 A2010000 		.4byte	.LFE119
 1939 0034 0400     		.2byte	0x4
 1940 0036 F3       		.byte	0xf3
 1941 0037 01       		.uleb128 0x1
 1942 0038 50       		.byte	0x50
 1943 0039 9F       		.byte	0x9f
 1944 003a 00000000 		.4byte	0
 1945 003e 00000000 		.4byte	0
 1946              	.LLST2:
 1947 0042 46000000 		.4byte	.LVL2
 1948 0046 9E010000 		.4byte	.LVL10
 1949 004a 0300     		.2byte	0x3
 1950 004c 70       		.byte	0x70
 1951 004d 1C       		.sleb128 28
 1952 004e 9F       		.byte	0x9f
 1953 004f 9E010000 		.4byte	.LVL10
 1954 0053 A2010000 		.4byte	.LFE119
 1955 0057 0600     		.2byte	0x6
 1956 0059 F3       		.byte	0xf3
 1957 005a 01       		.uleb128 0x1
 1958 005b 50       		.byte	0x50
 1959 005c 23       		.byte	0x23
 1960 005d 1C       		.uleb128 0x1c
 1961 005e 9F       		.byte	0x9f
 1962 005f 00000000 		.4byte	0
 1963 0063 00000000 		.4byte	0
 1964              	.LLST3:
 1965 0067 6A000000 		.4byte	.LVL3
 1966 006b 9E010000 		.4byte	.LVL10
 1967 006f 0300     		.2byte	0x3
 1968 0071 70       		.byte	0x70
 1969 0072 38       		.sleb128 56
 1970 0073 9F       		.byte	0x9f
 1971 0074 9E010000 		.4byte	.LVL10
 1972 0078 A2010000 		.4byte	.LFE119
 1973 007c 0600     		.2byte	0x6
 1974 007e F3       		.byte	0xf3
 1975 007f 01       		.uleb128 0x1
 1976 0080 50       		.byte	0x50
 1977 0081 23       		.byte	0x23
 1978 0082 38       		.uleb128 0x38
 1979 0083 9F       		.byte	0x9f
 1980 0084 00000000 		.4byte	0
 1981 0088 00000000 		.4byte	0
 1982              	.LLST4:
 1983 008c 8E000000 		.4byte	.LVL4
 1984 0090 9E010000 		.4byte	.LVL10
 1985 0094 0400     		.2byte	0x4
 1986 0096 70       		.byte	0x70
 1987 0097 D400     		.sleb128 84
 1988 0099 9F       		.byte	0x9f
 1989 009a 9E010000 		.4byte	.LVL10
 1990 009e A2010000 		.4byte	.LFE119
 1991 00a2 0600     		.2byte	0x6
ARM GAS  /tmp/ccRUzTJM.s 			page 36


 1992 00a4 F3       		.byte	0xf3
 1993 00a5 01       		.uleb128 0x1
 1994 00a6 50       		.byte	0x50
 1995 00a7 23       		.byte	0x23
 1996 00a8 54       		.uleb128 0x54
 1997 00a9 9F       		.byte	0x9f
 1998 00aa 00000000 		.4byte	0
 1999 00ae 00000000 		.4byte	0
 2000              	.LLST5:
 2001 00b2 B2000000 		.4byte	.LVL5
 2002 00b6 9E010000 		.4byte	.LVL10
 2003 00ba 0400     		.2byte	0x4
 2004 00bc 70       		.byte	0x70
 2005 00bd F000     		.sleb128 112
 2006 00bf 9F       		.byte	0x9f
 2007 00c0 9E010000 		.4byte	.LVL10
 2008 00c4 A2010000 		.4byte	.LFE119
 2009 00c8 0600     		.2byte	0x6
 2010 00ca F3       		.byte	0xf3
 2011 00cb 01       		.uleb128 0x1
 2012 00cc 50       		.byte	0x50
 2013 00cd 23       		.byte	0x23
 2014 00ce 70       		.uleb128 0x70
 2015 00cf 9F       		.byte	0x9f
 2016 00d0 00000000 		.4byte	0
 2017 00d4 00000000 		.4byte	0
 2018              	.LLST6:
 2019 00d8 DC000000 		.4byte	.LVL6
 2020 00dc 9E010000 		.4byte	.LVL10
 2021 00e0 0400     		.2byte	0x4
 2022 00e2 70       		.byte	0x70
 2023 00e3 8C01     		.sleb128 140
 2024 00e5 9F       		.byte	0x9f
 2025 00e6 9E010000 		.4byte	.LVL10
 2026 00ea A2010000 		.4byte	.LFE119
 2027 00ee 0700     		.2byte	0x7
 2028 00f0 F3       		.byte	0xf3
 2029 00f1 01       		.uleb128 0x1
 2030 00f2 50       		.byte	0x50
 2031 00f3 23       		.byte	0x23
 2032 00f4 8C01     		.uleb128 0x8c
 2033 00f6 9F       		.byte	0x9f
 2034 00f7 00000000 		.4byte	0
 2035 00fb 00000000 		.4byte	0
 2036              	.LLST7:
 2037 00ff 0E010000 		.4byte	.LVL7
 2038 0103 9E010000 		.4byte	.LVL10
 2039 0107 0400     		.2byte	0x4
 2040 0109 70       		.byte	0x70
 2041 010a A801     		.sleb128 168
 2042 010c 9F       		.byte	0x9f
 2043 010d 9E010000 		.4byte	.LVL10
 2044 0111 A2010000 		.4byte	.LFE119
 2045 0115 0700     		.2byte	0x7
 2046 0117 F3       		.byte	0xf3
 2047 0118 01       		.uleb128 0x1
 2048 0119 50       		.byte	0x50
ARM GAS  /tmp/ccRUzTJM.s 			page 37


 2049 011a 23       		.byte	0x23
 2050 011b A801     		.uleb128 0xa8
 2051 011d 9F       		.byte	0x9f
 2052 011e 00000000 		.4byte	0
 2053 0122 00000000 		.4byte	0
 2054              	.LLST8:
 2055 0126 44010000 		.4byte	.LVL8
 2056 012a 9E010000 		.4byte	.LVL10
 2057 012e 0400     		.2byte	0x4
 2058 0130 70       		.byte	0x70
 2059 0131 C401     		.sleb128 196
 2060 0133 9F       		.byte	0x9f
 2061 0134 9E010000 		.4byte	.LVL10
 2062 0138 A2010000 		.4byte	.LFE119
 2063 013c 0700     		.2byte	0x7
 2064 013e F3       		.byte	0xf3
 2065 013f 01       		.uleb128 0x1
 2066 0140 50       		.byte	0x50
 2067 0141 23       		.byte	0x23
 2068 0142 C401     		.uleb128 0xc4
 2069 0144 9F       		.byte	0x9f
 2070 0145 00000000 		.4byte	0
 2071 0149 00000000 		.4byte	0
 2072              	.LLST9:
 2073 014d 72010000 		.4byte	.LVL9
 2074 0151 9E010000 		.4byte	.LVL10
 2075 0155 0400     		.2byte	0x4
 2076 0157 70       		.byte	0x70
 2077 0158 E001     		.sleb128 224
 2078 015a 9F       		.byte	0x9f
 2079 015b 9E010000 		.4byte	.LVL10
 2080 015f A2010000 		.4byte	.LFE119
 2081 0163 0700     		.2byte	0x7
 2082 0165 F3       		.byte	0xf3
 2083 0166 01       		.uleb128 0x1
 2084 0167 50       		.byte	0x50
 2085 0168 23       		.byte	0x23
 2086 0169 E001     		.uleb128 0xe0
 2087 016b 9F       		.byte	0x9f
 2088 016c 00000000 		.4byte	0
 2089 0170 00000000 		.4byte	0
 2090              	.LLST10:
 2091 0174 00000000 		.4byte	.LFB120
 2092 0178 04000000 		.4byte	.LCFI0
 2093 017c 0200     		.2byte	0x2
 2094 017e 7D       		.byte	0x7d
 2095 017f 00       		.sleb128 0
 2096 0180 04000000 		.4byte	.LCFI0
 2097 0184 C8000000 		.4byte	.LFE120
 2098 0188 0200     		.2byte	0x2
 2099 018a 7D       		.byte	0x7d
 2100 018b 20       		.sleb128 32
 2101 018c 00000000 		.4byte	0
 2102 0190 00000000 		.4byte	0
 2103              	.LLST11:
 2104 0194 00000000 		.4byte	.LVL11
 2105 0198 88000000 		.4byte	.LVL25
ARM GAS  /tmp/ccRUzTJM.s 			page 38


 2106 019c 0100     		.2byte	0x1
 2107 019e 51       		.byte	0x51
 2108 019f 88000000 		.4byte	.LVL25
 2109 01a3 8A000000 		.4byte	.LVL26
 2110 01a7 0500     		.2byte	0x5
 2111 01a9 71       		.byte	0x71
 2112 01aa 00       		.sleb128 0
 2113 01ab 31       		.byte	0x31
 2114 01ac 25       		.byte	0x25
 2115 01ad 9F       		.byte	0x9f
 2116 01ae 8A000000 		.4byte	.LVL26
 2117 01b2 C8000000 		.4byte	.LFE120
 2118 01b6 0100     		.2byte	0x1
 2119 01b8 51       		.byte	0x51
 2120 01b9 00000000 		.4byte	0
 2121 01bd 00000000 		.4byte	0
 2122              	.LLST12:
 2123 01c1 00000000 		.4byte	.LVL11
 2124 01c5 1E000000 		.4byte	.LVL16
 2125 01c9 0100     		.2byte	0x1
 2126 01cb 52       		.byte	0x52
 2127 01cc 1E000000 		.4byte	.LVL16
 2128 01d0 C8000000 		.4byte	.LFE120
 2129 01d4 0400     		.2byte	0x4
 2130 01d6 F3       		.byte	0xf3
 2131 01d7 01       		.uleb128 0x1
 2132 01d8 52       		.byte	0x52
 2133 01d9 9F       		.byte	0x9f
 2134 01da 00000000 		.4byte	0
 2135 01de 00000000 		.4byte	0
 2136              	.LLST13:
 2137 01e2 1E000000 		.4byte	.LVL16
 2138 01e6 24000000 		.4byte	.LVL17
 2139 01ea 0200     		.2byte	0x2
 2140 01ec 30       		.byte	0x30
 2141 01ed 9F       		.byte	0x9f
 2142 01ee 24000000 		.4byte	.LVL17
 2143 01f2 C8000000 		.4byte	.LFE120
 2144 01f6 0100     		.2byte	0x1
 2145 01f8 53       		.byte	0x53
 2146 01f9 00000000 		.4byte	0
 2147 01fd 00000000 		.4byte	0
 2148              	.LLST14:
 2149 0201 24000000 		.4byte	.LVL17
 2150 0205 30000000 		.4byte	.LVL19
 2151 0209 0100     		.2byte	0x1
 2152 020b 58       		.byte	0x58
 2153 020c 30000000 		.4byte	.LVL19
 2154 0210 96000000 		.4byte	.LVL31
 2155 0214 0A00     		.2byte	0xa
 2156 0216 72       		.byte	0x72
 2157 0217 00       		.sleb128 0
 2158 0218 73       		.byte	0x73
 2159 0219 00       		.sleb128 0
 2160 021a 37       		.byte	0x37
 2161 021b 1A       		.byte	0x1a
 2162 021c 32       		.byte	0x32
ARM GAS  /tmp/ccRUzTJM.s 			page 39


 2163 021d 24       		.byte	0x24
 2164 021e 24       		.byte	0x24
 2165 021f 9F       		.byte	0x9f
 2166 0220 A6000000 		.4byte	.LVL32
 2167 0224 BC000000 		.4byte	.LVL35
 2168 0228 0100     		.2byte	0x1
 2169 022a 58       		.byte	0x58
 2170 022b BC000000 		.4byte	.LVL35
 2171 022f C8000000 		.4byte	.LFE120
 2172 0233 0A00     		.2byte	0xa
 2173 0235 72       		.byte	0x72
 2174 0236 00       		.sleb128 0
 2175 0237 73       		.byte	0x73
 2176 0238 00       		.sleb128 0
 2177 0239 37       		.byte	0x37
 2178 023a 1A       		.byte	0x1a
 2179 023b 32       		.byte	0x32
 2180 023c 24       		.byte	0x24
 2181 023d 24       		.byte	0x24
 2182 023e 9F       		.byte	0x9f
 2183 023f 00000000 		.4byte	0
 2184 0243 00000000 		.4byte	0
 2185              	.LLST15:
 2186 0247 34000000 		.4byte	.LVL20
 2187 024b 88000000 		.4byte	.LVL25
 2188 024f 0500     		.2byte	0x5
 2189 0251 31       		.byte	0x31
 2190 0252 73       		.byte	0x73
 2191 0253 00       		.sleb128 0
 2192 0254 24       		.byte	0x24
 2193 0255 9F       		.byte	0x9f
 2194 0256 00000000 		.4byte	0
 2195 025a 00000000 		.4byte	0
 2196              	.LLST16:
 2197 025e 48000000 		.4byte	.LVL21
 2198 0262 58000000 		.4byte	.LVL22
 2199 0266 0700     		.2byte	0x7
 2200 0268 33       		.byte	0x33
 2201 0269 73       		.byte	0x73
 2202 026a 00       		.sleb128 0
 2203 026b 31       		.byte	0x31
 2204 026c 24       		.byte	0x24
 2205 026d 24       		.byte	0x24
 2206 026e 9F       		.byte	0x9f
 2207 026f 58000000 		.4byte	.LVL22
 2208 0273 5C000000 		.4byte	.LVL23
 2209 0277 0100     		.2byte	0x1
 2210 0279 5C       		.byte	0x5c
 2211 027a 5C000000 		.4byte	.LVL23
 2212 027e 80000000 		.4byte	.LVL24
 2213 0282 0400     		.2byte	0x4
 2214 0284 7C       		.byte	0x7c
 2215 0285 00       		.sleb128 0
 2216 0286 20       		.byte	0x20
 2217 0287 9F       		.byte	0x9f
 2218 0288 80000000 		.4byte	.LVL24
 2219 028c 88000000 		.4byte	.LVL25
ARM GAS  /tmp/ccRUzTJM.s 			page 40


 2220 0290 0700     		.2byte	0x7
 2221 0292 33       		.byte	0x33
 2222 0293 73       		.byte	0x73
 2223 0294 00       		.sleb128 0
 2224 0295 31       		.byte	0x31
 2225 0296 24       		.byte	0x24
 2226 0297 24       		.byte	0x24
 2227 0298 9F       		.byte	0x9f
 2228 0299 00000000 		.4byte	0
 2229 029d 00000000 		.4byte	0
 2230              	.LLST17:
 2231 02a1 24000000 		.4byte	.LVL17
 2232 02a5 2C000000 		.4byte	.LVL18
 2233 02a9 0100     		.2byte	0x1
 2234 02ab 5C       		.byte	0x5c
 2235 02ac 2C000000 		.4byte	.LVL18
 2236 02b0 96000000 		.4byte	.LVL31
 2237 02b4 0A00     		.2byte	0xa
 2238 02b6 79       		.byte	0x79
 2239 02b7 00       		.sleb128 0
 2240 02b8 73       		.byte	0x73
 2241 02b9 00       		.sleb128 0
 2242 02ba 37       		.byte	0x37
 2243 02bb 1A       		.byte	0x1a
 2244 02bc 32       		.byte	0x32
 2245 02bd 24       		.byte	0x24
 2246 02be 24       		.byte	0x24
 2247 02bf 9F       		.byte	0x9f
 2248 02c0 AA000000 		.4byte	.LVL33
 2249 02c4 B8000000 		.4byte	.LVL34
 2250 02c8 0100     		.2byte	0x1
 2251 02ca 5C       		.byte	0x5c
 2252 02cb B8000000 		.4byte	.LVL34
 2253 02cf C8000000 		.4byte	.LFE120
 2254 02d3 0A00     		.2byte	0xa
 2255 02d5 79       		.byte	0x79
 2256 02d6 00       		.sleb128 0
 2257 02d7 73       		.byte	0x73
 2258 02d8 00       		.sleb128 0
 2259 02d9 37       		.byte	0x37
 2260 02da 1A       		.byte	0x1a
 2261 02db 32       		.byte	0x32
 2262 02dc 24       		.byte	0x24
 2263 02dd 24       		.byte	0x24
 2264 02de 9F       		.byte	0x9f
 2265 02df 00000000 		.4byte	0
 2266 02e3 00000000 		.4byte	0
 2267              		.section	.debug_aranges,"",%progbits
 2268 0000 24000000 		.4byte	0x24
 2269 0004 0200     		.2byte	0x2
 2270 0006 00000000 		.4byte	.Ldebug_info0
 2271 000a 04       		.byte	0x4
 2272 000b 00       		.byte	0
 2273 000c 0000     		.2byte	0
 2274 000e 0000     		.2byte	0
 2275 0010 00000000 		.4byte	.LFB119
 2276 0014 A2010000 		.4byte	.LFE119-.LFB119
ARM GAS  /tmp/ccRUzTJM.s 			page 41


 2277 0018 00000000 		.4byte	.LFB120
 2278 001c C8000000 		.4byte	.LFE120-.LFB120
 2279 0020 00000000 		.4byte	0
 2280 0024 00000000 		.4byte	0
 2281              		.section	.debug_ranges,"",%progbits
 2282              	.Ldebug_ranges0:
 2283 0000 20000000 		.4byte	.LBB20
 2284 0004 28000000 		.4byte	.LBE20
 2285 0008 2C000000 		.4byte	.LBB27
 2286 000c 46000000 		.4byte	.LBE27
 2287 0010 00000000 		.4byte	0
 2288 0014 00000000 		.4byte	0
 2289 0018 28000000 		.4byte	.LBB23
 2290 001c 2C000000 		.4byte	.LBE23
 2291 0020 46000000 		.4byte	.LBB28
 2292 0024 4C000000 		.4byte	.LBE28
 2293 0028 50000000 		.4byte	.LBB33
 2294 002c 6A000000 		.4byte	.LBE33
 2295 0030 00000000 		.4byte	0
 2296 0034 00000000 		.4byte	0
 2297 0038 4C000000 		.4byte	.LBB29
 2298 003c 50000000 		.4byte	.LBE29
 2299 0040 6A000000 		.4byte	.LBB34
 2300 0044 88000000 		.4byte	.LBE34
 2301 0048 8C000000 		.4byte	.LBB39
 2302 004c 8E000000 		.4byte	.LBE39
 2303 0050 00000000 		.4byte	0
 2304 0054 00000000 		.4byte	0
 2305 0058 88000000 		.4byte	.LBB35
 2306 005c 8C000000 		.4byte	.LBE35
 2307 0060 8E000000 		.4byte	.LBB40
 2308 0064 94000000 		.4byte	.LBE40
 2309 0068 98000000 		.4byte	.LBB45
 2310 006c B2000000 		.4byte	.LBE45
 2311 0070 00000000 		.4byte	0
 2312 0074 00000000 		.4byte	0
 2313 0078 94000000 		.4byte	.LBB41
 2314 007c 98000000 		.4byte	.LBE41
 2315 0080 B2000000 		.4byte	.LBB46
 2316 0084 D6000000 		.4byte	.LBE46
 2317 0088 DA000000 		.4byte	.LBB51
 2318 008c DC000000 		.4byte	.LBE51
 2319 0090 00000000 		.4byte	0
 2320 0094 00000000 		.4byte	0
 2321 0098 D6000000 		.4byte	.LBB47
 2322 009c DA000000 		.4byte	.LBE47
 2323 00a0 DC000000 		.4byte	.LBB52
 2324 00a4 E4000000 		.4byte	.LBE52
 2325 00a8 E8000000 		.4byte	.LBB58
 2326 00ac 0E010000 		.4byte	.LBE58
 2327 00b0 00000000 		.4byte	0
 2328 00b4 00000000 		.4byte	0
 2329 00b8 E4000000 		.4byte	.LBB53
 2330 00bc E8000000 		.4byte	.LBE53
 2331 00c0 0E010000 		.4byte	.LBB59
 2332 00c4 16010000 		.4byte	.LBE59
 2333 00c8 1A010000 		.4byte	.LBB65
ARM GAS  /tmp/ccRUzTJM.s 			page 42


 2334 00cc 3E010000 		.4byte	.LBE65
 2335 00d0 42010000 		.4byte	.LBB67
 2336 00d4 44010000 		.4byte	.LBE67
 2337 00d8 00000000 		.4byte	0
 2338 00dc 00000000 		.4byte	0
 2339 00e0 16010000 		.4byte	.LBB60
 2340 00e4 1A010000 		.4byte	.LBE60
 2341 00e8 3E010000 		.4byte	.LBB66
 2342 00ec 42010000 		.4byte	.LBE66
 2343 00f0 44010000 		.4byte	.LBB68
 2344 00f4 6C010000 		.4byte	.LBE68
 2345 00f8 70010000 		.4byte	.LBB72
 2346 00fc 72010000 		.4byte	.LBE72
 2347 0100 00000000 		.4byte	0
 2348 0104 00000000 		.4byte	0
 2349 0108 6C010000 		.4byte	.LBB69
 2350 010c 70010000 		.4byte	.LBE69
 2351 0110 72010000 		.4byte	.LBB73
 2352 0114 A2010000 		.4byte	.LBE73
 2353 0118 00000000 		.4byte	0
 2354 011c 00000000 		.4byte	0
 2355 0120 16000000 		.4byte	.LBB74
 2356 0124 1A000000 		.4byte	.LBE74
 2357 0128 1E000000 		.4byte	.LBB75
 2358 012c 88000000 		.4byte	.LBE75
 2359 0130 96000000 		.4byte	.LBB76
 2360 0134 9E000000 		.4byte	.LBE76
 2361 0138 A2000000 		.4byte	.LBB77
 2362 013c AA000000 		.4byte	.LBE77
 2363 0140 AC000000 		.4byte	.LBB78
 2364 0144 C2000000 		.4byte	.LBE78
 2365 0148 00000000 		.4byte	0
 2366 014c 00000000 		.4byte	0
 2367 0150 00000000 		.4byte	.LFB119
 2368 0154 A2010000 		.4byte	.LFE119
 2369 0158 00000000 		.4byte	.LFB120
 2370 015c C8000000 		.4byte	.LFE120
 2371 0160 00000000 		.4byte	0
 2372 0164 00000000 		.4byte	0
 2373              		.section	.debug_line,"",%progbits
 2374              	.Ldebug_line0:
 2375 0000 21020000 		.section	.debug_str,"MS",%progbits,1
 2375      02006901 
 2375      00000201 
 2375      FB0E0D00 
 2375      01010101 
 2376              	.LASF30:
 2377 0000 41484231 		.ascii	"AHB1LPENR\000"
 2377      4C50454E 
 2377      5200
 2378              	.LASF61:
 2379 000a 50434461 		.ascii	"PCData\000"
 2379      746100
 2380              	.LASF75:
 2381 0011 5F70616C 		.ascii	"_pal_lld_setgroupmode\000"
 2381      5F6C6C64 
 2381      5F736574 
ARM GAS  /tmp/ccRUzTJM.s 			page 43


 2381      67726F75 
 2381      706D6F64 
 2382              	.LASF20:
 2383 0027 41504231 		.ascii	"APB1RSTR\000"
 2383      52535452 
 2383      00
 2384              	.LASF24:
 2385 0030 41484232 		.ascii	"AHB2ENR\000"
 2385      454E5200 
 2386              	.LASF58:
 2387 0038 73746D33 		.ascii	"stm32_gpio_setup_t\000"
 2387      325F6770 
 2387      696F5F73 
 2387      65747570 
 2387      5F7400
 2388              	.LASF64:
 2389 004b 50464461 		.ascii	"PFData\000"
 2389      746100
 2390              	.LASF74:
 2391 0052 5F70616C 		.ascii	"_pal_lld_init\000"
 2391      5F6C6C64 
 2391      5F696E69 
 2391      7400
 2392              	.LASF3:
 2393 0060 73686F72 		.ascii	"short int\000"
 2393      7420696E 
 2393      7400
 2394              	.LASF83:
 2395 006a 696E6974 		.ascii	"initgpio\000"
 2395      6770696F 
 2395      00
 2396              	.LASF12:
 2397 0073 73697A65 		.ascii	"sizetype\000"
 2397      74797065 
 2397      00
 2398              	.LASF37:
 2399 007c 42444352 		.ascii	"BDCR\000"
 2399      00
 2400              	.LASF67:
 2401 0081 50494461 		.ascii	"PIData\000"
 2401      746100
 2402              	.LASF40:
 2403 0088 504C4C49 		.ascii	"PLLI2SCFGR\000"
 2403      32534346 
 2403      475200
 2404              	.LASF72:
 2405 0093 6770696F 		.ascii	"gpiop\000"
 2405      7000
 2406              	.LASF39:
 2407 0099 53534347 		.ascii	"SSCGR\000"
 2407      5200
 2408              	.LASF60:
 2409 009f 50424461 		.ascii	"PBData\000"
 2409      746100
 2410              	.LASF32:
 2411 00a6 41484233 		.ascii	"AHB3LPENR\000"
 2411      4C50454E 
ARM GAS  /tmp/ccRUzTJM.s 			page 44


 2411      5200
 2412              	.LASF73:
 2413 00b0 636F6E66 		.ascii	"config\000"
 2413      696700
 2414              	.LASF70:
 2415 00b7 696F6D6F 		.ascii	"iomode_t\000"
 2415      64655F74 
 2415      00
 2416              	.LASF27:
 2417 00c0 41504231 		.ascii	"APB1ENR\000"
 2417      454E5200 
 2418              	.LASF69:
 2419 00c8 696F706F 		.ascii	"ioportmask_t\000"
 2419      72746D61 
 2419      736B5F74 
 2419      00
 2420              	.LASF82:
 2421 00d5 2F686F6D 		.ascii	"/home/gokul/ChibiOS_2.5.0/os/hal/platforms/STM32/GP"
 2421      652F676F 
 2421      6B756C2F 
 2421      43686962 
 2421      694F535F 
 2422 0108 494F7632 		.ascii	"IOv2/pal_lld.c\000"
 2422      2F70616C 
 2422      5F6C6C64 
 2422      2E6300
 2423              	.LASF44:
 2424 0117 4F545950 		.ascii	"OTYPER\000"
 2424      455200
 2425              	.LASF25:
 2426 011e 41484233 		.ascii	"AHB3ENR\000"
 2426      454E5200 
 2427              	.LASF45:
 2428 0126 4F535045 		.ascii	"OSPEEDR\000"
 2428      45445200 
 2429              	.LASF10:
 2430 012e 6C6F6E67 		.ascii	"long long int\000"
 2430      206C6F6E 
 2430      6720696E 
 2430      7400
 2431              	.LASF46:
 2432 013c 50555044 		.ascii	"PUPDR\000"
 2432      5200
 2433              	.LASF54:
 2434 0142 6F737065 		.ascii	"ospeedr\000"
 2434      65647200 
 2435              	.LASF7:
 2436 014a 6C6F6E67 		.ascii	"long int\000"
 2436      20696E74 
 2436      00
 2437              	.LASF62:
 2438 0153 50444461 		.ascii	"PDData\000"
 2438      746100
 2439              	.LASF41:
 2440 015a 5243435F 		.ascii	"RCC_TypeDef\000"
 2440      54797065 
 2440      44656600 
ARM GAS  /tmp/ccRUzTJM.s 			page 45


 2441              	.LASF43:
 2442 0166 4D4F4445 		.ascii	"MODER\000"
 2442      5200
 2443              	.LASF21:
 2444 016c 41504232 		.ascii	"APB2RSTR\000"
 2444      52535452 
 2444      00
 2445              	.LASF42:
 2446 0175 636C6561 		.ascii	"clear\000"
 2446      7200
 2447              	.LASF65:
 2448 017b 50474461 		.ascii	"PGData\000"
 2448      746100
 2449              	.LASF81:
 2450 0182 474E5520 		.ascii	"GNU C 4.7.3 20130312 (release) [ARM/embedded-4_7-br"
 2450      4320342E 
 2450      372E3320 
 2450      32303133 
 2450      30333132 
 2451 01b5 616E6368 		.ascii	"anch revision 196615]\000"
 2451      20726576 
 2451      6973696F 
 2451      6E203139 
 2451      36363135 
 2452              	.LASF59:
 2453 01cb 50414461 		.ascii	"PAData\000"
 2453      746100
 2454              	.LASF71:
 2455 01d2 696F706F 		.ascii	"ioportid_t\000"
 2455      72746964 
 2455      5F7400
 2456              	.LASF2:
 2457 01dd 756E7369 		.ascii	"unsigned char\000"
 2457      676E6564 
 2457      20636861 
 2457      7200
 2458              	.LASF28:
 2459 01eb 41504232 		.ascii	"APB2ENR\000"
 2459      454E5200 
 2460              	.LASF1:
 2461 01f3 7369676E 		.ascii	"signed char\000"
 2461      65642063 
 2461      68617200 
 2462              	.LASF11:
 2463 01ff 6C6F6E67 		.ascii	"long long unsigned int\000"
 2463      206C6F6E 
 2463      6720756E 
 2463      7369676E 
 2463      65642069 
 2464              	.LASF8:
 2465 0216 75696E74 		.ascii	"uint32_t\000"
 2465      33325F74 
 2465      00
 2466              	.LASF53:
 2467 021f 6F747970 		.ascii	"otyper\000"
 2467      657200
 2468              	.LASF17:
ARM GAS  /tmp/ccRUzTJM.s 			page 46


 2469 0226 41484232 		.ascii	"AHB2RSTR\000"
 2469      52535452 
 2469      00
 2470              	.LASF5:
 2471 022f 75696E74 		.ascii	"uint16_t\000"
 2471      31365F74 
 2471      00
 2472              	.LASF9:
 2473 0238 6C6F6E67 		.ascii	"long unsigned int\000"
 2473      20756E73 
 2473      69676E65 
 2473      6420696E 
 2473      7400
 2474              	.LASF50:
 2475 024a 41465248 		.ascii	"AFRH\000"
 2475      00
 2476              	.LASF14:
 2477 024f 504C4C43 		.ascii	"PLLCFGR\000"
 2477      46475200 
 2478              	.LASF49:
 2479 0257 4146524C 		.ascii	"AFRL\000"
 2479      00
 2480              	.LASF4:
 2481 025c 73686F72 		.ascii	"short unsigned int\000"
 2481      7420756E 
 2481      7369676E 
 2481      65642069 
 2481      6E7400
 2482              	.LASF34:
 2483 026f 41504231 		.ascii	"APB1LPENR\000"
 2483      4C50454E 
 2483      5200
 2484              	.LASF13:
 2485 0279 63686172 		.ascii	"char\000"
 2485      00
 2486              	.LASF6:
 2487 027e 696E7433 		.ascii	"int32_t\000"
 2487      325F7400 
 2488              	.LASF68:
 2489 0286 50414C43 		.ascii	"PALConfig\000"
 2489      6F6E6669 
 2489      6700
 2490              	.LASF78:
 2491 0290 6D6F6465 		.ascii	"mode\000"
 2491      00
 2492              	.LASF31:
 2493 0295 41484232 		.ascii	"AHB2LPENR\000"
 2493      4C50454E 
 2493      5200
 2494              	.LASF76:
 2495 029f 706F7274 		.ascii	"port\000"
 2495      00
 2496              	.LASF63:
 2497 02a4 50454461 		.ascii	"PEData\000"
 2497      746100
 2498              	.LASF19:
 2499 02ab 52455345 		.ascii	"RESERVED0\000"
ARM GAS  /tmp/ccRUzTJM.s 			page 47


 2499      52564544 
 2499      3000
 2500              	.LASF22:
 2501 02b5 52455345 		.ascii	"RESERVED1\000"
 2501      52564544 
 2501      3100
 2502              	.LASF26:
 2503 02bf 52455345 		.ascii	"RESERVED2\000"
 2503      52564544 
 2503      3200
 2504              	.LASF29:
 2505 02c9 52455345 		.ascii	"RESERVED3\000"
 2505      52564544 
 2505      3300
 2506              	.LASF33:
 2507 02d3 52455345 		.ascii	"RESERVED4\000"
 2507      52564544 
 2507      3400
 2508              	.LASF36:
 2509 02dd 52455345 		.ascii	"RESERVED5\000"
 2509      52564544 
 2509      3500
 2510              	.LASF38:
 2511 02e7 52455345 		.ascii	"RESERVED6\000"
 2511      52564544 
 2511      3600
 2512              	.LASF66:
 2513 02f1 50484461 		.ascii	"PHData\000"
 2513      746100
 2514              	.LASF23:
 2515 02f8 41484231 		.ascii	"AHB1ENR\000"
 2515      454E5200 
 2516              	.LASF77:
 2517 0300 6D61736B 		.ascii	"mask\000"
 2517      00
 2518              	.LASF55:
 2519 0305 70757064 		.ascii	"pupdr\000"
 2519      7200
 2520              	.LASF57:
 2521 030b 61667268 		.ascii	"afrh\000"
 2521      00
 2522              	.LASF56:
 2523 0310 6166726C 		.ascii	"afrl\000"
 2523      00
 2524              	.LASF52:
 2525 0315 6D6F6465 		.ascii	"moder\000"
 2525      7200
 2526              	.LASF16:
 2527 031b 41484231 		.ascii	"AHB1RSTR\000"
 2527      52535452 
 2527      00
 2528              	.LASF51:
 2529 0324 4750494F 		.ascii	"GPIO_TypeDef\000"
 2529      5F547970 
 2529      65446566 
 2529      00
 2530              	.LASF18:
ARM GAS  /tmp/ccRUzTJM.s 			page 48


 2531 0331 41484233 		.ascii	"AHB3RSTR\000"
 2531      52535452 
 2531      00
 2532              	.LASF79:
 2533 033a 616C7472 		.ascii	"altr\000"
 2533      00
 2534              	.LASF84:
 2535 033f 49544D5F 		.ascii	"ITM_RxBuffer\000"
 2535      52784275 
 2535      66666572 
 2535      00
 2536              	.LASF80:
 2537 034c 616C7472 		.ascii	"altrmask\000"
 2537      6D61736B 
 2537      00
 2538              	.LASF0:
 2539 0355 756E7369 		.ascii	"unsigned int\000"
 2539      676E6564 
 2539      20696E74 
 2539      00
 2540              	.LASF15:
 2541 0362 43464752 		.ascii	"CFGR\000"
 2541      00
 2542              	.LASF48:
 2543 0367 4C434B52 		.ascii	"LCKR\000"
 2543      00
 2544              	.LASF35:
 2545 036c 41504232 		.ascii	"APB2LPENR\000"
 2545      4C50454E 
 2545      5200
 2546              	.LASF47:
 2547 0376 42535252 		.ascii	"BSRR\000"
 2547      00
 2548              		.ident	"GCC: (GNU Tools for ARM Embedded Processors) 4.7.3 20130312 (release) [ARM/embedded-4_7-br
ARM GAS  /tmp/ccRUzTJM.s 			page 49


DEFINED SYMBOLS
                            *ABS*:00000000 pal_lld.c
     /tmp/ccRUzTJM.s:19     .text._pal_lld_init:00000000 $t
     /tmp/ccRUzTJM.s:25     .text._pal_lld_init:00000000 _pal_lld_init
     /tmp/ccRUzTJM.s:384    .text._pal_lld_setgroupmode:00000000 $t
     /tmp/ccRUzTJM.s:390    .text._pal_lld_setgroupmode:00000000 _pal_lld_setgroupmode
                     .debug_frame:00000010 $d

NO UNDEFINED SYMBOLS
